 #This file helps checking about the convergence of the optimization algorithm
 #    by printing infos related to the values of the objective function
 #- every line describes an iteration of the optimization algorithm,
 #- on every line there are x real numbers where x equals 3 times the number of
 #    measured fields used,
 #- the first 3 numbers on a line are the dataMatch term, the regularization and
 #    their sum (the objective function value) for the first measured field used,
 #- numbers at positions 4 to 6 detail the same infos for the second field used,
 #- etc
 #note by JFD: gnuplot is convenient to print a column
 #             plot "*.out.cvg" u 3
 #             replot "*.out.cvg" u 6
  9.57059E-03  5.26695E-05  9.62326E-03
  9.55285E-03  5.26721E-05  9.60552E-03
  6.15667E-03  1.27691E-04  6.28437E-03
  4.79076E-03  2.13034E-04  5.00379E-03
  2.39345E-03  5.79556E-04  2.97301E-03
  2.07866E-03  6.04491E-04  2.68315E-03
  1.95447E-03  5.64398E-04  2.51887E-03
  1.84242E-03  5.86548E-04  2.42897E-03
  1.78537E-03  5.85086E-04  2.37045E-03
  1.73185E-03  5.97620E-04  2.32947E-03
  1.70269E-03  5.99157E-04  2.30185E-03
  1.66391E-03  6.10291E-04  2.27420E-03
  1.64323E-03  6.10329E-04  2.25356E-03
  1.61703E-03  6.19693E-04  2.23673E-03
  1.59734E-03  6.19411E-04  2.21675E-03
  1.56466E-03  6.32215E-04  2.19688E-03
  1.55114E-03  6.29138E-04  2.18028E-03
  1.51946E-03  6.43936E-04  2.16340E-03
  1.50871E-03  6.38752E-04  2.14746E-03
  1.47768E-03  6.53137E-04  2.13082E-03
  1.46027E-03  6.51497E-04  2.11177E-03
  1.44168E-03  6.58291E-04  2.09997E-03
  1.42747E-03  6.59823E-04  2.08729E-03
  1.40999E-03  6.67043E-04  2.07703E-03
  1.39609E-03  6.68198E-04  2.06429E-03
  1.38058E-03  6.75681E-04  2.05626E-03
  1.36681E-03  6.76491E-04  2.04330E-03
  1.34528E-03  6.86295E-04  2.03158E-03
  1.33772E-03  6.85065E-04  2.02279E-03
  1.29742E-03  7.01797E-04  1.99922E-03
  1.29112E-03  7.00139E-04  1.99126E-03
  1.26789E-03  7.10177E-04  1.97807E-03
  1.26310E-03  7.09810E-04  1.97291E-03
  1.22993E-03  7.23026E-04  1.95295E-03
  1.22149E-03  7.25233E-04  1.94673E-03
  1.20012E-03  7.34221E-04  1.93434E-03
  1.19561E-03  7.35359E-04  1.93096E-03
  1.17902E-03  7.42797E-04  1.92181E-03
  1.17245E-03  7.44838E-04  1.91729E-03
  1.15757E-03  7.52241E-04  1.90981E-03
  1.15488E-03  7.52205E-04  1.90708E-03
  1.11487E-03  7.71283E-04  1.88615E-03
  1.10976E-03  7.73081E-04  1.88284E-03
  1.09532E-03  7.80206E-04  1.87553E-03
  1.06082E-03  7.99123E-04  1.85994E-03
  1.04229E-03  8.09725E-04  1.85201E-03
  1.03976E-03  8.10806E-04  1.85057E-03
  1.03550E-03  8.13104E-04  1.84861E-03
  1.03164E-03  8.15276E-04  1.84692E-03
  1.02799E-03  8.17349E-04  1.84534E-03
  1.02325E-03  8.20128E-04  1.84338E-03
  1.01843E-03  8.22971E-04  1.84141E-03
  1.01084E-03  8.27625E-04  1.83846E-03
  9.98952E-04  8.35145E-04  1.83410E-03
  9.76440E-04  8.50498E-04  1.82694E-03
  9.59742E-04  8.63084E-04  1.82283E-03
  9.53396E-04  8.67959E-04  1.82136E-03
  9.29504E-04  8.89679E-04  1.81918E-03
  9.29462E-04  8.88471E-04  1.81793E-03
  9.25159E-04  8.91628E-04  1.81679E-03
  9.17831E-04  8.97940E-04  1.81577E-03
  9.14409E-04  9.00761E-04  1.81517E-03
  9.09127E-04  9.05385E-04  1.81451E-03
  9.09226E-04  9.04908E-04  1.81413E-03
  9.09284E-04  9.04675E-04  1.81396E-03
  9.08211E-04  9.05192E-04  1.81340E-03
  9.05450E-04  9.07200E-04  1.81265E-03
  9.02494E-04  9.09488E-04  1.81198E-03
  9.02453E-04  9.09259E-04  1.81171E-03
  9.02273E-04  9.09134E-04  1.81141E-03
  9.02143E-04  9.08982E-04  1.81113E-03
  9.02086E-04  9.08705E-04  1.81079E-03
  9.01853E-04  9.08729E-04  1.81058E-03
  9.01687E-04  9.08765E-04  1.81045E-03
  9.01531E-04  9.08719E-04  1.81025E-03
  9.01544E-04  9.08642E-04  1.81019E-03
  9.01546E-04  9.08595E-04  1.81014E-03
  9.01566E-04  9.08516E-04  1.81008E-03
  9.01571E-04  9.08490E-04  1.81006E-03
  9.01615E-04  9.08351E-04  1.80997E-03
  9.01622E-04  9.08320E-04  1.80994E-03
