 #This file helps checking about the convergence of the optimization algorithm
 #    by printing infos related to the values of the objective function and
 #    its components.
 #- Every line describes an iteration of the optimization algorithm,
 #- on every line there are x*2+2+4 real numbers where x equals the number
 #    of measured fields used,
 #- the first 2 numbers on a line are the dataMatch and the forceMatch terms
 #    for the first measurement used,
 #- if x>1, numbers at position 3 and 4 are the dataMatch and the forceMatch
 #    terms for the second measurement
 #- etc...
 #- the following numbers are: the regularization term for each measurement
 #    and the objective function value,
 #- followed by the L2 norms of parameter1, its gradient, parameter2 and its
 #    gradient.
 #note by JFD: gnuplot is convenient to print a column
 #             plot "*.out.cvg" u 3
 #             replot "*.out.cvg" u 6
  9.57059E-03  0.00000E+00  5.26695E-05  9.62326E-03  0.00000E+00  0.00000E+00  2.59118E+01  1.52977E-15
  9.55285E-03  0.00000E+00  5.26721E-05  9.60552E-03  0.00000E+00  0.00000E+00  2.59118E+01  1.89913E-03
  6.15667E-03  0.00000E+00  1.27691E-04  6.28437E-03  0.00000E+00  0.00000E+00  2.62561E+01  4.91044E-01
  4.79076E-03  0.00000E+00  2.13034E-04  5.00379E-03  0.00000E+00  0.00000E+00  2.68287E+01  9.87266E-01
  2.39345E-03  0.00000E+00  5.79556E-04  2.97301E-03  0.00000E+00  0.00000E+00  2.87769E+01  2.80637E+00
  2.07866E-03  0.00000E+00  6.04491E-04  2.68315E-03  0.00000E+00  0.00000E+00  2.91603E+01  3.05952E+00
  1.95447E-03  0.00000E+00  5.64398E-04  2.51887E-03  0.00000E+00  0.00000E+00  2.93545E+01  3.12404E+00
  1.84242E-03  0.00000E+00  5.86548E-04  2.42897E-03  0.00000E+00  0.00000E+00  2.95466E+01  3.31518E+00
  1.78537E-03  0.00000E+00  5.85086E-04  2.37045E-03  0.00000E+00  0.00000E+00  2.96518E+01  3.40702E+00
  1.73185E-03  0.00000E+00  5.97620E-04  2.32947E-03  0.00000E+00  0.00000E+00  2.97540E+01  3.51012E+00
  1.70269E-03  0.00000E+00  5.99157E-04  2.30185E-03  0.00000E+00  0.00000E+00  2.98134E+01  3.56655E+00
  1.66391E-03  0.00000E+00  6.10291E-04  2.27420E-03  0.00000E+00  0.00000E+00  2.98945E+01  3.64677E+00
  1.64323E-03  0.00000E+00  6.10329E-04  2.25356E-03  0.00000E+00  0.00000E+00  2.99396E+01  3.68924E+00
  1.61703E-03  0.00000E+00  6.19693E-04  2.23673E-03  0.00000E+00  0.00000E+00  2.99979E+01  3.74833E+00
  1.59734E-03  0.00000E+00  6.19411E-04  2.21675E-03  0.00000E+00  0.00000E+00  3.00432E+01  3.79050E+00
  1.56466E-03  0.00000E+00  6.32215E-04  2.19688E-03  0.00000E+00  0.00000E+00  3.01214E+01  3.87015E+00
  1.55114E-03  0.00000E+00  6.29138E-04  2.18028E-03  0.00000E+00  0.00000E+00  3.01543E+01  3.90021E+00
  1.51946E-03  0.00000E+00  6.43936E-04  2.16340E-03  0.00000E+00  0.00000E+00  3.02352E+01  3.98383E+00
  1.50871E-03  0.00000E+00  6.38752E-04  2.14746E-03  0.00000E+00  0.00000E+00  3.02627E+01  4.00799E+00
  1.47768E-03  0.00000E+00  6.53137E-04  2.13082E-03  0.00000E+00  0.00000E+00  3.03459E+01  4.09510E+00
  1.46027E-03  0.00000E+00  6.51497E-04  2.11177E-03  0.00000E+00  0.00000E+00  3.03929E+01  4.13992E+00
  1.44168E-03  0.00000E+00  6.58291E-04  2.09997E-03  0.00000E+00  0.00000E+00  3.04462E+01  4.19361E+00
  1.42747E-03  0.00000E+00  6.59823E-04  2.08729E-03  0.00000E+00  0.00000E+00  3.04871E+01  4.23351E+00
  1.40999E-03  0.00000E+00  6.67043E-04  2.07703E-03  0.00000E+00  0.00000E+00  3.05404E+01  4.28624E+00
  1.39609E-03  0.00000E+00  6.68198E-04  2.06429E-03  0.00000E+00  0.00000E+00  3.05825E+01  4.32673E+00
  1.38058E-03  0.00000E+00  6.75681E-04  2.05626E-03  0.00000E+00  0.00000E+00  3.06333E+01  4.37484E+00
  1.36681E-03  0.00000E+00  6.76491E-04  2.04330E-03  0.00000E+00  0.00000E+00  3.06771E+01  4.41644E+00
  1.34528E-03  0.00000E+00  6.86295E-04  2.03158E-03  0.00000E+00  0.00000E+00  3.07523E+01  4.48396E+00
  1.33772E-03  0.00000E+00  6.85065E-04  2.02279E-03  0.00000E+00  0.00000E+00  3.07783E+01  4.50599E+00
  1.29742E-03  0.00000E+00  7.01797E-04  1.99922E-03  0.00000E+00  0.00000E+00  3.09270E+01  4.63784E+00
  1.29112E-03  0.00000E+00  7.00139E-04  1.99126E-03  0.00000E+00  0.00000E+00  3.09505E+01  4.65690E+00
  1.26789E-03  0.00000E+00  7.10177E-04  1.97807E-03  0.00000E+00  0.00000E+00  3.10414E+01  4.73781E+00
  1.26310E-03  0.00000E+00  7.09810E-04  1.97291E-03  0.00000E+00  0.00000E+00  3.10606E+01  4.75325E+00
  1.22993E-03  0.00000E+00  7.23026E-04  1.95295E-03  0.00000E+00  0.00000E+00  3.11976E+01  4.87803E+00
  1.22149E-03  0.00000E+00  7.25233E-04  1.94673E-03  0.00000E+00  0.00000E+00  3.12340E+01  4.90934E+00
  1.20012E-03  0.00000E+00  7.34221E-04  1.93434E-03  0.00000E+00  0.00000E+00  3.13290E+01  4.99450E+00
  1.19561E-03  0.00000E+00  7.35359E-04  1.93096E-03  0.00000E+00  0.00000E+00  3.13497E+01  5.01199E+00
  1.17902E-03  0.00000E+00  7.42797E-04  1.92181E-03  0.00000E+00  0.00000E+00  3.14276E+01  5.08089E+00
  1.17245E-03  0.00000E+00  7.44838E-04  1.91729E-03  0.00000E+00  0.00000E+00  3.14590E+01  5.10856E+00
  1.15757E-03  0.00000E+00  7.52241E-04  1.90981E-03  0.00000E+00  0.00000E+00  3.15331E+01  5.17291E+00
  1.15488E-03  0.00000E+00  7.52205E-04  1.90708E-03  0.00000E+00  0.00000E+00  3.15466E+01  5.18431E+00
  1.11487E-03  0.00000E+00  7.71283E-04  1.88615E-03  0.00000E+00  0.00000E+00  3.17590E+01  5.37224E+00
  1.10976E-03  0.00000E+00  7.73081E-04  1.88284E-03  0.00000E+00  0.00000E+00  3.17870E+01  5.39630E+00
  1.09532E-03  0.00000E+00  7.80206E-04  1.87553E-03  0.00000E+00  0.00000E+00  3.18689E+01  5.47022E+00
  1.06082E-03  0.00000E+00  7.99123E-04  1.85994E-03  0.00000E+00  0.00000E+00  3.20771E+01  5.66064E+00
  1.04229E-03  0.00000E+00  8.09727E-04  1.85201E-03  0.00000E+00  0.00000E+00  3.21976E+01  5.76799E+00
  1.03976E-03  0.00000E+00  8.10807E-04  1.85057E-03  0.00000E+00  0.00000E+00  3.22148E+01  5.78177E+00
  1.03550E-03  0.00000E+00  8.13104E-04  1.84861E-03  0.00000E+00  0.00000E+00  3.22444E+01  5.80489E+00
  1.03165E-03  0.00000E+00  8.15275E-04  1.84692E-03  0.00000E+00  0.00000E+00  3.22717E+01  5.82694E+00
  1.02799E-03  0.00000E+00  8.17349E-04  1.84534E-03  0.00000E+00  0.00000E+00  3.22977E+01  5.84850E+00
  1.02326E-03  0.00000E+00  8.20126E-04  1.84338E-03  0.00000E+00  0.00000E+00  3.23319E+01  5.87717E+00
  1.01844E-03  0.00000E+00  8.22970E-04  1.84141E-03  0.00000E+00  0.00000E+00  3.23671E+01  5.90715E+00
  1.01084E-03  0.00000E+00  8.27621E-04  1.83846E-03  0.00000E+00  0.00000E+00  3.24238E+01  5.95589E+00
  9.98966E-04  0.00000E+00  8.35136E-04  1.83410E-03  0.00000E+00  0.00000E+00  3.25151E+01  6.03571E+00
  9.76449E-04  0.00000E+00  8.50492E-04  1.82694E-03  0.00000E+00  0.00000E+00  3.26991E+01  6.19958E+00
  9.59754E-04  0.00000E+00  8.63074E-04  1.82283E-03  0.00000E+00  0.00000E+00  3.28473E+01  6.33297E+00
  9.53410E-04  0.00000E+00  8.67948E-04  1.82136E-03  0.00000E+00  0.00000E+00  3.29064E+01  6.38456E+00
  9.29502E-04  0.00000E+00  8.89682E-04  1.81918E-03  0.00000E+00  0.00000E+00  3.31425E+01  6.60089E+00
  9.29458E-04  0.00000E+00  8.88475E-04  1.81793E-03  0.00000E+00  0.00000E+00  3.31453E+01  6.59181E+00
  9.25157E-04  0.00000E+00  8.91629E-04  1.81679E-03  0.00000E+00  0.00000E+00  3.31918E+01  6.62878E+00
  9.17828E-04  0.00000E+00  8.97943E-04  1.81577E-03  0.00000E+00  0.00000E+00  3.32744E+01  6.69498E+00
  9.14411E-04  0.00000E+00  9.00760E-04  1.81517E-03  0.00000E+00  0.00000E+00  3.33160E+01  6.72440E+00
  9.09138E-04  0.00000E+00  9.05375E-04  1.81451E-03  0.00000E+00  0.00000E+00  3.33821E+01  6.77196E+00
  9.09234E-04  0.00000E+00  9.04900E-04  1.81413E-03  0.00000E+00  0.00000E+00  3.33824E+01  6.76993E+00
  9.09292E-04  0.00000E+00  9.04667E-04  1.81396E-03  0.00000E+00  0.00000E+00  3.33821E+01  6.76924E+00
  9.08208E-04  0.00000E+00  9.05196E-04  1.81340E-03  0.00000E+00  0.00000E+00  3.33997E+01  6.77822E+00
  9.05446E-04  0.00000E+00  9.07204E-04  1.81265E-03  0.00000E+00  0.00000E+00  3.34403E+01  6.80545E+00
  9.02496E-04  0.00000E+00  9.09486E-04  1.81198E-03  0.00000E+00  0.00000E+00  3.34880E+01  6.83824E+00
  9.02454E-04  0.00000E+00  9.09259E-04  1.81171E-03  0.00000E+00  0.00000E+00  3.34883E+01  6.83884E+00
  9.02266E-04  0.00000E+00  9.09141E-04  1.81141E-03  0.00000E+00  0.00000E+00  3.34947E+01  6.84354E+00
  9.02140E-04  0.00000E+00  9.08989E-04  1.81113E-03  0.00000E+00  0.00000E+00  3.34976E+01  6.84707E+00
  9.02090E-04  0.00000E+00  9.08703E-04  1.81079E-03  0.00000E+00  0.00000E+00  3.35046E+01  6.85515E+00
  9.01851E-04  0.00000E+00  9.08733E-04  1.81058E-03  0.00000E+00  0.00000E+00  3.35088E+01  6.85982E+00
  9.01681E-04  0.00000E+00  9.08771E-04  1.81045E-03  0.00000E+00  0.00000E+00  3.35122E+01  6.86388E+00
  9.01528E-04  0.00000E+00  9.08722E-04  1.81025E-03  0.00000E+00  0.00000E+00  3.35158E+01  6.86935E+00
  9.01540E-04  0.00000E+00  9.08649E-04  1.81019E-03  0.00000E+00  0.00000E+00  3.35152E+01  6.86962E+00
  9.01542E-04  0.00000E+00  9.08604E-04  1.81015E-03  0.00000E+00  0.00000E+00  3.35151E+01  6.86972E+00
  9.01564E-04  0.00000E+00  9.08516E-04  1.81008E-03  0.00000E+00  0.00000E+00  3.35142E+01  6.87039E+00
  9.01569E-04  0.00000E+00  9.08488E-04  1.81006E-03  0.00000E+00  0.00000E+00  3.35141E+01  6.87050E+00
  9.01611E-04  0.00000E+00  9.08358E-04  1.80997E-03  0.00000E+00  0.00000E+00  3.35127E+01  6.87163E+00
  9.01618E-04  0.00000E+00  9.08327E-04  1.80994E-03  0.00000E+00  0.00000E+00  3.35125E+01  6.87181E+00
