 #This file helps checking about the convergence of the optimization algorithm
 #    by printing infos related to the values of the objective function and
 #    its components.
 #- Every line describes an iteration of the optimization algorithm,
 #- on every line there are x*2+2+4 real numbers where x equals the number
 #    of measured fields used,
 #- the first 2 numbers on a line are the dataMatch and the forceMatch terms
 #    for the first measurement used,
 #- if x>1, numbers at position 3 and 4 are the dataMatch and the forceMatch
 #    terms for the second measurement
 #- etc...
 #- the following numbers are: the regularization term for each measurement
 #    and the objective function value,
 #- followed by the L2 norms of parameter1, its gradient, parameter2 and its
 #    gradient.
 #note by JFD: gnuplot is convenient to print a column
 #             plot "*.out.cvg" u 3
 #             replot "*.out.cvg" u 6
  4.63673E+00  0.00000E+00  3.19303E-06  4.63673E+00  8.11172E+01  4.17075E-15  8.11172E+01  4.17075E-15
  4.57547E+00  0.00000E+00  4.85286E-05  4.57552E+00  8.11172E+01  4.17075E-15  8.11176E+01  8.74396E-02
  1.03396E+00  0.00000E+00  4.35431E-03  1.03831E+00  8.11172E+01  4.17075E-15  8.44185E+01  7.75859E+00
  5.88359E-01  0.00000E+00  5.71387E-03  5.94073E-01  8.11172E+01  4.17075E-15  8.60180E+01  9.65886E+00
  3.63063E-01  0.00000E+00  7.25132E-03  3.70315E-01  8.11172E+01  4.17075E-15  8.86486E+01  1.24861E+01
  2.90178E-01  0.00000E+00  8.02531E-03  2.98203E-01  8.11172E+01  4.17075E-15  9.11255E+01  1.44097E+01
  2.35558E-01  0.00000E+00  9.04605E-03  2.44604E-01  8.11172E+01  4.17075E-15  9.43943E+01  1.66807E+01
  1.89202E-01  0.00000E+00  1.05119E-02  1.99714E-01  8.11172E+01  4.17075E-15  9.92442E+01  1.97687E+01
  1.61517E-01  0.00000E+00  1.19012E-02  1.73418E-01  8.11172E+01  4.17075E-15  1.04132E+02  2.26947E+01
  1.57266E-01  0.00000E+00  1.20452E-02  1.69311E-01  8.11172E+01  4.17075E-15  1.04667E+02  2.29698E+01
  1.49443E-01  0.00000E+00  1.24547E-02  1.61898E-01  8.11172E+01  4.17075E-15  1.06314E+02  2.39625E+01
  1.43573E-01  0.00000E+00  1.28998E-02  1.56473E-01  8.11172E+01  4.17075E-15  1.07692E+02  2.48475E+01
  1.38508E-01  0.00000E+00  1.31781E-02  1.51686E-01  8.11172E+01  4.17075E-15  1.09057E+02  2.56148E+01
  1.35928E-01  0.00000E+00  1.33787E-02  1.49306E-01  8.11172E+01  4.17075E-15  1.09654E+02  2.59741E+01
  1.29563E-01  0.00000E+00  1.38729E-02  1.43436E-01  8.11172E+01  4.17075E-15  1.11752E+02  2.71690E+01
  1.26855E-01  0.00000E+00  1.40379E-02  1.40892E-01  8.11172E+01  4.17075E-15  1.12337E+02  2.74951E+01
  1.15288E-01  0.00000E+00  1.51731E-02  1.30461E-01  8.11172E+01  4.17075E-15  1.16180E+02  2.99042E+01
  9.67464E-02  0.00000E+00  1.81750E-02  1.14921E-01  8.11172E+01  4.17075E-15  1.24380E+02  3.53508E+01
  9.58815E-02  0.00000E+00  1.81817E-02  1.14063E-01  8.11172E+01  4.17075E-15  1.24703E+02  3.54536E+01
  9.52902E-02  0.00000E+00  1.81712E-02  1.13461E-01  8.11172E+01  4.17075E-15  1.24937E+02  3.55768E+01
  9.34342E-02  0.00000E+00  1.81583E-02  1.11592E-01  8.11172E+01  4.17075E-15  1.25872E+02  3.60151E+01
  9.19633E-02  0.00000E+00  1.82096E-02  1.10173E-01  8.11172E+01  4.17075E-15  1.26738E+02  3.64576E+01
  9.12058E-02  0.00000E+00  1.82747E-02  1.09480E-01  8.11172E+01  4.17075E-15  1.27081E+02  3.66480E+01
  8.87008E-02  0.00000E+00  1.85346E-02  1.07235E-01  8.11172E+01  4.17075E-15  1.28531E+02  3.75136E+01
  8.80426E-02  0.00000E+00  1.86051E-02  1.06648E-01  8.11172E+01  4.17075E-15  1.28875E+02  3.77059E+01
  8.69092E-02  0.00000E+00  1.87358E-02  1.05645E-01  8.11172E+01  4.17075E-15  1.29603E+02  3.81454E+01
  8.63643E-02  0.00000E+00  1.87964E-02  1.05161E-01  8.11172E+01  4.17075E-15  1.29870E+02  3.82988E+01
  8.42550E-02  0.00000E+00  1.91181E-02  1.03373E-01  8.11172E+01  4.17075E-15  1.31351E+02  3.92233E+01
  8.37853E-02  0.00000E+00  1.91411E-02  1.02926E-01  8.11172E+01  4.17075E-15  1.31494E+02  3.92970E+01
  8.24553E-02  0.00000E+00  1.93421E-02  1.01797E-01  8.11172E+01  4.17075E-15  1.32301E+02  3.98212E+01
  8.11262E-02  0.00000E+00  1.95940E-02  1.00720E-01  8.11172E+01  4.17075E-15  1.33255E+02  4.04213E+01
  8.05118E-02  0.00000E+00  1.96561E-02  1.00168E-01  8.11172E+01  4.17075E-15  1.33603E+02  4.06394E+01
  7.97046E-02  0.00000E+00  1.97693E-02  9.94739E-02  8.11172E+01  4.17075E-15  1.34153E+02  4.09952E+01
  7.91083E-02  0.00000E+00  1.98720E-02  9.89803E-02  8.11172E+01  4.17075E-15  1.34582E+02  4.12648E+01
  7.82362E-02  0.00000E+00  2.00065E-02  9.82427E-02  8.11172E+01  4.17075E-15  1.35195E+02  4.16633E+01
  7.75616E-02  0.00000E+00  2.01239E-02  9.76855E-02  8.11172E+01  4.17075E-15  1.35664E+02  4.19685E+01
  7.63928E-02  0.00000E+00  2.03548E-02  9.67477E-02  8.11172E+01  4.17075E-15  1.36525E+02  4.25378E+01
  7.57062E-02  0.00000E+00  2.04617E-02  9.61679E-02  8.11172E+01  4.17075E-15  1.37018E+02  4.28585E+01
  7.53090E-02  0.00000E+00  2.05385E-02  9.58474E-02  8.11172E+01  4.17075E-15  1.37323E+02  4.30521E+01
  7.45637E-02  0.00000E+00  2.06770E-02  9.52407E-02  8.11172E+01  4.17075E-15  1.37880E+02  4.34206E+01
  7.37210E-02  0.00000E+00  2.08408E-02  9.45618E-02  8.11172E+01  4.17075E-15  1.38546E+02  4.38616E+01
  7.32395E-02  0.00000E+00  2.09181E-02  9.41576E-02  8.11172E+01  4.17075E-15  1.38906E+02  4.40974E+01
  7.24511E-02  0.00000E+00  2.10895E-02  9.35406E-02  8.11172E+01  4.17075E-15  1.39545E+02  4.45199E+01
  7.17710E-02  0.00000E+00  2.12062E-02  9.29772E-02  8.11172E+01  4.17075E-15  1.40084E+02  4.48721E+01
  7.14343E-02  0.00000E+00  2.12769E-02  9.27112E-02  8.11172E+01  4.17075E-15  1.40373E+02  4.50518E+01
  7.03631E-02  0.00000E+00  2.14884E-02  9.18515E-02  8.11172E+01  4.17075E-15  1.41253E+02  4.56371E+01
  7.00394E-02  0.00000E+00  2.15601E-02  9.15995E-02  8.11172E+01  4.17075E-15  1.41538E+02  4.58158E+01
  6.97771E-02  0.00000E+00  2.16007E-02  9.13778E-02  8.11172E+01  4.17075E-15  1.41757E+02  4.59506E+01
  6.94473E-02  0.00000E+00  2.16755E-02  9.11228E-02  8.11172E+01  4.17075E-15  1.42052E+02  4.61344E+01
  6.91544E-02  0.00000E+00  2.17266E-02  9.08810E-02  8.11172E+01  4.17075E-15  1.42302E+02  4.62900E+01
  6.88307E-02  0.00000E+00  2.17906E-02  9.06213E-02  8.11172E+01  4.17075E-15  1.42599E+02  4.64773E+01
  6.84887E-02  0.00000E+00  2.18536E-02  9.03423E-02  8.11172E+01  4.17075E-15  1.42897E+02  4.66647E+01
  6.81474E-02  0.00000E+00  2.19243E-02  9.00717E-02  8.11172E+01  4.17075E-15  1.43209E+02  4.68629E+01
  6.78355E-02  0.00000E+00  2.19824E-02  8.98179E-02  8.11172E+01  4.17075E-15  1.43484E+02  4.70357E+01
  6.74416E-02  0.00000E+00  2.20693E-02  8.95109E-02  8.11172E+01  4.17075E-15  1.43853E+02  4.72693E+01
  6.71057E-02  0.00000E+00  2.21278E-02  8.92335E-02  8.11172E+01  4.17075E-15  1.44156E+02  4.74604E+01
  6.66774E-02  0.00000E+00  2.22232E-02  8.89005E-02  8.11172E+01  4.17075E-15  1.44565E+02  4.77176E+01
  6.64525E-02  0.00000E+00  2.22607E-02  8.87132E-02  8.11172E+01  4.17075E-15  1.44771E+02  4.78433E+01
  6.61986E-02  0.00000E+00  2.23232E-02  8.85218E-02  8.11172E+01  4.17075E-15  1.45021E+02  4.79995E+01
  6.58745E-02  0.00000E+00  2.23771E-02  8.82515E-02  8.11172E+01  4.17075E-15  1.45334E+02  4.81918E+01
  6.55459E-02  0.00000E+00  2.24380E-02  8.79839E-02  8.11172E+01  4.17075E-15  1.45665E+02  4.83948E+01
  6.53382E-02  0.00000E+00  2.24764E-02  8.78145E-02  8.11172E+01  4.17075E-15  1.45873E+02  4.85177E+01
  6.49540E-02  0.00000E+00  2.25583E-02  8.75123E-02  8.11172E+01  4.17075E-15  1.46270E+02  4.87556E+01
  6.47999E-02  0.00000E+00  2.25831E-02  8.73830E-02  8.11172E+01  4.17075E-15  1.46428E+02  4.88473E+01
  6.41698E-02  0.00000E+00  2.27231E-02  8.68930E-02  8.11172E+01  4.17075E-15  1.47091E+02  4.92468E+01
  6.37567E-02  0.00000E+00  2.28025E-02  8.65591E-02  8.11172E+01  4.17075E-15  1.47529E+02  4.95089E+01
  6.29742E-02  0.00000E+00  2.29815E-02  8.59556E-02  8.11172E+01  4.17075E-15  1.48385E+02  5.00170E+01
  6.17474E-02  0.00000E+00  2.32694E-02  8.50168E-02  8.11172E+01  4.17075E-15  1.49768E+02  5.08485E+01
  6.15056E-02  0.00000E+00  2.33407E-02  8.48463E-02  8.11172E+01  4.17075E-15  1.50040E+02  5.10113E+01
  5.97605E-02  0.00000E+00  2.38141E-02  8.35746E-02  8.11172E+01  4.17075E-15  1.52116E+02  5.22984E+01
  5.91954E-02  0.00000E+00  2.40083E-02  8.32037E-02  8.11172E+01  4.17075E-15  1.52795E+02  5.27160E+01
  5.87298E-02  0.00000E+00  2.41123E-02  8.28421E-02  8.11172E+01  4.17075E-15  1.53369E+02  5.30751E+01
  5.84971E-02  0.00000E+00  2.41833E-02  8.26804E-02  8.11172E+01  4.17075E-15  1.53650E+02  5.32470E+01
  5.77287E-02  0.00000E+00  2.44119E-02  8.21405E-02  8.11172E+01  4.17075E-15  1.54625E+02  5.38657E+01
  5.71761E-02  0.00000E+00  2.45969E-02  8.17730E-02  8.11172E+01  4.17075E-15  1.55330E+02  5.43104E+01
  5.68955E-02  0.00000E+00  2.46681E-02  8.15636E-02  8.11172E+01  4.17075E-15  1.55692E+02  5.45365E+01
  5.63468E-02  0.00000E+00  2.48512E-02  8.11980E-02  8.11172E+01  4.17075E-15  1.56411E+02  5.49916E+01
  5.61776E-02  0.00000E+00  2.48955E-02  8.10732E-02  8.11172E+01  4.17075E-15  1.56632E+02  5.51289E+01
  5.59540E-02  0.00000E+00  2.49680E-02  8.09220E-02  8.11172E+01  4.17075E-15  1.56927E+02  5.53131E+01
  5.57896E-02  0.00000E+00  2.50167E-02  8.08063E-02  8.11172E+01  4.17075E-15  1.57146E+02  5.54498E+01
  5.56219E-02  0.00000E+00  2.50694E-02  8.06913E-02  8.11172E+01  4.17075E-15  1.57369E+02  5.55888E+01
  5.54593E-02  0.00000E+00  2.51201E-02  8.05794E-02  8.11172E+01  4.17075E-15  1.57587E+02  5.57252E+01
  5.53346E-02  0.00000E+00  2.51586E-02  8.04932E-02  8.11172E+01  4.17075E-15  1.57754E+02  5.58292E+01
  5.50418E-02  0.00000E+00  2.52543E-02  8.02961E-02  8.11172E+01  4.17075E-15  1.58152E+02  5.60816E+01
  5.50207E-02  0.00000E+00  2.52586E-02  8.02793E-02  8.11172E+01  4.17075E-15  1.58180E+02  5.60965E+01
  5.48486E-02  0.00000E+00  2.53125E-02  8.01611E-02  8.11172E+01  4.17075E-15  1.58415E+02  5.62442E+01
  5.47275E-02  0.00000E+00  2.53512E-02  8.00787E-02  8.11172E+01  4.17075E-15  1.58580E+02  5.63478E+01
  5.44556E-02  0.00000E+00  2.54393E-02  7.98949E-02  8.11172E+01  4.17075E-15  1.58955E+02  5.65844E+01
  5.44127E-02  0.00000E+00  2.54520E-02  7.98647E-02  8.11172E+01  4.17075E-15  1.59013E+02  5.66204E+01
  5.43224E-02  0.00000E+00  2.54802E-02  7.98026E-02  8.11172E+01  4.17075E-15  1.59138E+02  5.66989E+01
  5.42794E-02  0.00000E+00  2.54935E-02  7.97729E-02  8.11172E+01  4.17075E-15  1.59198E+02  5.67359E+01
  5.40886E-02  0.00000E+00  2.55558E-02  7.96444E-02  8.11172E+01  4.17075E-15  1.59464E+02  5.69041E+01
  5.40268E-02  0.00000E+00  2.55756E-02  7.96024E-02  8.11172E+01  4.17075E-15  1.59550E+02  5.69581E+01
  5.40099E-02  0.00000E+00  2.55801E-02  7.95900E-02  8.11172E+01  4.17075E-15  1.59574E+02  5.69727E+01
  5.39916E-02  0.00000E+00  2.55851E-02  7.95767E-02  8.11172E+01  4.17075E-15  1.59599E+02  5.69885E+01
  5.39656E-02  0.00000E+00  2.55927E-02  7.95582E-02  8.11172E+01  4.17075E-15  1.59636E+02  5.70108E+01
  5.39241E-02  0.00000E+00  2.56044E-02  7.95284E-02  8.11172E+01  4.17075E-15  1.59694E+02  5.70464E+01
  5.39186E-02  0.00000E+00  2.56057E-02  7.95244E-02  8.11172E+01  4.17075E-15  1.59702E+02  5.70508E+01
  5.39094E-02  0.00000E+00  2.56082E-02  7.95175E-02  8.11172E+01  4.17075E-15  1.59715E+02  5.70585E+01
  5.38911E-02  0.00000E+00  2.56134E-02  7.95045E-02  8.11172E+01  4.17075E-15  1.59741E+02  5.70740E+01
  5.38741E-02  0.00000E+00  2.56181E-02  7.94922E-02  8.11172E+01  4.17075E-15  1.59765E+02  5.70884E+01
  5.38612E-02  0.00000E+00  2.56217E-02  7.94829E-02  8.11172E+01  4.17075E-15  1.59783E+02  5.70992E+01
