 #This file helps checking about the convergence of the optimization algorithm
 #    by printing infos related to the values of the objective function
 #- every line describes an iteration of the optimization algorithm,
 #- on every line there are x real numbers where x equals 3 times the number of
 #    measured fields used,
 #- the first 3 numbers on a line are the dataMatch term, the regularization and
 #    their sum (the objective function value) for the first measured field used,
 #- numbers at positions 4 to 6 detail the same infos for the second field used,
 #- etc
 #note by JFD: gnuplot is convenient to print a column
 #             plot "*.out.cvg" u 3
 #             replot "*.out.cvg" u 6
  1.11154E-05  1.28750E-10  1.11155E-05  2.24332E-05  2.57500E-10  2.24335E-05  2.86355E-05  3.86250E-10  2.86358E-05  3.11143E-05  5.15000E-10  3.11148E-05
  1.11154E-05  1.28750E-10  1.11155E-05  2.24332E-05  2.57500E-10  2.24335E-05  2.86354E-05  3.86250E-10  2.86358E-05  3.11143E-05  5.15000E-10  3.11148E-05
  6.40876E-06  7.59372E-09  6.41636E-06  1.41583E-05  1.51874E-08  1.41734E-05  1.83357E-05  2.27811E-08  1.83585E-05  2.04696E-05  3.03749E-08  2.05000E-05
  2.60006E-06  2.00155E-08  2.62007E-06  7.02169E-06  4.00311E-08  7.06172E-06  9.54196E-06  6.00466E-08  9.60201E-06  1.23946E-05  8.00622E-08  1.24746E-05
  2.35743E-06  2.15471E-08  2.37897E-06  6.36872E-06  4.30942E-08  6.41182E-06  8.85289E-06  6.46413E-08  8.91753E-06  1.09653E-05  8.61885E-08  1.10515E-05
  2.14236E-06  2.28166E-08  2.16518E-06  5.89264E-06  4.56332E-08  5.93828E-06  8.00214E-06  6.84499E-08  8.07059E-06  1.02094E-05  9.12665E-08  1.03007E-05
  1.81475E-06  2.57858E-08  1.84054E-06  5.11392E-06  5.15716E-08  5.16549E-06  7.14440E-06  7.73574E-08  7.22176E-06  9.20123E-06  1.03143E-07  9.30437E-06
  1.67140E-06  2.71809E-08  1.69858E-06  4.76803E-06  5.43619E-08  4.82239E-06  6.60411E-06  8.15428E-08  6.68565E-06  8.73300E-06  1.08724E-07  8.84172E-06
  1.57192E-06  2.83948E-08  1.60031E-06  4.52251E-06  5.67896E-08  4.57930E-06  6.34139E-06  8.51844E-08  6.42657E-06  8.38169E-06  1.13579E-07  8.49527E-06
  1.51205E-06  2.92028E-08  1.54126E-06  4.35297E-06  5.84056E-08  4.41137E-06  6.09095E-06  8.76085E-08  6.17856E-06  8.13293E-06  1.16811E-07  8.24975E-06
  1.43363E-06  3.02273E-08  1.46385E-06  4.17360E-06  6.04545E-08  4.23405E-06  5.87116E-06  9.06818E-08  5.96184E-06  7.88698E-06  1.20909E-07  8.00789E-06
  1.39959E-06  3.07517E-08  1.43034E-06  4.06562E-06  6.15034E-08  4.12712E-06  5.71827E-06  9.22552E-08  5.81052E-06  7.71264E-06  1.23007E-07  7.83565E-06
  1.32446E-06  3.20526E-08  1.35652E-06  3.88420E-06  6.41051E-08  3.94830E-06  5.48729E-06  9.61577E-08  5.58345E-06  7.46597E-06  1.28210E-07  7.59418E-06
  1.29866E-06  3.23009E-08  1.33097E-06  3.80795E-06  6.46018E-08  3.87255E-06  5.37543E-06  9.69026E-08  5.47233E-06  7.32472E-06  1.29204E-07  7.45393E-06
  1.13907E-06  3.62289E-08  1.17530E-06  3.36661E-06  7.24579E-08  3.43907E-06  4.78679E-06  1.08687E-07  4.89548E-06  6.66918E-06  1.44916E-07  6.81410E-06
  1.11494E-06  3.62694E-08  1.15121E-06  3.30367E-06  7.25388E-08  3.37621E-06  4.69479E-06  1.08808E-07  4.80360E-06  6.54546E-06  1.45078E-07  6.69054E-06
  1.06918E-06  3.74270E-08  1.10660E-06  3.15907E-06  7.48540E-08  3.23393E-06  4.49851E-06  1.12281E-07  4.61079E-06  6.31051E-06  1.49708E-07  6.46021E-06
  1.04723E-06  3.77219E-08  1.08495E-06  3.11322E-06  7.54437E-08  3.18867E-06  4.43537E-06  1.13166E-07  4.54854E-06  6.23497E-06  1.50887E-07  6.38585E-06
  1.04058E-06  3.85792E-08  1.07916E-06  3.03947E-06  7.71585E-08  3.11663E-06  4.33747E-06  1.15738E-07  4.45321E-06  6.10586E-06  1.54317E-07  6.26018E-06
  1.01374E-06  3.87407E-08  1.05248E-06  2.99889E-06  7.74813E-08  3.07637E-06  4.28037E-06  1.16222E-07  4.39659E-06  6.03875E-06  1.54963E-07  6.19371E-06
  9.75593E-07  4.14470E-08  1.01704E-06  2.80249E-06  8.28939E-08  2.88539E-06  4.01247E-06  1.24341E-07  4.13681E-06  5.69527E-06  1.65788E-07  5.86106E-06
  9.41842E-07  4.14339E-08  9.83276E-07  2.75709E-06  8.28679E-08  2.83996E-06  3.94464E-06  1.24302E-07  4.06894E-06  5.61129E-06  1.65736E-07  5.77703E-06
  9.19241E-07  4.18038E-08  9.61044E-07  2.70880E-06  8.36075E-08  2.79241E-06  3.87515E-06  1.25411E-07  4.00056E-06  5.53022E-06  1.67215E-07  5.69743E-06
  9.15248E-07  4.19971E-08  9.57246E-07  2.68579E-06  8.39942E-08  2.76978E-06  3.84234E-06  1.25991E-07  3.96833E-06  5.48707E-06  1.67988E-07  5.65506E-06
  8.99311E-07  4.26409E-08  9.41952E-07  2.63807E-06  8.52817E-08  2.72335E-06  3.77853E-06  1.27923E-07  3.90645E-06  5.40438E-06  1.70563E-07  5.57494E-06
  8.94505E-07  4.27003E-08  9.37205E-07  2.61887E-06  8.54006E-08  2.70427E-06  3.74893E-06  1.28101E-07  3.87703E-06  5.36419E-06  1.70801E-07  5.53499E-06
  8.39751E-07  4.53676E-08  8.85118E-07  2.44953E-06  9.07352E-08  2.54027E-06  3.50930E-06  1.36103E-07  3.64540E-06  5.05597E-06  1.81470E-07  5.23744E-06
  8.31812E-07  4.53106E-08  8.77122E-07  2.42975E-06  9.06213E-08  2.52037E-06  3.47724E-06  1.35932E-07  3.61317E-06  5.01140E-06  1.81243E-07  5.19264E-06
  8.25864E-07  4.55286E-08  8.71393E-07  2.39575E-06  9.10573E-08  2.48681E-06  3.43097E-06  1.36586E-07  3.56755E-06  4.94928E-06  1.82115E-07  5.13139E-06
  8.17525E-07  4.55621E-08  8.63087E-07  2.38171E-06  9.11241E-08  2.47284E-06  3.41109E-06  1.36686E-07  3.54778E-06  4.92494E-06  1.82248E-07  5.10719E-06
  7.97031E-07  4.71396E-08  8.44171E-07  2.28924E-06  9.42792E-08  2.38352E-06  3.27664E-06  1.41419E-07  3.41806E-06  4.74231E-06  1.88558E-07  4.93087E-06
  7.85048E-07  4.70805E-08  8.32128E-07  2.27308E-06  9.41610E-08  2.36724E-06  3.25288E-06  1.41241E-07  3.39412E-06  4.71179E-06  1.88322E-07  4.90011E-06
  7.69613E-07  4.75737E-08  8.17187E-07  2.23340E-06  9.51474E-08  2.32855E-06  3.19675E-06  1.42721E-07  3.33947E-06  4.63775E-06  1.90295E-07  4.82804E-06
  7.66580E-07  4.75569E-08  8.14137E-07  2.22314E-06  9.51138E-08  2.31826E-06  3.18003E-06  1.42671E-07  3.32270E-06  4.61527E-06  1.90228E-07  4.80550E-06
  7.53736E-07  4.90070E-08  8.02743E-07  2.15609E-06  9.80140E-08  2.25410E-06  3.07925E-06  1.47021E-07  3.22627E-06  4.47305E-06  1.96028E-07  4.66907E-06
  7.39855E-07  4.89131E-08  7.88768E-07  2.13539E-06  9.78262E-08  2.23322E-06  3.05266E-06  1.46739E-07  3.19940E-06  4.44075E-06  1.95652E-07  4.63640E-06
  7.28789E-07  4.92553E-08  7.78045E-07  2.10622E-06  9.85107E-08  2.20473E-06  3.00846E-06  1.47766E-07  3.15623E-06  4.37863E-06  1.97021E-07  4.57565E-06
  7.23606E-07  4.92467E-08  7.72853E-07  2.08962E-06  9.84934E-08  2.18812E-06  2.98590E-06  1.47740E-07  3.13364E-06  4.35152E-06  1.96987E-07  4.54851E-06
  7.15655E-07  5.04209E-08  7.66076E-07  2.04685E-06  1.00842E-07  2.14769E-06  2.91902E-06  1.51263E-07  3.07028E-06  4.24990E-06  2.01684E-07  4.45159E-06
  7.03975E-07  5.03055E-08  7.54280E-07  2.02255E-06  1.00611E-07  2.12316E-06  2.88823E-06  1.50916E-07  3.03915E-06  4.21446E-06  2.01222E-07  4.41568E-06
  6.95412E-07  5.08217E-08  7.46233E-07  1.99336E-06  1.01643E-07  2.09500E-06  2.84504E-06  1.52465E-07  2.99750E-06  4.15308E-06  2.03287E-07  4.35636E-06
  6.88658E-07  5.07621E-08  7.39420E-07  1.97878E-06  1.01524E-07  2.08031E-06  2.82503E-06  1.52286E-07  2.97732E-06  4.12810E-06  2.03048E-07  4.33115E-06
  6.74782E-07  5.16966E-08  7.26479E-07  1.93597E-06  1.03393E-07  2.03936E-06  2.75754E-06  1.55090E-07  2.91263E-06  4.03458E-06  2.06786E-07  4.24137E-06
  6.70585E-07  5.15643E-08  7.22149E-07  1.92275E-06  1.03129E-07  2.02588E-06  2.74052E-06  1.54693E-07  2.89522E-06  4.01238E-06  2.06257E-07  4.21864E-06
  6.62516E-07  5.21784E-08  7.14695E-07  1.89197E-06  1.04357E-07  1.99632E-06  2.70253E-06  1.56535E-07  2.85907E-06  3.95332E-06  2.08713E-07  4.16203E-06
  6.59479E-07  5.20731E-08  7.11552E-07  1.88476E-06  1.04146E-07  1.98891E-06  2.68822E-06  1.56219E-07  2.84444E-06  3.93519E-06  2.08292E-07  4.14348E-06
  6.44020E-07  5.31672E-08  6.97188E-07  1.84412E-06  1.06334E-07  1.95045E-06  2.61933E-06  1.59502E-07  2.77884E-06  3.84791E-06  2.12669E-07  4.06058E-06
  6.41169E-07  5.29240E-08  6.94093E-07  1.83512E-06  1.05848E-07  1.94097E-06  2.61043E-06  1.58772E-07  2.76920E-06  3.83201E-06  2.11696E-07  4.04371E-06
  6.41694E-07  5.28284E-08  6.94522E-07  1.82353E-06  1.05657E-07  1.92918E-06  2.59654E-06  1.58485E-07  2.75503E-06  3.80648E-06  2.11314E-07  4.01780E-06
  6.36830E-07  5.28196E-08  6.89650E-07  1.81586E-06  1.05639E-07  1.92149E-06  2.58594E-06  1.58459E-07  2.74440E-06  3.79290E-06  2.11278E-07  4.00418E-06
  6.33836E-07  5.33564E-08  6.87192E-07  1.79386E-06  1.06713E-07  1.90057E-06  2.54985E-06  1.60069E-07  2.70992E-06  3.74240E-06  2.13426E-07  3.95582E-06
  6.26558E-07  5.32596E-08  6.79818E-07  1.78421E-06  1.06519E-07  1.89073E-06  2.53662E-06  1.59779E-07  2.69640E-06  3.72427E-06  2.13039E-07  3.93731E-06
  6.18883E-07  5.37913E-08  6.72674E-07  1.76203E-06  1.07583E-07  1.86962E-06  2.50726E-06  1.61374E-07  2.66863E-06  3.67993E-06  2.15165E-07  3.89510E-06
  6.18065E-07  5.36926E-08  6.71758E-07  1.75774E-06  1.07385E-07  1.86512E-06  2.49906E-06  1.61078E-07  2.66014E-06  3.66944E-06  2.14770E-07  3.88422E-06
  6.10793E-07  5.43337E-08  6.65127E-07  1.73213E-06  1.08667E-07  1.84079E-06  2.46020E-06  1.63001E-07  2.62320E-06  3.61623E-06  2.17335E-07  3.83356E-06
  6.09019E-07  5.41626E-08  6.63182E-07  1.72649E-06  1.08325E-07  1.83482E-06  2.45206E-06  1.62488E-07  2.61454E-06  3.60373E-06  2.16651E-07  3.82038E-06
  6.04254E-07  5.42414E-08  6.58495E-07  1.71340E-06  1.08483E-07  1.82188E-06  2.43557E-06  1.62724E-07  2.59829E-06  3.57788E-06  2.16966E-07  3.79485E-06
  6.03303E-07  5.41929E-08  6.57496E-07  1.70921E-06  1.08386E-07  1.81759E-06  2.42735E-06  1.62579E-07  2.58993E-06  3.56678E-06  2.16771E-07  3.78355E-06
  5.94643E-07  5.51200E-08  6.49763E-07  1.68110E-06  1.10240E-07  1.79134E-06  2.38684E-06  1.65360E-07  2.55220E-06  3.50874E-06  2.20480E-07  3.72922E-06
  5.92478E-07  5.49456E-08  6.47424E-07  1.67562E-06  1.09891E-07  1.78551E-06  2.37690E-06  1.64837E-07  2.54173E-06  3.49490E-06  2.19783E-07  3.71468E-06
  5.87551E-07  5.52185E-08  6.42770E-07  1.65877E-06  1.10437E-07  1.76920E-06  2.35345E-06  1.65655E-07  2.51911E-06  3.45963E-06  2.20874E-07  3.68050E-06
  5.85339E-07  5.50101E-08  6.40349E-07  1.65372E-06  1.10020E-07  1.76374E-06  2.34662E-06  1.65030E-07  2.51165E-06  3.45041E-06  2.20040E-07  3.67045E-06
  5.85058E-07  5.49857E-08  6.40044E-07  1.65018E-06  1.09971E-07  1.76015E-06  2.34024E-06  1.64957E-07  2.50520E-06  3.44128E-06  2.19943E-07  3.66122E-06
  5.82408E-07  5.50310E-08  6.37439E-07  1.64433E-06  1.10062E-07  1.75440E-06  2.33285E-06  1.65093E-07  2.49794E-06  3.43044E-06  2.20124E-07  3.65057E-06
  5.82174E-07  5.50581E-08  6.37232E-07  1.64066E-06  1.10116E-07  1.75078E-06  2.32604E-06  1.65174E-07  2.49121E-06  3.42061E-06  2.20232E-07  3.64084E-06
  5.79246E-07  5.51531E-08  6.34399E-07  1.63422E-06  1.10306E-07  1.74453E-06  2.31799E-06  1.65459E-07  2.48344E-06  3.40880E-06  2.20612E-07  3.62941E-06
  5.78708E-07  5.51822E-08  6.33890E-07  1.62992E-06  1.10364E-07  1.74028E-06  2.31015E-06  1.65546E-07  2.47570E-06  3.39760E-06  2.20729E-07  3.61833E-06
  5.75207E-07  5.53379E-08  6.30545E-07  1.62109E-06  1.10676E-07  1.73176E-06  2.29872E-06  1.66014E-07  2.46473E-06  3.38070E-06  2.21352E-07  3.60205E-06
  5.74964E-07  5.53252E-08  6.30289E-07  1.61829E-06  1.10650E-07  1.72894E-06  2.29301E-06  1.65976E-07  2.45899E-06  3.37271E-06  2.21301E-07  3.59401E-06
  5.71826E-07  5.55226E-08  6.27349E-07  1.60990E-06  1.11045E-07  1.72094E-06  2.28246E-06  1.66568E-07  2.44902E-06  3.35678E-06  2.22090E-07  3.57887E-06
  5.71244E-07  5.54662E-08  6.26711E-07  1.60684E-06  1.10932E-07  1.71777E-06  2.27627E-06  1.66399E-07  2.44267E-06  3.34827E-06  2.21865E-07  3.57014E-06
  5.67745E-07  5.58312E-08  6.23577E-07  1.59639E-06  1.11662E-07  1.70805E-06  2.26268E-06  1.67494E-07  2.43017E-06  3.32776E-06  2.23325E-07  3.55109E-06
  5.66700E-07  5.57215E-08  6.22421E-07  1.59292E-06  1.11443E-07  1.70436E-06  2.25577E-06  1.67165E-07  2.42293E-06  3.31842E-06  2.22886E-07  3.54131E-06
  5.61124E-07  5.62877E-08  6.17412E-07  1.57714E-06  1.12575E-07  1.68971E-06  2.23335E-06  1.68863E-07  2.40221E-06  3.28598E-06  2.25151E-07  3.51113E-06
  5.61300E-07  5.60942E-08  6.17394E-07  1.57454E-06  1.12188E-07  1.68673E-06  2.22878E-06  1.68283E-07  2.39706E-06  3.27895E-06  2.24377E-07  3.50333E-06
  5.59086E-07  5.60441E-08  6.15130E-07  1.56968E-06  1.12088E-07  1.68176E-06  2.22270E-06  1.68132E-07  2.39084E-06  3.27000E-06  2.24176E-07  3.49417E-06
  5.59129E-07  5.60570E-08  6.15186E-07  1.56672E-06  1.12114E-07  1.67884E-06  2.21731E-06  1.68171E-07  2.38548E-06  3.26195E-06  2.24228E-07  3.48618E-06
  5.56796E-07  5.60950E-08  6.12891E-07  1.56207E-06  1.12190E-07  1.67426E-06  2.21163E-06  1.68285E-07  2.37991E-06  3.25358E-06  2.24380E-07  3.47796E-06
  5.57024E-07  5.61187E-08  6.13143E-07  1.55976E-06  1.12237E-07  1.67200E-06  2.20705E-06  1.68356E-07  2.37541E-06  3.24686E-06  2.24475E-07  3.47134E-06
  5.54527E-07  5.61856E-08  6.10712E-07  1.55474E-06  1.12371E-07  1.66711E-06  2.20084E-06  1.68557E-07  2.36940E-06  3.23772E-06  2.24742E-07  3.46246E-06
  5.54691E-07  5.62144E-08  6.10906E-07  1.55238E-06  1.12429E-07  1.66481E-06  2.19616E-06  1.68643E-07  2.36480E-06  3.23093E-06  2.24858E-07  3.45579E-06
  5.52543E-07  5.62697E-08  6.08813E-07  1.54835E-06  1.12539E-07  1.66089E-06  2.19145E-06  1.68809E-07  2.36026E-06  3.22391E-06  2.25079E-07  3.44898E-06
  5.52639E-07  5.62892E-08  6.08928E-07  1.54591E-06  1.12578E-07  1.65849E-06  2.18666E-06  1.68868E-07  2.35552E-06  3.21699E-06  2.25157E-07  3.44214E-06
  5.50593E-07  5.63557E-08  6.06949E-07  1.54204E-06  1.12711E-07  1.65475E-06  2.18216E-06  1.69067E-07  2.35123E-06  3.21029E-06  2.25423E-07  3.43572E-06
  5.50705E-07  5.63619E-08  6.07067E-07  1.53993E-06  1.12724E-07  1.65266E-06  2.17792E-06  1.69086E-07  2.34701E-06  3.20420E-06  2.25448E-07  3.42965E-06
  5.48735E-07  5.64444E-08  6.05179E-07  1.53601E-06  1.12889E-07  1.64890E-06  2.17334E-06  1.69333E-07  2.34268E-06  3.19729E-06  2.25778E-07  3.42307E-06
  5.48768E-07  5.64294E-08  6.05197E-07  1.53395E-06  1.12859E-07  1.64681E-06  2.16916E-06  1.69288E-07  2.33844E-06  3.19132E-06  2.25717E-07  3.41704E-06
  5.46534E-07  5.65529E-08  6.03087E-07  1.52886E-06  1.13106E-07  1.64197E-06  2.16287E-06  1.69659E-07  2.33253E-06  3.18184E-06  2.26212E-07  3.40806E-06
  5.46442E-07  5.65119E-08  6.02954E-07  1.52676E-06  1.13024E-07  1.63978E-06  2.15862E-06  1.69536E-07  2.32816E-06  3.17584E-06  2.26048E-07  3.40189E-06
  5.44394E-07  5.66907E-08  6.01084E-07  1.52171E-06  1.13381E-07  1.63509E-06  2.15252E-06  1.70072E-07  2.32259E-06  3.16642E-06  2.26763E-07  3.39318E-06
  5.44093E-07  5.66007E-08  6.00694E-07  1.51938E-06  1.13201E-07  1.63258E-06  2.14785E-06  1.69802E-07  2.31765E-06  3.15992E-06  2.26403E-07  3.38632E-06
  5.41725E-07  5.68531E-08  5.98578E-07  1.51308E-06  1.13706E-07  1.62678E-06  2.13982E-06  1.70559E-07  2.31038E-06  3.14774E-06  2.27412E-07  3.37515E-06
  5.41324E-07  5.67394E-08  5.98064E-07  1.51060E-06  1.13479E-07  1.62408E-06  2.13495E-06  1.70218E-07  2.30517E-06  3.14094E-06  2.26958E-07  3.36790E-06
  5.38737E-07  5.70182E-08  5.95755E-07  1.50367E-06  1.14036E-07  1.61771E-06  2.12593E-06  1.71054E-07  2.29699E-06  3.12736E-06  2.28073E-07  3.35543E-06
  5.38464E-07  5.68893E-08  5.95353E-07  1.50134E-06  1.13779E-07  1.61512E-06  2.12140E-06  1.70668E-07  2.29206E-06  3.12094E-06  2.27557E-07  3.34850E-06
  5.35945E-07  5.71186E-08  5.93064E-07  1.49431E-06  1.14237E-07  1.60855E-06  2.11226E-06  1.71356E-07  2.28362E-06  3.10704E-06  2.28474E-07  3.33552E-06
  5.35527E-07  5.70013E-08  5.92528E-07  1.49152E-06  1.14003E-07  1.60552E-06  2.10700E-06  1.71004E-07  2.27801E-06  3.09955E-06  2.28005E-07  3.32755E-06
  5.33204E-07  5.72319E-08  5.90436E-07  1.48520E-06  1.14464E-07  1.59967E-06  2.09911E-06  1.71696E-07  2.27081E-06  3.08732E-06  2.28928E-07  3.31625E-06
  5.32929E-07  5.71087E-08  5.90038E-07  1.48311E-06  1.14217E-07  1.59733E-06  2.09469E-06  1.71326E-07  2.26602E-06  3.08124E-06  2.28435E-07  3.30968E-06
  5.30338E-07  5.73858E-08  5.87724E-07  1.47603E-06  1.14772E-07  1.59080E-06  2.08553E-06  1.72157E-07  2.25768E-06  3.06730E-06  2.29543E-07  3.29684E-06
  5.30005E-07  5.72517E-08  5.87257E-07  1.47375E-06  1.14503E-07  1.58826E-06  2.08092E-06  1.71755E-07  2.25268E-06  3.06086E-06  2.29007E-07  3.28986E-06
  5.27563E-07  5.75647E-08  5.85128E-07  1.46690E-06  1.15129E-07  1.58203E-06  2.07235E-06  1.72694E-07  2.24504E-06  3.04749E-06  2.30259E-07  3.27775E-06
  5.27287E-07  5.74023E-08  5.84689E-07  1.46487E-06  1.14805E-07  1.57967E-06  2.06801E-06  1.72207E-07  2.24022E-06  3.04158E-06  2.29609E-07  3.27119E-06
  5.24663E-07  5.76312E-08  5.82295E-07  1.45767E-06  1.15262E-07  1.57293E-06  2.05868E-06  1.72894E-07  2.23157E-06  3.02750E-06  2.30525E-07  3.25802E-06
  5.24324E-07  5.74960E-08  5.81820E-07  1.45521E-06  1.14992E-07  1.57020E-06  2.05388E-06  1.72488E-07  2.22637E-06  3.02069E-06  2.29984E-07  3.25067E-06
  5.22304E-07  5.76985E-08  5.80002E-07  1.44967E-06  1.15397E-07  1.56507E-06  2.04717E-06  1.73096E-07  2.22027E-06  3.01013E-06  2.30794E-07  3.24092E-06
  5.22089E-07  5.75690E-08  5.79658E-07  1.44782E-06  1.15138E-07  1.56296E-06  2.04317E-06  1.72707E-07  2.21588E-06  3.00468E-06  2.30276E-07  3.23495E-06
  5.19849E-07  5.78421E-08  5.77691E-07  1.44170E-06  1.15684E-07  1.55738E-06  2.03539E-06  1.73526E-07  2.20892E-06  2.99266E-06  2.31369E-07  3.22403E-06
  5.19595E-07  5.76942E-08  5.77289E-07  1.43976E-06  1.15388E-07  1.55514E-06  2.03132E-06  1.73082E-07  2.20440E-06  2.98711E-06  2.30777E-07  3.21789E-06
  5.17501E-07  5.79836E-08  5.75485E-07  1.43415E-06  1.15967E-07  1.55012E-06  2.02435E-06  1.73951E-07  2.19830E-06  2.97631E-06  2.31934E-07  3.20825E-06
  5.17352E-07  5.78085E-08  5.75160E-07  1.43240E-06  1.15617E-07  1.54801E-06  2.02061E-06  1.73426E-07  2.19404E-06  2.97119E-06  2.31234E-07  3.20242E-06
  5.15267E-07  5.80004E-08  5.73268E-07  1.42683E-06  1.16001E-07  1.54283E-06  2.01368E-06  1.74001E-07  2.18768E-06  2.96045E-06  2.32001E-07  3.19245E-06
  5.14945E-07  5.78735E-08  5.72818E-07  1.42449E-06  1.15747E-07  1.54023E-06  2.00912E-06  1.73620E-07  2.18274E-06  2.95407E-06  2.31494E-07  3.18557E-06
  5.13015E-07  5.80776E-08  5.71092E-07  1.41924E-06  1.16155E-07  1.53540E-06  2.00270E-06  1.74233E-07  2.17693E-06  2.94403E-06  2.32310E-07  3.17634E-06
  5.12733E-07  5.79488E-08  5.70682E-07  1.41720E-06  1.15898E-07  1.53310E-06  1.99856E-06  1.73846E-07  2.17241E-06  2.93833E-06  2.31795E-07  3.17012E-06
  5.10628E-07  5.82097E-08  5.68838E-07  1.41131E-06  1.16419E-07  1.52773E-06  1.99114E-06  1.74629E-07  2.16577E-06  2.92677E-06  2.32839E-07  3.15961E-06
  5.10293E-07  5.80724E-08  5.68366E-07  1.40920E-06  1.16145E-07  1.52535E-06  1.98690E-06  1.74217E-07  2.16112E-06  2.92094E-06  2.32290E-07  3.15323E-06
  5.08012E-07  5.83582E-08  5.66370E-07  1.40278E-06  1.16716E-07  1.51950E-06  1.97863E-06  1.75075E-07  2.15371E-06  2.90826E-06  2.33433E-07  3.14170E-06
  5.07770E-07  5.81927E-08  5.65963E-07  1.40070E-06  1.16385E-07  1.51709E-06  1.97461E-06  1.74578E-07  2.14919E-06  2.90259E-06  2.32771E-07  3.13536E-06
  5.05657E-07  5.83698E-08  5.64026E-07  1.39487E-06  1.16740E-07  1.51161E-06  1.96720E-06  1.75109E-07  2.14231E-06  2.89106E-06  2.33479E-07  3.12454E-06
  5.05621E-07  5.82453E-08  5.63867E-07  1.39339E-06  1.16491E-07  1.50988E-06  1.96402E-06  1.74736E-07  2.13876E-06  2.88667E-06  2.32981E-07  3.11965E-06
  5.04099E-07  5.83961E-08  5.62495E-07  1.38953E-06  1.16792E-07  1.50632E-06  1.95949E-06  1.75188E-07  2.13467E-06  2.87945E-06  2.33584E-07  3.11303E-06
  5.03969E-07  5.82914E-08  5.62260E-07  1.38789E-06  1.16583E-07  1.50448E-06  1.95606E-06  1.74874E-07  2.13094E-06  2.87476E-06  2.33166E-07  3.10793E-06
  5.02163E-07  5.84845E-08  5.60647E-07  1.38313E-06  1.16969E-07  1.50010E-06  1.95010E-06  1.75453E-07  2.12555E-06  2.86556E-06  2.33938E-07  3.09950E-06
  5.02118E-07  5.83706E-08  5.60489E-07  1.38174E-06  1.16741E-07  1.49848E-06  1.94714E-06  1.75112E-07  2.12225E-06  2.86145E-06  2.33482E-07  3.09494E-06
  5.00589E-07  5.85744E-08  5.59163E-07  1.37773E-06  1.17149E-07  1.49488E-06  1.94237E-06  1.75723E-07  2.11810E-06  2.85381E-06  2.34298E-07  3.08811E-06
  5.00519E-07  5.84454E-08  5.58964E-07  1.37630E-06  1.16891E-07  1.49319E-06  1.93931E-06  1.75336E-07  2.11464E-06  2.84962E-06  2.33782E-07  3.08340E-06
  4.99103E-07  5.86049E-08  5.57708E-07  1.37281E-06  1.17210E-07  1.49002E-06  1.93515E-06  1.75815E-07  2.11096E-06  2.84307E-06  2.34419E-07  3.07749E-06
  4.99081E-07  5.84949E-08  5.57575E-07  1.37142E-06  1.16990E-07  1.48841E-06  1.93223E-06  1.75485E-07  2.10772E-06  2.83903E-06  2.33980E-07  3.07301E-06
  4.97590E-07  5.86556E-08  5.56245E-07  1.36761E-06  1.17311E-07  1.48492E-06  1.92765E-06  1.75967E-07  2.10361E-06  2.83180E-06  2.34622E-07  3.06643E-06
  4.97527E-07  5.85510E-08  5.56078E-07  1.36624E-06  1.17102E-07  1.48334E-06  1.92477E-06  1.75653E-07  2.10042E-06  2.82785E-06  2.34204E-07  3.06205E-06
  4.96015E-07  5.87544E-08  5.54770E-07  1.36235E-06  1.17509E-07  1.47986E-06  1.92001E-06  1.76263E-07  2.09628E-06  2.82030E-06  2.35018E-07  3.05531E-06
  4.96000E-07  5.86298E-08  5.54630E-07  1.36110E-06  1.17260E-07  1.47836E-06  1.91734E-06  1.75889E-07  2.09323E-06  2.81662E-06  2.34519E-07  3.05114E-06
  4.94382E-07  5.87837E-08  5.53166E-07  1.35685E-06  1.17567E-07  1.47441E-06  1.91207E-06  1.76351E-07  2.08842E-06  2.80840E-06  2.35135E-07  3.04353E-06
  4.94319E-07  5.86915E-08  5.53010E-07  1.35543E-06  1.17383E-07  1.47282E-06  1.90923E-06  1.76075E-07  2.08531E-06  2.80444E-06  2.34766E-07  3.03921E-06
  4.92879E-07  5.88507E-08  5.51730E-07  1.35180E-06  1.17701E-07  1.46950E-06  1.90474E-06  1.76552E-07  2.08129E-06  2.79740E-06  2.35403E-07  3.03280E-06
  4.92886E-07  5.87508E-08  5.51637E-07  1.35063E-06  1.17502E-07  1.46813E-06  1.90226E-06  1.76252E-07  2.07851E-06  2.79399E-06  2.35003E-07  3.02899E-06
  4.91533E-07  5.89030E-08  5.50436E-07  1.34724E-06  1.17806E-07  1.46504E-06  1.89815E-06  1.76709E-07  2.07486E-06  2.78752E-06  2.35612E-07  3.02313E-06
  4.91494E-07  5.88135E-08  5.50307E-07  1.34590E-06  1.17627E-07  1.46353E-06  1.89546E-06  1.76441E-07  2.07190E-06  2.78378E-06  2.35254E-07  3.01903E-06
  4.90278E-07  5.89581E-08  5.49236E-07  1.34295E-06  1.17916E-07  1.46087E-06  1.89193E-06  1.76874E-07  2.06881E-06  2.77814E-06  2.35832E-07  3.01398E-06
  4.90294E-07  5.88668E-08  5.49160E-07  1.34174E-06  1.17734E-07  1.45947E-06  1.88943E-06  1.76601E-07  2.06603E-06  2.77466E-06  2.35467E-07  3.01012E-06
  4.89151E-07  5.89928E-08  5.48144E-07  1.33907E-06  1.17986E-07  1.45705E-06  1.88637E-06  1.76978E-07  2.06335E-06  2.76967E-06  2.35971E-07  3.00564E-06
  4.89068E-07  5.89154E-08  5.47984E-07  1.33758E-06  1.17831E-07  1.45541E-06  1.88344E-06  1.76746E-07  2.06018E-06  2.76559E-06  2.35661E-07  3.00125E-06
  4.87883E-07  5.90415E-08  5.46925E-07  1.33487E-06  1.18083E-07  1.45295E-06  1.88031E-06  1.77125E-07  2.05744E-06  2.76061E-06  2.36166E-07  2.99678E-06
  4.87815E-07  5.89630E-08  5.46778E-07  1.33346E-06  1.17926E-07  1.45138E-06  1.87752E-06  1.76889E-07  2.05441E-06  2.75671E-06  2.35852E-07  2.99257E-06
  4.86648E-07  5.91059E-08  5.45754E-07  1.33068E-06  1.18212E-07  1.44889E-06  1.87425E-06  1.77318E-07  2.05157E-06  2.75145E-06  2.36424E-07  2.98788E-06
  4.86685E-07  5.90161E-08  5.45701E-07  1.32959E-06  1.18032E-07  1.44763E-06  1.87199E-06  1.77048E-07  2.04904E-06  2.74833E-06  2.36064E-07  2.98440E-06
  4.85594E-07  5.91287E-08  5.44723E-07  1.32709E-06  1.18257E-07  1.44535E-06  1.86911E-06  1.77386E-07  2.04650E-06  2.74374E-06  2.36515E-07  2.98025E-06
  4.85373E-07  5.90666E-08  5.44440E-07  1.32519E-06  1.18133E-07  1.44333E-06  1.86571E-06  1.77200E-07  2.04291E-06  2.73887E-06  2.36266E-07  2.97513E-06
  4.84294E-07  5.91951E-08  5.43489E-07  1.32267E-06  1.18390E-07  1.44106E-06  1.86275E-06  1.77585E-07  2.04034E-06  2.73413E-06  2.36780E-07  2.97091E-06
  4.84009E-07  5.91304E-08  5.43140E-07  1.32057E-06  1.18261E-07  1.43883E-06  1.85911E-06  1.77391E-07  2.03650E-06  2.72888E-06  2.36521E-07  2.96540E-06
  4.82979E-07  5.92379E-08  5.42217E-07  1.31814E-06  1.18476E-07  1.43662E-06  1.85623E-06  1.77714E-07  2.03395E-06  2.72432E-06  2.36951E-07  2.96127E-06
  4.83004E-07  5.91817E-08  5.42185E-07  1.31700E-06  1.18363E-07  1.43536E-06  1.85397E-06  1.77545E-07  2.03151E-06  2.72111E-06  2.36727E-07  2.95784E-06
  4.81936E-07  5.92791E-08  5.41215E-07  1.31454E-06  1.18558E-07  1.43310E-06  1.85113E-06  1.77837E-07  2.02897E-06  2.71655E-06  2.37117E-07  2.95367E-06
  4.81973E-07  5.92268E-08  5.41200E-07  1.31346E-06  1.18454E-07  1.43191E-06  1.84892E-06  1.77680E-07  2.02660E-06  2.71347E-06  2.36907E-07  2.95037E-06
  4.80939E-07  5.93215E-08  5.40261E-07  1.31111E-06  1.18643E-07  1.42975E-06  1.84623E-06  1.77965E-07  2.02419E-06  2.70912E-06  2.37286E-07  2.94640E-06
  4.80874E-07  5.92662E-08  5.40141E-07  1.30972E-06  1.18532E-07  1.42825E-06  1.84357E-06  1.77799E-07  2.02137E-06  2.70536E-06  2.37065E-07  2.94242E-06
  4.79850E-07  5.93703E-08  5.39220E-07  1.30740E-06  1.18741E-07  1.42614E-06  1.84093E-06  1.78111E-07  2.01904E-06  2.70107E-06  2.37481E-07  2.93855E-06
  4.79874E-07  5.93078E-08  5.39182E-07  1.30629E-06  1.18616E-07  1.42490E-06  1.83868E-06  1.77923E-07  2.01660E-06  2.69791E-06  2.37231E-07  2.93514E-06
  4.78863E-07  5.94096E-08  5.38272E-07  1.30400E-06  1.18819E-07  1.42282E-06  1.83607E-06  1.78229E-07  2.01430E-06  2.69370E-06  2.37639E-07  2.93134E-06
  4.78879E-07  5.93405E-08  5.38220E-07  1.30289E-06  1.18681E-07  1.42157E-06  1.83382E-06  1.78022E-07  2.01184E-06  2.69055E-06  2.37362E-07  2.92791E-06
  4.77873E-07  5.94486E-08  5.37322E-07  1.30061E-06  1.18897E-07  1.41951E-06  1.83126E-06  1.78346E-07  2.00961E-06  2.68635E-06  2.37795E-07  2.92414E-06
  4.77841E-07  5.93793E-08  5.37221E-07  1.29941E-06  1.18759E-07  1.41817E-06  1.82888E-06  1.78138E-07  2.00702E-06  2.68303E-06  2.37517E-07  2.92055E-06
  4.76804E-07  5.95052E-08  5.36309E-07  1.29696E-06  1.19010E-07  1.41597E-06  1.82600E-06  1.78516E-07  2.00452E-06  2.67842E-06  2.38021E-07  2.91644E-06
  4.76806E-07  5.94266E-08  5.36233E-07  1.29588E-06  1.18853E-07  1.41473E-06  1.82384E-06  1.78280E-07  2.00212E-06  2.67539E-06  2.37706E-07  2.91310E-06
  4.75781E-07  5.95439E-08  5.35325E-07  1.29341E-06  1.19088E-07  1.41250E-06  1.82095E-06  1.78632E-07  1.99958E-06  2.67072E-06  2.38176E-07  2.90890E-06
  4.75751E-07  5.94711E-08  5.35222E-07  1.29222E-06  1.18942E-07  1.41116E-06  1.81865E-06  1.78413E-07  1.99706E-06  2.66748E-06  2.37884E-07  2.90537E-06
  4.74784E-07  5.95798E-08  5.34364E-07  1.28995E-06  1.19160E-07  1.40911E-06  1.81599E-06  1.78739E-07  1.99473E-06  2.66319E-06  2.38319E-07  2.90151E-06
  4.74816E-07  5.95136E-08  5.34329E-07  1.28893E-06  1.19027E-07  1.40796E-06  1.81395E-06  1.78541E-07  1.99250E-06  2.66033E-06  2.38054E-07  2.89839E-06
  4.73837E-07  5.96173E-08  5.33454E-07  1.28667E-06  1.19235E-07  1.40590E-06  1.81136E-06  1.78852E-07  1.99021E-06  2.65610E-06  2.38469E-07  2.89456E-06
  4.73756E-07  5.95491E-08  5.33305E-07  1.28535E-06  1.19098E-07  1.40445E-06  1.80887E-06  1.78647E-07  1.98752E-06  2.65259E-06  2.38197E-07  2.89078E-06
  4.72801E-07  5.96765E-08  5.32478E-07  1.28309E-06  1.19353E-07  1.40244E-06  1.80625E-06  1.79030E-07  1.98528E-06  2.64833E-06  2.38706E-07  2.88704E-06
  4.72707E-07  5.95985E-08  5.32305E-07  1.28172E-06  1.19197E-07  1.40092E-06  1.80370E-06  1.78796E-07  1.98250E-06  2.64472E-06  2.38394E-07  2.88311E-06
  4.71792E-07  5.97060E-08  5.31498E-07  1.27963E-06  1.19412E-07  1.39904E-06  1.80130E-06  1.79118E-07  1.98041E-06  2.64081E-06  2.38824E-07  2.87963E-06
  4.71814E-07  5.96446E-08  5.31459E-07  1.27867E-06  1.19289E-07  1.39796E-06  1.79936E-06  1.78934E-07  1.97830E-06  2.63811E-06  2.38578E-07  2.87669E-06
  4.70709E-07  5.97545E-08  5.30464E-07  1.27588E-06  1.19509E-07  1.39539E-06  1.79595E-06  1.79263E-07  1.97521E-06  2.63264E-06  2.39018E-07  2.87166E-06
  4.70689E-07  5.96883E-08  5.30378E-07  1.27484E-06  1.19377E-07  1.39421E-06  1.79393E-06  1.79065E-07  1.97299E-06  2.62980E-06  2.38753E-07  2.86856E-06
  4.69769E-07  5.98160E-08  5.29585E-07  1.27261E-06  1.19632E-07  1.39224E-06  1.79129E-06  1.79448E-07  1.97074E-06  2.62551E-06  2.39264E-07  2.86478E-06
  4.69663E-07  5.97302E-08  5.29393E-07  1.27123E-06  1.19460E-07  1.39069E-06  1.78880E-06  1.79191E-07  1.96799E-06  2.62194E-06  2.38921E-07  2.86086E-06
  4.68506E-07  5.98436E-08  5.28350E-07  1.26827E-06  1.19687E-07  1.38795E-06  1.78514E-06  1.79531E-07  1.96467E-06  2.61609E-06  2.39375E-07  2.85546E-06
  4.68494E-07  5.97765E-08  5.28271E-07  1.26729E-06  1.19553E-07  1.38684E-06  1.78322E-06  1.79329E-07  1.96255E-06  2.61341E-06  2.39106E-07  2.85252E-06
  4.67615E-07  5.99077E-08  5.27522E-07  1.26519E-06  1.19815E-07  1.38500E-06  1.78075E-06  1.79723E-07  1.96048E-06  2.60937E-06  2.39631E-07  2.84900E-06
  4.67641E-07  5.98203E-08  5.27461E-07  1.26426E-06  1.19641E-07  1.38390E-06  1.77892E-06  1.79461E-07  1.95838E-06  2.60680E-06  2.39281E-07  2.84608E-06
  4.66732E-07  5.99234E-08  5.26656E-07  1.26212E-06  1.19847E-07  1.38197E-06  1.77642E-06  1.79770E-07  1.95619E-06  2.60272E-06  2.39694E-07  2.84242E-06
  4.66713E-07  5.98630E-08  5.26576E-07  1.26106E-06  1.19726E-07  1.38078E-06  1.77436E-06  1.79589E-07  1.95395E-06  2.59982E-06  2.39452E-07  2.83928E-06
  4.65902E-07  5.99594E-08  5.25862E-07  1.25925E-06  1.19919E-07  1.37917E-06  1.77233E-06  1.79878E-07  1.95221E-06  2.59644E-06  2.39838E-07  2.83628E-06
  4.65868E-07  5.98965E-08  5.25765E-07  1.25816E-06  1.19793E-07  1.37795E-06  1.77025E-06  1.79690E-07  1.94994E-06  2.59350E-06  2.39586E-07  2.83309E-06
  4.64924E-07  6.00003E-08  5.24924E-07  1.25590E-06  1.20001E-07  1.37590E-06  1.76757E-06  1.80001E-07  1.94757E-06  2.58915E-06  2.40001E-07  2.82915E-06
  4.64918E-07  5.99349E-08  5.24853E-07  1.25494E-06  1.19870E-07  1.37481E-06  1.76569E-06  1.79805E-07  1.94550E-06  2.58653E-06  2.39740E-07  2.82627E-06
  4.63945E-07  6.00471E-08  5.23992E-07  1.25253E-06  1.20094E-07  1.37262E-06  1.76275E-06  1.80141E-07  1.94289E-06  2.58177E-06  2.40188E-07  2.82196E-06
  4.63856E-07  5.99752E-08  5.23831E-07  1.25136E-06  1.19950E-07  1.37131E-06  1.76062E-06  1.79926E-07  1.94055E-06  2.57874E-06  2.39901E-07  2.81864E-06
  4.62644E-07  6.01012E-08  5.22745E-07  1.24804E-06  1.20202E-07  1.36825E-06  1.75637E-06  1.80304E-07  1.93667E-06  2.57200E-06  2.40405E-07  2.81240E-06
  4.62561E-07  6.00308E-08  5.22592E-07  1.24696E-06  1.20062E-07  1.36702E-06  1.75441E-06  1.80092E-07  1.93450E-06  2.56919E-06  2.40123E-07  2.80931E-06
  4.61528E-07  6.01574E-08  5.21685E-07  1.24414E-06  1.20315E-07  1.36446E-06  1.75078E-06  1.80472E-07  1.93125E-06  2.56344E-06  2.40630E-07  2.80407E-06
  4.61498E-07  6.00889E-08  5.21587E-07  1.24321E-06  1.20178E-07  1.36339E-06  1.74906E-06  1.80267E-07  1.92933E-06  2.56099E-06  2.40356E-07  2.80134E-06
  4.60713E-07  6.01996E-08  5.20913E-07  1.24128E-06  1.20399E-07  1.36168E-06  1.74675E-06  1.80599E-07  1.92735E-06  2.55719E-06  2.40798E-07  2.79799E-06
  4.60411E-07  6.01369E-08  5.20547E-07  1.23935E-06  1.20274E-07  1.35962E-06  1.74356E-06  1.80411E-07  1.92397E-06  2.55249E-06  2.40548E-07  2.79303E-06
  4.59675E-07  6.02237E-08  5.19899E-07  1.23770E-06  1.20447E-07  1.35814E-06  1.74167E-06  1.80671E-07  1.92234E-06  2.54935E-06  2.40895E-07  2.79025E-06
  4.59590E-07  6.01759E-08  5.19766E-07  1.23643E-06  1.20352E-07  1.35678E-06  1.73941E-06  1.80528E-07  1.91993E-06  2.54608E-06  2.40704E-07  2.78678E-06
  4.58828E-07  6.02561E-08  5.19084E-07  1.23477E-06  1.20512E-07  1.35528E-06  1.73755E-06  1.80768E-07  1.91832E-06  2.54298E-06  2.41024E-07  2.78401E-06
  4.58819E-07  6.02064E-08  5.19025E-07  1.23376E-06  1.20413E-07  1.35418E-06  1.73563E-06  1.80619E-07  1.91625E-06  2.54025E-06  2.40825E-07  2.78108E-06
  4.58078E-07  6.02922E-08  5.18370E-07  1.23216E-06  1.20584E-07  1.35274E-06  1.73385E-06  1.80877E-07  1.91472E-06  2.53727E-06  2.41169E-07  2.77844E-06
  4.58070E-07  6.02365E-08  5.18307E-07  1.23119E-06  1.20473E-07  1.35166E-06  1.73199E-06  1.80710E-07  1.91270E-06  2.53464E-06  2.40946E-07  2.77559E-06
  4.57340E-07  6.03149E-08  5.17655E-07  1.22959E-06  1.20630E-07  1.35022E-06  1.73021E-06  1.80945E-07  1.91115E-06  2.53168E-06  2.41260E-07  2.77294E-06
  4.57247E-07  6.02708E-08  5.17518E-07  1.22839E-06  1.20542E-07  1.34894E-06  1.72806E-06  1.80812E-07  1.90887E-06  2.52859E-06  2.41083E-07  2.76967E-06
  4.56387E-07  6.03542E-08  5.16741E-07  1.22628E-06  1.20708E-07  1.34699E-06  1.72548E-06  1.81063E-07  1.90655E-06  2.52442E-06  2.41417E-07  2.76584E-06
  4.56366E-07  6.03075E-08  5.16673E-07  1.22537E-06  1.20615E-07  1.34599E-06  1.72380E-06  1.80922E-07  1.90472E-06  2.52202E-06  2.41230E-07  2.76325E-06
  4.55630E-07  6.04004E-08  5.16030E-07  1.22359E-06  1.20801E-07  1.34439E-06  1.72167E-06  1.81201E-07  1.90287E-06  2.51856E-06  2.41601E-07  2.76016E-06
  4.55591E-07  6.03443E-08  5.15935E-07  1.22267E-06  1.20689E-07  1.34336E-06  1.71998E-06  1.81033E-07  1.90101E-06  2.51614E-06  2.41377E-07  2.75751E-06
  4.54887E-07  6.04405E-08  5.15327E-07  1.22097E-06  1.20881E-07  1.34185E-06  1.71795E-06  1.81322E-07  1.89927E-06  2.51282E-06  2.41762E-07  2.75458E-06
  4.54895E-07  6.03759E-08  5.15271E-07  1.22016E-06  1.20752E-07  1.34091E-06  1.71642E-06  1.81128E-07  1.89755E-06  2.51064E-06  2.41503E-07  2.75214E-06
  4.54217E-07  6.04572E-08  5.14674E-07  1.21862E-06  1.20914E-07  1.33953E-06  1.71465E-06  1.81372E-07  1.89603E-06  2.50770E-06  2.41829E-07  2.74953E-06
  4.54221E-07  6.04015E-08  5.14622E-07  1.21779E-06  1.20803E-07  1.33859E-06  1.71307E-06  1.81204E-07  1.89427E-06  2.50545E-06  2.41606E-07  2.74706E-06
  4.53347E-07  6.04878E-08  5.13835E-07  1.21560E-06  1.20976E-07  1.33657E-06  1.71039E-06  1.81463E-07  1.89185E-06  2.50112E-06  2.41951E-07  2.74307E-06
  4.53252E-07  6.04303E-08  5.13683E-07  1.21448E-06  1.20861E-07  1.33534E-06  1.70841E-06  1.81291E-07  1.88970E-06  2.49826E-06  2.41721E-07  2.73998E-06
  4.52456E-07  6.05336E-08  5.12990E-07  1.21246E-06  1.21067E-07  1.33352E-06  1.70595E-06  1.81601E-07  1.88755E-06  2.49427E-06  2.42135E-07  2.73640E-06
  4.52415E-07  6.04675E-08  5.12882E-07  1.21156E-06  1.20935E-07  1.33250E-06  1.70431E-06  1.81403E-07  1.88571E-06  2.49193E-06  2.41870E-07  2.73380E-06
  4.51663E-07  6.05689E-08  5.12232E-07  1.20966E-06  1.21138E-07  1.33080E-06  1.70197E-06  1.81707E-07  1.88368E-06  2.48812E-06  2.42276E-07  2.73040E-06
  4.51658E-07  6.04998E-08  5.12158E-07  1.20888E-06  1.21000E-07  1.32988E-06  1.70051E-06  1.81499E-07  1.88201E-06  2.48606E-06  2.41999E-07  2.72806E-06
  4.50988E-07  6.06061E-08  5.11595E-07  1.20726E-06  1.21212E-07  1.32847E-06  1.69860E-06  1.81818E-07  1.88041E-06  2.48290E-06  2.42424E-07  2.72533E-06
  4.50683E-07  6.05395E-08  5.11223E-07  1.20547E-06  1.21079E-07  1.32655E-06  1.69572E-06  1.81619E-07  1.87734E-06  2.47865E-06  2.42158E-07  2.72080E-06
  4.50084E-07  6.06181E-08  5.10702E-07  1.20409E-06  1.21236E-07  1.32532E-06  1.69408E-06  1.81854E-07  1.87593E-06  2.47597E-06  2.42473E-07  2.71844E-06
  4.49820E-07  6.05916E-08  5.10412E-07  1.20245E-06  1.21183E-07  1.32363E-06  1.69144E-06  1.81775E-07  1.87321E-06  2.47204E-06  2.42366E-07  2.71441E-06
  4.49157E-07  6.06518E-08  5.09809E-07  1.20080E-06  1.21304E-07  1.32210E-06  1.68943E-06  1.81955E-07  1.87139E-06  2.46880E-06  2.42607E-07  2.71141E-06
  4.49144E-07  6.06280E-08  5.09772E-07  1.20003E-06  1.21256E-07  1.32129E-06  1.68805E-06  1.81884E-07  1.86993E-06  2.46682E-06  2.42512E-07  2.70933E-06
  4.48285E-07  6.06956E-08  5.08981E-07  1.19772E-06  1.21391E-07  1.31911E-06  1.68509E-06  1.82087E-07  1.86717E-06  2.46212E-06  2.42783E-07  2.70490E-06
  4.48183E-07  6.06566E-08  5.08840E-07  1.19669E-06  1.21313E-07  1.31801E-06  1.68334E-06  1.81970E-07  1.86531E-06  2.45957E-06  2.42626E-07  2.70219E-06
  4.47419E-07  6.07526E-08  5.08172E-07  1.19464E-06  1.21505E-07  1.31615E-06  1.68076E-06  1.82258E-07  1.86301E-06  2.45539E-06  2.43010E-07  2.69840E-06
  4.47282E-07  6.06901E-08  5.07972E-07  1.19350E-06  1.21380E-07  1.31488E-06  1.67886E-06  1.82070E-07  1.86093E-06  2.45261E-06  2.42760E-07  2.69537E-06
  4.46532E-07  6.07666E-08  5.07298E-07  1.19152E-06  1.21533E-07  1.31306E-06  1.67635E-06  1.82300E-07  1.85865E-06  2.44860E-06  2.43066E-07  2.69167E-06
  4.46512E-07  6.07312E-08  5.07243E-07  1.19081E-06  1.21462E-07  1.31228E-06  1.67508E-06  1.82194E-07  1.85727E-06  2.44676E-06  2.42925E-07  2.68969E-06
  4.45959E-07  6.08073E-08  5.06767E-07  1.18946E-06  1.21615E-07  1.31107E-06  1.67345E-06  1.82422E-07  1.85587E-06  2.44408E-06  2.43229E-07  2.68731E-06
  4.45939E-07  6.07636E-08  5.06703E-07  1.18872E-06  1.21527E-07  1.31025E-06  1.67213E-06  1.82291E-07  1.85442E-06  2.44219E-06  2.43054E-07  2.68524E-06
  4.45226E-07  6.08270E-08  5.06053E-07  1.18688E-06  1.21654E-07  1.30853E-06  1.66982E-06  1.82481E-07  1.85231E-06  2.43847E-06  2.43308E-07  2.68178E-06
  4.45203E-07  6.07841E-08  5.05988E-07  1.18613E-06  1.21568E-07  1.30770E-06  1.66850E-06  1.82352E-07  1.85085E-06  2.43655E-06  2.43136E-07  2.67969E-06
  4.44616E-07  6.08693E-08  5.05485E-07  1.18469E-06  1.21739E-07  1.30643E-06  1.66677E-06  1.82608E-07  1.84938E-06  2.43370E-06  2.43477E-07  2.67717E-06
  4.44616E-07  6.08058E-08  5.05422E-07  1.18404E-06  1.21612E-07  1.30565E-06  1.66556E-06  1.82417E-07  1.84798E-06  2.43198E-06  2.43223E-07  2.67520E-06
  4.43888E-07  6.08847E-08  5.04773E-07  1.18214E-06  1.21769E-07  1.30391E-06  1.66319E-06  1.82654E-07  1.84585E-06  2.42816E-06  2.43539E-07  2.67170E-06
  4.43615E-07  6.08392E-08  5.04454E-07  1.18058E-06  1.21678E-07  1.30225E-06  1.66073E-06  1.82518E-07  1.84325E-06  2.42447E-06  2.43357E-07  2.66782E-06
  4.43118E-07  6.09030E-08  5.04021E-07  1.17935E-06  1.21806E-07  1.30115E-06  1.65924E-06  1.82709E-07  1.84195E-06  2.42203E-06  2.43612E-07  2.66564E-06
  4.43042E-07  6.08727E-08  5.03915E-07  1.17852E-06  1.21745E-07  1.30027E-06  1.65786E-06  1.82618E-07  1.84048E-06  2.42001E-06  2.43491E-07  2.66350E-06
  4.42587E-07  6.09303E-08  5.03518E-07  1.17745E-06  1.21861E-07  1.29931E-06  1.65657E-06  1.82791E-07  1.83936E-06  2.41791E-06  2.43721E-07  2.66164E-06
  4.42350E-07  6.09059E-08  5.03256E-07  1.17608E-06  1.21812E-07  1.29789E-06  1.65444E-06  1.82718E-07  1.83716E-06  2.41471E-06  2.43624E-07  2.65834E-06
  4.41848E-07  6.09631E-08  5.02811E-07  1.17476E-06  1.21926E-07  1.29669E-06  1.65281E-06  1.82889E-07  1.83570E-06  2.41206E-06  2.43853E-07  2.65591E-06
  4.41592E-07  6.09377E-08  5.02530E-07  1.17338E-06  1.21875E-07  1.29525E-06  1.65066E-06  1.82813E-07  1.83348E-06  2.40883E-06  2.43751E-07  2.65258E-06
  4.41047E-07  6.09896E-08  5.02037E-07  1.17190E-06  1.21979E-07  1.29388E-06  1.64880E-06  1.82969E-07  1.83176E-06  2.40583E-06  2.43958E-07  2.64979E-06
  4.40141E-07  6.09879E-08  5.01129E-07  1.16827E-06  1.21976E-07  1.29025E-06  1.64354E-06  1.82964E-07  1.82650E-06  2.39774E-06  2.43951E-07  2.64169E-06
  4.39525E-07  6.10168E-08  5.00542E-07  1.16643E-06  1.22034E-07  1.28847E-06  1.64111E-06  1.83050E-07  1.82417E-06  2.39389E-06  2.44067E-07  2.63795E-06
  4.39287E-07  6.10431E-08  5.00330E-07  1.16528E-06  1.22086E-07  1.28737E-06  1.63936E-06  1.83129E-07  1.82249E-06  2.39123E-06  2.44173E-07  2.63540E-06
  4.38421E-07  6.10834E-08  4.99505E-07  1.16251E-06  1.22167E-07  1.28468E-06  1.63560E-06  1.83250E-07  1.81885E-06  2.38532E-06  2.44334E-07  2.62965E-06
  4.38242E-07  6.10795E-08  4.99322E-07  1.16161E-06  1.22159E-07  1.28377E-06  1.63423E-06  1.83238E-07  1.81747E-06  2.38323E-06  2.44318E-07  2.62754E-06
  4.37923E-07  6.11375E-08  4.99061E-07  1.16069E-06  1.22275E-07  1.28296E-06  1.63303E-06  1.83413E-07  1.81645E-06  2.38129E-06  2.44550E-07  2.62584E-06
  4.37802E-07  6.11184E-08  4.98921E-07  1.16000E-06  1.22237E-07  1.28223E-06  1.63195E-06  1.83355E-07  1.81531E-06  2.37967E-06  2.44474E-07  2.62415E-06
  4.37417E-07  6.11647E-08  4.98582E-07  1.15891E-06  1.22329E-07  1.28124E-06  1.63055E-06  1.83494E-07  1.81404E-06  2.37741E-06  2.44659E-07  2.62207E-06
  4.37038E-07  6.11501E-08  4.98188E-07  1.15725E-06  1.22300E-07  1.27955E-06  1.62809E-06  1.83450E-07  1.81154E-06  2.37365E-06  2.44600E-07  2.61825E-06
  4.36413E-07  6.12028E-08  4.97616E-07  1.15538E-06  1.22406E-07  1.27779E-06  1.62563E-06  1.83608E-07  1.80923E-06  2.36971E-06  2.44811E-07  2.61453E-06
  4.36299E-07  6.11815E-08  4.97480E-07  1.15460E-06  1.22363E-07  1.27696E-06  1.62437E-06  1.83544E-07  1.80791E-06  2.36783E-06  2.44726E-07  2.61256E-06
  4.35922E-07  6.12262E-08  4.97149E-07  1.15365E-06  1.22452E-07  1.27610E-06  1.62322E-06  1.83679E-07  1.80690E-06  2.36594E-06  2.44905E-07  2.61085E-06
  4.35487E-07  6.12114E-08  4.96698E-07  1.15169E-06  1.22423E-07  1.27411E-06  1.62029E-06  1.83634E-07  1.80392E-06  2.36146E-06  2.44846E-07  2.60631E-06
  4.35103E-07  6.12445E-08  4.96347E-07  1.15075E-06  1.22489E-07  1.27324E-06  1.61916E-06  1.83734E-07  1.80289E-06  2.35961E-06  2.44978E-07  2.60459E-06
  4.34909E-07  6.12428E-08  4.96152E-07  1.14964E-06  1.22486E-07  1.27213E-06  1.61742E-06  1.83728E-07  1.80115E-06  2.35700E-06  2.44971E-07  2.60197E-06
  4.34565E-07  6.12542E-08  4.95820E-07  1.14882E-06  1.22508E-07  1.27133E-06  1.61645E-06  1.83763E-07  1.80022E-06  2.35540E-06  2.45017E-07  2.60042E-06
  4.34373E-07  6.12643E-08  4.95637E-07  1.14774E-06  1.22529E-07  1.27027E-06  1.61479E-06  1.83793E-07  1.79858E-06  2.35288E-06  2.45057E-07  2.59794E-06
  4.33564E-07  6.13008E-08  4.94865E-07  1.14526E-06  1.22602E-07  1.26786E-06  1.61147E-06  1.83902E-07  1.79538E-06  2.34763E-06  2.45203E-07  2.59283E-06
  4.33359E-07  6.12897E-08  4.94649E-07  1.14423E-06  1.22579E-07  1.26681E-06  1.60989E-06  1.83869E-07  1.79376E-06  2.34523E-06  2.45159E-07  2.59039E-06
  4.32778E-07  6.13382E-08  4.94117E-07  1.14238E-06  1.22676E-07  1.26506E-06  1.60743E-06  1.84014E-07  1.79145E-06  2.34132E-06  2.45353E-07  2.58668E-06
  4.32275E-07  6.13285E-08  4.93604E-07  1.14039E-06  1.22657E-07  1.26305E-06  1.60458E-06  1.83985E-07  1.78857E-06  2.33691E-06  2.45314E-07  2.58222E-06
  4.31902E-07  6.13699E-08  4.93272E-07  1.13918E-06  1.22740E-07  1.26192E-06  1.60295E-06  1.84110E-07  1.78706E-06  2.33432E-06  2.45479E-07  2.57980E-06
  4.31434E-07  6.13749E-08  4.92809E-07  1.13738E-06  1.22750E-07  1.26013E-06  1.60041E-06  1.84125E-07  1.78453E-06  2.33037E-06  2.45500E-07  2.57587E-06
  4.31116E-07  6.13989E-08  4.92515E-07  1.13629E-06  1.22798E-07  1.25909E-06  1.59892E-06  1.84197E-07  1.78311E-06  2.32803E-06  2.45596E-07  2.57362E-06
  4.30558E-07  6.14237E-08  4.91981E-07  1.13419E-06  1.22847E-07  1.25704E-06  1.59597E-06  1.84271E-07  1.78024E-06  2.32343E-06  2.45695E-07  2.56913E-06
  4.30285E-07  6.14297E-08  4.91715E-07  1.13328E-06  1.22859E-07  1.25614E-06  1.59472E-06  1.84289E-07  1.77901E-06  2.32146E-06  2.45719E-07  2.56718E-06
  4.30030E-07  6.14565E-08  4.91486E-07  1.13227E-06  1.22913E-07  1.25519E-06  1.59328E-06  1.84370E-07  1.77765E-06  2.31922E-06  2.45826E-07  2.56505E-06
  4.29730E-07  6.14626E-08  4.91193E-07  1.13125E-06  1.22925E-07  1.25417E-06  1.59188E-06  1.84388E-07  1.77627E-06  2.31701E-06  2.45851E-07  2.56286E-06
  4.29415E-07  6.14785E-08  4.90894E-07  1.13003E-06  1.22957E-07  1.25299E-06  1.59016E-06  1.84436E-07  1.77460E-06  2.31433E-06  2.45914E-07  2.56025E-06
  4.29036E-07  6.14999E-08  4.90536E-07  1.12870E-06  1.23000E-07  1.25170E-06  1.58834E-06  1.84500E-07  1.77284E-06  2.31146E-06  2.46000E-07  2.55746E-06
  4.28620E-07  6.15138E-08  4.90134E-07  1.12714E-06  1.23028E-07  1.25017E-06  1.58613E-06  1.84541E-07  1.77067E-06  2.30802E-06  2.46055E-07  2.55408E-06
  4.28111E-07  6.15313E-08  4.89642E-07  1.12533E-06  1.23063E-07  1.24839E-06  1.58364E-06  1.84594E-07  1.76823E-06  2.30409E-06  2.46125E-07  2.55022E-06
  4.27902E-07  6.15421E-08  4.89444E-07  1.12452E-06  1.23084E-07  1.24761E-06  1.58250E-06  1.84626E-07  1.76713E-06  2.30232E-06  2.46168E-07  2.54849E-06
  4.27519E-07  6.15678E-08  4.89087E-07  1.12316E-06  1.23136E-07  1.24630E-06  1.58062E-06  1.84703E-07  1.76533E-06  2.29935E-06  2.46271E-07  2.54562E-06
  4.27195E-07  6.15677E-08  4.88763E-07  1.12195E-06  1.23135E-07  1.24508E-06  1.57892E-06  1.84703E-07  1.76362E-06  2.29670E-06  2.46271E-07  2.54297E-06
  4.26445E-07  6.16082E-08  4.88053E-07  1.11921E-06  1.23216E-07  1.24242E-06  1.57513E-06  1.84825E-07  1.75995E-06  2.29073E-06  2.46433E-07  2.53717E-06
  4.26162E-07  6.16008E-08  4.87763E-07  1.11815E-06  1.23202E-07  1.24135E-06  1.57365E-06  1.84802E-07  1.75845E-06  2.28842E-06  2.46403E-07  2.53482E-06
  4.25482E-07  6.16572E-08  4.87139E-07  1.11564E-06  1.23314E-07  1.23896E-06  1.57017E-06  1.84972E-07  1.75515E-06  2.28296E-06  2.46629E-07  2.52959E-06
  4.24849E-07  6.16532E-08  4.86503E-07  1.11332E-06  1.23306E-07  1.23663E-06  1.56695E-06  1.84960E-07  1.75191E-06  2.27791E-06  2.46613E-07  2.52452E-06
  4.24107E-07  6.17111E-08  4.85818E-07  1.11057E-06  1.23422E-07  1.23399E-06  1.56314E-06  1.85133E-07  1.74828E-06  2.27193E-06  2.46845E-07  2.51877E-06
  4.23998E-07  6.17002E-08  4.85698E-07  1.11016E-06  1.23400E-07  1.23356E-06  1.56258E-06  1.85101E-07  1.74768E-06  2.27104E-06  2.46801E-07  2.51784E-06
  4.23768E-07  6.17385E-08  4.85506E-07  1.10930E-06  1.23477E-07  1.23277E-06  1.56138E-06  1.85215E-07  1.74659E-06  2.26915E-06  2.46954E-07  2.51610E-06
  4.22811E-07  6.17598E-08  4.84571E-07  1.10577E-06  1.23520E-07  1.22929E-06  1.55649E-06  1.85279E-07  1.74177E-06  2.26148E-06  2.47039E-07  2.50852E-06
  4.22595E-07  6.17840E-08  4.84379E-07  1.10495E-06  1.23568E-07  1.22851E-06  1.55535E-06  1.85352E-07  1.74070E-06  2.25968E-06  2.47136E-07  2.50682E-06
  4.22365E-07  6.17859E-08  4.84151E-07  1.10409E-06  1.23572E-07  1.22766E-06  1.55417E-06  1.85358E-07  1.73953E-06  2.25784E-06  2.47144E-07  2.50498E-06
  4.21750E-07  6.18231E-08  4.83573E-07  1.10178E-06  1.23646E-07  1.22543E-06  1.55098E-06  1.85469E-07  1.73645E-06  2.25281E-06  2.47292E-07  2.50010E-06
  4.21290E-07  6.18322E-08  4.83122E-07  1.10007E-06  1.23664E-07  1.22374E-06  1.54861E-06  1.85497E-07  1.73411E-06  2.24909E-06  2.47329E-07  2.49642E-06
  4.21123E-07  6.18556E-08  4.82979E-07  1.09944E-06  1.23711E-07  1.22316E-06  1.54774E-06  1.85567E-07  1.73330E-06  2.24772E-06  2.47422E-07  2.49514E-06
  4.20967E-07  6.18507E-08  4.82817E-07  1.09888E-06  1.23701E-07  1.22258E-06  1.54695E-06  1.85552E-07  1.73250E-06  2.24649E-06  2.47403E-07  2.49390E-06
  4.20804E-07  6.18698E-08  4.82674E-07  1.09825E-06  1.23740E-07  1.22199E-06  1.54608E-06  1.85609E-07  1.73169E-06  2.24512E-06  2.47479E-07  2.49260E-06
  4.20661E-07  6.18671E-08  4.82528E-07  1.09772E-06  1.23734E-07  1.22146E-06  1.54536E-06  1.85601E-07  1.73096E-06  2.24398E-06  2.47468E-07  2.49145E-06
  4.20545E-07  6.18853E-08  4.82430E-07  1.09728E-06  1.23771E-07  1.22105E-06  1.54475E-06  1.85656E-07  1.73040E-06  2.24302E-06  2.47541E-07  2.49056E-06
  4.20430E-07  6.18802E-08  4.82310E-07  1.09688E-06  1.23760E-07  1.22064E-06  1.54418E-06  1.85641E-07  1.72982E-06  2.24214E-06  2.47521E-07  2.48966E-06
  4.20317E-07  6.18977E-08  4.82215E-07  1.09644E-06  1.23795E-07  1.22023E-06  1.54357E-06  1.85693E-07  1.72926E-06  2.24117E-06  2.47591E-07  2.48876E-06
  4.20202E-07  6.18931E-08  4.82095E-07  1.09602E-06  1.23786E-07  1.21981E-06  1.54300E-06  1.85679E-07  1.72868E-06  2.24028E-06  2.47572E-07  2.48785E-06
  4.20086E-07  6.19063E-08  4.81993E-07  1.09559E-06  1.23813E-07  1.21940E-06  1.54240E-06  1.85719E-07  1.72812E-06  2.23933E-06  2.47625E-07  2.48696E-06
  4.19960E-07  6.18981E-08  4.81858E-07  1.09514E-06  1.23796E-07  1.21894E-06  1.54178E-06  1.85694E-07  1.72747E-06  2.23837E-06  2.47592E-07  2.48596E-06
  4.19853E-07  6.19121E-08  4.81765E-07  1.09472E-06  1.23824E-07  1.21854E-06  1.54120E-06  1.85736E-07  1.72693E-06  2.23744E-06  2.47649E-07  2.48509E-06
  4.19676E-07  6.19036E-08  4.81580E-07  1.09408E-06  1.23807E-07  1.21789E-06  1.54032E-06  1.85711E-07  1.72603E-06  2.23606E-06  2.47615E-07  2.48368E-06
  4.19560E-07  6.19161E-08  4.81476E-07  1.09364E-06  1.23832E-07  1.21747E-06  1.53970E-06  1.85748E-07  1.72545E-06  2.23509E-06  2.47664E-07  2.48276E-06
  4.19456E-07  6.19149E-08  4.81371E-07  1.09328E-06  1.23830E-07  1.21711E-06  1.53922E-06  1.85745E-07  1.72496E-06  2.23434E-06  2.47659E-07  2.48200E-06
  4.19347E-07  6.19235E-08  4.81270E-07  1.09285E-06  1.23847E-07  1.21670E-06  1.53863E-06  1.85770E-07  1.72440E-06  2.23340E-06  2.47694E-07  2.48110E-06
  4.19244E-07  6.19197E-08  4.81163E-07  1.09249E-06  1.23839E-07  1.21633E-06  1.53813E-06  1.85759E-07  1.72389E-06  2.23262E-06  2.47679E-07  2.48030E-06
  4.19044E-07  6.19382E-08  4.80982E-07  1.09173E-06  1.23876E-07  1.21561E-06  1.53709E-06  1.85815E-07  1.72290E-06  2.23097E-06  2.47753E-07  2.47873E-06
  4.18700E-07  6.19232E-08  4.80623E-07  1.09048E-06  1.23846E-07  1.21433E-06  1.53536E-06  1.85770E-07  1.72113E-06  2.22826E-06  2.47693E-07  2.47595E-06
  4.18431E-07  6.19402E-08  4.80371E-07  1.08946E-06  1.23880E-07  1.21334E-06  1.53395E-06  1.85821E-07  1.71978E-06  2.22603E-06  2.47761E-07  2.47379E-06
  4.18273E-07  6.19457E-08  4.80218E-07  1.08886E-06  1.23891E-07  1.21276E-06  1.53314E-06  1.85837E-07  1.71898E-06  2.22475E-06  2.47783E-07  2.47254E-06
  4.18040E-07  6.19592E-08  4.79999E-07  1.08797E-06  1.23918E-07  1.21189E-06  1.53191E-06  1.85878E-07  1.71779E-06  2.22281E-06  2.47837E-07  2.47065E-06
  4.17910E-07  6.19636E-08  4.79873E-07  1.08748E-06  1.23927E-07  1.21141E-06  1.53124E-06  1.85891E-07  1.71713E-06  2.22176E-06  2.47854E-07  2.46962E-06
  4.17723E-07  6.19818E-08  4.79704E-07  1.08676E-06  1.23964E-07  1.21073E-06  1.53024E-06  1.85945E-07  1.71619E-06  2.22020E-06  2.47927E-07  2.46812E-06
  4.17586E-07  6.19796E-08  4.79565E-07  1.08625E-06  1.23959E-07  1.21021E-06  1.52954E-06  1.85939E-07  1.71548E-06  2.21910E-06  2.47918E-07  2.46702E-06
  4.17312E-07  6.20037E-08  4.79316E-07  1.08520E-06  1.24007E-07  1.20921E-06  1.52809E-06  1.86011E-07  1.71410E-06  2.21682E-06  2.48015E-07  2.46483E-06
  4.16978E-07  6.20015E-08  4.78980E-07  1.08396E-06  1.24003E-07  1.20796E-06  1.52637E-06  1.86005E-07  1.71238E-06  2.21412E-06  2.48006E-07  2.46213E-06
  4.16704E-07  6.20276E-08  4.78732E-07  1.08291E-06  1.24055E-07  1.20697E-06  1.52493E-06  1.86083E-07  1.71101E-06  2.21185E-06  2.48111E-07  2.45996E-06
  4.16479E-07  6.20252E-08  4.78504E-07  1.08207E-06  1.24050E-07  1.20612E-06  1.52377E-06  1.86076E-07  1.70984E-06  2.21002E-06  2.48101E-07  2.45812E-06
