 #This file helps checking about the convergence of the optimization algorithm
 #    by printing infos related to the values of the objective function and
 #    its components.
 #- Every line describes an iteration of the optimization algorithm,
 #- on every line there are x*2+2+4 real numbers where x equals the number
 #    of measured fields used,
 #- the first 2 numbers on a line are the dataMatch and the forceMatch terms
 #    for the first measurement used,
 #- if x>1, numbers at position 3 and 4 are the dataMatch and the forceMatch
 #    terms for the second measurement
 #- etc...
 #- the following numbers are: the regularization term for each measurement
 #    and the objective function value,
 #- followed by the L2 norms of parameter1, its gradient, parameter2 and its
 #    gradient.
 #note by JFD: gnuplot is convenient to print a column
 #             plot "*.out.cvg" u 3
 #             replot "*.out.cvg" u 6
  1.41565E-02  0.00000E+00  1.80059E-02  0.00000E+00  5.00000E-14  3.21624E-02  5.29731E+01  0.00000E+00
  1.41452E-02  0.00000E+00  1.79929E-02  0.00000E+00  1.07382E-06  3.21402E-02  5.29731E+01  1.92471E-02
  1.39448E-02  0.00000E+00  1.77796E-02  0.00000E+00  1.40302E-05  3.17525E-02  5.29734E+01  2.58444E-01
  5.35043E-03  0.00000E+00  5.97034E-03  0.00000E+00  1.18458E-03  1.36899E-02  5.32877E+01  2.00091E+01
  5.21930E-03  0.00000E+00  3.32796E-03  0.00000E+00  1.45449E-03  1.14563E-02  5.35199E+01  2.52621E+01
  4.38523E-03  0.00000E+00  2.67850E-03  0.00000E+00  1.42628E-03  9.91629E-03  5.35821E+01  2.51184E+01
  3.76621E-03  0.00000E+00  2.35915E-03  0.00000E+00  1.44781E-03  9.02098E-03  5.37300E+01  2.61423E+01
  3.61023E-03  0.00000E+00  2.06726E-03  0.00000E+00  1.45092E-03  8.57933E-03  5.38069E+01  2.65749E+01
  2.95353E-03  0.00000E+00  1.61317E-03  0.00000E+00  1.45867E-03  7.48404E-03  5.41602E+01  2.80281E+01
  2.83885E-03  0.00000E+00  1.41019E-03  0.00000E+00  1.45196E-03  7.15297E-03  5.43087E+01  2.84959E+01
  2.69802E-03  0.00000E+00  1.35720E-03  0.00000E+00  1.44792E-03  6.95107E-03  5.43864E+01  2.87002E+01
  2.48302E-03  0.00000E+00  1.22158E-03  0.00000E+00  1.45865E-03  6.62190E-03  5.45835E+01  2.93271E+01
  2.20972E-03  0.00000E+00  1.03162E-03  0.00000E+00  1.49413E-03  6.22959E-03  5.49516E+01  3.04691E+01
  2.13090E-03  0.00000E+00  1.01390E-03  0.00000E+00  1.47991E-03  6.10462E-03  5.50184E+01  3.05132E+01
  2.09153E-03  0.00000E+00  9.80580E-04  0.00000E+00  1.47490E-03  6.02191E-03  5.50696E+01  3.06373E+01
  1.93321E-03  0.00000E+00  9.18131E-04  0.00000E+00  1.50125E-03  5.85383E-03  5.52805E+01  3.11999E+01
  1.91616E-03  0.00000E+00  8.88648E-04  0.00000E+00  1.48840E-03  5.78160E-03  5.53360E+01  3.12597E+01
  1.86712E-03  0.00000E+00  8.74929E-04  0.00000E+00  1.48687E-03  5.71579E-03  5.54046E+01  3.13952E+01
  1.81250E-03  0.00000E+00  8.39784E-04  0.00000E+00  1.49526E-03  5.64282E-03  5.55005E+01  3.16404E+01
  1.77250E-03  0.00000E+00  8.26278E-04  0.00000E+00  1.49483E-03  5.58843E-03  5.55629E+01  3.17684E+01
  1.74762E-03  0.00000E+00  8.09226E-04  0.00000E+00  1.49791E-03  5.55267E-03  5.56120E+01  3.18728E+01
  1.71894E-03  0.00000E+00  7.99338E-04  0.00000E+00  1.49834E-03  5.51496E-03  5.56572E+01  3.19747E+01
  1.68325E-03  0.00000E+00  7.79600E-04  0.00000E+00  1.50330E-03  5.46945E-03  5.57239E+01  3.21563E+01
  1.66375E-03  0.00000E+00  7.72686E-04  0.00000E+00  1.50218E-03  5.44080E-03  5.57566E+01  3.22284E+01
  1.63771E-03  0.00000E+00  7.57709E-04  0.00000E+00  1.50609E-03  5.40759E-03  5.58085E+01  3.23723E+01
  1.62432E-03  0.00000E+00  7.54019E-04  0.00000E+00  1.50422E-03  5.38678E-03  5.58304E+01  3.24207E+01
  1.59752E-03  0.00000E+00  7.39308E-04  0.00000E+00  1.50864E-03  5.35411E-03  5.58833E+01  3.25864E+01
  1.58517E-03  0.00000E+00  7.35237E-04  0.00000E+00  1.50688E-03  5.33416E-03  5.59044E+01  3.26416E+01
  1.56498E-03  0.00000E+00  7.24417E-04  0.00000E+00  1.51088E-03  5.31116E-03  5.59444E+01  3.27751E+01
  1.55093E-03  0.00000E+00  7.19251E-04  0.00000E+00  1.50937E-03  5.28892E-03  5.59693E+01  3.28529E+01
  1.52859E-03  0.00000E+00  7.07737E-04  0.00000E+00  1.51389E-03  5.26411E-03  5.60141E+01  3.30150E+01
  1.52056E-03  0.00000E+00  7.05199E-04  0.00000E+00  1.51179E-03  5.24933E-03  5.60272E+01  3.30601E+01
  1.49299E-03  0.00000E+00  6.91763E-04  0.00000E+00  1.51732E-03  5.21940E-03  5.60820E+01  3.32746E+01
  1.47567E-03  0.00000E+00  6.84508E-04  0.00000E+00  1.51649E-03  5.19317E-03  5.61155E+01  3.34018E+01
  1.44088E-03  0.00000E+00  6.67842E-04  0.00000E+00  1.52247E-03  5.15368E-03  5.61872E+01  3.37092E+01
  1.41907E-03  0.00000E+00  6.58706E-04  0.00000E+00  1.52424E-03  5.12625E-03  5.62305E+01  3.38968E+01
  1.37514E-03  0.00000E+00  6.38791E-04  0.00000E+00  1.53232E-03  5.07857E-03  5.63227E+01  3.43286E+01
  1.36319E-03  0.00000E+00  6.33337E-04  0.00000E+00  1.53388E-03  5.06428E-03  5.63480E+01  3.44518E+01
  1.35585E-03  0.00000E+00  6.29945E-04  0.00000E+00  1.53523E-03  5.05625E-03  5.63627E+01  3.45329E+01
  1.35336E-03  0.00000E+00  6.28971E-04  0.00000E+00  1.53559E-03  5.05351E-03  5.63664E+01  3.45585E+01
  1.35054E-03  0.00000E+00  6.27596E-04  0.00000E+00  1.53624E-03  5.05063E-03  5.63716E+01  3.45911E+01
  1.33134E-03  0.00000E+00  6.19110E-04  0.00000E+00  1.54043E-03  5.03130E-03  5.64128E+01  3.47995E+01
  1.32655E-03  0.00000E+00  6.16842E-04  0.00000E+00  1.54171E-03  5.02682E-03  5.64226E+01  3.48550E+01
  1.31755E-03  0.00000E+00  6.12913E-04  0.00000E+00  1.54365E-03  5.01776E-03  5.64417E+01  3.49555E+01
  1.31106E-03  0.00000E+00  6.09949E-04  0.00000E+00  1.54553E-03  5.01206E-03  5.64548E+01  3.50313E+01
  1.30549E-03  0.00000E+00  6.07529E-04  0.00000E+00  1.54675E-03  5.00652E-03  5.64664E+01  3.50944E+01
  1.29978E-03  0.00000E+00  6.04941E-04  0.00000E+00  1.54829E-03  5.00131E-03  5.64781E+01  3.51619E+01
  1.29668E-03  0.00000E+00  6.03636E-04  0.00000E+00  1.54907E-03  4.99845E-03  5.64842E+01  3.51970E+01
  1.29402E-03  0.00000E+00  6.02387E-04  0.00000E+00  1.54979E-03  4.99599E-03  5.64896E+01  3.52295E+01
  1.28976E-03  0.00000E+00  6.00568E-04  0.00000E+00  1.55091E-03  4.99215E-03  5.64982E+01  3.52786E+01
  1.28908E-03  0.00000E+00  6.00210E-04  0.00000E+00  1.55113E-03  4.99154E-03  5.64994E+01  3.52876E+01
  1.28822E-03  0.00000E+00  5.99885E-04  0.00000E+00  1.55132E-03  4.99074E-03  5.65009E+01  3.52969E+01
  1.28759E-03  0.00000E+00  5.99564E-04  0.00000E+00  1.55152E-03  4.99020E-03  5.65020E+01  3.53050E+01
  1.28589E-03  0.00000E+00  5.98854E-04  0.00000E+00  1.55194E-03  4.98863E-03  5.65053E+01  3.53245E+01
  1.28468E-03  0.00000E+00  5.98277E-04  0.00000E+00  1.55231E-03  4.98759E-03  5.65076E+01  3.53395E+01
  1.28281E-03  0.00000E+00  5.97494E-04  0.00000E+00  1.55278E-03  4.98586E-03  5.65111E+01  3.53610E+01
  1.27930E-03  0.00000E+00  5.95906E-04  0.00000E+00  1.55379E-03  4.98279E-03  5.65181E+01  3.54035E+01
  1.27468E-03  0.00000E+00  5.93905E-04  0.00000E+00  1.55502E-03  4.97863E-03  5.65271E+01  3.54582E+01
  1.27355E-03  0.00000E+00  5.93385E-04  0.00000E+00  1.55535E-03  4.97764E-03  5.65292E+01  3.54720E+01
  1.27318E-03  0.00000E+00  5.93224E-04  0.00000E+00  1.55543E-03  4.97727E-03  5.65299E+01  3.54764E+01
  1.27277E-03  0.00000E+00  5.93046E-04  0.00000E+00  1.55555E-03  4.97692E-03  5.65305E+01  3.54812E+01
  1.27226E-03  0.00000E+00  5.92823E-04  0.00000E+00  1.55569E-03  4.97645E-03  5.65315E+01  3.54873E+01
  1.27155E-03  0.00000E+00  5.92505E-04  0.00000E+00  1.55589E-03  4.97584E-03  5.65328E+01  3.54959E+01
  1.27096E-03  0.00000E+00  5.92251E-04  0.00000E+00  1.55605E-03  4.97531E-03  5.65338E+01  3.55028E+01
  1.27007E-03  0.00000E+00  5.91854E-04  0.00000E+00  1.55631E-03  4.97455E-03  5.65355E+01  3.55137E+01
  1.26954E-03  0.00000E+00  5.91621E-04  0.00000E+00  1.55645E-03  4.97405E-03  5.65364E+01  3.55200E+01
  1.26915E-03  0.00000E+00  5.91448E-04  0.00000E+00  1.55658E-03  4.97376E-03  5.65371E+01  3.55247E+01
  1.26874E-03  0.00000E+00  5.91269E-04  0.00000E+00  1.55667E-03  4.97334E-03  5.65378E+01  3.55295E+01
  1.26762E-03  0.00000E+00  5.90772E-04  0.00000E+00  1.55700E-03  4.97240E-03  5.65397E+01  3.55431E+01
  1.26688E-03  0.00000E+00  5.90446E-04  0.00000E+00  1.55719E-03  4.97169E-03  5.65410E+01  3.55519E+01
  1.26481E-03  0.00000E+00  5.89536E-04  0.00000E+00  1.55779E-03  4.96993E-03  5.65446E+01  3.55768E+01
  1.26332E-03  0.00000E+00  5.88882E-04  0.00000E+00  1.55818E-03  4.96857E-03  5.65471E+01  3.55947E+01
  1.26142E-03  0.00000E+00  5.88041E-04  0.00000E+00  1.55874E-03  4.96694E-03  5.65504E+01  3.56178E+01
  1.24240E-03  0.00000E+00  5.79693E-04  0.00000E+00  1.56419E-03  4.95046E-03  5.65837E+01  3.58493E+01
  1.23966E-03  0.00000E+00  5.78472E-04  0.00000E+00  1.56504E-03  4.94822E-03  5.65884E+01  3.58832E+01
  1.22696E-03  0.00000E+00  5.72907E-04  0.00000E+00  1.56869E-03  4.93724E-03  5.66110E+01  3.60405E+01
  1.22132E-03  0.00000E+00  5.70392E-04  0.00000E+00  1.57045E-03  4.93261E-03  5.66210E+01  3.61117E+01
  1.21990E-03  0.00000E+00  5.69784E-04  0.00000E+00  1.57076E-03  4.93121E-03  5.66235E+01  3.61292E+01
  1.21791E-03  0.00000E+00  5.68900E-04  0.00000E+00  1.57135E-03  4.92951E-03  5.66269E+01  3.61545E+01
  1.21074E-03  0.00000E+00  5.65757E-04  0.00000E+00  1.57348E-03  4.92345E-03  5.66398E+01  3.62451E+01
  1.21057E-03  0.00000E+00  5.65666E-04  0.00000E+00  1.57353E-03  4.92330E-03  5.66401E+01  3.62475E+01
  1.21036E-03  0.00000E+00  5.65585E-04  0.00000E+00  1.57356E-03  4.92307E-03  5.66404E+01  3.62499E+01
  1.21023E-03  0.00000E+00  5.65514E-04  0.00000E+00  1.57361E-03  4.92296E-03  5.66406E+01  3.62519E+01
  1.21007E-03  0.00000E+00  5.65457E-04  0.00000E+00  1.57364E-03  4.92281E-03  5.66408E+01  3.62537E+01
  1.20999E-03  0.00000E+00  5.65410E-04  0.00000E+00  1.57367E-03  4.92273E-03  5.66410E+01  3.62549E+01
  1.20958E-03  0.00000E+00  5.65240E-04  0.00000E+00  1.57378E-03  4.92238E-03  5.66416E+01  3.62600E+01
  1.20950E-03  0.00000E+00  5.65196E-04  0.00000E+00  1.57380E-03  4.92230E-03  5.66418E+01  3.62612E+01
  1.20941E-03  0.00000E+00  5.65166E-04  0.00000E+00  1.57383E-03  4.92223E-03  5.66419E+01  3.62622E+01
  1.20932E-03  0.00000E+00  5.65119E-04  0.00000E+00  1.57385E-03  4.92215E-03  5.66420E+01  3.62635E+01
  1.20923E-03  0.00000E+00  5.65085E-04  0.00000E+00  1.57388E-03  4.92207E-03  5.66421E+01  3.62645E+01
  1.20899E-03  0.00000E+00  5.64974E-04  0.00000E+00  1.57395E-03  4.92186E-03  5.66425E+01  3.62677E+01
  1.20842E-03  0.00000E+00  5.64726E-04  0.00000E+00  1.57410E-03  4.92135E-03  5.66434E+01  3.62750E+01
  1.20833E-03  0.00000E+00  5.64684E-04  0.00000E+00  1.57413E-03  4.92127E-03  5.66435E+01  3.62762E+01
  1.20825E-03  0.00000E+00  5.64651E-04  0.00000E+00  1.57415E-03  4.92120E-03  5.66436E+01  3.62771E+01
  1.20817E-03  0.00000E+00  5.64616E-04  0.00000E+00  1.57417E-03  4.92113E-03  5.66437E+01  3.62782E+01
  1.20812E-03  0.00000E+00  5.64594E-04  0.00000E+00  1.57419E-03  4.92108E-03  5.66438E+01  3.62788E+01
  1.20802E-03  0.00000E+00  5.64549E-04  0.00000E+00  1.57422E-03  4.92100E-03  5.66439E+01  3.62801E+01
  1.20779E-03  0.00000E+00  5.64447E-04  0.00000E+00  1.57428E-03  4.92079E-03  5.66443E+01  3.62831E+01
  1.20771E-03  0.00000E+00  5.64412E-04  0.00000E+00  1.57430E-03  4.92073E-03  5.66444E+01  3.62841E+01
  1.20763E-03  0.00000E+00  5.64377E-04  0.00000E+00  1.57432E-03  4.92065E-03  5.66445E+01  3.62851E+01
  1.20757E-03  0.00000E+00  5.64351E-04  0.00000E+00  1.57434E-03  4.92061E-03  5.66446E+01  3.62859E+01
  1.20747E-03  0.00000E+00  5.64308E-04  0.00000E+00  1.57437E-03  4.92051E-03  5.66447E+01  3.62872E+01
