 #This file helps checking about the convergence of the optimization algorithm
 #    by printing infos related to the values of the objective function
 #- every line describes an iteration of the optimization algorithm,
 #- on every line there are x real numbers where x equals 3 times the number of
 #    measured fields used,
 #- the first 3 numbers on a line are the dataMatch term, the regularization and
 #    their sum (the objective function value) for the first measured field used,
 #- numbers at positions 4 to 6 detail the same infos for the second field used,
 #- etc
 #note by JFD: gnuplot is convenient to print a column
 #             plot "*.out.cvg" u 3
 #             replot "*.out.cvg" u 6
  1.11154E-09  1.25000E-14  1.11155E-09  1.73176E-09  2.50000E-14  1.73179E-09
  1.11154E-09  1.25000E-14  1.11155E-09  1.73176E-09  2.50000E-14  1.73179E-09
  5.76174E-10  1.01122E-12  5.77185E-10  9.11327E-10  2.02245E-12  9.13350E-10
  2.85636E-10  1.90059E-12  2.87537E-10  4.90571E-10  3.80118E-12  4.94372E-10
  1.35887E-10  3.07764E-12  1.38964E-10  3.54690E-10  6.15529E-12  3.60846E-10
  1.25150E-10  3.09686E-12  1.28246E-10  2.52836E-10  6.19373E-12  2.59030E-10
  1.17627E-10  3.17982E-12  1.20807E-10  2.37418E-10  6.35965E-12  2.43778E-10
  1.13866E-10  3.20846E-12  1.17074E-10  2.30293E-10  6.41692E-12  2.36710E-10
  1.06540E-10  3.30572E-12  1.09845E-10  2.17148E-10  6.61144E-12  2.23759E-10
  9.86918E-11  3.44873E-12  1.02141E-10  2.02019E-10  6.89746E-12  2.08917E-10
  9.70082E-11  3.46189E-12  1.00470E-10  1.98581E-10  6.92378E-12  2.05505E-10
  8.73178E-11  3.65788E-12  9.09757E-11  1.80941E-10  7.31576E-12  1.88257E-10
  8.55745E-11  3.69046E-12  8.92650E-11  1.77628E-10  7.38092E-12  1.85009E-10
  8.41611E-11  3.72262E-12  8.78837E-11  1.74703E-10  7.44524E-12  1.82148E-10
  8.26574E-11  3.75325E-12  8.64107E-11  1.72002E-10  7.50650E-12  1.79509E-10
  8.15440E-11  3.78358E-12  8.53276E-11  1.69486E-10  7.56716E-12  1.77053E-10
  8.02789E-11  3.80908E-12  8.40880E-11  1.67276E-10  7.61817E-12  1.74894E-10
  7.92957E-11  3.83781E-12  8.31335E-11  1.64978E-10  7.67562E-12  1.72654E-10
  7.81288E-11  3.86230E-12  8.19911E-11  1.62986E-10  7.72460E-12  1.70710E-10
  7.73632E-11  3.88556E-12  8.12488E-11  1.61099E-10  7.77113E-12  1.68870E-10
  7.58017E-11  3.92430E-12  7.97260E-11  1.58351E-10  7.84859E-12  1.66200E-10
  7.51645E-11  3.94323E-12  7.91078E-11  1.56720E-10  7.88645E-12  1.64606E-10
  7.40488E-11  3.97414E-12  7.80229E-11  1.54819E-10  7.94829E-12  1.62768E-10
  7.35157E-11  3.98662E-12  7.75023E-11  1.53379E-10  7.97324E-12  1.61353E-10
  7.21173E-11  4.03608E-12  7.61534E-11  1.50907E-10  8.07216E-12  1.58979E-10
  7.14731E-11  4.04445E-12  7.55175E-11  1.49220E-10  8.08890E-12  1.57309E-10
  6.56644E-11  4.27410E-12  6.99385E-11  1.37586E-10  8.54819E-12  1.46134E-10
  6.51377E-11  4.28219E-12  6.94199E-11  1.36191E-10  8.56437E-12  1.44756E-10
  6.24491E-11  4.39106E-12  6.68402E-11  1.30751E-10  8.78213E-12  1.39533E-10
  5.47732E-11  5.63875E-12  6.04120E-11  1.11562E-10  1.12775E-11  1.22839E-10
  5.20814E-11  5.61362E-12  5.76951E-11  1.07792E-10  1.12272E-11  1.19019E-10
  5.13350E-11  5.59078E-12  5.69258E-11  1.06873E-10  1.11816E-11  1.18055E-10
  5.10865E-11  5.56405E-12  5.66506E-11  1.06432E-10  1.11281E-11  1.17560E-10
  5.08472E-11  5.53187E-12  5.63791E-11  1.06059E-10  1.10637E-11  1.17123E-10
  5.07156E-11  5.50818E-12  5.62238E-11  1.05766E-10  1.10164E-11  1.16782E-10
  5.04612E-11  5.47538E-12  5.59366E-11  1.05353E-10  1.09508E-11  1.16303E-10
  5.03700E-11  5.45934E-12  5.58293E-11  1.05084E-10  1.09187E-11  1.16002E-10
  5.00782E-11  5.41811E-12  5.54964E-11  1.04610E-10  1.08362E-11  1.15446E-10
  4.99980E-11  5.40750E-12  5.54055E-11  1.04336E-10  1.08150E-11  1.15151E-10
  4.91253E-11  5.34397E-12  5.44692E-11  1.02620E-10  1.06879E-11  1.13308E-10
  4.90655E-11  5.33679E-12  5.44023E-11  1.02389E-10  1.06736E-11  1.13062E-10
  4.87909E-11  5.32752E-12  5.41184E-11  1.01859E-10  1.06550E-11  1.12514E-10
  4.87315E-11  5.32443E-12  5.40560E-11  1.01646E-10  1.06489E-11  1.12294E-10
  4.85058E-11  5.32440E-12  5.38302E-11  1.01246E-10  1.06488E-11  1.11894E-10
  4.84541E-11  5.32263E-12  5.37768E-11  1.01032E-10  1.06453E-11  1.11677E-10
  4.81356E-11  5.33097E-12  5.34665E-11  1.00444E-10  1.06619E-11  1.11106E-10
  4.80639E-11  5.32826E-12  5.33922E-11  1.00187E-10  1.06565E-11  1.10844E-10
  4.73813E-11  5.36902E-12  5.27503E-11  9.86522E-11  1.07380E-11  1.09390E-10
  4.71959E-11  5.36977E-12  5.25656E-11  9.83165E-11  1.07395E-11  1.09056E-10
  4.71334E-11  5.37057E-12  5.25039E-11  9.81206E-11  1.07411E-11  1.08862E-10
  4.69505E-11  5.37741E-12  5.23279E-11  9.77925E-11  1.07548E-11  1.08547E-10
  4.69123E-11  5.37914E-12  5.22914E-11  9.76240E-11  1.07583E-11  1.08382E-10
  4.66357E-11  5.39514E-12  5.20309E-11  9.71025E-11  1.07903E-11  1.07893E-10
  4.65966E-11  5.39600E-12  5.19926E-11  9.69320E-11  1.07920E-11  1.07724E-10
  4.63789E-11  5.41336E-12  5.17922E-11  9.65415E-11  1.08267E-11  1.07368E-10
  4.63038E-11  5.41325E-12  5.17171E-11  9.62868E-11  1.08265E-11  1.07113E-10
  4.58436E-11  5.45758E-12  5.13012E-11  9.53322E-11  1.09152E-11  1.06247E-10
  4.58026E-11  5.45410E-12  5.12567E-11  9.51647E-11  1.09082E-11  1.06073E-10
  4.56378E-11  5.45909E-12  5.10968E-11  9.48621E-11  1.09182E-11  1.05780E-10
  4.56071E-11  5.46001E-12  5.10671E-11  9.47222E-11  1.09200E-11  1.05642E-10
  4.54598E-11  5.46893E-12  5.09287E-11  9.44701E-11  1.09379E-11  1.05408E-10
  4.54277E-11  5.47006E-12  5.08977E-11  9.43187E-11  1.09401E-11  1.05259E-10
  4.52579E-11  5.48631E-12  5.07443E-11  9.40274E-11  1.09726E-11  1.05000E-10
  4.52168E-11  5.48450E-12  5.07013E-11  9.38481E-11  1.09690E-11  1.04817E-10
  4.49553E-11  5.51457E-12  5.04698E-11  9.33440E-11  1.10291E-11  1.04373E-10
  4.49210E-11  5.51044E-12  5.04315E-11  9.31940E-11  1.10209E-11  1.04215E-10
  4.46302E-11  5.53739E-12  5.01676E-11  9.26098E-11  1.10748E-11  1.03685E-10
  4.45920E-11  5.53456E-12  5.01266E-11  9.24583E-11  1.10691E-11  1.03527E-10
  4.44491E-11  5.54111E-12  4.99902E-11  9.22034E-11  1.10822E-11  1.03286E-10
  4.44239E-11  5.54256E-12  4.99665E-11  9.20812E-11  1.10851E-11  1.03166E-10
  4.42980E-11  5.55201E-12  4.98500E-11  9.18722E-11  1.11040E-11  1.02976E-10
  4.42690E-11  5.55291E-12  4.98219E-11  9.17330E-11  1.11058E-11  1.02839E-10
  4.41381E-11  5.56623E-12  4.97043E-11  9.15195E-11  1.11325E-11  1.02652E-10
  4.41018E-11  5.56498E-12  4.96668E-11  9.13613E-11  1.11300E-11  1.02491E-10
  4.38630E-11  5.59015E-12  4.94531E-11  9.09043E-11  1.11803E-11  1.02085E-10
  4.38345E-11  5.58709E-12  4.94216E-11  9.07735E-11  1.11742E-11  1.01948E-10
  4.36210E-11  5.61557E-12  4.92366E-11  9.03540E-11  1.12311E-11  1.01585E-10
  4.35848E-11  5.61161E-12  4.91964E-11  9.02119E-11  1.12232E-11  1.01435E-10
  4.34723E-11  5.61635E-12  4.90887E-11  9.00220E-11  1.12327E-11  1.01255E-10
  4.34266E-11  5.61853E-12  4.90452E-11  8.98570E-11  1.12371E-11  1.01094E-10
  4.32964E-11  5.62923E-12  4.89256E-11  8.96312E-11  1.12585E-11  1.00890E-10
  4.32681E-11  5.63014E-12  4.88983E-11  8.95040E-11  1.12603E-11  1.00764E-10
  4.30398E-11  5.65216E-12  4.86919E-11  8.90601E-11  1.13043E-11  1.00364E-10
  4.29915E-11  5.65237E-12  4.86439E-11  8.88921E-11  1.13047E-11  1.00197E-10
  4.28421E-11  5.67222E-12  4.85143E-11  8.86143E-11  1.13444E-11  9.99588E-11
  4.27999E-11  5.67006E-12  4.84700E-11  8.84589E-11  1.13401E-11  9.97991E-11
  4.26731E-11  5.68353E-12  4.83566E-11  8.82354E-11  1.13671E-11  9.96024E-11
  4.26569E-11  5.68128E-12  4.83382E-11  8.81406E-11  1.13626E-11  9.95032E-11
  4.24488E-11  5.69970E-12  4.81485E-11  8.77329E-11  1.13994E-11  9.91323E-11
  4.24218E-11  5.70007E-12  4.81219E-11  8.76248E-11  1.14001E-11  9.90249E-11
  4.22764E-11  5.72063E-12  4.79970E-11  8.73541E-11  1.14413E-11  9.87953E-11
  4.22517E-11  5.71622E-12  4.79679E-11  8.72410E-11  1.14324E-11  9.86734E-11
  4.21379E-11  5.72731E-12  4.78652E-11  8.70392E-11  1.14546E-11  9.84939E-11
  4.21133E-11  5.72747E-12  4.78408E-11  8.69322E-11  1.14549E-11  9.83871E-11
  4.20301E-11  5.73480E-12  4.77649E-11  8.68033E-11  1.14696E-11  9.82729E-11
  4.19987E-11  5.73669E-12  4.77354E-11  8.66799E-11  1.14734E-11  9.81533E-11
  4.18998E-11  5.74677E-12  4.76466E-11  8.65152E-11  1.14935E-11  9.80088E-11
  4.18750E-11  5.74703E-12  4.76221E-11  8.64080E-11  1.14941E-11  9.79021E-11
  4.17890E-11  5.75714E-12  4.75462E-11  8.62712E-11  1.15143E-11  9.77854E-11
  4.17727E-11  5.75568E-12  4.75284E-11  8.61821E-11  1.15114E-11  9.76934E-11
  4.16882E-11  5.76593E-12  4.74541E-11  8.60492E-11  1.15319E-11  9.75811E-11
