 #This file helps checking about the convergence of the optimization algorithm
 #    by printing infos related to the values of the objective function
 #- every line describes an iteration of the optimization algorithm,
 #- on every line there are x real numbers where x equals 3 times the number of
 #    measured fields used,
 #- the first 3 numbers on a line are the dataMatch term, the regularization and
 #    their sum (the objective function value) for the first measured field used,
 #- numbers at positions 4 to 6 detail the same infos for the second field used,
 #- etc
 #note by JFD: gnuplot is convenient to print a column
 #             plot "*.out.cvg" u 3
 #             replot "*.out.cvg" u 6
  1.11154E-09  1.25000E-14  1.11155E-09  1.73176E-09  2.50000E-14  1.73179E-09
  1.11154E-09  1.25000E-14  1.11155E-09  1.73176E-09  2.50000E-14  1.73179E-09
  5.76196E-10  1.01077E-12  5.77207E-10  9.11355E-10  2.02154E-12  9.13377E-10
  2.85573E-10  1.90138E-12  2.87475E-10  4.90522E-10  3.80275E-12  4.94324E-10
  1.35103E-10  3.08489E-12  1.38188E-10  3.51762E-10  6.16977E-12  3.57932E-10
  1.24948E-10  3.09958E-12  1.28048E-10  2.52307E-10  6.19916E-12  2.58506E-10
  1.17933E-10  3.17555E-12  1.21108E-10  2.37880E-10  6.35109E-12  2.44232E-10
  1.14274E-10  3.20225E-12  1.17477E-10  2.30929E-10  6.40449E-12  2.37334E-10
  1.07280E-10  3.29361E-12  1.10574E-10  2.18286E-10  6.58721E-12  2.24873E-10
  1.00827E-10  3.40327E-12  1.04231E-10  2.06048E-10  6.80655E-12  2.12855E-10
  9.90073E-11  3.42322E-12  1.02431E-10  2.02370E-10  6.84643E-12  2.09217E-10
  8.82157E-11  3.62903E-12  9.18447E-11  1.82434E-10  7.25806E-12  1.89692E-10
  8.52093E-11  3.76525E-12  8.89746E-11  1.75237E-10  7.53049E-12  1.82768E-10
  8.26638E-11  3.76677E-12  8.64306E-11  1.71064E-10  7.53354E-12  1.78598E-10
  8.08280E-11  3.79449E-12  8.46225E-11  1.68008E-10  7.58898E-12  1.75597E-10
  7.92249E-11  3.84644E-12  8.30713E-11  1.64453E-10  7.69289E-12  1.72146E-10
  7.80726E-11  3.85887E-12  8.19315E-11  1.62524E-10  7.71775E-12  1.70242E-10
  7.38520E-11  4.00818E-12  7.78602E-11  1.53744E-10  8.01636E-12  1.61760E-10
  7.27171E-11  4.01380E-12  7.67309E-11  1.51718E-10  8.02760E-12  1.59745E-10
  6.99788E-11  4.10758E-12  7.40864E-11  1.46188E-10  8.21516E-12  1.54403E-10
  6.93875E-11  4.11578E-12  7.35032E-11  1.44946E-10  8.23157E-12  1.53177E-10
  6.59985E-11  4.26440E-12  7.02629E-11  1.38019E-10  8.52880E-12  1.46548E-10
  6.53879E-11  4.26584E-12  6.96538E-11  1.36705E-10  8.53168E-12  1.45237E-10
  6.41137E-11  4.31774E-12  6.84314E-11  1.34134E-10  8.63547E-12  1.42770E-10
  6.36696E-11  4.32219E-12  6.79918E-11  1.33008E-10  8.64439E-12  1.41652E-10
  6.10911E-11  4.46029E-12  6.55514E-11  1.27642E-10  8.92059E-12  1.36563E-10
  6.05160E-11  4.46038E-12  6.49764E-11  1.26627E-10  8.92077E-12  1.35547E-10
  5.98460E-11  4.50073E-12  6.43468E-11  1.24889E-10  9.00145E-12  1.33890E-10
  5.93774E-11  4.50619E-12  6.38836E-11  1.24096E-10  9.01237E-12  1.33108E-10
  5.72335E-11  4.63459E-12  6.18681E-11  1.19792E-10  9.26918E-12  1.29062E-10
  5.70562E-11  4.63295E-12  6.16892E-11  1.19257E-10  9.26591E-12  1.28523E-10
  5.60019E-11  4.68054E-12  6.06824E-11  1.17151E-10  9.36107E-12  1.26512E-10
  5.58050E-11  4.69005E-12  6.04951E-11  1.16534E-10  9.38009E-12  1.25914E-10
  5.55081E-11  4.69761E-12  6.02058E-11  1.16071E-10  9.39522E-12  1.25467E-10
  5.49679E-11  4.74080E-12  5.97087E-11  1.14714E-10  9.48159E-12  1.24195E-10
  5.46694E-11  4.74318E-12  5.94126E-11  1.14255E-10  9.48635E-12  1.23741E-10
  5.25521E-11  4.90532E-12  5.74574E-11  1.09723E-10  9.81063E-12  1.19534E-10
  5.23398E-11  4.90225E-12  5.72420E-11  1.09382E-10  9.80450E-12  1.19187E-10
  5.21399E-11  4.90644E-12  5.70463E-11  1.08875E-10  9.81288E-12  1.18688E-10
  5.19228E-11  4.91270E-12  5.68355E-11  1.08518E-10  9.82539E-12  1.18343E-10
  5.15916E-11  4.94162E-12  5.65333E-11  1.07655E-10  9.88325E-12  1.17538E-10
  5.13794E-11  4.94395E-12  5.63234E-11  1.07335E-10  9.88791E-12  1.17222E-10
  5.08756E-11  5.00586E-12  5.58815E-11  1.06038E-10  1.00117E-11  1.16050E-10
  5.06086E-11  5.00250E-12  5.56111E-11  1.05624E-10  1.00050E-11  1.15629E-10
  4.99526E-11  5.05717E-12  5.50097E-11  1.04314E-10  1.01143E-11  1.14429E-10
  4.98500E-11  5.05605E-12  5.49061E-11  1.04000E-10  1.01121E-11  1.14112E-10
  4.95265E-11  5.07518E-12  5.46017E-11  1.03402E-10  1.01504E-11  1.13552E-10
  4.94377E-11  5.07814E-12  5.45159E-11  1.03103E-10  1.01563E-11  1.13259E-10
  4.91463E-11  5.10060E-12  5.42469E-11  1.02586E-10  1.02012E-11  1.12788E-10
  4.90724E-11  5.10121E-12  5.41736E-11  1.02311E-10  1.02024E-11  1.12513E-10
  4.86013E-11  5.15207E-12  5.37534E-11  1.01395E-10  1.03041E-11  1.11699E-10
  4.84990E-11  5.14911E-12  5.36481E-11  1.01056E-10  1.02982E-11  1.11354E-10
  4.79225E-11  5.20930E-12  5.31318E-11  9.98372E-11  1.04186E-11  1.10256E-10
  4.71079E-11  5.31179E-12  5.24196E-11  9.80800E-11  1.06236E-11  1.08704E-10
  4.70596E-11  5.29973E-12  5.23593E-11  9.78659E-11  1.05995E-11  1.08465E-10
  4.68730E-11  5.28965E-12  5.21627E-11  9.75336E-11  1.05793E-11  1.08113E-10
  4.67988E-11  5.29166E-12  5.20904E-11  9.72922E-11  1.05833E-11  1.07876E-10
  4.66476E-11  5.29636E-12  5.19440E-11  9.70498E-11  1.05927E-11  1.07643E-10
  4.65995E-11  5.29989E-12  5.18994E-11  9.68596E-11  1.05998E-11  1.07459E-10
  4.64397E-11  5.30967E-12  5.17494E-11  9.66014E-11  1.06193E-11  1.07221E-10
  4.63966E-11  5.31212E-12  5.17088E-11  9.64184E-11  1.06242E-11  1.07043E-10
  4.62168E-11  5.32648E-12  5.15433E-11  9.61205E-11  1.06530E-11  1.06773E-10
  4.61748E-11  5.32689E-12  5.15017E-11  9.59386E-11  1.06538E-11  1.06592E-10
  4.58600E-11  5.36116E-12  5.12212E-11  9.53396E-11  1.07223E-11  1.06062E-10
  4.58017E-11  5.35864E-12  5.11604E-11  9.51327E-11  1.07173E-11  1.05850E-10
  4.55594E-11  5.38927E-12  5.09487E-11  9.45710E-11  1.07785E-11  1.05350E-10
  4.54570E-11  5.38747E-12  5.08445E-11  9.44114E-11  1.07749E-11  1.05186E-10
  4.54068E-11  5.39107E-12  5.07979E-11  9.42308E-11  1.07821E-11  1.05013E-10
  4.52869E-11  5.39650E-12  5.06834E-11  9.40429E-11  1.07930E-11  1.04836E-10
  4.52552E-11  5.40216E-12  5.06573E-11  9.38895E-11  1.08043E-11  1.04694E-10
  4.51513E-11  5.40685E-12  5.05582E-11  9.37428E-11  1.08137E-11  1.04557E-10
  4.51071E-11  5.41432E-12  5.05214E-11  9.35564E-11  1.08286E-11  1.04385E-10
  4.49920E-11  5.41962E-12  5.04116E-11  9.33866E-11  1.08392E-11  1.04226E-10
  4.49588E-11  5.42762E-12  5.03864E-11  9.32270E-11  1.08552E-11  1.04082E-10
  4.48574E-11  5.43024E-12  5.02876E-11  9.30866E-11  1.08605E-11  1.03947E-10
  4.48200E-11  5.44030E-12  5.02603E-11  9.29104E-11  1.08806E-11  1.03791E-10
  4.47181E-11  5.44116E-12  5.01593E-11  9.27697E-11  1.08823E-11  1.03652E-10
  4.46556E-11  5.45807E-12  5.01136E-11  9.25367E-11  1.09161E-11  1.03453E-10
  4.45360E-11  5.45636E-12  4.99924E-11  9.23580E-11  1.09127E-11  1.03271E-10
  4.44104E-11  5.47931E-12  4.98898E-11  9.20096E-11  1.09586E-11  1.02968E-10
  4.43079E-11  5.47794E-12  4.97858E-11  9.18531E-11  1.09559E-11  1.02809E-10
  4.41760E-11  5.49884E-12  4.96748E-11  9.14999E-11  1.09977E-11  1.02498E-10
  4.40660E-11  5.49778E-12  4.95638E-11  9.13221E-11  1.09956E-11  1.02318E-10
  4.39875E-11  5.51211E-12  4.94996E-11  9.10719E-11  1.10242E-11  1.02096E-10
  4.38985E-11  5.51046E-12  4.94090E-11  9.09503E-11  1.10209E-11  1.01971E-10
  4.38182E-11  5.52658E-12  4.93448E-11  9.06829E-11  1.10532E-11  1.01736E-10
  4.37196E-11  5.52487E-12  4.92445E-11  9.05474E-11  1.10497E-11  1.01597E-10
  4.36299E-11  5.54794E-12  4.91779E-11  9.02573E-11  1.10959E-11  1.01353E-10
  4.35268E-11  5.54367E-12  4.90705E-11  9.01131E-11  1.10873E-11  1.01200E-10
  4.34177E-11  5.56598E-12  4.89837E-11  8.98035E-11  1.11320E-11  1.00935E-10
  4.33223E-11  5.56293E-12  4.88852E-11  8.96598E-11  1.11259E-11  1.00786E-10
  4.32620E-11  5.57537E-12  4.88374E-11  8.94592E-11  1.11507E-11  1.00610E-10
  4.31700E-11  5.57397E-12  4.87440E-11  8.93231E-11  1.11479E-11  1.00471E-10
  4.30663E-11  5.59079E-12  4.86571E-11  8.90254E-11  1.11816E-11  1.00207E-10
  4.29876E-11  5.58926E-12  4.85768E-11  8.89175E-11  1.11785E-11  1.00096E-10
  4.28969E-11  5.61036E-12  4.85072E-11  8.86418E-11  1.12207E-11  9.98625E-11
  4.28175E-11  5.60544E-12  4.84229E-11  8.85352E-11  1.12109E-11  9.97461E-11
  4.26098E-11  5.63657E-12  4.82463E-11  8.80179E-11  1.12731E-11  9.92910E-11
  4.25206E-11  5.63430E-12  4.81549E-11  8.78770E-11  1.12686E-11  9.91456E-11
  4.23899E-11  5.65557E-12  4.80455E-11  8.75359E-11  1.13111E-11  9.88470E-11
  4.23176E-11  5.65238E-12  4.79699E-11  8.74335E-11  1.13048E-11  9.87383E-11
