# note by JFD this file is the old format ... there should be 6 columns and not 3!
  1.111540457723659E-009  4.999999999998701E-015  1.111545457723659E-009
  1.731761585843867E-009  9.999999999998619E-015  1.731771585843867E-009
  1.111540457697671E-009  4.999999999998701E-015  1.111545457697671E-009
  1.731761585803768E-009  9.999999999998619E-015  1.731771585803768E-009
  5.208011196345641E-010  4.270453244633501E-013  5.212281649590275E-010
  8.254514403607448E-010  8.540906489265844E-013  8.263055310096714E-010
  2.572200412429877E-010  8.362114215803645E-013  2.580562526645681E-010
  4.476211158077256E-010  1.672422843160275E-012  4.492935386508859E-010
  1.267171167856268E-010  1.389752118584853E-012  1.281068689042116E-010
  3.180009347079545E-010  2.779504237170918E-012  3.207804389451255E-010
  1.155242787307063E-010  1.392131747791093E-012  1.169164104784974E-010
  2.401366159621895E-010  2.784263495582879E-012  2.429208794577724E-010
  1.086399049583975E-010  1.397090194666828E-012  1.100369951530643E-010
  2.254746885958135E-010  2.794180389334062E-012  2.282688689851476E-010
  1.030784843487542E-010  1.422413639818437E-012  1.045008979885726E-010
  2.136771793455164E-010  2.844827279637290E-012  2.165220066251537E-010
  9.506278921781372E-011  1.469634076606850E-012  9.653242329442058E-011
  1.984309961206957E-010  2.939268153214373E-012  2.013702642739101E-010
  9.359527967799441E-011  1.476711600139375E-012  9.507199127813379E-011
  1.950791432471783E-010  2.953423200279224E-012  1.980325664474575E-010
  8.887721876260852E-011  1.513824701125857E-012  9.039104346373438E-011
  1.858155705456423E-010  3.027649402252570E-012  1.888432199478949E-010
  7.335623912488871E-011  1.714280168005573E-012  7.507051929289428E-011
  1.551658529400490E-010  3.428560336012506E-012  1.585944132760615E-010
  7.201364393867127E-011  1.721483893923493E-012  7.373512783259476E-011
  1.512741786161163E-010  3.442967787847831E-012  1.547171464039641E-010
  7.127446070269813E-011  1.732627908361549E-012  7.300708861105968E-011
  1.494310317279972E-010  3.465255816723895E-012  1.528962875447211E-010
  7.036624912845333E-011  1.744495208823669E-012  7.211074433727700E-011
  1.477787956437827E-010  3.488990417648241E-012  1.512677860614310E-010
  6.987782539597475E-011  1.753102471540175E-012  7.163092786751492E-011
  1.465519500338707E-010  3.506204943081228E-012  1.500581549769520E-010
  6.901151266826778E-011  1.766303496057724E-012  7.077781616432550E-011
  1.450174522080826E-010  3.532606992116575E-012  1.485500592001992E-010
  6.863585290822825E-011  1.772483017143941E-012  7.040833592537219E-011
  1.439662337484512E-010  3.544966034288873E-012  1.475111997827401E-010
  6.756499594193753E-011  1.793270051494583E-012  6.935826599343211E-011
  1.420029829124046E-010  3.586540102990458E-012  1.455895230153950E-010
  6.718616129251791E-011  1.796949797338086E-012  6.898311108985599E-011
  1.409254185633927E-010  3.593899594677042E-012  1.445193181580697E-010
  6.253545907965795E-011  1.898061822706466E-012  6.443352090236442E-011
  1.312560691149437E-010  3.796123645414029E-012  1.350521927603577E-010
  6.217866211309435E-011  1.902162624281127E-012  6.408082473737547E-011
  1.302379743510538E-010  3.804325248562780E-012  1.340422995996166E-010
  5.971502519531237E-011  1.971006462473369E-012  6.168603165778573E-011
  1.248380568234712E-010  3.942012924947407E-012  1.287800697484186E-010
  5.924266175140956E-011  1.975198078845166E-012  6.121785983025473E-011
  1.239864145836507E-010  3.950396157690819E-012  1.279368107413415E-010
  5.804393916097340E-011  2.008256045737448E-012  6.005219520671084E-011
  1.215548045416423E-010  4.016512091475385E-012  1.255713166331177E-010
  5.787077762127242E-011  2.011356470586710E-012  5.988213409185914E-011
  1.210851767987598E-010  4.022712941173897E-012  1.251078897399337E-010
  5.489996442143328E-011  2.100704372178306E-012  5.700066879361158E-011
  1.148559527220835E-010  4.201408744356928E-012  1.190573614664404E-010
  5.475495450651555E-011  2.105712067015713E-012  5.686066657353126E-011
  1.143526243634437E-010  4.211424134031828E-012  1.185640484974756E-010
  5.431756187352869E-011  2.119529491367484E-012  5.643709136489617E-011
  1.136296707185626E-010  4.239058982735357E-012  1.178687297012980E-010
  5.419659936873944E-011  2.122481986018698E-012  5.631908135475813E-011
  1.131797216225252E-010  4.244963972037803E-012  1.174246855945630E-010
  5.344989492743097E-011  2.153465020556033E-012  5.560335994798700E-011
  1.118004419587483E-010  4.306930041112648E-012  1.161073719998610E-010
  5.320045629008072E-011  2.154656017137533E-012  5.535511230721825E-011
  1.110684386748206E-010  4.309312034275333E-012  1.153777507090960E-010
  5.227998660695099E-011  2.193126223368984E-012  5.447311283031998E-011
  1.089967998318318E-010  4.386252446738405E-012  1.133830522785702E-010
  5.202289052020386E-011  2.194737232284089E-012  5.421762775248796E-011
  1.085806945596274E-010  4.389474464568638E-012  1.129701690241960E-010
  5.147825894508257E-011  2.214749873108421E-012  5.369300881819099E-011
  1.075622518352750E-010  4.429499746217251E-012  1.119917515814923E-010
  5.137267901800317E-011  2.216739729536151E-012  5.358941874753932E-011
  1.072273866155725E-010  4.433479459072712E-012  1.116608660746452E-010
  4.900258596431630E-011  2.322704951149002E-012  5.132529091546530E-011
  1.019463100461884E-010  4.645409902298202E-012  1.065917199484866E-010
  4.865738556643578E-011  2.326875072928006E-012  5.098426063936378E-011
  1.013286846115601E-010  4.653750145856161E-012  1.059824347574163E-010
  4.830979204547160E-011  2.340572844789521E-012  5.065036489026112E-011
  1.006590995038840E-010  4.681145689579337E-012  1.053402451934634E-010
  4.824425318946499E-011  2.343443700325658E-012  5.058769688979065E-011
  1.004499635708051E-010  4.686887400651549E-012  1.051368509714567E-010
  4.781798801327206E-011  2.365781907428863E-012  5.018376992070092E-011
  9.959687144363853E-011  4.731563814858074E-012  1.043284352584966E-010
  4.766762423099434E-011  2.369472785640313E-012  5.003709701663465E-011
  9.915956702803294E-011  4.738945571280880E-012  1.038985125993138E-010
  4.683120079054201E-011  2.420627074317040E-012  4.925182786485905E-011
  9.718015155708767E-011  4.841254148634302E-012  1.020214057057220E-010
  4.657150114729457E-011  2.422211996065207E-012  4.899371314335978E-011
  9.673655115784682E-011  4.844423992130531E-012  1.015809751499773E-010
  4.641209815967092E-011  2.428223263830906E-012  4.884032142350182E-011
  9.645564085237611E-011  4.856446527662033E-012  1.013120873800381E-010
  4.635348527463283E-011  2.431966502950318E-012  4.878545177758315E-011
  9.626005021551267E-011  4.863933005900974E-012  1.011239832214136E-010
  4.618136150067781E-011  2.440148895602805E-012  4.862151039628061E-011
  9.596963282797613E-011  4.880297791205828E-012  1.008499306191820E-010
  4.612414518018744E-011  2.442868614684263E-012  4.856701379487170E-011
  9.574808301952162E-011  4.885737229368708E-012  1.006338202488903E-010
  4.577875616353772E-011  2.462951216497898E-012  4.824170738003562E-011
  9.509366600769201E-011  4.925902432995933E-012  1.000195684406879E-010
  4.569594211617215E-011  2.463916603441837E-012  4.815985871961399E-011
  9.480744159722688E-011  4.927833206883831E-012  9.973527480411071E-011
  4.484690054210843E-011  2.521448093400090E-012  4.736834863550852E-011
  9.275236874530957E-011  5.042896186800420E-012  9.779526493210999E-011
  4.464272575592016E-011  2.521949166057855E-012  4.716467492197801E-011
  9.242087125967139E-011  5.043898332115803E-012  9.746476959178719E-011
  4.450920847416627E-011  2.526775425724892E-012  4.703598389989117E-011
  9.220761409127028E-011  5.053550851450081E-012  9.726116494272037E-011
  4.446852951169071E-011  2.530384429051216E-012  4.699891394074192E-011
  9.206145204698862E-011  5.060768858102575E-012  9.712222090509119E-011
  4.434944626403576E-011  2.535576441889432E-012  4.688502270592519E-011
  9.187923859056693E-011  5.071152883779017E-012  9.695039147434594E-011
  4.431498891841081E-011  2.538705690618254E-012  4.685369460902906E-011
  9.172157983603817E-011  5.077411381236723E-012  9.679899121727490E-011
  4.418814321048341E-011  2.545040389366534E-012  4.673318359984995E-011
  9.153193425460492E-011  5.090080778733288E-012  9.662201503333821E-011
  4.415213966764570E-011  2.547343972455754E-012  4.669948364010145E-011
  9.136525486127729E-011  5.094687944911606E-012  9.645994280618889E-011
  4.398041422443109E-011  2.558121921870040E-012  4.653853614630113E-011
  9.108303971035311E-011  5.116243843740155E-012  9.619928355409326E-011
  4.391138889697852E-011  2.560476368884217E-012  4.647186526586274E-011
  9.083775893203575E-011  5.120952737768437E-012  9.595871166980419E-011
  4.290049814726177E-011  2.628434154254273E-012  4.552893230151604E-011
  8.867981885388051E-011  5.256868308508800E-012  9.393668716238931E-011
  4.277318306725106E-011  2.630059607949137E-012  4.540324267520020E-011
  8.833219187906324E-011  5.260119215898156E-012  9.359231109496140E-011
  4.273992948239941E-011  2.632753528507312E-012  4.537268301090672E-011
  8.818445078342571E-011  5.265507057014682E-012  9.344995784044040E-011
  4.264293627751834E-011  2.636429173980382E-012  4.527936545149873E-011
  8.806701878740684E-011  5.272858347960831E-012  9.333987713536768E-011
  4.259343360119149E-011  2.640974188061779E-012  4.523440778925326E-011
  8.788779688200653E-011  5.281948376123400E-012  9.316974525812993E-011
  4.250019647970211E-011  2.644829453058099E-012  4.514502593276021E-011
  8.776072556494253E-011  5.289658906116274E-012  9.305038447105880E-011
  4.247321567765127E-011  2.648357251550239E-012  4.512157292920151E-011
  8.762135405265473E-011  5.296714503100483E-012  9.291806855575521E-011
  4.237561611121928E-011  2.652277239395150E-012  4.502789335061443E-011
  8.748438027429291E-011  5.304554478790219E-012  9.278893475308313E-011
  4.235270577883023E-011  2.655912903406584E-012  4.500861868223682E-011
  8.735192421796328E-011  5.311825806813255E-012  9.266375002477654E-011
  4.225159496913113E-011  2.659846850192005E-012  4.491144181932313E-011
  8.720674966974094E-011  5.319693700384206E-012  9.252644337012514E-011
  4.222875371316524E-011  2.663916241766275E-012  4.489266995493151E-011
  8.707248386272650E-011  5.327832483532602E-012  9.240031634625910E-011
  4.213310553783700E-011  2.667061704327544E-012  4.480016724216455E-011
  8.693653902081507E-011  5.334123408655090E-012  9.227066242947016E-011
  4.210667468369030E-011  2.672707631961183E-012  4.477938231565148E-011
  8.678526102595237E-011  5.345415263922535E-012  9.213067628987490E-011
  4.201123189309337E-011  2.674629246348361E-012  4.468586113944173E-011
  8.665523434563166E-011  5.349258492696946E-012  9.200449283832860E-011
  4.192136268060441E-011  2.688278381022430E-012  4.460964106162684E-011
  8.632660239707756E-011  5.376556762044913E-012  9.170315915912247E-011
  4.178397221269626E-011  2.689475044926596E-012  4.447344725762286E-011
  8.612435373184989E-011  5.378950089853289E-012  9.150330382170317E-011
  4.139753760106560E-011  2.718725295148092E-012  4.411626289621369E-011
  8.531395772868777E-011  5.437450590296295E-012  9.075140831898407E-011
  4.135475650080062E-011  2.719217054180010E-012  4.407397355498063E-011
  8.517340386190672E-011  5.438434108360044E-012  9.061183797026677E-011
  4.128393544006411E-011  2.726337855377838E-012  4.401027329544195E-011
  8.495011073445002E-011  5.452675710755685E-012  9.040278644520570E-011
  4.120874035814718E-011  2.728159097393526E-012  4.393689945554071E-011
  8.485076129690325E-011  5.456318194787290E-012  9.030707949169054E-011
  4.080147072540450E-011  2.764327661792813E-012  4.356579838719731E-011
  8.385371574489658E-011  5.528655323585646E-012  8.938237106848223E-011
  4.068712180299456E-011  2.764671975513558E-012  4.345179377850811E-011
  8.367747831487454E-011  5.529343951027308E-012  8.920682226590184E-011
  4.059509041412376E-011  2.769209152198041E-012  4.336429956632181E-011
  8.352882743182359E-011  5.538418304396160E-012  8.906724573621975E-011
  4.057866683430957E-011  2.771033927028425E-012  4.334970076133799E-011
  8.344484063574145E-011  5.542067854056822E-012  8.898690848979827E-011
  4.044729664136369E-011  2.780770867898346E-012  4.322806750926204E-011
  8.322422420799434E-011  5.561541735796854E-012  8.878576594379120E-011
  4.042201130018790E-011  2.781359702034756E-012  4.320337100222266E-011
  8.310504046467100E-011  5.562719404069408E-012  8.866775986874041E-011
  3.948938759870156E-011  2.853954180604115E-012  4.234334177930568E-011
  8.113189747029210E-011  5.707908361208196E-012  8.683980583150030E-011
  3.944677720352897E-011  2.854171471736015E-012  4.230094867526499E-011
  8.099490309260636E-011  5.708342943472114E-012  8.670324603607847E-011
  3.938818394373007E-011  2.859028492762160E-012  4.224721243649223E-011
  8.083141047419435E-011  5.718056985524424E-012  8.654946745971877E-011
  3.933312680004282E-011  2.860220345408433E-012  4.219334714545126E-011
  8.075691973124834E-011  5.720440690817063E-012  8.647736042206540E-011
  3.897162835683856E-011  2.893943045694418E-012  4.186557140253298E-011
  7.987382451078178E-011  5.787886091389051E-012  8.566171060217084E-011
  3.887648277566320E-011  2.897079140449211E-012  4.177356191611241E-011
  7.971539135283197E-011  5.794158280898445E-012  8.550954963373042E-011
  3.875255260819573E-011  2.904761083292892E-012  4.165731369148862E-011
  7.952751820798415E-011  5.809522166585505E-012  8.533704037456965E-011
  3.873721044938658E-011  2.905513730499342E-012  4.164272417988592E-011
  7.944606567384173E-011  5.811027460998775E-012  8.525709313484050E-011
  3.832425906957653E-011  2.944180596674263E-012  4.126843966625080E-011
  7.848067283951899E-011  5.888361193348293E-012  8.436903403286728E-011
  3.826700262648706E-011  2.944987217667098E-012  4.121198984415416E-011
  7.838986105251956E-011  5.889974435334145E-012  8.427983548785371E-011
  3.814656123850252E-011  2.952781319251353E-012  4.109934255775387E-011
  7.819287624436011E-011  5.905562638502681E-012  8.409843888286279E-011
  3.813792665602997E-011  2.953469125280488E-012  4.109139578131046E-011
  7.812963949310335E-011  5.906938250560930E-012  8.403657774366428E-011
  3.795534458228234E-011  2.970289962282977E-012  4.092563454456532E-011
  7.780181083381984E-011  5.940579924566053E-012  8.374239075838590E-011
  3.792068099497957E-011  2.970027150976020E-012  4.089070814595559E-011
  7.766540792728448E-011  5.940054301952143E-012  8.360546222923663E-011
  3.787521305409048E-011  2.976595507737608E-012  4.085180856182809E-011
  7.751348081517908E-011  5.953191015475164E-012  8.346667183065425E-011
  3.781705230162651E-011  2.977936185895807E-012  4.079498848752231E-011
  7.744055120749037E-011  5.955872371791432E-012  8.339642357928180E-011
  3.736944369461311E-011  3.017897426620972E-012  4.038734112123408E-011
  7.649823656511343E-011  6.035794853241852E-012  8.253403141835529E-011
  3.734486536121659E-011  3.019026689409729E-012  4.036389205062632E-011
  7.641308608437007E-011  6.038053378819672E-012  8.245113946318974E-011
  3.727310584037365E-011  3.024375248280592E-012  4.029748108865424E-011
  7.629529876911465E-011  6.048750496561066E-012  8.234404926567572E-011
  3.726336668651313E-011  3.024882942097163E-012  4.028824962861030E-011
  7.624023415429821E-011  6.049765884194249E-012  8.229000003849246E-011
  3.701355625130685E-011  3.050025135838196E-012  4.006358138714505E-011
  7.577002636363090E-011  6.100050271676220E-012  8.187007663530712E-011
  3.698795855216760E-011  3.049431462793044E-012  4.003739001496064E-011
  7.566362113745527E-011  6.098862925586184E-012  8.176248406304145E-011
  3.694346244383108E-011  3.056495776372216E-012  3.999995822020330E-011
  7.549137596558728E-011  6.112991552744451E-012  8.160436751833173E-011
  3.688287597386035E-011  3.058396886176487E-012  3.994127286003684E-011
  7.542270103790471E-011  6.116793772352972E-012  8.153949481025768E-011
  3.681110254564479E-011  3.068096670232853E-012  3.987919921587764E-011
  7.523163122533091E-011  6.136193340465553E-012  8.136782456579646E-011
  3.675846131825031E-011  3.068557423895001E-012  3.982701874214531E-011
  7.516565054092002E-011  6.137114847789996E-012  8.130276538871001E-011
  3.667795259662109E-011  3.086709580654415E-012  3.976466217727551E-011
  7.482460510493052E-011  6.173419161308922E-012  8.099802426623944E-011
  3.656973948270185E-011  3.087588594255987E-012  3.965732807695784E-011
  7.472370559283726E-011  6.175177188511745E-012  8.089888278134900E-011
  3.650719422459607E-011  3.094983430118340E-012  3.960217765471441E-011
  7.458315395160822E-011  6.189966860236506E-012  8.077312081184472E-011
  3.645811779572594E-011  3.095567012120295E-012  3.955368480784624E-011
  7.451905265986798E-011  6.191134024240700E-012  8.071018668410868E-011
  3.639988465838766E-011  3.115581997940707E-012  3.951546665632837E-011
  7.418763263444356E-011  6.231163995881364E-012  8.041879663032492E-011
  3.628113837587323E-011  3.116376292500516E-012  3.939751466837375E-011
  7.405762156650248E-011  6.232752585000544E-012  8.029037415150303E-011
  3.613462962057086E-011  3.126655907353007E-012  3.926128552792387E-011
  7.387824402827164E-011  6.253311814705917E-012  8.013155584297755E-011
  3.612701898250121E-011  3.126890448855056E-012  3.925390943135627E-011
  7.381019075049389E-011  6.253780897710278E-012  8.006397164820417E-011
  3.610479587132504E-011  3.137496055686263E-012  3.924229192701130E-011
  7.360775863738243E-011  6.274992111372579E-012  7.988275074875501E-011
  3.602757878769684E-011  3.138749309101376E-012  3.916632809679822E-011
  7.353514870283452E-011  6.277498618202630E-012  7.981264732103715E-011
  3.599856203042849E-011  3.142730248997133E-012  3.914129227942562E-011
  7.345905815413516E-011  6.285460497994142E-012  7.974451865212930E-011
  3.595808322939537E-011  3.143491773705439E-012  3.910157500310081E-011
  7.341320916165677E-011  6.286983547411003E-012  7.970019270906777E-011
  3.593070129419519E-011  3.153791656499033E-012  3.908449295069422E-011
  7.325189887097091E-011  6.307583312997949E-012  7.955948218396886E-011
  3.585887708109092E-011  3.154150539504676E-012  3.901302762059559E-011
  7.317151030033710E-011  6.308301079009273E-012  7.947981137934638E-011
  3.574095493428281E-011  3.168030975657297E-012  3.890898590994011E-011
  7.294372600016749E-011  6.336061951314206E-012  7.927978795148170E-011
  3.572554122120620E-011  3.168239989343724E-012  3.889378121054992E-011
  7.288041125968880E-011  6.336479978687580E-012  7.921689123837637E-011
  3.568438410593474E-011  3.172275297242595E-012  3.885665940317733E-011
  7.280663355518202E-011  6.344550594485284E-012  7.915118414966731E-011
  3.567732076643300E-011  3.172668098319073E-012  3.884998886475207E-011
  7.276527851563209E-011  6.345336196637955E-012  7.911061471227006E-011
  3.555503967049349E-011  3.185106089186495E-012  3.874014575967999E-011
  7.256505950399617E-011  6.370212178372798E-012  7.893527168236896E-011
  3.554336737438328E-011  3.185003476871529E-012  3.872837085125481E-011
  7.249601470752187E-011  6.370006953742935E-012  7.886602166126481E-011
  3.552288914893758E-011  3.191418693399570E-012  3.871430784233715E-011
  7.237544559052760E-011  6.382837386799044E-012  7.875828297732665E-011
  3.546835253466769E-011  3.192493699424587E-012  3.866084623409227E-011
  7.232759907877233E-011  6.384987398848984E-012  7.871258647762132E-011
  3.546020387356744E-011  3.195761163749054E-012  3.865596503731650E-011
  7.226898816380993E-011  6.391522327497890E-012  7.866051049130783E-011
  3.542246903964444E-011  3.196509802265237E-012  3.861897884190968E-011
  7.222887772485450E-011  6.393019604530547E-012  7.862189732938505E-011
  3.533616063787384E-011  3.214070924852790E-012  3.855023156272663E-011
  7.194648362221869E-011  6.428141849705363E-012  7.837462547192405E-011
  3.527113310259280E-011  3.213978869087545E-012  3.848511197168034E-011
  7.186575315764790E-011  6.427957738175315E-012  7.829371089582322E-011
  3.523572575615476E-011  3.215607284666231E-012  3.845133304082100E-011
  7.182328142511582E-011  6.431214569332283E-012  7.825449599444810E-011
  3.523554649303904E-011  3.216562824800977E-012  3.845210931784002E-011
  7.179495418511636E-011  6.433125649601801E-012  7.822807983471816E-011
  3.517949599729347E-011  3.221619144481357E-012  3.840111514177483E-011
  7.171197894715262E-011  6.443238288962621E-012  7.815521723611525E-011
  3.517884023212214E-011  3.221806571266534E-012  3.840064680338868E-011
  7.167685386704073E-011  6.443613142533006E-012  7.812046700957374E-011
  3.497998589267189E-011  3.244521059543247E-012  3.822450695221514E-011
  7.128724363887399E-011  6.489042119086213E-012  7.777628575796021E-011
  3.497580825673936E-011  3.244111489352021E-012  3.821991974609138E-011
  7.124818344660986E-011  6.488222978703921E-012  7.773640642531378E-011
  3.496773709764504E-011  3.246086469034385E-012  3.821382356667943E-011
  7.119024505053424E-011  6.492172938068612E-012  7.768241798860286E-011
  3.494104559057951E-011  3.246644828494140E-012  3.818769041907364E-011
  7.116012964416087E-011  6.493289656987979E-012  7.765341930114885E-011
  3.482303782828425E-011  3.260810379484014E-012  3.808384820776826E-011
  7.092710269964760E-011  6.521620758967763E-012  7.744872345861537E-011
  3.481667502598186E-011  3.260473366266443E-012  3.807714839224830E-011
  7.088651200919072E-011  6.520946732532728E-012  7.740745874172345E-011
  3.480527056166718E-011  3.262312391111700E-012  3.806758295277888E-011
  7.083256888688989E-011  6.524624782223057E-012  7.735719366911296E-011
  3.477905836415298E-011  3.263035959721829E-012  3.804209432387481E-011
  7.080585283605352E-011  6.526071919443647E-012  7.733192475549716E-011
  3.468386650823263E-011  3.278436266664914E-012  3.796230277489754E-011
  7.054781475841960E-011  6.556872533329535E-012  7.710468729174914E-011
  3.463981693382123E-011  3.279336105904036E-012  3.791915303972526E-011
  7.048939414858718E-011  6.558672211808184E-012  7.704806636039537E-011
  3.459942950740184E-011  3.282126796758192E-012  3.788155630416003E-011
  7.043481929555479E-011  6.564253593516172E-012  7.699907288907096E-011
  3.460004048287632E-011  3.282469008458990E-012  3.788250949133531E-011
  7.040519205935528E-011  6.564938016917651E-012  7.697013007627293E-011
  3.439006388247089E-011  3.307793092521404E-012  3.769785697499229E-011
  6.997143999363582E-011  6.615586185042457E-012  7.658702617867828E-011
  3.438852434743433E-011  3.307514384065588E-012  3.769603873149992E-011
  6.994266499674819E-011  6.615028768130722E-012  7.655769376487890E-011
  3.432708955685246E-011  3.312184558958452E-012  3.763927411581091E-011
  6.982380304930647E-011  6.624369117916428E-012  7.644817216722289E-011
  3.432860177826175E-011  3.312971044054925E-012  3.764157282231668E-011
  6.979291078795121E-011  6.625942088109530E-012  7.641885287606073E-011
  3.430143671948487E-011  3.314310118781776E-012  3.761574683826665E-011
  6.976408539646409E-011  6.628620237563296E-012  7.639270563402738E-011
  3.430446449682395E-011  3.315595329095794E-012  3.762005982591975E-011
  6.973558512543102E-011  6.631190658191191E-012  7.636677578362221E-011
  3.427506541546931E-011  3.316874602486372E-012  3.759194001795568E-011
  6.970587179299732E-011  6.633749204972710E-012  7.633962099797003E-011
  3.427285997601743E-011  3.319328263429447E-012  3.759218823944688E-011
  6.966103144434868E-011  6.638656526858453E-012  7.629968797120713E-011
  3.424313484838617E-011  3.320299214774057E-012  3.756343406316023E-011
  6.963276623137372E-011  6.640598429547867E-012  7.627336466092159E-011
  3.423809393200279E-011  3.324085148814234E-012  3.756217908081702E-011
  6.957335322395304E-011  6.648170297628260E-012  7.622152352158130E-011
  3.420092559216405E-011  3.324974652415578E-012  3.752590024457963E-011
  6.953474772564432E-011  6.649949304831042E-012  7.618469703047536E-011
  3.416778067047794E-011  3.335013736495125E-012  3.750279440697306E-011
  6.939111047070580E-011  6.670027472989988E-012  7.606113794369578E-011
  3.411597333657074E-011  3.335210907534207E-012  3.745118424410495E-011
  6.933158804669720E-011  6.670421815068212E-012  7.600200986176541E-011
  3.407689033106655E-011  3.338611807756552E-012  3.741550213882310E-011
  6.927383443646569E-011  6.677223615512804E-012  7.595105805197849E-011
  3.407842122137876E-011  3.339112307152327E-012  3.741753352853109E-011
  6.925290491152204E-011  6.678224614304263E-012  7.593112952582631E-011
  3.397281089486061E-011  3.352191770628759E-012  3.732500266548937E-011
  6.906181736856153E-011  6.704383541257285E-012  7.576620090981882E-011
  3.397174120437638E-011  3.351732315710176E-012  3.732347352008656E-011
  6.903075744851769E-011  6.703464631420053E-012  7.573422207993775E-011
  3.396366540852688E-011  3.354121597838645E-012  3.731778700636553E-011
  6.897671270861787E-011  6.708243195676971E-012  7.568495590429485E-011
  3.394126653132378E-011  3.354455174709661E-012  3.729572170603345E-011
  6.895503614419799E-011  6.708910349419120E-012  7.566394649361711E-011
  3.382269375753955E-011  3.370192490185936E-012  3.719288624772549E-011
  6.871781339933026E-011  6.740384980371402E-012  7.545819837970167E-011
  3.382247497822686E-011  3.369791881231749E-012  3.719226685945861E-011
  6.869405709520773E-011  6.739583762463194E-012  7.543364085767093E-011
  3.379764357805112E-011  3.373731745908826E-012  3.717137532395994E-011
  6.860898001438427E-011  6.747463491817532E-012  7.535644350620180E-011
  3.377503482846479E-011  3.374036974461382E-012  3.714907180292617E-011
  6.858521997048557E-011  6.748073948922562E-012  7.533329391940814E-011
  3.371894871135982E-011  3.380505145604767E-012  3.709945385696459E-011
  6.849202430067592E-011  6.761010291209112E-012  7.525303459188503E-011
  3.371796791131199E-011  3.380383737931953E-012  3.709835164924394E-011
  6.846050155143289E-011  6.760767475863589E-012  7.522126902729647E-011
  3.369307506209818E-011  3.386525445337332E-012  3.707960050743552E-011
  6.836874040591816E-011  6.773050890674217E-012  7.514179129659237E-011
  3.366493489307484E-011  3.386812466227600E-012  3.705174735930244E-011
  6.833959666483582E-011  6.773624932455292E-012  7.511322159729111E-011
  3.360104276267083E-011  3.395484631275652E-012  3.699652739394649E-011
  6.822364427734687E-011  6.790969262550973E-012  7.501461353989784E-011
  3.359825775336031E-011  3.395531416307806E-012  3.699378916966812E-011
  6.818957664414885E-011  6.791062832615352E-012  7.498063947676419E-011
  3.355731533089680E-011  3.402955776295016E-012  3.696027110719182E-011
  6.806133846513201E-011  6.805911552589718E-012  7.486725001772174E-011
  3.352878263860086E-011  3.403205659358130E-012  3.693198829795899E-011
  6.803817750146575E-011  6.806411318715847E-012  7.484458882018160E-011
  3.352155697513094E-011  3.405206197433958E-012  3.692676317256490E-011
  6.799894896077093E-011  6.810412394867641E-012  7.480936135563856E-011
  3.350102400705783E-011  3.405654313861106E-012  3.690667832091894E-011
  6.798062902278186E-011  6.811308627721870E-012  7.479193765050373E-011
  3.350160062000741E-011  3.408565242100728E-012  3.691016586210814E-011
  6.793725662952367E-011  6.817130484201175E-012  7.475438711372484E-011
  3.347017940433497E-011  3.409313038138644E-012  3.687949244247362E-011
  6.790538119867546E-011  6.818626076276989E-012  7.472400727495245E-011
  3.340821745553669E-011  3.422525711723044E-012  3.683074316725973E-011
  6.772103650382921E-011  6.845051423445781E-012  7.456608792727499E-011
  3.337696518639571E-011  3.422372779894233E-012  3.679933796628994E-011
  6.768684743668736E-011  6.844745559788273E-012  7.453159299647562E-011
  3.335376519205960E-011  3.423841352602910E-012  3.677760654466251E-011
  6.765205555447162E-011  6.847682705205499E-012  7.449973825967712E-011
  3.334735342110716E-011  3.425017982682876E-012  3.677237140379004E-011
  6.761972757558876E-011  6.850035965365446E-012  7.446976354095420E-011
  3.327630227276056E-011  3.433523809004949E-012  3.670982608176551E-011
  6.749596346076924E-011  6.867047618009490E-012  7.436301107877873E-011
  3.327990283376888E-011  3.433191426927140E-012  3.671309426069602E-011
  6.747620212480947E-011  6.866382853854235E-012  7.434258497866370E-011
  3.324998663762070E-011  3.436603595448828E-012  3.668659023306952E-011
  6.741687576214419E-011  6.873207190897354E-012  7.429008295304155E-011
  3.324904016076089E-011  3.437059448417652E-012  3.668609960917854E-011
  6.739499918101268E-011  6.874118896835309E-012  7.426911807784798E-011
  3.321387405477391E-011  3.440114642968614E-012  3.665398869774252E-011
  6.735197067562368E-011  6.880229285936858E-012  7.423219996156054E-011
  3.321553676809142E-011  3.440692668619685E-012  3.665622943671110E-011
  6.732441699953058E-011  6.881385337239257E-012  7.420580233676984E-011
  3.317560670192501E-011  3.445366993427807E-012  3.662097369535281E-011
  6.727116324710136E-011  6.890733986855394E-012  7.416189723395675E-011
  3.317801929140381E-011  3.445048723021295E-012  3.662306801442510E-011
  6.724320707189987E-011  6.890097446042421E-012  7.413330451794230E-011
  3.307720084026834E-011  3.460030229087035E-012  3.653723106935538E-011
  6.703019571788238E-011  6.920060458173581E-012  7.395025617605596E-011
  3.307132425504266E-011  3.463147908911953E-012  3.653447216395461E-011
  6.696331468453524E-011  6.926295817823617E-012  7.388961050235886E-011
  3.303733722043235E-011  3.463329919762577E-012  3.650066714019493E-011
  6.693484470525922E-011  6.926659839524875E-012  7.386150454478409E-011
  3.303386558036355E-011  3.465341330803425E-012  3.649920691116698E-011
  6.689834144933446E-011  6.930682661606458E-012  7.382902411094092E-011
  3.301452628019128E-011  3.465581749712105E-012  3.648010802990339E-011
  6.688194825058335E-011  6.931163499424131E-012  7.381311175000747E-011
  3.290977103780285E-011  3.483025747631546E-012  3.639279678543440E-011
  6.663336209787458E-011  6.966051495262626E-012  7.359941359313720E-011
  3.287276403855345E-011  3.485297249336026E-012  3.635806128788947E-011
  6.657556388659744E-011  6.970594498671765E-012  7.354615838526921E-011
  3.287181548785707E-011  3.485058857174580E-012  3.635687434503165E-011
  6.655531306763262E-011  6.970117714348850E-012  7.352543078198146E-011
  3.283813880292678E-011  3.488759164177404E-012  3.632689796710419E-011
  6.649520537390720E-011  6.977518328354279E-012  7.347272370226148E-011
  3.284085375913620E-011  3.489400592124639E-012  3.633025435126084E-011
  6.647028738358219E-011  6.978801184248927E-012  7.344908856783111E-011
  3.281668079659352E-011  3.490513469061063E-012  3.630719426565458E-011
  6.645082735693106E-011  6.981026938121830E-012  7.343185429505289E-011
  3.282113797266833E-011  3.491380510399001E-012  3.631251848306733E-011
  6.643233759370913E-011  6.982761020797613E-012  7.341509861450674E-011
  3.279930127053669E-011  3.492795401354783E-012  3.629209667189148E-011
  6.641141303913034E-011  6.985590802709254E-012  7.339700384183959E-011
  3.280509708195034E-011  3.493455888031167E-012  3.629855296998151E-011
  6.639617223300927E-011  6.986911776061824E-012  7.338308400907109E-011
  3.278539932710175E-011  3.494603231831415E-012  3.628000255893317E-011
  6.638069805485568E-011  6.989206463662339E-012  7.336990451851802E-011
  3.278700999426358E-011  3.495779343351067E-012  3.628278933761464E-011
  6.635590201183855E-011  6.991558686701865E-012  7.334746069854041E-011
  3.276830337422975E-011  3.496883337380692E-012  3.626518671161045E-011
  6.634069818811809E-011  6.993766674760982E-012  7.333446486287908E-011
  3.277422741841702E-011  3.497508158966422E-012  3.627173557738344E-011
  6.632654942865284E-011  6.995016317932527E-012  7.332156574658536E-011
  3.275515786837683E-011  3.498605224050016E-012  3.625376309242684E-011
  6.631109873184403E-011  6.997210448099631E-012  7.330830917994366E-011
  3.275989354303870E-011  3.499318270574646E-012  3.625921181361335E-011
  6.629507348593635E-011  6.998636541148876E-012  7.329371002708522E-011
  3.274105506113259E-011  3.500481456520991E-012  3.624153651765359E-011
  6.627956279710139E-011  7.000962913041637E-012  7.328052571014303E-011
  3.274570079668488E-011  3.501140934738677E-012  3.624684173142355E-011
  6.626345195321142E-011  7.002281869477025E-012  7.326573382268845E-011
  3.272394955464752E-011  3.502764368750518E-012  3.622671392339804E-011
  6.624107431171241E-011  7.005528737500485E-012  7.324660304921289E-011
  3.272882918508485E-011  3.503249931605124E-012  3.623207911668997E-011
  6.622687473131608E-011  7.006499863209900E-012  7.323337459452598E-011
  3.270282218686121E-011  3.505622189211404E-012  3.620844437607262E-011
  6.619504677627804E-011  7.011244378422596E-012  7.320629115470063E-011
  3.270734494916122E-011  3.505861307492259E-012  3.621320625665348E-011
  6.618107369336506E-011  7.011722614984192E-012  7.319279630834925E-011
  3.268014723124634E-011  3.508871335417012E-012  3.618901856666335E-011
  6.614971412252839E-011  7.017742670833643E-012  7.316745679336204E-011
  3.268452009672021E-011  3.508681889483499E-012  3.619320198620371E-011
  6.613219216084113E-011  7.017363778966665E-012  7.314955593980779E-011
  3.264091995664596E-011  3.515015020088177E-012  3.615593497673413E-011
  6.605784044309170E-011  7.030030040175792E-012  7.308787048326749E-011
  3.263625793033754E-011  3.515843308839850E-012  3.615210123917739E-011
  6.602785607299116E-011  7.031686617679338E-012  7.305954269067050E-011
  3.261198486317980E-011  3.520404065074654E-012  3.613238892825446E-011
  6.595607701244301E-011  7.040808130148824E-012  7.299688514259184E-011
  3.259845762954936E-011  3.520533985335740E-012  3.611899161488510E-011
  6.594362161096704E-011  7.041067970671019E-012  7.298468958163806E-011
  3.256896761785761E-011  3.526448667248018E-012  3.609541628510563E-011
  6.586319184077125E-011  7.052897334495657E-012  7.291608917526691E-011
  3.254899890005219E-011  3.527104718666780E-012  3.607610361871897E-011
  6.584336514778993E-011  7.054209437333266E-012  7.289757458512320E-011
  3.255044386301085E-011  3.527588361264494E-012  3.607803222427534E-011
  6.582610721575885E-011  7.055176722528420E-012  7.288128393828726E-011
  3.252496535259520E-011  3.529982129805216E-012  3.605494748240042E-011
  6.579394218177443E-011  7.059964259610061E-012  7.285390644138448E-011
  3.252931220568856E-011  3.530039302748345E-012  3.605935150843691E-011
  6.577964489269070E-011  7.060078605496238E-012  7.283972349818694E-011
  3.249555381740355E-011  3.534305682293799E-012  3.602985949969735E-011
  6.573185031939885E-011  7.068611364587329E-012  7.280046168398617E-011
  3.249879011317809E-011  3.534073999859499E-012  3.603286411303759E-011
  6.571411214440408E-011  7.068147999718698E-012  7.278226014412277E-011
  3.244613601426065E-011  3.543665865113631E-012  3.598980187937428E-011
  6.558894338968393E-011  7.087331730226518E-012  7.267627511991044E-011
  3.242563514887997E-011  3.544310791810442E-012  3.596994594069041E-011
  6.556643263749632E-011  7.088621583620526E-012  7.265505422111684E-011
  3.242928416580216E-011  3.544333832408664E-012  3.597361799821083E-011
  6.555473970066429E-011  7.088667664817150E-012  7.264340736548145E-011
  3.239381531007720E-011  3.548910495924399E-012  3.594272580600160E-011
  6.549518763714736E-011  7.097820991848361E-012  7.259300862899572E-011
  3.239688342984378E-011  3.548731955471975E-012  3.594561538531576E-011
  6.548107406054463E-011  7.097463910943819E-012  7.257853797148845E-011
  3.236181547616864E-011  3.553722802815431E-012  3.591553827898407E-011
  6.542182608503467E-011  7.107445605630410E-012  7.252927169066508E-011
  3.236519469490244E-011  3.553708458993952E-012  3.591890315389639E-011
  6.540682867084748E-011  7.107416917987498E-012  7.251424558883499E-011
  3.233847786159054E-011  3.556192663800474E-012  3.589467052539102E-011
  6.537115622176174E-011  7.112385327600569E-012  7.248354154936231E-011
  3.234307155829700E-011  3.556262521201122E-012  3.589933407949812E-011
  6.535689176391584E-011  7.112525042401942E-012  7.246941680631778E-011
  3.231556537490270E-011  3.559343917431547E-012  3.587490929233425E-011
  6.532238549999438E-011  7.118687834862610E-012  7.244107333485698E-011
  3.232028380055897E-011  3.559261886693100E-012  3.587954568725207E-011
  6.530733212764686E-011  7.118523773385900E-012  7.242585590103275E-011
  3.228155154013644E-011  3.565026213751021E-012  3.584657775388747E-011
  6.524766061532208E-011  7.130052427501524E-012  7.237771304282361E-011
  3.228366751375405E-011  3.564763627881302E-012  3.584843114163535E-011
  6.522735529955034E-011  7.129527255762276E-012  7.235688255531261E-011
  3.225433897710287E-011  3.570708036042549E-012  3.582504701314542E-011
  6.515499405894072E-011  7.141416072084755E-012  7.229641013102547E-011
  3.223666295420641E-011  3.571091504818571E-012  3.580775445902498E-011
  6.513603071866513E-011  7.142183009636557E-012  7.227821372830168E-011
  3.223869284804360E-011  3.571535959217969E-012  3.581022880726157E-011
  6.512079762651000E-011  7.143071918435518E-012  7.226386954494552E-011
  3.221840721388274E-011  3.573110450448853E-012  3.579151766433159E-011
  6.509937995274562E-011  7.146220900897448E-012  7.224560085364307E-011
  3.222371276916866E-011  3.573246642647117E-012  3.579695941181578E-011
  6.508731402724594E-011  7.146493285293755E-012  7.223380731253970E-011
  3.219958537947333E-011  3.575903565111667E-012  3.577548894458499E-011
  6.506085315224611E-011  7.151807130222848E-012  7.221266028246896E-011
  3.220297371412917E-011  3.575999501329505E-012  3.577897321545867E-011
  6.504255676645279E-011  7.151999002658809E-012  7.219455576911160E-011
  3.215222418415646E-011  3.584008288520826E-012  3.573623247267729E-011
  6.495592015922451E-011  7.168016577041011E-012  7.212393673626552E-011
  3.215502819967080E-011  3.583600391987872E-012  3.573862859165867E-011
  6.493916774316690E-011  7.167200783975281E-012  7.210636852714219E-011
  3.213435644735599E-011  3.588344374427082E-012  3.572270082178307E-011
  6.487434354790010E-011  7.176688748853534E-012  7.205103229675363E-011
  3.211993726617233E-011  3.588518235531739E-012  3.570845550170407E-011
  6.486083970702303E-011  7.177036471063010E-012  7.203787617808605E-011
  3.210540207495299E-011  3.591838866789462E-012  3.569724094174246E-011
  6.481670966990643E-011  7.183677733578376E-012  7.200038740348480E-011
  3.208369968413690E-011  3.593217529114344E-012  3.567691721325124E-011
  6.478837333165884E-011  7.186435058228379E-012  7.197480838988722E-011
  3.208649525898738E-011  3.593663479101080E-012  3.568015873808846E-011
  6.477568679248632E-011  7.187326958201880E-012  7.196301375068820E-011
  3.206197152167501E-011  3.596075934246713E-012  3.565804745592172E-011
  6.474215474775198E-011  7.192151868492754E-012  7.193430661624473E-011
  3.206672361727589E-011  3.596400754952161E-012  3.566312437222805E-011
  6.473157061461898E-011  7.192801509903773E-012  7.192437212452276E-011
  3.204058088663782E-011  3.599229254902104E-012  3.563981014153992E-011
  6.469727608133800E-011  7.198458509803762E-012  7.189573459114177E-011
  3.204222334881810E-011  3.599872041351755E-012  3.564209539016986E-011
  6.467806792101802E-011  7.199744082703064E-012  7.187781200372108E-011
  3.200168033090036E-011  3.605280969382129E-012  3.560696130028249E-011
  6.461311799190928E-011  7.210561938763678E-012  7.182367993067295E-011
  3.200598050717272E-011  3.605122284529548E-012  3.561110279170227E-011
  6.459972045260029E-011  7.210244569058888E-012  7.180996502165919E-011
  3.196795848590568E-011  3.611734092425247E-012  3.557969257833093E-011
  6.452644779854288E-011  7.223468184849851E-012  7.174991598339272E-011
  3.197071462021163E-011  3.611630622009363E-012  3.558234524222099E-011
  6.451562645246384E-011  7.223261244018154E-012  7.173888769648199E-011
  3.195611066926421E-011  3.612436560194799E-012  3.556854722945901E-011
  6.450087510687940E-011  7.224873120389128E-012  7.172574822726853E-011
  3.195655606145031E-011  3.613358795926586E-012  3.556991485737689E-011
  6.448242814350088E-011  7.226717591852777E-012  7.170914573535366E-011
  3.194134162033363E-011  3.614352155509708E-012  3.555569377584334E-011
  6.446966982573597E-011  7.228704311018894E-012  7.169837413675486E-011
  3.194360668063074E-011  3.615075937624446E-012  3.555868261825519E-011
  6.445352542816437E-011  7.230151875248461E-012  7.168367730341284E-011
  3.191253400121201E-011  3.618749209736708E-012  3.553128321094872E-011
  6.440607640736776E-011  7.237498419472982E-012  7.164357482684074E-011
  3.191731147596028E-011  3.618879543846634E-012  3.553619101980691E-011
  6.439634547623759E-011  7.237759087692769E-012  7.163410456393036E-011
  3.189450482891725E-011  3.621607963078019E-012  3.551611279199527E-011
  6.437144974094274E-011  7.243215926155613E-012  7.161466566709835E-011
  3.189941934625636E-011  3.621400744653985E-012  3.552082009091034E-011
  6.435805627210875E-011  7.242801489307774E-012  7.160085776141652E-011
  3.187225142839574E-011  3.625681795928652E-012  3.549793322432439E-011
  6.431889117406980E-011  7.251363591856849E-012  7.157025476592664E-011
  3.187457744340963E-011  3.625595216217025E-012  3.550017265962666E-011
  6.430478920419667E-011  7.251190432433693E-012  7.155597963663036E-011
  3.185111791783494E-011  3.629143027767000E-012  3.548026094560194E-011
  6.426369870767030E-011  7.258286055533529E-012  7.152198476320384E-011
  3.185207996448259E-011  3.629707962023295E-012  3.548178792650588E-011
  6.424592779395524E-011  7.259415924046206E-012  7.150534371800144E-011
  3.183764314248533E-011  3.630427896008565E-012  3.546807103849390E-011
  6.423183670378042E-011  7.260855792016520E-012  7.149269249579694E-011
  3.184148445533560E-011  3.631228186765256E-012  3.547271264210086E-011
  6.421994821010209E-011  7.262456373530000E-012  7.148240458363208E-011
  3.182611498744166E-011  3.632042734757070E-012  3.545815772219873E-011
  6.420612399268518E-011  7.264085469513938E-012  7.147020946219912E-011
  3.183131408916141E-011  3.632994430574448E-012  3.546430851973586E-011
  6.419472536181011E-011  7.265988861148420E-012  7.146071422295854E-011
  3.181673610508287E-011  3.633478380012018E-012  3.545021448509489E-011
  6.418402914511267E-011  7.266956760023636E-012  7.145098590513630E-011
  3.182062160488029E-011  3.635068494441442E-012  3.545569009932173E-011
  6.416726522975201E-011  7.270136988882265E-012  7.143740221863428E-011
  3.180474838749552E-011  3.635354835210002E-012  3.544010322270552E-011
  6.415568727988868E-011  7.270709670419550E-012  7.142639695030824E-011
  3.180657873458652E-011  3.637718970472245E-012  3.544429770505876E-011
  6.413216665871038E-011  7.275437940944135E-012  7.140760459965452E-011
  3.178824637139689E-011  3.638127998031295E-012  3.542637436942819E-011
  6.411578490090991E-011  7.276255996062183E-012  7.139204089697209E-011
  3.177038730575167E-011  3.643934074856235E-012  3.541432138060790E-011
  6.405442086076653E-011  7.287868149711999E-012  7.134228901047852E-011
  3.175619838659911E-011  3.644062309000114E-012  3.540026069559923E-011
  6.404126000076856E-011  7.288124617999831E-012  7.132938461876839E-011
  3.174274572438197E-011  3.646423811950655E-012  3.538916953633262E-011
  6.400885155428041E-011  7.292847623900612E-012  7.130169917818102E-011
  3.171935795448693E-011  3.651322910305343E-012  3.537068086479227E-011
  6.396136167300462E-011  7.302645820609842E-012  7.126400749361446E-011
  3.171609245054222E-011  3.653179901713225E-012  3.536927235225544E-011
  6.392959159944306E-011  7.306359803425751E-012  7.123595140286882E-011
  3.170037670629384E-011  3.653175508109148E-012  3.535355221440299E-011
  6.391687710196344E-011  7.306351016217737E-012  7.122322811818117E-011
  3.169059411649922E-011  3.655518542677238E-012  3.534611265917645E-011
  6.388018919692469E-011  7.311037085353849E-012  7.119122628227855E-011
  3.167776772722841E-011  3.655927783603871E-012  3.533369551083228E-011
  6.386895640383393E-011  7.311855567207195E-012  7.118081197104113E-011
  3.167833228261753E-011  3.657423411739398E-012  3.533575569435693E-011
  6.385024861443798E-011  7.314846823478239E-012  7.116509543791622E-011
  3.166520119381159E-011  3.657721720084169E-012  3.532292291389575E-011
  6.384066533349156E-011  7.315443440167976E-012  7.115610877365954E-011
  3.166444317619516E-011  3.660502032068273E-012  3.532494520826343E-011
  6.381187894711244E-011  7.321004064135812E-012  7.113288301124826E-011
  3.164636059362084E-011  3.660819393709215E-012  3.530717998733005E-011
  6.379571763720062E-011  7.321638787418033E-012  7.111735642461866E-011
  3.160981627811315E-011  3.669122718213976E-012  3.527893899632712E-011
  6.370338495186081E-011  7.338245436427542E-012  7.104163038828836E-011
  3.159033729425413E-011  3.670504820767771E-012  3.526084211502190E-011
  6.367672851193498E-011  7.341009641535031E-012  7.101773815347000E-011
  3.159188732865032E-011  3.670798687913850E-012  3.526268601656416E-011
  6.366663374434875E-011  7.341597375826804E-012  7.100823112017555E-011
  3.157581684532567E-011  3.672061199523768E-012  3.524787804484944E-011
  6.364910846514901E-011  7.344122399047058E-012  7.099323086419607E-011
  3.157945652810785E-011  3.672190997015512E-012  3.525164752512336E-011
  6.364028718853300E-011  7.344381994030606E-012  7.098466918256361E-011
  3.155971169270006E-011  3.674525001389375E-012  3.523423669408944E-011
  6.361741674072422E-011  7.349050002778236E-012  7.096646674350246E-011
  3.155974939083903E-011  3.675037658130189E-012  3.523478704896922E-011
  6.359845910732251E-011  7.350075316259788E-012  7.094853442358230E-011
  3.153617251967181E-011  3.679304997773844E-012  3.521547751744565E-011
  6.355844690415282E-011  7.358609995547044E-012  7.091705689969987E-011
  3.153983261512572E-011  3.679067409953895E-012  3.521890002507962E-011
  6.355075212516633E-011  7.358134819907215E-012  7.090888694507354E-011
  3.152725894996044E-011  3.679917667924927E-012  3.520717661788537E-011
  6.353858325343644E-011  7.359835335849364E-012  7.089841858928581E-011
  3.153025654894116E-011  3.680269687080506E-012  3.521052623602167E-011
  6.352824528129076E-011  7.360539374160620E-012  7.088878465545137E-011
  3.151605973244826E-011  3.681498562223335E-012  3.519755829467159E-011
  6.351414852101990E-011  7.362997124446065E-012  7.087714564546596E-011
  3.151963892059981E-011  3.681872655287030E-012  3.520151157588684E-011
  6.350490237791737E-011  7.363745310573728E-012  7.086864768849110E-011
  3.150565389622514E-011  3.683266469720383E-012  3.518892036594552E-011
  6.349256674023943E-011  7.366532939440170E-012  7.085909967967961E-011
  3.150912657092066E-011  3.683501384363363E-012  3.519262795528402E-011
  6.348194567638245E-011  7.367002768725997E-012  7.084894844510844E-011
  3.148932364240113E-011  3.685910333855657E-012  3.517523397625679E-011
  6.345764719615528E-011  7.371820667710794E-012  7.082946786386607E-011
  3.149337170901649E-011  3.685944291333248E-012  3.517931600034974E-011
  6.344849811699207E-011  7.371888582666187E-012  7.082038669965826E-011
  3.147192534870791E-011  3.689185553978571E-012  3.516111090268648E-011
  6.341937688002250E-011  7.378371107956627E-012  7.079774798797912E-011
  3.147563104801450E-011  3.688925621038886E-012  3.516455666905338E-011
  6.341058205461494E-011  7.377851242077161E-012  7.078843329669210E-011
  3.144816367312296E-011  3.693762368595265E-012  3.514192604171822E-011
  6.335825804157000E-011  7.387524737190012E-012  7.074578277876001E-011
  3.145067723243549E-011  3.693666106153141E-012  3.514434333858863E-011
  6.335023024191557E-011  7.387332212305760E-012  7.073756245422133E-011
  3.143867096418611E-011  3.694412495220578E-012  3.513308345940669E-011
  6.333816402291100E-011  7.388824990440762E-012  7.072698901335177E-011
  3.144209157988435E-011  3.694945137955933E-012  3.513703671784028E-011
  6.332948654655658E-011  7.389890275911227E-012  7.071937682246781E-011
  3.143048408333092E-011  3.695693220332633E-012  3.512617730366356E-011
  6.332097920536496E-011  7.391386440664789E-012  7.071236564602975E-011
  3.143388369994066E-011  3.696362089796554E-012  3.513024578973721E-011
  6.331026422389476E-011  7.392724179592592E-012  7.070298840348735E-011
  3.142100117881780E-011  3.697269145170720E-012  3.511827032398852E-011
  6.329966914835990E-011  7.394538290340943E-012  7.069420743870084E-011
  3.142450284345116E-011  3.697981715212517E-012  3.512248455866368E-011
  6.328882572767757E-011  7.395963430424370E-012  7.068478915810194E-011
  3.141282747551262E-011  3.698673996588165E-012  3.511150147210078E-011
  6.328086428933752E-011  7.397347993175929E-012  7.067821228251345E-011
  3.141731656264310E-011  3.699249619799998E-012  3.511656618244310E-011
  6.327218210258709E-011  7.398499239599161E-012  7.067068134218625E-011
  3.140565068570966E-011  3.699875875169569E-012  3.510552656087923E-011
  6.326429564309209E-011  7.399751750338477E-012  7.066404739343057E-011
  3.141002893434566E-011  3.700423807765647E-012  3.511045274211131E-011
  6.325639418215127E-011  7.400847615530574E-012  7.065724179768185E-011
  3.139896547271680E-011  3.701061565832649E-012  3.510002703854945E-011
  6.324838879157235E-011  7.402123131665001E-012  7.065051192323735E-011
  3.140295809221824E-011  3.701694150779300E-012  3.510465224299754E-011
  6.324022357976215E-011  7.403388301558010E-012  7.064361188132016E-011
  3.139158924276190E-011  3.702303443045876E-012  3.509389268580778E-011
  6.323146508524962E-011  7.404606886091498E-012  7.063607197134112E-011
  3.139556445737198E-011  3.703034146188787E-012  3.509859860356077E-011
  6.322287537077129E-011  7.406068292377197E-012  7.062894366314848E-011
  3.138454401123689E-011  3.703504425555568E-012  3.508804843679246E-011
  6.321502888865381E-011  7.407008851110343E-012  7.062203773976416E-011
  3.138836909562432E-011  3.704428461420895E-012  3.509279755704522E-011
  6.320543450142530E-011  7.408856922841059E-012  7.061429142426636E-011
  3.137602661195177E-011  3.704973058567293E-012  3.508099967051907E-011
  6.319475139838435E-011  7.409946117133999E-012  7.060469751551834E-011
  3.137868341366486E-011  3.706327935533470E-012  3.508501134919833E-011
  6.318139545714946E-011  7.412655871066211E-012  7.059405132821567E-011
  3.136532020269306E-011  3.706861455617910E-012  3.507218165831097E-011
  6.316894499226717E-011  7.413722911235060E-012  7.058266790350223E-011
  3.136329283183388E-011  3.709846115021624E-012  3.507313894685550E-011
  6.314162682518593E-011  7.419692230042672E-012  7.056131905522861E-011
  3.135002686875828E-011  3.709739350827324E-012  3.505976621958560E-011
  6.313215976762900E-011  7.419478701654151E-012  7.055163846928316E-011
  3.134013127076708E-011  3.712766194368317E-012  3.505289746513540E-011
  6.310512333894842E-011  7.425532388735942E-012  7.053065572768437E-011
  3.132784506584907E-011  3.713685020448843E-012  3.504153008629791E-011
  6.309103934215261E-011  7.427370040897114E-012  7.051840938304972E-011
  3.133125556149329E-011  3.713624669543896E-012  3.504488023103718E-011
  6.308421799987070E-011  7.427249339087385E-012  7.051146733895809E-011
  3.131948477048957E-011  3.714618006921373E-012  3.503410277741094E-011
  6.307285819968201E-011  7.429236013842122E-012  7.050209421352413E-011
  3.132106811115574E-011  3.715270824372608E-012  3.503633893552835E-011
  6.306078637196009E-011  7.430541648744800E-012  7.049132802070490E-011
  3.130862503024419E-011  3.716431183696845E-012  3.502505621394103E-011
  6.305028171389915E-011  7.432862367393295E-012  7.048314408129245E-011
  3.131322099492932E-011  3.716572557829199E-012  3.502979355275852E-011
  6.304325383346171E-011  7.433145115657905E-012  7.047639894911962E-011
  3.129916482370333E-011  3.718062829156608E-012  3.501722765285993E-011
  6.303032404180069E-011  7.436125658312874E-012  7.046644970011356E-011
  3.130370341264907E-011  3.718119185265197E-012  3.502182259791426E-011
  6.302273291546175E-011  7.436238370530266E-012  7.045897128599202E-011
  3.128917835619714E-011  3.719825940065493E-012  3.500900429626264E-011
  6.300901621601255E-011  7.439651880130390E-012  7.044866809614295E-011
  3.129365076339508E-011  3.719765734788804E-012  3.501341649818388E-011
  6.300122034524391E-011  7.439531469577100E-012  7.044075181482101E-011
  3.127757004458690E-011  3.721943105270935E-012  3.499951314985784E-011
  6.298279459816687E-011  7.443886210541052E-012  7.042668080870792E-011
  3.128098460692389E-011  3.721877998996247E-012  3.500286260592014E-011
  6.297468242474180E-011  7.443755997992215E-012  7.041843842273402E-011
  3.126528972002391E-011  3.724385303740973E-012  3.498967502376488E-011
  6.295336314378408E-011  7.448770607481368E-012  7.040213375126545E-011
  3.126847085544145E-011  3.724264638145193E-012  3.499273549358665E-011
  6.294610287342338E-011  7.448529276289847E-012  7.039463214971323E-011
  3.125401495078440E-011  3.726145527432851E-012  3.498016047821725E-011
  6.292811967116247E-011  7.452291054865118E-012  7.038041072602759E-011
  3.125740123206238E-011  3.726183772972100E-012  3.498358500503448E-011
  6.292051685542170E-011  7.452367545943599E-012  7.037288440136530E-011
  3.124316959466397E-011  3.727811763146822E-012  3.497098135781079E-011
  6.290557314385174E-011  7.455623526293283E-012  7.036119667014502E-011
  3.124618341985373E-011  3.727963707137883E-012  3.497414712699162E-011
  6.289634108959565E-011  7.455927414275335E-012  7.035226850387098E-011
  3.122951305218655E-011  3.730282074925163E-012  3.495979512711171E-011
  6.287747744345426E-011  7.460564149849861E-012  7.033804159330412E-011
  3.123208466191356E-011  3.730346866188078E-012  3.496243152810164E-011
  6.286627951013967E-011  7.460693732375755E-012  7.032697324251543E-011
  3.121055089598636E-011  3.734080156745959E-012  3.494463105273233E-011
  6.283325792453915E-011  7.468160313491203E-012  7.030141823803036E-011
  3.121331290883681E-011  3.733914016554414E-012  3.494722692539122E-011
  6.282479828111508E-011  7.467828033108049E-012  7.029262631422313E-011
  3.119951955223550E-011  3.735761305035346E-012  3.493528085727085E-011
  6.280640460387294E-011  7.471522610069875E-012  7.027792721394281E-011
  3.120332440608763E-011  3.735762051249080E-012  3.493908645733671E-011
  6.279970567549225E-011  7.471524102497772E-012  7.027122977799003E-011
  3.119248657655179E-011  3.736504562291941E-012  3.492899113884373E-011
  6.279121611773602E-011  7.473009124583730E-012  7.026422524231974E-011
  3.119599363193160E-011  3.736906598023286E-012  3.493290022995489E-011
  6.278354449112919E-011  7.473813196046279E-012  7.025735768717546E-011
  3.118260393635553E-011  3.738259394953970E-012  3.492086333130950E-011
  6.277010496684702E-011  7.476518789907370E-012  7.024662375675439E-011
  3.118625913103451E-011  3.738544221641389E-012  3.492480335267590E-011
  6.276251662594542E-011  7.477088443282124E-012  7.023960506922755E-011
  3.117279798193449E-011  3.740066594480208E-012  3.491286457641470E-011
  6.274915705069703E-011  7.480133188959904E-012  7.022929023965694E-011
  3.117677906224876E-011  3.740148265723286E-012  3.491692732797204E-011
  6.274212668924767E-011  7.480296531445904E-012  7.022242322069357E-011
  3.116378018074644E-011  3.741626225367681E-012  3.490540640611412E-011
  6.273034255913602E-011  7.483252450734924E-012  7.021359500987095E-011
  3.116616611034630E-011  3.741878682861353E-012  3.490804479320766E-011
  6.271978495806418E-011  7.483757365722365E-012  7.020354232378654E-011
  3.115147580438762E-011  3.743918336135867E-012  3.489539414052349E-011
  6.270415392022313E-011  7.487836672271225E-012  7.019199059249435E-011
  3.115487643229017E-011  3.743845364140158E-012  3.489872179643032E-011
  6.269578514522455E-011  7.487690728279505E-012  7.018347587350405E-011
  3.114069965952545E-011  3.746040780177071E-012  3.488674043970252E-011
  6.267586158500694E-011  7.492081560353409E-012  7.016794314536034E-011
  3.114337326963894E-011  3.746052430110867E-012  3.488942569974981E-011
  6.266931381935426E-011  7.492104860221367E-012  7.016141867957562E-011
  3.112811530057490E-011  3.748080319971994E-012  3.487619562054690E-011
  6.264913432491138E-011  7.496160639943518E-012  7.014529496485490E-011
  3.113063290238811E-011  3.748176712897847E-012  3.487880961528596E-011
  6.264126577416823E-011  7.496353425795109E-012  7.013761919996333E-011
  3.111098204893990E-011  3.751184449540789E-012  3.486216649848069E-011
  6.261290795998320E-011  7.502368899081085E-012  7.011527685906429E-011
  3.111164230799645E-011  3.751489678023910E-012  3.486313198602036E-011
  6.259993807404294E-011  7.502979356047316E-012  7.010291743009025E-011
  3.109480878084940E-011  3.754850723821217E-012  3.484965950467061E-011
  6.257461449377953E-011  7.509701447641899E-012  7.008431594142144E-011
  3.109774974193702E-011  3.754585185819426E-012  3.485233492775645E-011
  6.256718037489255E-011  7.509170371638333E-012  7.007635074653088E-011
  3.108614584887161E-011  3.755531144173436E-012  3.484167699304504E-011
  6.255448157407184E-011  7.511062288346149E-012  7.006554386241799E-011
  3.108925734461386E-011  3.755808308742303E-012  3.484506565335616E-011
  6.254720589511873E-011  7.511616617484244E-012  7.005882251260297E-011
  3.107827834344338E-011  3.756781219155013E-012  3.483505956259839E-011
  6.253747833345923E-011  7.513562438309374E-012  7.005104077176860E-011
  3.108114240770522E-011  3.757205216522863E-012  3.483834762422808E-011
  6.252894090169069E-011  7.514410433045239E-012  7.004335133473593E-011
  3.106815330756214E-011  3.758608502614434E-012  3.482676181017657E-011
  6.251595144716125E-011  7.517217005227917E-012  7.003316845238917E-011
  3.106922462401522E-011  3.759238722220098E-012  3.482846334623532E-011
  6.250312020397039E-011  7.518477444439498E-012  7.002159764840989E-011
  3.105361282404267E-011  3.761294415237934E-012  3.481490723928060E-011
  6.248374474643286E-011  7.522588830475384E-012  7.000633357690825E-011
  3.105700372815789E-011  3.761356282160791E-012  3.481836001031868E-011
  6.247682264153868E-011  7.522712564321226E-012  6.999953520585991E-011
  3.104270406394526E-011  3.763381536563167E-012  3.480608560050842E-011
  6.246081324539570E-011  7.526763073125743E-012  6.998757631852144E-011
  3.104604694244467E-011  3.763267198858670E-012  3.480931414130334E-011
  6.245322197118624E-011  7.526534397716794E-012  6.997975636890303E-011
  3.102980542170644E-011  3.765936390243214E-012  3.479574181194965E-011
  6.243144879824224E-011  7.531872780485673E-012  6.996332157872790E-011
  3.103256712621746E-011  3.765860031034662E-012  3.479842715725212E-011
  6.242336646461336E-011  7.531720062068735E-012  6.995508652668209E-011
  3.101957359258939E-011  3.767851417433325E-012  3.478742501002271E-011
  6.240586449812946E-011  7.535702834866319E-012  6.994156733299577E-011
  3.102282449277918E-011  3.767782552136398E-012  3.479060704491558E-011
  6.239988312892939E-011  7.535565104272190E-012  6.993544823320158E-011
  3.101041919312104E-011  3.769185803424562E-012  3.477960499654561E-011
  6.238634180255920E-011  7.538371606848874E-012  6.992471340940807E-011
  3.101381529596647E-011  3.769297411007195E-012  3.478311270697367E-011
  6.237979227603235E-011  7.538594822013698E-012  6.991838709804605E-011
  3.099757389842246E-011  3.771504956613224E-012  3.476907885503569E-011
  6.235839344546327E-011  7.543009913225959E-012  6.990140335868923E-011
  3.099975676012967E-011  3.771715915459437E-012  3.477147267558911E-011
  6.234974768826977E-011  7.543431830918277E-012  6.989317951918804E-011
  3.097840450062659E-011  3.775332767269962E-012  3.475373726789656E-011
  6.231854165580482E-011  7.550665534539140E-012  6.986920719034395E-011
  3.098207141926380E-011  3.774982495942835E-012  3.475705391520664E-011
  6.231159886665778E-011  7.549964991885072E-012  6.986156385854285E-011
  3.097158721376317E-011  3.777011868393895E-012  3.474859908215707E-011
  6.229592767405024E-011  7.554023736786990E-012  6.984995141083723E-011
  3.097357882941320E-011  3.777101088199993E-012  3.475067991761319E-011
  6.228884341015900E-011  7.554202176399274E-012  6.984304558655828E-011
  3.096371894764195E-011  3.777809163614558E-012  3.474152811125651E-011
  6.227918394935071E-011  7.555618327228430E-012  6.983480227657913E-011
  3.096373969872643E-011  3.778814066173739E-012  3.474255376490016E-011
  6.226632440649387E-011  7.557628132346604E-012  6.982395253884047E-011
  3.095394900888624E-011  3.779553449110106E-012  3.473350245799635E-011
  6.225781253857128E-011  7.559106898219612E-012  6.981691943679090E-011
  3.095623260528720E-011  3.780322450306461E-012  3.473655505559366E-011
  6.224876641999918E-011  7.560644900612025E-012  6.980941132061120E-011
  3.094581690848501E-011  3.781093982791882E-012  3.472691089127689E-011
  6.223929626292312E-011  7.562187965583235E-012  6.980148422850635E-011
  3.094927110845051E-011  3.781718620955119E-012  3.473098972940563E-011
  6.223272465759800E-011  7.563437241909569E-012  6.979616189950756E-011
  3.094026508497943E-011  3.782136371455674E-012  3.472240145643510E-011
  6.222670986764670E-011  7.564272742910722E-012  6.979098261055741E-011
  3.094353002075171E-011  3.782867949819129E-012  3.472639797057084E-011
  6.221944800787270E-011  7.565735899637685E-012  6.978518390751039E-011
  3.093476440519811E-011  3.783176187138797E-012  3.471794059233691E-011
  6.221394614920927E-011  7.566352374276931E-012  6.978029852348620E-011
  3.093767138908584E-011  3.784046673929034E-012  3.472171806301488E-011
  6.220593460746749E-011  7.568093347857485E-012  6.977402795532496E-011
  3.092897885150146E-011  3.784272167073537E-012  3.471325101857499E-011
  6.220052611472387E-011  7.568544334146639E-012  6.976907044887052E-011
  3.093158915477318E-011  3.785441786967435E-012  3.471703094174061E-011
  6.219082009806596E-011  7.570883573933940E-012  6.976170367199990E-011
  3.092267503423232E-011  3.785498129926136E-012  3.470817316415846E-011
  6.218530288637780E-011  7.570996259851627E-012  6.975629914622943E-011
  3.092361318935130E-011  3.787211502555363E-012  3.471082469190666E-011
  6.217193060969810E-011  7.574423005110081E-012  6.974635361480818E-011
  3.091433605807890E-011  3.787140138162392E-012  3.470147619624129E-011
  6.216586776360694E-011  7.574280276324052E-012  6.974014803993099E-011
  3.091196243950228E-011  3.789149104314222E-012  3.470111154381651E-011
  6.215011084158697E-011  7.578298208627917E-012  6.972840905021488E-011
  3.090218133515973E-011  3.789720993712793E-012  3.469190232887253E-011
  6.213856983643895E-011  7.579441987425510E-012  6.971801182386446E-011
  3.090069505332769E-011  3.790958090397350E-012  3.469165314372504E-011
  6.212657449445819E-011  7.581916180794159E-012  6.970849067525235E-011
  3.089310071743168E-011  3.791134696541046E-012  3.468423541397273E-011
  6.212123239624697E-011  7.582269393081819E-012  6.970350178932879E-011
  3.088489087976150E-011  3.793728831324455E-012  3.467861971108596E-011
  6.209069621673829E-011  7.587457662647904E-012  6.967815387938620E-011
  3.087755438391578E-011  3.794174548332068E-012  3.467172893224785E-011
  6.208433347734998E-011  7.588349096663476E-012  6.967268257401346E-011
  3.087629635914038E-011  3.796327063855383E-012  3.467262342299577E-011
  6.206704686814694E-011  7.592654127709990E-012  6.965970099585693E-011
  3.086447062818595E-011  3.796574929500331E-012  3.466104555768628E-011
  6.205570677048579E-011  7.593149859000045E-012  6.964885662948584E-011
  3.084582754483892E-011  3.801730429574034E-012  3.464755797441295E-011
  6.200301161306215E-011  7.603460859147279E-012  6.960647247220943E-011
  3.083857973776313E-011  3.801745612071676E-012  3.464032534983480E-011
  6.199783474455559E-011  7.603491224142742E-012  6.960132596869834E-011
  3.083797000501417E-011  3.803172520868166E-012  3.464114252588233E-011
  6.198425363473136E-011  7.606345041735540E-012  6.959059867646691E-011
  3.082655839897910E-011  3.803849949856442E-012  3.463040834883554E-011
  6.197232307865742E-011  7.607699899712361E-012  6.958002297836977E-011
  3.082698886046487E-011  3.805269820365960E-012  3.463225868083083E-011
  6.195975234979888E-011  7.610539640731292E-012  6.957029199053018E-011
  3.081826721153545E-011  3.805408316326745E-012  3.462367552786219E-011
  6.195450829375487E-011  7.610816632653257E-012  6.956532492640813E-011
  3.081316079211456E-011  3.807970750812470E-012  3.462113154292703E-011
  6.192883308102660E-011  7.615941501624108E-012  6.954477458265071E-011
  3.079629533490597E-011  3.809775407176839E-012  3.460607074208281E-011
  6.190435461187340E-011  7.619550814353050E-012  6.952390542622645E-011
  3.078151382542746E-011  3.814370453147104E-012  3.459588427857456E-011
  6.185921850973985E-011  7.628740906293511E-012  6.948795941603336E-011
  3.077289716597089E-011  3.814400930134725E-012  3.458729809610562E-011
  6.185272148531802E-011  7.628801860269215E-012  6.948152334558723E-011
  3.075935708596572E-011  3.818659265415338E-012  3.457801635138105E-011
  6.181053581013875E-011  7.637318530829925E-012  6.944785434096867E-011
  3.074851812193692E-011  3.819292094491945E-012  3.456781021642887E-011
  6.179848870622265E-011  7.638584188983516E-012  6.943707289520617E-011
  3.071845402425892E-011  3.826760386803327E-012  3.454521441106225E-011
  6.172130439167978E-011  7.653520773605784E-012  6.937482516528556E-011
  3.070864566721299E-011  3.827298043026163E-012  3.453594371023915E-011
  6.171038942601253E-011  7.654596086051584E-012  6.936498551206411E-011
  3.069702437515992E-011  3.831251497701213E-012  3.452827587286113E-011
  6.167301707638669E-011  7.662502995401733E-012  6.933552007178842E-011
  3.068719026816789E-011  3.831583891786732E-012  3.451877415995462E-011
  6.166395167594565E-011  7.663167783572728E-012  6.932711945951838E-011
  3.068268560250971E-011  3.833993247183368E-012  3.451667884969308E-011
  6.164094076436633E-011  7.667986494366094E-012  6.930892725873243E-011
  3.067403212024346E-011  3.834116686797815E-012  3.450814880704127E-011
  6.163550268101326E-011  7.668233373594919E-012  6.930373605460817E-011
  3.067580650638745E-011  3.835374202966582E-012  3.451118070935404E-011
  6.162483041194955E-011  7.670748405932577E-012  6.929557881788214E-011
  3.066546668782139E-011  3.835866646334949E-012  3.450133333415634E-011
  6.161596867335091E-011  7.671733292669467E-012  6.928770196602038E-011
  3.066244939321303E-011  3.838360978007587E-012  3.450081037122062E-011
  6.159447827045222E-011  7.676721956014119E-012  6.927120022646634E-011
  3.065260114099957E-011  3.838540694008234E-012  3.449114183500780E-011
  6.158710396063216E-011  7.677081388015751E-012  6.926418534864791E-011
  3.065078075066545E-011  3.840556850475492E-012  3.449133760114095E-011
  6.157016616448209E-011  7.681113700949965E-012  6.925127986543206E-011
  3.064233759825227E-011  3.840765092774558E-012  3.448310269102683E-011
  6.156367723811851E-011  7.681530185548656E-012  6.924520742366716E-011
  3.063451184671560E-011  3.843992544131527E-012  3.447850439084713E-011
  6.153443651870918E-011  7.687985088262246E-012  6.922242160697142E-011
  3.062745914626965E-011  3.843924167862327E-012  3.447138331413197E-011
  6.152990798641150E-011  7.687848335723908E-012  6.921775632213540E-011
  3.062569585400835E-011  3.845853165780120E-012  3.447154901978847E-011
  6.151558158389396E-011  7.691706331559739E-012  6.920728791545370E-011
  3.061443014070134E-011  3.846759361593621E-012  3.446118950229497E-011
  6.150138675535708E-011  7.693518723186622E-012  6.919490547854371E-011
  3.060692465043219E-011  3.849529710804287E-012  3.445645436123648E-011
  6.147408721710690E-011  7.699059421607962E-012  6.917314663871486E-011
  3.059899635919415E-011  3.849834387317633E-012  3.444883074651179E-011
  6.146781464919753E-011  7.699668774634486E-012  6.916748342383202E-011
  3.059903324130135E-011  3.851209327661512E-012  3.445024256896286E-011
  6.145608343148483E-011  7.702418655322483E-012  6.915850208680730E-011
  3.059022251651610E-011  3.851693445249118E-012  3.444191596176522E-011
  6.144758946306905E-011  7.703386890497735E-012  6.915097635356678E-011
  3.058952454247521E-011  3.853568518196939E-012  3.444309306067215E-011
  6.143486307260181E-011  7.707137036392979E-012  6.914200010899478E-011
  3.058139244744698E-011  3.853525956838446E-012  3.443491840428543E-011
  6.142910026290691E-011  7.707051913676342E-012  6.913615217658326E-011
  3.057581849047108E-011  3.855968474693490E-012  3.443178696516457E-011
  6.140604077269022E-011  7.711936949386095E-012  6.911797772207631E-011
  3.056941001055276E-011  3.856102085242831E-012  3.442551209579559E-011
  6.140179695117826E-011  7.712204170484964E-012  6.911400112166322E-011
  3.056658244827625E-011  3.858279409649132E-012  3.442486185792538E-011
  6.138412370073345E-011  7.716558819297630E-012  6.910068252003107E-011
  3.055589003529558E-011  3.859005712016246E-012  3.441489574731182E-011
  6.137164650605648E-011  7.718011424031784E-012  6.908965793008826E-011
  3.055047351410441E-011  3.861421530567765E-012  3.441189504467218E-011
  6.135101287429968E-011  7.722843061134748E-012  6.907385593543442E-011
  3.054344206923367E-011  3.861650488457082E-012  3.440509255769075E-011
  6.134487283928983E-011  7.723300976913401E-012  6.906817381620323E-011
  3.054379047244648E-011  3.862788249709423E-012  3.440657872215591E-011
  6.133544335543668E-011  7.725576499417947E-012  6.906101985485463E-011
  3.053524132068814E-011  3.863299967945693E-012  3.439854128863383E-011
  6.132727268519272E-011  7.726599935890907E-012  6.905387262108362E-011
  3.052963015405129E-011  3.866009390154621E-012  3.439563954420591E-011
  6.130280903683877E-011  7.732018780308666E-012  6.903482781714744E-011
  3.052197485423821E-011  3.866238437225949E-012  3.438821329146416E-011
  6.129675233284652E-011  7.732476874451117E-012  6.902922920729763E-011
  3.051996227825826E-011  3.868415022767553E-012  3.438837730102582E-011
  6.128108545790607E-011  7.736830045534294E-012  6.901791550344037E-011
  3.051230999041473E-011  3.868337214541313E-012  3.438064720495604E-011
  6.127579432031236E-011  7.736674429081908E-012  6.901246874939427E-011
  3.051083310944415E-011  3.870110473011944E-012  3.438094358245609E-011
  6.126151458049987E-011  7.740220946023485E-012  6.900173552652336E-011
  3.050317992126901E-011  3.870382668141810E-012  3.437356258941082E-011
  6.125524087428145E-011  7.740765336282838E-012  6.899600621056428E-011
  3.050476721618307E-011  3.871336156785696E-012  3.437610337296877E-011
  6.124815377840801E-011  7.742672313570648E-012  6.899082609197866E-011
  3.049541548465959E-011  3.871951761952923E-012  3.436736724661251E-011
  6.123865489161657E-011  7.743903523905134E-012  6.898255841552170E-011
  3.049758871040829E-011  3.872931542042412E-012  3.437052025245070E-011
  6.123174840607578E-011  7.745863084083869E-012  6.897761149015965E-011
  3.048643415790698E-011  3.873923486103794E-012  3.436035764401078E-011
  6.121837191118895E-011  7.747846972206884E-012  6.896621888339583E-011
  3.048700290240622E-011  3.875286556076541E-012  3.436228945848276E-011
  6.120909131163926E-011  7.750573112152313E-012  6.895966442379158E-011
  3.048001792085064E-011  3.875300569658702E-012  3.435531849050934E-011
  6.120471725647030E-011  7.750601139316716E-012  6.895531839578701E-011
  3.048196734681795E-011  3.876316221996235E-012  3.435828356881419E-011
  6.119772836590274E-011  7.752632443991396E-012  6.895036080989413E-011
  3.047451479487747E-011  3.876529227356641E-012  3.435104402223412E-011
  6.119231273353308E-011  7.753058454712752E-012  6.894537118824584E-011
  3.047545342686518E-011  3.877776091344146E-012  3.435322951820933E-011
  6.118335354658387E-011  7.755552182687758E-012  6.893890572927163E-011
  3.046815846564709E-011  3.877908402478469E-012  3.434606686812556E-011
  6.117823514594719E-011  7.755816804956398E-012  6.893405195090359E-011
  3.046935365175479E-011  3.879144293198919E-012  3.434849794495371E-011
  6.116987573720169E-011  7.758288586396608E-012  6.892816432359830E-011
  3.046216116361952E-011  3.879286259995373E-012  3.434144742361489E-011
  6.116463540528002E-011  7.758572519990082E-012  6.892320792527010E-011
  3.046079420603743E-011  3.880976233566165E-012  3.434177043960359E-011
  6.115149043180132E-011  7.761952467131581E-012  6.891344289893290E-011
  3.045411138654731E-011  3.881052280398352E-012  3.433516366694566E-011
  6.114671804696157E-011  7.762104560796668E-012  6.890882260775824E-011
  3.045448739723202E-011  3.882361380188124E-012  3.433684877742014E-011
  6.113760675537707E-011  7.764722760375591E-012  6.890232951575265E-011
