 #This file helps checking about the convergence of the optimization algorithm
 #    by printing infos related to the values of the objective function and
 #    its components.
 #- Every line describes an iteration of the optimization algorithm,
 #- on every line there are x*2+2+4 real numbers where x equals the number
 #    of measured fields used,
 #- the first 2 numbers on a line are the dataMatch and the forceMatch terms
 #    for the first measurement used,
 #- if x>1, numbers at position 3 and 4 are the dataMatch and the forceMatch
 #    terms for the second measurement
 #- etc...
 #- the following numbers are: the regularization term for each measurement
 #    and the objective function value,
 #- followed by the L2 norms of parameter1, its gradient, parameter2 and its
 #    gradient.
 #note by JFD: gnuplot is convenient to print a column
 #             plot "*.out.cvg" u 3
 #             replot "*.out.cvg" u 6
  2.48164E+02  0.00000E+00  0.00000E+00  2.48163771520E+02  1.46969E+01  0.00000E+00  4.40908E+01  0.00000E+00
  4.15929E+01  0.00000E+00  0.00000E+00  4.15929264886E+01  1.46969E+01  0.00000E+00  4.40908E+01  0.00000E+00
  4.15929E+01  0.00000E+00  0.00000E+00  4.15929264886E+01  1.46969E+01  0.00000E+00  4.40908E+01  0.00000E+00
  3.82857E+01  0.00000E+00  0.00000E+00  3.82857335329E+01  1.46969E+01  0.00000E+00  4.40908E+01  0.00000E+00
  2.96697E+01  0.00000E+00  0.00000E+00  2.96697498128E+01  1.46969E+01  0.00000E+00  4.40908E+01  0.00000E+00
  1.42591E+01  0.00000E+00  0.00000E+00  1.42590778120E+01  1.46969E+01  0.00000E+00  4.40908E+01  0.00000E+00
  1.11941E+01  0.00000E+00  0.00000E+00  1.11941210659E+01  1.46969E+01  0.00000E+00  4.40908E+01  0.00000E+00
  8.60737E+00  0.00000E+00  0.00000E+00  8.60736633383E+00  1.46969E+01  0.00000E+00  4.40908E+01  0.00000E+00
  6.61554E+00  0.00000E+00  0.00000E+00  6.61553857411E+00  1.46969E+01  0.00000E+00  4.40908E+01  0.00000E+00
  4.97326E+00  0.00000E+00  0.00000E+00  4.97325970511E+00  1.46969E+01  0.00000E+00  4.40908E+01  0.00000E+00
  3.91732E+00  0.00000E+00  0.00000E+00  3.91731897892E+00  1.46969E+01  0.00000E+00  4.40908E+01  0.00000E+00
  2.32048E+00  0.00000E+00  0.00000E+00  2.32047904952E+00  1.46969E+01  0.00000E+00  4.40908E+01  0.00000E+00
  1.31864E+00  0.00000E+00  0.00000E+00  1.31863706913E+00  1.46969E+01  0.00000E+00  4.40908E+01  0.00000E+00
  7.76302E-01  0.00000E+00  0.00000E+00  7.76301878858E-01  1.46969E+01  0.00000E+00  4.40908E+01  0.00000E+00
  5.89261E-01  0.00000E+00  0.00000E+00  5.89261422863E-01  1.46969E+01  0.00000E+00  4.40908E+01  0.00000E+00
  4.58886E-01  0.00000E+00  0.00000E+00  4.58886215401E-01  1.46969E+01  0.00000E+00  4.40908E+01  0.00000E+00
  3.66209E-01  0.00000E+00  0.00000E+00  3.66208714078E-01  1.46969E+01  0.00000E+00  4.40908E+01  0.00000E+00
  3.00216E-01  0.00000E+00  0.00000E+00  3.00216187085E-01  1.46969E+01  0.00000E+00  4.40908E+01  0.00000E+00
  2.52924E-01  0.00000E+00  0.00000E+00  2.52923576228E-01  1.46969E+01  0.00000E+00  4.40908E+01  0.00000E+00
  2.18476E-01  0.00000E+00  0.00000E+00  2.18476395890E-01  1.46969E+01  0.00000E+00  4.40908E+01  0.00000E+00
  1.93126E-01  0.00000E+00  0.00000E+00  1.93125792103E-01  1.46969E+01  0.00000E+00  4.40908E+01  0.00000E+00
  1.73971E-01  0.00000E+00  0.00000E+00  1.73971321086E-01  1.46969E+01  0.00000E+00  4.40908E+01  0.00000E+00
  1.59198E-01  0.00000E+00  0.00000E+00  1.59198249115E-01  1.46969E+01  0.00000E+00  4.40908E+01  0.00000E+00
  1.47438E-01  0.00000E+00  0.00000E+00  1.47437735335E-01  1.46969E+01  0.00000E+00  4.40908E+01  0.00000E+00
  1.37806E-01  0.00000E+00  0.00000E+00  1.37805598653E-01  1.46969E+01  0.00000E+00  4.40908E+01  0.00000E+00
  1.29667E-01  0.00000E+00  0.00000E+00  1.29667145438E-01  1.46969E+01  0.00000E+00  4.40908E+01  0.00000E+00
  1.22610E-01  0.00000E+00  0.00000E+00  1.22609500165E-01  1.46969E+01  0.00000E+00  4.40908E+01  0.00000E+00
  1.16334E-01  0.00000E+00  0.00000E+00  1.16334221695E-01  1.46969E+01  0.00000E+00  4.40908E+01  0.00000E+00
  1.10654E-01  0.00000E+00  0.00000E+00  1.10654063654E-01  1.46969E+01  0.00000E+00  4.40908E+01  0.00000E+00
  1.05431E-01  0.00000E+00  0.00000E+00  1.05430564718E-01  1.46969E+01  0.00000E+00  4.40908E+01  0.00000E+00
  1.00578E-01  0.00000E+00  0.00000E+00  1.00578039079E-01  1.46969E+01  0.00000E+00  4.40908E+01  0.00000E+00
  9.60312E-02  0.00000E+00  0.00000E+00  9.60312181053E-02  1.46969E+01  0.00000E+00  4.40908E+01  0.00000E+00
  9.17492E-02  0.00000E+00  0.00000E+00  9.17492208883E-02  1.46969E+01  0.00000E+00  4.40908E+01  0.00000E+00
  8.76992E-02  0.00000E+00  0.00000E+00  8.76991967093E-02  1.46969E+01  0.00000E+00  4.40908E+01  0.00000E+00
  8.38598E-02  0.00000E+00  0.00000E+00  8.38598165266E-02  1.46969E+01  0.00000E+00  4.40908E+01  0.00000E+00
  8.02124E-02  0.00000E+00  0.00000E+00  8.02124145924E-02  1.46969E+01  0.00000E+00  4.40908E+01  0.00000E+00
  7.67443E-02  0.00000E+00  0.00000E+00  7.67442582781E-02  1.46969E+01  0.00000E+00  4.40908E+01  0.00000E+00
  7.34430E-02  0.00000E+00  0.00000E+00  7.34430010526E-02  1.46969E+01  0.00000E+00  4.40908E+01  0.00000E+00
  7.02998E-02  0.00000E+00  0.00000E+00  7.02998270056E-02  1.46969E+01  0.00000E+00  4.40908E+01  0.00000E+00
  6.73054E-02  0.00000E+00  0.00000E+00  6.73053813705E-02  1.46969E+01  0.00000E+00  4.40908E+01  0.00000E+00
  6.44528E-02  0.00000E+00  0.00000E+00  6.44527746476E-02  1.46969E+01  0.00000E+00  4.40908E+01  0.00000E+00
  6.17342E-02  0.00000E+00  0.00000E+00  6.17342420649E-02  1.46969E+01  0.00000E+00  4.40908E+01  0.00000E+00
  5.91440E-02  0.00000E+00  0.00000E+00  5.91439666411E-02  1.46969E+01  0.00000E+00  4.40908E+01  0.00000E+00
  5.66752E-02  0.00000E+00  0.00000E+00  5.66751738578E-02  1.46969E+01  0.00000E+00  4.40908E+01  0.00000E+00
  5.43227E-02  0.00000E+00  0.00000E+00  5.43227423919E-02  1.46969E+01  0.00000E+00  4.40908E+01  0.00000E+00
  5.20806E-02  0.00000E+00  0.00000E+00  5.20806186684E-02  1.46969E+01  0.00000E+00  4.40908E+01  0.00000E+00
  4.99442E-02  0.00000E+00  0.00000E+00  4.99442003379E-02  1.46969E+01  0.00000E+00  4.40908E+01  0.00000E+00
  4.79080E-02  0.00000E+00  0.00000E+00  4.79080210229E-02  1.46969E+01  0.00000E+00  4.40908E+01  0.00000E+00
  4.59679E-02  0.00000E+00  0.00000E+00  4.59679052959E-02  1.46969E+01  0.00000E+00  4.40908E+01  0.00000E+00
  4.41189E-02  0.00000E+00  0.00000E+00  4.41188962160E-02  1.46969E+01  0.00000E+00  4.40908E+01  0.00000E+00
  4.23572E-02  0.00000E+00  0.00000E+00  4.23571897581E-02  1.46969E+01  0.00000E+00  4.40908E+01  0.00000E+00
  4.06783E-02  0.00000E+00  0.00000E+00  4.06782844793E-02  1.46969E+01  0.00000E+00  4.40908E+01  0.00000E+00
  3.90787E-02  0.00000E+00  0.00000E+00  3.90787087329E-02  1.46969E+01  0.00000E+00  4.40908E+01  0.00000E+00
  3.75544E-02  0.00000E+00  0.00000E+00  3.75543735856E-02  1.46969E+01  0.00000E+00  4.40908E+01  0.00000E+00
  3.61021E-02  0.00000E+00  0.00000E+00  3.61021088418E-02  1.46969E+01  0.00000E+00  4.40908E+01  0.00000E+00
  3.47182E-02  0.00000E+00  0.00000E+00  3.47182009270E-02  1.46969E+01  0.00000E+00  4.40908E+01  0.00000E+00
  3.33998E-02  0.00000E+00  0.00000E+00  3.33997546945E-02  1.46969E+01  0.00000E+00  4.40908E+01  0.00000E+00
  3.21434E-02  0.00000E+00  0.00000E+00  3.21433985722E-02  1.46969E+01  0.00000E+00  4.40908E+01  0.00000E+00
  3.09465E-02  0.00000E+00  0.00000E+00  3.09464890171E-02  1.46969E+01  0.00000E+00  4.40908E+01  0.00000E+00
  2.98060E-02  0.00000E+00  0.00000E+00  2.98059660514E-02  1.46969E+01  0.00000E+00  4.40908E+01  0.00000E+00
  2.87194E-02  0.00000E+00  0.00000E+00  2.87194165124E-02  1.46969E+01  0.00000E+00  4.40908E+01  0.00000E+00
  2.76841E-02  0.00000E+00  0.00000E+00  2.76840641607E-02  1.46969E+01  0.00000E+00  4.40908E+01  0.00000E+00
  2.66977E-02  0.00000E+00  0.00000E+00  2.66977068315E-02  1.46969E+01  0.00000E+00  4.40908E+01  0.00000E+00
  2.57578E-02  0.00000E+00  0.00000E+00  2.57578264886E-02  1.46969E+01  0.00000E+00  4.40908E+01  0.00000E+00
  2.48624E-02  0.00000E+00  0.00000E+00  2.48624141926E-02  1.46969E+01  0.00000E+00  4.40908E+01  0.00000E+00
  2.40092E-02  0.00000E+00  0.00000E+00  2.40091867235E-02  1.46969E+01  0.00000E+00  4.40908E+01  0.00000E+00
  2.31963E-02  0.00000E+00  0.00000E+00  2.31963120442E-02  1.46969E+01  0.00000E+00  4.40908E+01  0.00000E+00
  2.24217E-02  0.00000E+00  0.00000E+00  2.24217203571E-02  1.46969E+01  0.00000E+00  4.40908E+01  0.00000E+00
  2.16837E-02  0.00000E+00  0.00000E+00  2.16837415275E-02  1.46969E+01  0.00000E+00  4.40908E+01  0.00000E+00
  2.09805E-02  0.00000E+00  0.00000E+00  2.09804996350E-02  1.46969E+01  0.00000E+00  4.40908E+01  0.00000E+00
  2.03105E-02  0.00000E+00  0.00000E+00  2.03104726619E-02  1.46969E+01  0.00000E+00  4.40908E+01  0.00000E+00
  1.96720E-02  0.00000E+00  0.00000E+00  1.96719607286E-02  1.46969E+01  0.00000E+00  4.40908E+01  0.00000E+00
  1.90636E-02  0.00000E+00  0.00000E+00  1.90635772677E-02  1.46969E+01  0.00000E+00  4.40908E+01  0.00000E+00
  1.84838E-02  0.00000E+00  0.00000E+00  1.84837821812E-02  1.46969E+01  0.00000E+00  4.40908E+01  0.00000E+00
  1.79313E-02  0.00000E+00  0.00000E+00  1.79313127164E-02  1.46969E+01  0.00000E+00  4.40908E+01  0.00000E+00
  1.74048E-02  0.00000E+00  0.00000E+00  1.74047737467E-02  1.46969E+01  0.00000E+00  4.40908E+01  0.00000E+00
  1.69030E-02  0.00000E+00  0.00000E+00  1.69030156512E-02  1.46969E+01  0.00000E+00  4.40908E+01  0.00000E+00
  1.64248E-02  0.00000E+00  0.00000E+00  1.64247747950E-02  1.46969E+01  0.00000E+00  4.40908E+01  0.00000E+00
  1.59690E-02  0.00000E+00  0.00000E+00  1.59690048848E-02  1.46969E+01  0.00000E+00  4.40908E+01  0.00000E+00
  1.55346E-02  0.00000E+00  0.00000E+00  1.55345615170E-02  1.46969E+01  0.00000E+00  4.40908E+01  0.00000E+00
  1.51205E-02  0.00000E+00  0.00000E+00  1.51204927314E-02  1.46969E+01  0.00000E+00  4.40908E+01  0.00000E+00
  1.47258E-02  0.00000E+00  0.00000E+00  1.47257622110E-02  1.46969E+01  0.00000E+00  4.40908E+01  0.00000E+00
  1.43495E-02  0.00000E+00  0.00000E+00  1.43495040828E-02  1.46969E+01  0.00000E+00  4.40908E+01  0.00000E+00
  1.39908E-02  0.00000E+00  0.00000E+00  1.39907799898E-02  1.46969E+01  0.00000E+00  4.40908E+01  0.00000E+00
  1.36488E-02  0.00000E+00  0.00000E+00  1.36488025895E-02  1.46969E+01  0.00000E+00  4.40908E+01  0.00000E+00
  1.33227E-02  0.00000E+00  0.00000E+00  1.33227222892E-02  1.46969E+01  0.00000E+00  4.40908E+01  0.00000E+00
  1.30118E-02  0.00000E+00  0.00000E+00  1.30118233549E-02  1.46969E+01  0.00000E+00  4.40908E+01  0.00000E+00
  1.27153E-02  0.00000E+00  0.00000E+00  1.27153366108E-02  1.46969E+01  0.00000E+00  4.40908E+01  0.00000E+00
  1.24326E-02  0.00000E+00  0.00000E+00  1.24326115949E-02  1.46969E+01  0.00000E+00  4.40908E+01  0.00000E+00
  1.21630E-02  0.00000E+00  0.00000E+00  1.21629519726E-02  1.46969E+01  0.00000E+00  4.40908E+01  0.00000E+00
  1.19058E-02  0.00000E+00  0.00000E+00  1.19057667563E-02  1.46969E+01  0.00000E+00  4.40908E+01  0.00000E+00
  1.16604E-02  0.00000E+00  0.00000E+00  1.16604255812E-02  1.46969E+01  0.00000E+00  4.40908E+01  0.00000E+00
  1.14264E-02  0.00000E+00  0.00000E+00  1.14263916313E-02  1.46969E+01  0.00000E+00  4.40908E+01  0.00000E+00
  1.12031E-02  0.00000E+00  0.00000E+00  1.12030942799E-02  1.46969E+01  0.00000E+00  4.40908E+01  0.00000E+00
  1.09900E-02  0.00000E+00  0.00000E+00  1.09900460357E-02  1.46969E+01  0.00000E+00  4.40908E+01  0.00000E+00
  1.07867E-02  0.00000E+00  0.00000E+00  1.07867303606E-02  1.46969E+01  0.00000E+00  4.40908E+01  0.00000E+00
  1.05927E-02  0.00000E+00  0.00000E+00  1.05927046590E-02  1.46969E+01  0.00000E+00  4.40908E+01  0.00000E+00
  1.04075E-02  0.00000E+00  0.00000E+00  1.04075013608E-02  1.46969E+01  0.00000E+00  4.40908E+01  0.00000E+00
  1.02307E-02  0.00000E+00  0.00000E+00  1.02307187220E-02  1.46969E+01  0.00000E+00  4.40908E+01  0.00000E+00
  1.00619E-02  0.00000E+00  0.00000E+00  1.00619334998E-02  1.46969E+01  0.00000E+00  4.40908E+01  0.00000E+00
  9.90078E-03  0.00000E+00  0.00000E+00  9.90078111007E-03  1.46969E+01  0.00000E+00  4.40908E+01  0.00000E+00
  9.74688E-03  0.00000E+00  0.00000E+00  9.74687843342E-03  1.46969E+01  0.00000E+00  4.40908E+01  0.00000E+00
  9.59989E-03  0.00000E+00  0.00000E+00  9.59989467703E-03  1.46969E+01  0.00000E+00  4.40908E+01  0.00000E+00
  9.45948E-03  0.00000E+00  0.00000E+00  9.45948303666E-03  1.46969E+01  0.00000E+00  4.40908E+01  0.00000E+00
  9.32534E-03  0.00000E+00  0.00000E+00  9.32534343854E-03  1.46969E+01  0.00000E+00  4.40908E+01  0.00000E+00
  9.19716E-03  0.00000E+00  0.00000E+00  9.19716194479E-03  1.46969E+01  0.00000E+00  4.40908E+01  0.00000E+00
  9.07467E-03  0.00000E+00  0.00000E+00  9.07466639985E-03  1.46969E+01  0.00000E+00  4.40908E+01  0.00000E+00
  8.95757E-03  0.00000E+00  0.00000E+00  8.95757260912E-03  1.46969E+01  0.00000E+00  4.40908E+01  0.00000E+00
  8.84563E-03  0.00000E+00  0.00000E+00  8.84563378281E-03  1.46969E+01  0.00000E+00  4.40908E+01  0.00000E+00
  8.73859E-03  0.00000E+00  0.00000E+00  8.73859264203E-03  1.46969E+01  0.00000E+00  4.40908E+01  0.00000E+00
  8.63623E-03  0.00000E+00  0.00000E+00  8.63622543762E-03  1.46969E+01  0.00000E+00  4.40908E+01  0.00000E+00
  8.53830E-03  0.00000E+00  0.00000E+00  8.53829924663E-03  1.46969E+01  0.00000E+00  4.40908E+01  0.00000E+00
  8.44461E-03  0.00000E+00  0.00000E+00  8.44461124320E-03  1.46969E+01  0.00000E+00  4.40908E+01  0.00000E+00
  8.35495E-03  0.00000E+00  0.00000E+00  8.35495054332E-03  1.46969E+01  0.00000E+00  4.40908E+01  0.00000E+00
  8.26913E-03  0.00000E+00  0.00000E+00  8.26913331698E-03  1.46969E+01  0.00000E+00  4.40908E+01  0.00000E+00
  8.18697E-03  0.00000E+00  0.00000E+00  8.18696862211E-03  1.46969E+01  0.00000E+00  4.40908E+01  0.00000E+00
  8.10829E-03  0.00000E+00  0.00000E+00  8.10828987055E-03  1.46969E+01  0.00000E+00  4.40908E+01  0.00000E+00
  8.03292E-03  0.00000E+00  0.00000E+00  8.03292416441E-03  1.46969E+01  0.00000E+00  4.40908E+01  0.00000E+00
  7.96072E-03  0.00000E+00  0.00000E+00  7.96072056180E-03  1.46969E+01  0.00000E+00  4.40908E+01  0.00000E+00
  7.89152E-03  0.00000E+00  0.00000E+00  7.89152249171E-03  1.46969E+01  0.00000E+00  4.40908E+01  0.00000E+00
  7.82519E-03  0.00000E+00  0.00000E+00  7.82519320747E-03  1.46969E+01  0.00000E+00  4.40908E+01  0.00000E+00
  7.76159E-03  0.00000E+00  0.00000E+00  7.76159091106E-03  1.46969E+01  0.00000E+00  4.40908E+01  0.00000E+00
  7.70059E-03  0.00000E+00  0.00000E+00  7.70059173186E-03  1.46969E+01  0.00000E+00  4.40908E+01  0.00000E+00
  7.64207E-03  0.00000E+00  0.00000E+00  7.64206723895E-03  1.46969E+01  0.00000E+00  4.40908E+01  0.00000E+00
  7.58591E-03  0.00000E+00  0.00000E+00  7.58590523871E-03  1.46969E+01  0.00000E+00  4.40908E+01  0.00000E+00
  7.53199E-03  0.00000E+00  0.00000E+00  7.53198939547E-03  1.46969E+01  0.00000E+00  4.40908E+01  0.00000E+00
  7.48022E-03  0.00000E+00  0.00000E+00  7.48021810312E-03  1.46969E+01  0.00000E+00  4.40908E+01  0.00000E+00
  7.43049E-03  0.00000E+00  0.00000E+00  7.43048597059E-03  1.46969E+01  0.00000E+00  4.40908E+01  0.00000E+00
  7.38270E-03  0.00000E+00  0.00000E+00  7.38270098966E-03  1.46969E+01  0.00000E+00  4.40908E+01  0.00000E+00
  7.33677E-03  0.00000E+00  0.00000E+00  7.33676767298E-03  1.46969E+01  0.00000E+00  4.40908E+01  0.00000E+00
  7.29260E-03  0.00000E+00  0.00000E+00  7.29260271144E-03  1.46969E+01  0.00000E+00  4.40908E+01  0.00000E+00
  7.25012E-03  0.00000E+00  0.00000E+00  7.25011957986E-03  1.46969E+01  0.00000E+00  4.40908E+01  0.00000E+00
  7.20924E-03  0.00000E+00  0.00000E+00  7.20924285224E-03  1.46969E+01  0.00000E+00  4.40908E+01  0.00000E+00
  7.16989E-03  0.00000E+00  0.00000E+00  7.16989411391E-03  1.46969E+01  0.00000E+00  4.40908E+01  0.00000E+00
  7.13201E-03  0.00000E+00  0.00000E+00  7.13200508123E-03  1.46969E+01  0.00000E+00  4.40908E+01  0.00000E+00
  7.09550E-03  0.00000E+00  0.00000E+00  7.09550467972E-03  1.46969E+01  0.00000E+00  4.40908E+01  0.00000E+00
  7.06033E-03  0.00000E+00  0.00000E+00  7.06033109590E-03  1.46969E+01  0.00000E+00  4.40908E+01  0.00000E+00
  7.02642E-03  0.00000E+00  0.00000E+00  7.02641989869E-03  1.46969E+01  0.00000E+00  4.40908E+01  0.00000E+00
  6.99372E-03  0.00000E+00  0.00000E+00  6.99371513490E-03  1.46969E+01  0.00000E+00  4.40908E+01  0.00000E+00
  6.96216E-03  0.00000E+00  0.00000E+00  6.96215838659E-03  1.46969E+01  0.00000E+00  4.40908E+01  0.00000E+00
  6.93170E-03  0.00000E+00  0.00000E+00  6.93169900763E-03  1.46969E+01  0.00000E+00  4.40908E+01  0.00000E+00
  6.90228E-03  0.00000E+00  0.00000E+00  6.90228402317E-03  1.46969E+01  0.00000E+00  4.40908E+01  0.00000E+00
  6.87387E-03  0.00000E+00  0.00000E+00  6.87386759245E-03  1.46969E+01  0.00000E+00  4.40908E+01  0.00000E+00
  6.84640E-03  0.00000E+00  0.00000E+00  6.84640166808E-03  1.46969E+01  0.00000E+00  4.40908E+01  0.00000E+00
  6.81984E-03  0.00000E+00  0.00000E+00  6.81984475974E-03  1.46969E+01  0.00000E+00  4.40908E+01  0.00000E+00
  6.79415E-03  0.00000E+00  0.00000E+00  6.79415328110E-03  1.46969E+01  0.00000E+00  4.40908E+01  0.00000E+00
  6.76929E-03  0.00000E+00  0.00000E+00  6.76928967993E-03  1.46969E+01  0.00000E+00  4.40908E+01  0.00000E+00
  6.74521E-03  0.00000E+00  0.00000E+00  6.74521440907E-03  1.46969E+01  0.00000E+00  4.40908E+01  0.00000E+00
  6.72189E-03  0.00000E+00  0.00000E+00  6.72189348059E-03  1.46969E+01  0.00000E+00  4.40908E+01  0.00000E+00
  6.69929E-03  0.00000E+00  0.00000E+00  6.69929100490E-03  1.46969E+01  0.00000E+00  4.40908E+01  0.00000E+00
  6.67738E-03  0.00000E+00  0.00000E+00  6.67737621970E-03  1.46969E+01  0.00000E+00  4.40908E+01  0.00000E+00
  6.65612E-03  0.00000E+00  0.00000E+00  6.65611654768E-03  1.46969E+01  0.00000E+00  4.40908E+01  0.00000E+00
  6.63548E-03  0.00000E+00  0.00000E+00  6.63548414536E-03  1.46969E+01  0.00000E+00  4.40908E+01  0.00000E+00
  6.61545E-03  0.00000E+00  0.00000E+00  6.61544943539E-03  1.46969E+01  0.00000E+00  4.40908E+01  0.00000E+00
  6.59599E-03  0.00000E+00  0.00000E+00  6.59598721519E-03  1.46969E+01  0.00000E+00  4.40908E+01  0.00000E+00
  6.57707E-03  0.00000E+00  0.00000E+00  6.57707062472E-03  1.46969E+01  0.00000E+00  4.40908E+01  0.00000E+00
  6.55868E-03  0.00000E+00  0.00000E+00  6.55867685062E-03  1.46969E+01  0.00000E+00  4.40908E+01  0.00000E+00
  6.54078E-03  0.00000E+00  0.00000E+00  6.54078149448E-03  1.46969E+01  0.00000E+00  4.40908E+01  0.00000E+00
  6.52336E-03  0.00000E+00  0.00000E+00  6.52336390426E-03  1.46969E+01  0.00000E+00  4.40908E+01  0.00000E+00
  6.50640E-03  0.00000E+00  0.00000E+00  6.50640191175E-03  1.46969E+01  0.00000E+00  4.40908E+01  0.00000E+00
  6.48988E-03  0.00000E+00  0.00000E+00  6.48987681993E-03  1.46969E+01  0.00000E+00  4.40908E+01  0.00000E+00
  6.47377E-03  0.00000E+00  0.00000E+00  6.47376848139E-03  1.46969E+01  0.00000E+00  4.40908E+01  0.00000E+00
  6.45806E-03  0.00000E+00  0.00000E+00  6.45805996741E-03  1.46969E+01  0.00000E+00  4.40908E+01  0.00000E+00
  6.44273E-03  0.00000E+00  0.00000E+00  6.44273296179E-03  1.46969E+01  0.00000E+00  4.40908E+01  0.00000E+00
  6.42777E-03  0.00000E+00  0.00000E+00  6.42777213513E-03  1.46969E+01  0.00000E+00  4.40908E+01  0.00000E+00
  6.41316E-03  0.00000E+00  0.00000E+00  6.41316083084E-03  1.46969E+01  0.00000E+00  4.40908E+01  0.00000E+00
  6.39889E-03  0.00000E+00  0.00000E+00  6.39888516599E-03  1.46969E+01  0.00000E+00  4.40908E+01  0.00000E+00
  6.38493E-03  0.00000E+00  0.00000E+00  6.38492998824E-03  1.46969E+01  0.00000E+00  4.40908E+01  0.00000E+00
  6.37128E-03  0.00000E+00  0.00000E+00  6.37128272278E-03  1.46969E+01  0.00000E+00  4.40908E+01  0.00000E+00
  6.35793E-03  0.00000E+00  0.00000E+00  6.35792958088E-03  1.46969E+01  0.00000E+00  4.40908E+01  0.00000E+00
  6.34486E-03  0.00000E+00  0.00000E+00  6.34485917076E-03  1.46969E+01  0.00000E+00  4.40908E+01  0.00000E+00
  6.33206E-03  0.00000E+00  0.00000E+00  6.33205893991E-03  1.46969E+01  0.00000E+00  4.40908E+01  0.00000E+00
  6.31952E-03  0.00000E+00  0.00000E+00  6.31951856644E-03  1.46969E+01  0.00000E+00  4.40908E+01  0.00000E+00
  6.30723E-03  0.00000E+00  0.00000E+00  6.30722661870E-03  1.46969E+01  0.00000E+00  4.40908E+01  0.00000E+00
  6.29517E-03  0.00000E+00  0.00000E+00  6.29517374237E-03  1.46969E+01  0.00000E+00  4.40908E+01  0.00000E+00
  6.28335E-03  0.00000E+00  0.00000E+00  6.28334952219E-03  1.46969E+01  0.00000E+00  4.40908E+01  0.00000E+00
  6.27175E-03  0.00000E+00  0.00000E+00  6.27174547890E-03  1.46969E+01  0.00000E+00  4.40908E+01  0.00000E+00
  6.26035E-03  0.00000E+00  0.00000E+00  6.26035211900E-03  1.46969E+01  0.00000E+00  4.40908E+01  0.00000E+00
  6.24916E-03  0.00000E+00  0.00000E+00  6.24916175464E-03  1.46969E+01  0.00000E+00  4.40908E+01  0.00000E+00
  6.23817E-03  0.00000E+00  0.00000E+00  6.23816572832E-03  1.46969E+01  0.00000E+00  4.40908E+01  0.00000E+00
  6.22736E-03  0.00000E+00  0.00000E+00  6.22735706803E-03  1.46969E+01  0.00000E+00  4.40908E+01  0.00000E+00
  6.21673E-03  0.00000E+00  0.00000E+00  6.21672787460E-03  1.46969E+01  0.00000E+00  4.40908E+01  0.00000E+00
  6.20627E-03  0.00000E+00  0.00000E+00  6.20627182350E-03  1.46969E+01  0.00000E+00  4.40908E+01  0.00000E+00
  6.19598E-03  0.00000E+00  0.00000E+00  6.19598170352E-03  1.46969E+01  0.00000E+00  4.40908E+01  0.00000E+00
  6.18585E-03  0.00000E+00  0.00000E+00  6.18585177585E-03  1.46969E+01  0.00000E+00  4.40908E+01  0.00000E+00
  6.17588E-03  0.00000E+00  0.00000E+00  6.17587545343E-03  1.46969E+01  0.00000E+00  4.40908E+01  0.00000E+00
  6.16605E-03  0.00000E+00  0.00000E+00  6.16604752739E-03  1.46969E+01  0.00000E+00  4.40908E+01  0.00000E+00
  6.15636E-03  0.00000E+00  0.00000E+00  6.15636197704E-03  1.46969E+01  0.00000E+00  4.40908E+01  0.00000E+00
  6.14681E-03  0.00000E+00  0.00000E+00  6.14681407295E-03  1.46969E+01  0.00000E+00  4.40908E+01  0.00000E+00
  6.13740E-03  0.00000E+00  0.00000E+00  6.13739830846E-03  1.46969E+01  0.00000E+00  4.40908E+01  0.00000E+00
  6.12811E-03  0.00000E+00  0.00000E+00  6.12811038801E-03  1.46969E+01  0.00000E+00  4.40908E+01  0.00000E+00
  6.11895E-03  0.00000E+00  0.00000E+00  6.11894527149E-03  1.46969E+01  0.00000E+00  4.40908E+01  0.00000E+00
  6.10990E-03  0.00000E+00  0.00000E+00  6.10989905600E-03  1.46969E+01  0.00000E+00  4.40908E+01  0.00000E+00
  6.10097E-03  0.00000E+00  0.00000E+00  6.10096712499E-03  1.46969E+01  0.00000E+00  4.40908E+01  0.00000E+00
  6.09215E-03  0.00000E+00  0.00000E+00  6.09214593098E-03  1.46969E+01  0.00000E+00  4.40908E+01  0.00000E+00
  6.08343E-03  0.00000E+00  0.00000E+00  6.08343124200E-03  1.46969E+01  0.00000E+00  4.40908E+01  0.00000E+00
  6.07482E-03  0.00000E+00  0.00000E+00  6.07481983235E-03  1.46969E+01  0.00000E+00  4.40908E+01  0.00000E+00
  6.06631E-03  0.00000E+00  0.00000E+00  6.06630781931E-03  1.46969E+01  0.00000E+00  4.40908E+01  0.00000E+00
  6.05789E-03  0.00000E+00  0.00000E+00  6.05789226857E-03  1.46969E+01  0.00000E+00  4.40908E+01  0.00000E+00
  6.04957E-03  0.00000E+00  0.00000E+00  6.04956961463E-03  1.46969E+01  0.00000E+00  4.40908E+01  0.00000E+00
  6.04134E-03  0.00000E+00  0.00000E+00  6.04133718709E-03  1.46969E+01  0.00000E+00  4.40908E+01  0.00000E+00
  6.03319E-03  0.00000E+00  0.00000E+00  6.03319170865E-03  1.46969E+01  0.00000E+00  4.40908E+01  0.00000E+00
