 #This file helps checking about the convergence of the optimization algorithm
 #    by printing infos related to the values of the objective function and
 #    its components.
 #- Every line describes an iteration of the optimization algorithm,
 #- on every line there are x*2+2+4 real numbers where x equals the number
 #    of measured fields used,
 #- the first 2 numbers on a line are the dataMatch and the forceMatch terms
 #    for the first measurement used,
 #- if x>1, numbers at position 3 and 4 are the dataMatch and the forceMatch
 #    terms for the second measurement
 #- etc...
 #- the following numbers are: the regularization term for each measurement
 #    and the objective function value,
 #- followed by the L2 norms of parameter1, its gradient, parameter2 and its
 #    gradient.
 #note by JFD: gnuplot is convenient to print a column
 #             plot "*.out.cvg" u 3
 #             replot "*.out.cvg" u 6
  1.64580E-03  0.00000E+00  0.00000E+00  1.64580E-03  1.69706E+01  1.02611E-16  8.90955E+00  6.12256E-17
  1.64171E-03  0.00000E+00  7.24951E-08  1.64178E-03  1.69706E+01  1.02611E-16  8.90955E+00  4.41349E-04
  1.49264E-03  0.00000E+00  7.61580E-06  1.50026E-03  1.69706E+01  1.02611E-16  8.90971E+00  1.46601E-02
  1.10785E-03  0.00000E+00  4.08215E-05  1.14867E-03  1.69706E+01  1.02611E-16  8.95498E+00  7.77065E-02
  9.28671E-04  0.00000E+00  6.47407E-05  9.93412E-04  1.69706E+01  1.02611E-16  9.08036E+00  1.30965E-01
  6.11372E-04  0.00000E+00  1.37782E-04  7.49154E-04  1.69706E+01  1.02611E-16  9.51581E+00  2.98236E-01
  4.94359E-04  0.00000E+00  1.82787E-04  6.77145E-04  1.69706E+01  1.02611E-16  9.83147E+00  3.91657E-01
  4.55196E-04  0.00000E+00  1.97170E-04  6.52367E-04  1.69706E+01  1.02611E-16  9.94801E+00  4.21443E-01
  4.30309E-04  0.00000E+00  2.05974E-04  6.36283E-04  1.69706E+01  1.02611E-16  1.00386E+01  4.39056E-01
  3.87205E-04  0.00000E+00  2.24489E-04  6.11694E-04  1.69706E+01  1.02611E-16  1.02218E+01  4.75767E-01
  3.75353E-04  0.00000E+00  2.26938E-04  6.02291E-04  1.69706E+01  1.02611E-16  1.02902E+01  4.81021E-01
  3.70969E-04  0.00000E+00  2.28042E-04  5.99011E-04  1.69706E+01  1.02611E-16  1.03115E+01  4.82971E-01
  3.53316E-04  0.00000E+00  2.34434E-04  5.87750E-04  1.69706E+01  1.02611E-16  1.04346E+01  4.95305E-01
  3.52140E-04  0.00000E+00  2.34055E-04  5.86195E-04  1.69706E+01  1.02611E-16  1.04448E+01  4.95065E-01
  3.43647E-04  0.00000E+00  2.36736E-04  5.80383E-04  1.69706E+01  1.02611E-16  1.05165E+01  5.00709E-01
  3.10296E-04  0.00000E+00  2.54161E-04  5.64457E-04  1.69706E+01  1.02611E-16  1.08502E+01  5.38033E-01
  2.75211E-04  0.00000E+00  2.83003E-04  5.58213E-04  1.69706E+01  1.02611E-16  1.13463E+01  5.95840E-01
  2.71496E-04  0.00000E+00  2.81426E-04  5.52922E-04  1.69706E+01  1.02611E-16  1.13708E+01  5.94509E-01
  2.71817E-04  0.00000E+00  2.79771E-04  5.51588E-04  1.69706E+01  1.02611E-16  1.13644E+01  5.92434E-01
  2.76150E-04  0.00000E+00  2.73409E-04  5.49558E-04  1.69706E+01  1.02611E-16  1.13037E+01  5.80763E-01
  2.75504E-04  0.00000E+00  2.71696E-04  5.47199E-04  1.69706E+01  1.02611E-16  1.13553E+01  5.80169E-01
  2.74707E-04  0.00000E+00  2.70858E-04  5.45565E-04  1.69706E+01  1.02611E-16  1.14476E+01  5.80183E-01
