 #This file helps checking about the convergence of the optimization algorithm
 #    by printing infos related to the values of the objective function and
 #    its components.
 #- Every line describes an iteration of the optimization algorithm,
 #- on every line there are x*2+2+4 real numbers where x equals the number
 #    of measured fields used,
 #- the first 2 numbers on a line are the dataMatch and the forceMatch terms
 #    for the first measurement used,
 #- if x>1, numbers at position 3 and 4 are the dataMatch and the forceMatch
 #    terms for the second measurement
 #- etc...
 #- the following numbers are: the regularization term for each measurement
 #    and the objective function value,
 #- followed by the L2 norms of parameter1, its gradient, parameter2 and its
 #    gradient.
 #note by JFD: gnuplot is convenient to print a column
 #             plot "*.out.cvg" u 3
 #             replot "*.out.cvg" u 6
  4.45098E+01  0.00000E+00  0.00000E+00  4.45098105842E+01  1.46969E+01  0.00000E+00  4.40908E+01  0.00000E+00
  4.65542E+02  0.00000E+00  0.00000E+00  4.65542048682E+02  1.46969E+01  0.00000E+00  4.40908E+01  0.00000E+00
  1.69667E+01  0.00000E+00  0.00000E+00  1.69666573100E+01  1.46969E+01  0.00000E+00  4.40908E+01  0.00000E+00
  3.71565E+00  0.00000E+00  0.00000E+00  3.71565477074E+00  1.46969E+01  0.00000E+00  4.40908E+01  0.00000E+00
  2.32986E-01  0.00000E+00  0.00000E+00  2.32986314433E-01  1.46969E+01  0.00000E+00  4.40908E+01  0.00000E+00
  2.17950E-01  0.00000E+00  0.00000E+00  2.17949911702E-01  1.46969E+01  0.00000E+00  4.40908E+01  0.00000E+00
  1.90275E-01  0.00000E+00  0.00000E+00  1.90275292310E-01  1.46969E+01  0.00000E+00  4.40908E+01  0.00000E+00
  1.45904E-01  0.00000E+00  0.00000E+00  1.45904166802E-01  1.46969E+01  0.00000E+00  4.40908E+01  0.00000E+00
  8.27449E-02  0.00000E+00  0.00000E+00  8.27449348171E-02  1.46969E+01  0.00000E+00  4.40908E+01  0.00000E+00
  4.06501E-02  0.00000E+00  0.00000E+00  4.06500552657E-02  1.46969E+01  0.00000E+00  4.40908E+01  0.00000E+00
  2.54303E-02  0.00000E+00  0.00000E+00  2.54302518469E-02  1.46969E+01  0.00000E+00  4.40908E+01  0.00000E+00
  2.29395E-02  0.00000E+00  0.00000E+00  2.29395448034E-02  1.46969E+01  0.00000E+00  4.40908E+01  0.00000E+00
  2.09468E-02  0.00000E+00  0.00000E+00  2.09468388024E-02  1.46969E+01  0.00000E+00  4.40908E+01  0.00000E+00
  1.77464E-02  0.00000E+00  0.00000E+00  1.77463625654E-02  1.46969E+01  0.00000E+00  4.40908E+01  0.00000E+00
  1.50320E-02  0.00000E+00  0.00000E+00  1.50319552442E-02  1.46969E+01  0.00000E+00  4.40908E+01  0.00000E+00
  1.28671E-02  0.00000E+00  0.00000E+00  1.28671287259E-02  1.46969E+01  0.00000E+00  4.40908E+01  0.00000E+00
  1.16469E-02  0.00000E+00  0.00000E+00  1.16469047629E-02  1.46969E+01  0.00000E+00  4.40908E+01  0.00000E+00
  9.49539E-03  0.00000E+00  0.00000E+00  9.49539480818E-03  1.46969E+01  0.00000E+00  4.40908E+01  0.00000E+00
  7.07713E-03  0.00000E+00  0.00000E+00  7.07713300978E-03  1.46969E+01  0.00000E+00  4.40908E+01  0.00000E+00
  4.90235E-03  0.00000E+00  0.00000E+00  4.90235422913E-03  1.46969E+01  0.00000E+00  4.40908E+01  0.00000E+00
  4.37725E-03  0.00000E+00  0.00000E+00  4.37725224856E-03  1.46969E+01  0.00000E+00  4.40908E+01  0.00000E+00
  4.16958E-03  0.00000E+00  0.00000E+00  4.16958104692E-03  1.46969E+01  0.00000E+00  4.40908E+01  0.00000E+00
  3.60104E-03  0.00000E+00  0.00000E+00  3.60104098353E-03  1.46969E+01  0.00000E+00  4.40908E+01  0.00000E+00
  2.76472E-03  0.00000E+00  0.00000E+00  2.76471862792E-03  1.46969E+01  0.00000E+00  4.40908E+01  0.00000E+00
  2.63383E-03  0.00000E+00  0.00000E+00  2.63383201622E-03  1.46969E+01  0.00000E+00  4.40908E+01  0.00000E+00
  1.52747E-03  0.00000E+00  0.00000E+00  1.52746534784E-03  1.46969E+01  0.00000E+00  4.40908E+01  0.00000E+00
  1.31894E-03  0.00000E+00  0.00000E+00  1.31893521368E-03  1.46969E+01  0.00000E+00  4.40908E+01  0.00000E+00
  1.27092E-03  0.00000E+00  0.00000E+00  1.27092324174E-03  1.46969E+01  0.00000E+00  4.40908E+01  0.00000E+00
  1.26274E-03  0.00000E+00  0.00000E+00  1.26274307723E-03  1.46969E+01  0.00000E+00  4.40908E+01  0.00000E+00
  1.23114E-03  0.00000E+00  0.00000E+00  1.23114054757E-03  1.46969E+01  0.00000E+00  4.40908E+01  0.00000E+00
  1.19594E-03  0.00000E+00  0.00000E+00  1.19593996906E-03  1.46969E+01  0.00000E+00  4.40908E+01  0.00000E+00
  1.14972E-03  0.00000E+00  0.00000E+00  1.14972393989E-03  1.46969E+01  0.00000E+00  4.40908E+01  0.00000E+00
  1.13935E-03  0.00000E+00  0.00000E+00  1.13935024950E-03  1.46969E+01  0.00000E+00  4.40908E+01  0.00000E+00
  1.11813E-03  0.00000E+00  0.00000E+00  1.11813314468E-03  1.46969E+01  0.00000E+00  4.40908E+01  0.00000E+00
  1.09431E-03  0.00000E+00  0.00000E+00  1.09431352958E-03  1.46969E+01  0.00000E+00  4.40908E+01  0.00000E+00
  1.08043E-03  0.00000E+00  0.00000E+00  1.08042731158E-03  1.46969E+01  0.00000E+00  4.40908E+01  0.00000E+00
  1.03018E-03  0.00000E+00  0.00000E+00  1.03017514158E-03  1.46969E+01  0.00000E+00  4.40908E+01  0.00000E+00
  9.69562E-04  0.00000E+00  0.00000E+00  9.69561876175E-04  1.46969E+01  0.00000E+00  4.40908E+01  0.00000E+00
  8.78341E-04  0.00000E+00  0.00000E+00  8.78341098081E-04  1.46969E+01  0.00000E+00  4.40908E+01  0.00000E+00
  7.69371E-04  0.00000E+00  0.00000E+00  7.69370832226E-04  1.46969E+01  0.00000E+00  4.40908E+01  0.00000E+00
  1.29543E-03  0.00000E+00  0.00000E+00  1.29543086320E-03  1.46969E+01  0.00000E+00  4.40908E+01  0.00000E+00
  6.88818E-04  0.00000E+00  0.00000E+00  6.88818187283E-04  1.46969E+01  0.00000E+00  4.40908E+01  0.00000E+00
  6.76167E-04  0.00000E+00  0.00000E+00  6.76166675124E-04  1.46969E+01  0.00000E+00  4.40908E+01  0.00000E+00
  6.73178E-04  0.00000E+00  0.00000E+00  6.73177514220E-04  1.46969E+01  0.00000E+00  4.40908E+01  0.00000E+00
  6.69367E-04  0.00000E+00  0.00000E+00  6.69366971076E-04  1.46969E+01  0.00000E+00  4.40908E+01  0.00000E+00
  6.62238E-04  0.00000E+00  0.00000E+00  6.62237810935E-04  1.46969E+01  0.00000E+00  4.40908E+01  0.00000E+00
  6.49934E-04  0.00000E+00  0.00000E+00  6.49933525083E-04  1.46969E+01  0.00000E+00  4.40908E+01  0.00000E+00
  9.98960E-04  0.00000E+00  0.00000E+00  9.98960015646E-04  1.46969E+01  0.00000E+00  4.40908E+01  0.00000E+00
  6.14670E-04  0.00000E+00  0.00000E+00  6.14669572532E-04  1.46969E+01  0.00000E+00  4.40908E+01  0.00000E+00
  8.57340E-04  0.00000E+00  0.00000E+00  8.57339932955E-04  1.46969E+01  0.00000E+00  4.40908E+01  0.00000E+00
  5.10315E-04  0.00000E+00  0.00000E+00  5.10314930787E-04  1.46969E+01  0.00000E+00  4.40908E+01  0.00000E+00
  4.26718E-04  0.00000E+00  0.00000E+00  4.26718102432E-04  1.46969E+01  0.00000E+00  4.40908E+01  0.00000E+00
  3.60402E-04  0.00000E+00  0.00000E+00  3.60401823130E-04  1.46969E+01  0.00000E+00  4.40908E+01  0.00000E+00
  3.46576E-04  0.00000E+00  0.00000E+00  3.46576322107E-04  1.46969E+01  0.00000E+00  4.40908E+01  0.00000E+00
  3.46485E-04  0.00000E+00  0.00000E+00  3.46485403371E-04  1.46969E+01  0.00000E+00  4.40908E+01  0.00000E+00
  3.43550E-04  0.00000E+00  0.00000E+00  3.43549771598E-04  1.46969E+01  0.00000E+00  4.40908E+01  0.00000E+00
  3.36791E-04  0.00000E+00  0.00000E+00  3.36791138635E-04  1.46969E+01  0.00000E+00  4.40908E+01  0.00000E+00
  3.21057E-04  0.00000E+00  0.00000E+00  3.21057457992E-04  1.46969E+01  0.00000E+00  4.40908E+01  0.00000E+00
  3.12144E-04  0.00000E+00  0.00000E+00  3.12143948874E-04  1.46969E+01  0.00000E+00  4.40908E+01  0.00000E+00
  3.26146E-04  0.00000E+00  0.00000E+00  3.26146066436E-04  1.46969E+01  0.00000E+00  4.40908E+01  0.00000E+00
  2.95228E-04  0.00000E+00  0.00000E+00  2.95228466318E-04  1.46969E+01  0.00000E+00  4.40908E+01  0.00000E+00
  2.90981E-04  0.00000E+00  0.00000E+00  2.90981195070E-04  1.46969E+01  0.00000E+00  4.40908E+01  0.00000E+00
  2.79536E-04  0.00000E+00  0.00000E+00  2.79535657975E-04  1.46969E+01  0.00000E+00  4.40908E+01  0.00000E+00
  2.68503E-04  0.00000E+00  0.00000E+00  2.68502754521E-04  1.46969E+01  0.00000E+00  4.40908E+01  0.00000E+00
  2.52885E-04  0.00000E+00  0.00000E+00  2.52885341146E-04  1.46969E+01  0.00000E+00  4.40908E+01  0.00000E+00
  2.43563E-04  0.00000E+00  0.00000E+00  2.43563278186E-04  1.46969E+01  0.00000E+00  4.40908E+01  0.00000E+00
  2.41265E-04  0.00000E+00  0.00000E+00  2.41264626274E-04  1.46969E+01  0.00000E+00  4.40908E+01  0.00000E+00
  2.40304E-04  0.00000E+00  0.00000E+00  2.40304487375E-04  1.46969E+01  0.00000E+00  4.40908E+01  0.00000E+00
  2.38207E-04  0.00000E+00  0.00000E+00  2.38207036233E-04  1.46969E+01  0.00000E+00  4.40908E+01  0.00000E+00
  2.32068E-04  0.00000E+00  0.00000E+00  2.32068202013E-04  1.46969E+01  0.00000E+00  4.40908E+01  0.00000E+00
  2.25869E-04  0.00000E+00  0.00000E+00  2.25869430324E-04  1.46969E+01  0.00000E+00  4.40908E+01  0.00000E+00
  2.15454E-04  0.00000E+00  0.00000E+00  2.15453902113E-04  1.46969E+01  0.00000E+00  4.40908E+01  0.00000E+00
  2.00195E-04  0.00000E+00  0.00000E+00  2.00195142066E-04  1.46969E+01  0.00000E+00  4.40908E+01  0.00000E+00
  1.96518E-04  0.00000E+00  0.00000E+00  1.96518065579E-04  1.46969E+01  0.00000E+00  4.40908E+01  0.00000E+00
  1.93332E-04  0.00000E+00  0.00000E+00  1.93331616284E-04  1.46969E+01  0.00000E+00  4.40908E+01  0.00000E+00
  1.95015E-04  0.00000E+00  0.00000E+00  1.95015193500E-04  1.46969E+01  0.00000E+00  4.40908E+01  0.00000E+00
  1.92235E-04  0.00000E+00  0.00000E+00  1.92235274050E-04  1.46969E+01  0.00000E+00  4.40908E+01  0.00000E+00
  1.89787E-04  0.00000E+00  0.00000E+00  1.89787427433E-04  1.46969E+01  0.00000E+00  4.40908E+01  0.00000E+00
  1.82712E-04  0.00000E+00  0.00000E+00  1.82712038576E-04  1.46969E+01  0.00000E+00  4.40908E+01  0.00000E+00
  1.67853E-04  0.00000E+00  0.00000E+00  1.67853158015E-04  1.46969E+01  0.00000E+00  4.40908E+01  0.00000E+00
  1.44401E-04  0.00000E+00  0.00000E+00  1.44401135154E-04  1.46969E+01  0.00000E+00  4.40908E+01  0.00000E+00
  1.29755E-04  0.00000E+00  0.00000E+00  1.29755280442E-04  1.46969E+01  0.00000E+00  4.40908E+01  0.00000E+00
  1.21484E-04  0.00000E+00  0.00000E+00  1.21483943659E-04  1.46969E+01  0.00000E+00  4.40908E+01  0.00000E+00
  1.16740E-04  0.00000E+00  0.00000E+00  1.16739872778E-04  1.46969E+01  0.00000E+00  4.40908E+01  0.00000E+00
  1.16007E-04  0.00000E+00  0.00000E+00  1.16007172547E-04  1.46969E+01  0.00000E+00  4.40908E+01  0.00000E+00
  1.14932E-04  0.00000E+00  0.00000E+00  1.14931820386E-04  1.46969E+01  0.00000E+00  4.40908E+01  0.00000E+00
  1.14610E-04  0.00000E+00  0.00000E+00  1.14610190888E-04  1.46969E+01  0.00000E+00  4.40908E+01  0.00000E+00
  1.14121E-04  0.00000E+00  0.00000E+00  1.14120889061E-04  1.46969E+01  0.00000E+00  4.40908E+01  0.00000E+00
  1.13661E-04  0.00000E+00  0.00000E+00  1.13661328394E-04  1.46969E+01  0.00000E+00  4.40908E+01  0.00000E+00
  1.12582E-04  0.00000E+00  0.00000E+00  1.12582012818E-04  1.46969E+01  0.00000E+00  4.40908E+01  0.00000E+00
  1.10863E-04  0.00000E+00  0.00000E+00  1.10863025732E-04  1.46969E+01  0.00000E+00  4.40908E+01  0.00000E+00
  1.08828E-04  0.00000E+00  0.00000E+00  1.08827944192E-04  1.46969E+01  0.00000E+00  4.40908E+01  0.00000E+00
  1.09571E-04  0.00000E+00  0.00000E+00  1.09571176671E-04  1.46969E+01  0.00000E+00  4.40908E+01  0.00000E+00
  1.07484E-04  0.00000E+00  0.00000E+00  1.07484349452E-04  1.46969E+01  0.00000E+00  4.40908E+01  0.00000E+00
  1.07345E-04  0.00000E+00  0.00000E+00  1.07344958649E-04  1.46969E+01  0.00000E+00  4.40908E+01  0.00000E+00
  1.07223E-04  0.00000E+00  0.00000E+00  1.07223079407E-04  1.46969E+01  0.00000E+00  4.40908E+01  0.00000E+00
  1.06686E-04  0.00000E+00  0.00000E+00  1.06686051193E-04  1.46969E+01  0.00000E+00  4.40908E+01  0.00000E+00
  1.05764E-04  0.00000E+00  0.00000E+00  1.05764304142E-04  1.46969E+01  0.00000E+00  4.40908E+01  0.00000E+00
  1.04477E-04  0.00000E+00  0.00000E+00  1.04477353308E-04  1.46969E+01  0.00000E+00  4.40908E+01  0.00000E+00
  1.03111E-04  0.00000E+00  0.00000E+00  1.03110815895E-04  1.46969E+01  0.00000E+00  4.40908E+01  0.00000E+00
  1.02164E-04  0.00000E+00  0.00000E+00  1.02164042552E-04  1.46969E+01  0.00000E+00  4.40908E+01  0.00000E+00
  1.01904E-04  0.00000E+00  0.00000E+00  1.01904020013E-04  1.46969E+01  0.00000E+00  4.40908E+01  0.00000E+00
  1.01591E-04  0.00000E+00  0.00000E+00  1.01591462948E-04  1.46969E+01  0.00000E+00  4.40908E+01  0.00000E+00
  1.01054E-04  0.00000E+00  0.00000E+00  1.01053982218E-04  1.46969E+01  0.00000E+00  4.40908E+01  0.00000E+00
  1.00323E-04  0.00000E+00  0.00000E+00  1.00323184071E-04  1.46969E+01  0.00000E+00  4.40908E+01  0.00000E+00
  9.95351E-05  0.00000E+00  0.00000E+00  9.95350701509E-05  1.46969E+01  0.00000E+00  4.40908E+01  0.00000E+00
  9.90839E-05  0.00000E+00  0.00000E+00  9.90839209654E-05  1.46969E+01  0.00000E+00  4.40908E+01  0.00000E+00
  9.86826E-05  0.00000E+00  0.00000E+00  9.86826169859E-05  1.46969E+01  0.00000E+00  4.40908E+01  0.00000E+00
  9.75845E-05  0.00000E+00  0.00000E+00  9.75845213656E-05  1.46969E+01  0.00000E+00  4.40908E+01  0.00000E+00
  9.62331E-05  0.00000E+00  0.00000E+00  9.62331211283E-05  1.46969E+01  0.00000E+00  4.40908E+01  0.00000E+00
  9.40707E-05  0.00000E+00  0.00000E+00  9.40707258057E-05  1.46969E+01  0.00000E+00  4.40908E+01  0.00000E+00
  9.17152E-05  0.00000E+00  0.00000E+00  9.17152430463E-05  1.46969E+01  0.00000E+00  4.40908E+01  0.00000E+00
  8.98241E-05  0.00000E+00  0.00000E+00  8.98241481957E-05  1.46969E+01  0.00000E+00  4.40908E+01  0.00000E+00
  8.90538E-05  0.00000E+00  0.00000E+00  8.90538154442E-05  1.46969E+01  0.00000E+00  4.40908E+01  0.00000E+00
  8.84225E-05  0.00000E+00  0.00000E+00  8.84224531798E-05  1.46969E+01  0.00000E+00  4.40908E+01  0.00000E+00
  8.69308E-05  0.00000E+00  0.00000E+00  8.69307691158E-05  1.46969E+01  0.00000E+00  4.40908E+01  0.00000E+00
  8.58313E-05  0.00000E+00  0.00000E+00  8.58313362088E-05  1.46969E+01  0.00000E+00  4.40908E+01  0.00000E+00
  8.38222E-05  0.00000E+00  0.00000E+00  8.38221865676E-05  1.46969E+01  0.00000E+00  4.40908E+01  0.00000E+00
  8.09802E-05  0.00000E+00  0.00000E+00  8.09801521737E-05  1.46969E+01  0.00000E+00  4.40908E+01  0.00000E+00
  7.79164E-05  0.00000E+00  0.00000E+00  7.79163879936E-05  1.46969E+01  0.00000E+00  4.40908E+01  0.00000E+00
  7.39900E-05  0.00000E+00  0.00000E+00  7.39899955032E-05  1.46969E+01  0.00000E+00  4.40908E+01  0.00000E+00
  6.99889E-05  0.00000E+00  0.00000E+00  6.99888831775E-05  1.46969E+01  0.00000E+00  4.40908E+01  0.00000E+00
  6.73100E-05  0.00000E+00  0.00000E+00  6.73100350475E-05  1.46969E+01  0.00000E+00  4.40908E+01  0.00000E+00
  6.43436E-05  0.00000E+00  0.00000E+00  6.43436439708E-05  1.46969E+01  0.00000E+00  4.40908E+01  0.00000E+00
  6.01069E-05  0.00000E+00  0.00000E+00  6.01068510415E-05  1.46969E+01  0.00000E+00  4.40908E+01  0.00000E+00
  5.67130E-05  0.00000E+00  0.00000E+00  5.67129507214E-05  1.46969E+01  0.00000E+00  4.40908E+01  0.00000E+00
  5.58144E-05  0.00000E+00  0.00000E+00  5.58144271112E-05  1.46969E+01  0.00000E+00  4.40908E+01  0.00000E+00
  5.54256E-05  0.00000E+00  0.00000E+00  5.54255624186E-05  1.46969E+01  0.00000E+00  4.40908E+01  0.00000E+00
  5.47868E-05  0.00000E+00  0.00000E+00  5.47867735106E-05  1.46969E+01  0.00000E+00  4.40908E+01  0.00000E+00
  5.41551E-05  0.00000E+00  0.00000E+00  5.41550655265E-05  1.46969E+01  0.00000E+00  4.40908E+01  0.00000E+00
  5.32100E-05  0.00000E+00  0.00000E+00  5.32100471914E-05  1.46969E+01  0.00000E+00  4.40908E+01  0.00000E+00
  5.14068E-05  0.00000E+00  0.00000E+00  5.14067553453E-05  1.46969E+01  0.00000E+00  4.40908E+01  0.00000E+00
  4.75630E-05  0.00000E+00  0.00000E+00  4.75629732383E-05  1.46969E+01  0.00000E+00  4.40908E+01  0.00000E+00
  4.36252E-05  0.00000E+00  0.00000E+00  4.36252230304E-05  1.46969E+01  0.00000E+00  4.40908E+01  0.00000E+00
  4.10761E-05  0.00000E+00  0.00000E+00  4.10760663544E-05  1.46969E+01  0.00000E+00  4.40908E+01  0.00000E+00
  4.07515E-05  0.00000E+00  0.00000E+00  4.07515130807E-05  1.46969E+01  0.00000E+00  4.40908E+01  0.00000E+00
  4.04990E-05  0.00000E+00  0.00000E+00  4.04990010947E-05  1.46969E+01  0.00000E+00  4.40908E+01  0.00000E+00
  3.99667E-05  0.00000E+00  0.00000E+00  3.99667389947E-05  1.46969E+01  0.00000E+00  4.40908E+01  0.00000E+00
  4.77789E-05  0.00000E+00  0.00000E+00  4.77788781704E-05  1.46969E+01  0.00000E+00  4.40908E+01  0.00000E+00
  3.88367E-05  0.00000E+00  0.00000E+00  3.88366726810E-05  1.46969E+01  0.00000E+00  4.40908E+01  0.00000E+00
  3.79832E-05  0.00000E+00  0.00000E+00  3.79831896384E-05  1.46969E+01  0.00000E+00  4.40908E+01  0.00000E+00
  3.78707E-05  0.00000E+00  0.00000E+00  3.78707175838E-05  1.46969E+01  0.00000E+00  4.40908E+01  0.00000E+00
  3.79859E-05  0.00000E+00  0.00000E+00  3.79859319937E-05  1.46969E+01  0.00000E+00  4.40908E+01  0.00000E+00
  3.77504E-05  0.00000E+00  0.00000E+00  3.77503733571E-05  1.46969E+01  0.00000E+00  4.40908E+01  0.00000E+00
  3.76131E-05  0.00000E+00  0.00000E+00  3.76131016661E-05  1.46969E+01  0.00000E+00  4.40908E+01  0.00000E+00
  3.71527E-05  0.00000E+00  0.00000E+00  3.71526820034E-05  1.46969E+01  0.00000E+00  4.40908E+01  0.00000E+00
  3.66289E-05  0.00000E+00  0.00000E+00  3.66289235513E-05  1.46969E+01  0.00000E+00  4.40908E+01  0.00000E+00
  3.60950E-05  0.00000E+00  0.00000E+00  3.60949961208E-05  1.46969E+01  0.00000E+00  4.40908E+01  0.00000E+00
  3.56558E-05  0.00000E+00  0.00000E+00  3.56558146809E-05  1.46969E+01  0.00000E+00  4.40908E+01  0.00000E+00
  3.53287E-05  0.00000E+00  0.00000E+00  3.53286958335E-05  1.46969E+01  0.00000E+00  4.40908E+01  0.00000E+00
  3.51274E-05  0.00000E+00  0.00000E+00  3.51274026486E-05  1.46969E+01  0.00000E+00  4.40908E+01  0.00000E+00
  3.48970E-05  0.00000E+00  0.00000E+00  3.48969806324E-05  1.46969E+01  0.00000E+00  4.40908E+01  0.00000E+00
  3.46737E-05  0.00000E+00  0.00000E+00  3.46737081412E-05  1.46969E+01  0.00000E+00  4.40908E+01  0.00000E+00
  3.42889E-05  0.00000E+00  0.00000E+00  3.42888636989E-05  1.46969E+01  0.00000E+00  4.40908E+01  0.00000E+00
  3.40077E-05  0.00000E+00  0.00000E+00  3.40076797980E-05  1.46969E+01  0.00000E+00  4.40908E+01  0.00000E+00
  3.37076E-05  0.00000E+00  0.00000E+00  3.37075507505E-05  1.46969E+01  0.00000E+00  4.40908E+01  0.00000E+00
  3.34591E-05  0.00000E+00  0.00000E+00  3.34590623102E-05  1.46969E+01  0.00000E+00  4.40908E+01  0.00000E+00
  3.28427E-05  0.00000E+00  0.00000E+00  3.28427126986E-05  1.46969E+01  0.00000E+00  4.40908E+01  0.00000E+00
  3.20674E-05  0.00000E+00  0.00000E+00  3.20674467997E-05  1.46969E+01  0.00000E+00  4.40908E+01  0.00000E+00
  3.14788E-05  0.00000E+00  0.00000E+00  3.14787535886E-05  1.46969E+01  0.00000E+00  4.40908E+01  0.00000E+00
  3.04102E-05  0.00000E+00  0.00000E+00  3.04101608660E-05  1.46969E+01  0.00000E+00  4.40908E+01  0.00000E+00
  2.91841E-05  0.00000E+00  0.00000E+00  2.91840621467E-05  1.46969E+01  0.00000E+00  4.40908E+01  0.00000E+00
  2.70531E-05  0.00000E+00  0.00000E+00  2.70530713491E-05  1.46969E+01  0.00000E+00  4.40908E+01  0.00000E+00
  2.89529E-05  0.00000E+00  0.00000E+00  2.89529360828E-05  1.46969E+01  0.00000E+00  4.40908E+01  0.00000E+00
  2.55782E-05  0.00000E+00  0.00000E+00  2.55782332134E-05  1.46969E+01  0.00000E+00  4.40908E+01  0.00000E+00
  2.47883E-05  0.00000E+00  0.00000E+00  2.47882586972E-05  1.46969E+01  0.00000E+00  4.40908E+01  0.00000E+00
  2.41029E-05  0.00000E+00  0.00000E+00  2.41029191118E-05  1.46969E+01  0.00000E+00  4.40908E+01  0.00000E+00
  2.33321E-05  0.00000E+00  0.00000E+00  2.33320829292E-05  1.46969E+01  0.00000E+00  4.40908E+01  0.00000E+00
  2.24782E-05  0.00000E+00  0.00000E+00  2.24782498530E-05  1.46969E+01  0.00000E+00  4.40908E+01  0.00000E+00
  2.20556E-05  0.00000E+00  0.00000E+00  2.20555501987E-05  1.46969E+01  0.00000E+00  4.40908E+01  0.00000E+00
  2.08290E-05  0.00000E+00  0.00000E+00  2.08289611041E-05  1.46969E+01  0.00000E+00  4.40908E+01  0.00000E+00
  1.95465E-05  0.00000E+00  0.00000E+00  1.95464501374E-05  1.46969E+01  0.00000E+00  4.40908E+01  0.00000E+00
  2.37875E-05  0.00000E+00  0.00000E+00  2.37874991514E-05  1.46969E+01  0.00000E+00  4.40908E+01  0.00000E+00
  1.84646E-05  0.00000E+00  0.00000E+00  1.84646023112E-05  1.46969E+01  0.00000E+00  4.40908E+01  0.00000E+00
  1.82084E-05  0.00000E+00  0.00000E+00  1.82083852434E-05  1.46969E+01  0.00000E+00  4.40908E+01  0.00000E+00
  1.80888E-05  0.00000E+00  0.00000E+00  1.80887544556E-05  1.46969E+01  0.00000E+00  4.40908E+01  0.00000E+00
  1.79386E-05  0.00000E+00  0.00000E+00  1.79386497194E-05  1.46969E+01  0.00000E+00  4.40908E+01  0.00000E+00
  1.76231E-05  0.00000E+00  0.00000E+00  1.76230540760E-05  1.46969E+01  0.00000E+00  4.40908E+01  0.00000E+00
  1.71681E-05  0.00000E+00  0.00000E+00  1.71680530826E-05  1.46969E+01  0.00000E+00  4.40908E+01  0.00000E+00
  2.37896E-05  0.00000E+00  0.00000E+00  2.37896445389E-05  1.46969E+01  0.00000E+00  4.40908E+01  0.00000E+00
  1.65817E-05  0.00000E+00  0.00000E+00  1.65816868251E-05  1.46969E+01  0.00000E+00  4.40908E+01  0.00000E+00
  1.62787E-05  0.00000E+00  0.00000E+00  1.62787084656E-05  1.46969E+01  0.00000E+00  4.40908E+01  0.00000E+00
  1.59611E-05  0.00000E+00  0.00000E+00  1.59611081884E-05  1.46969E+01  0.00000E+00  4.40908E+01  0.00000E+00
  1.56838E-05  0.00000E+00  0.00000E+00  1.56837655652E-05  1.46969E+01  0.00000E+00  4.40908E+01  0.00000E+00
  1.52361E-05  0.00000E+00  0.00000E+00  1.52360708933E-05  1.46969E+01  0.00000E+00  4.40908E+01  0.00000E+00
  2.35106E-05  0.00000E+00  0.00000E+00  2.35106372145E-05  1.46969E+01  0.00000E+00  4.40908E+01  0.00000E+00
  1.50055E-05  0.00000E+00  0.00000E+00  1.50055042228E-05  1.46969E+01  0.00000E+00  4.40908E+01  0.00000E+00
  1.49225E-05  0.00000E+00  0.00000E+00  1.49224763070E-05  1.46969E+01  0.00000E+00  4.40908E+01  0.00000E+00
  1.49176E-05  0.00000E+00  0.00000E+00  1.49175900762E-05  1.46969E+01  0.00000E+00  4.40908E+01  0.00000E+00
  1.48304E-05  0.00000E+00  0.00000E+00  1.48303676656E-05  1.46969E+01  0.00000E+00  4.40908E+01  0.00000E+00
  1.47293E-05  0.00000E+00  0.00000E+00  1.47293481221E-05  1.46969E+01  0.00000E+00  4.40908E+01  0.00000E+00
  1.46069E-05  0.00000E+00  0.00000E+00  1.46069010693E-05  1.46969E+01  0.00000E+00  4.40908E+01  0.00000E+00
  1.44933E-05  0.00000E+00  0.00000E+00  1.44933194846E-05  1.46969E+01  0.00000E+00  4.40908E+01  0.00000E+00
  1.43196E-05  0.00000E+00  0.00000E+00  1.43196174722E-05  1.46969E+01  0.00000E+00  4.40908E+01  0.00000E+00
  1.42203E-05  0.00000E+00  0.00000E+00  1.42203073441E-05  1.46969E+01  0.00000E+00  4.40908E+01  0.00000E+00
  1.39550E-05  0.00000E+00  0.00000E+00  1.39550346110E-05  1.46969E+01  0.00000E+00  4.40908E+01  0.00000E+00
  1.37824E-05  0.00000E+00  0.00000E+00  1.37823637451E-05  1.46969E+01  0.00000E+00  4.40908E+01  0.00000E+00
  1.35356E-05  0.00000E+00  0.00000E+00  1.35356049948E-05  1.46969E+01  0.00000E+00  4.40908E+01  0.00000E+00
  1.32956E-05  0.00000E+00  0.00000E+00  1.32956243095E-05  1.46969E+01  0.00000E+00  4.40908E+01  0.00000E+00
  1.30352E-05  0.00000E+00  0.00000E+00  1.30351754865E-05  1.46969E+01  0.00000E+00  4.40908E+01  0.00000E+00
  1.27847E-05  0.00000E+00  0.00000E+00  1.27847399862E-05  1.46969E+01  0.00000E+00  4.40908E+01  0.00000E+00
  1.25922E-05  0.00000E+00  0.00000E+00  1.25922269252E-05  1.46969E+01  0.00000E+00  4.40908E+01  0.00000E+00
