 #This file helps checking about the convergence of the optimization algorithm
 #    by printing infos related to the values of the objective function and
 #    its components.
 #- Every line describes an iteration of the optimization algorithm,
 #- on every line there are x*2+2+4 real numbers where x equals the number
 #    of measured fields used,
 #- the first 2 numbers on a line are the dataMatch and the forceMatch terms
 #    for the first measurement used,
 #- if x>1, numbers at position 3 and 4 are the dataMatch and the forceMatch
 #    terms for the second measurement
 #- etc...
 #- the following numbers are: the regularization term for each measurement
 #    and the objective function value,
 #- followed by the L2 norms of parameter1, its gradient, parameter2 and its
 #    gradient.
 #note by JFD: gnuplot is convenient to print a column
 #             plot "*.out.cvg" u 3
 #             replot "*.out.cvg" u 6
  2.04904E+00  0.00000E+00  0.00000E+00  2.04904E+00  2.20000E+01  1.46297E-16  1.15500E+01  5.68927E-17
  1.63877E+00  0.00000E+00  1.09175E-04  1.63888E+00  2.20000E+01  1.46297E-16  1.17360E+01  1.04849E-01
  1.40261E+00  0.00000E+00  1.54890E-04  1.40277E+00  2.20000E+01  1.46297E-16  1.19285E+01  1.56834E-01
  1.29260E+00  0.00000E+00  1.96924E-04  1.29280E+00  2.20000E+01  1.46297E-16  1.21249E+01  2.04229E-01
  9.93838E-01  0.00000E+00  2.98196E-04  9.94136E-01  2.20000E+01  1.46297E-16  1.26660E+01  3.20574E-01
  9.30859E-01  0.00000E+00  3.38956E-04  9.31198E-01  2.20000E+01  1.46297E-16  1.29091E+01  3.65625E-01
  7.27680E-01  0.00000E+00  4.28242E-04  7.28108E-01  2.20000E+01  1.46297E-16  1.34416E+01  4.66917E-01
  6.81219E-01  0.00000E+00  4.69806E-04  6.81688E-01  2.20000E+01  1.46297E-16  1.37015E+01  5.13037E-01
  5.28307E-01  0.00000E+00  5.61018E-04  5.28868E-01  2.20000E+01  1.46297E-16  1.42875E+01  6.16177E-01
  4.93794E-01  0.00000E+00  6.02904E-04  4.94397E-01  2.20000E+01  1.46297E-16  1.45613E+01  6.63465E-01
  3.87599E-01  0.00000E+00  6.85682E-04  3.88285E-01  2.20000E+01  1.46297E-16  1.51256E+01  7.57011E-01
  3.35381E-01  0.00000E+00  7.55791E-04  3.36137E-01  2.20000E+01  1.46297E-16  1.56080E+01  8.37149E-01
  3.04705E-01  0.00000E+00  7.77941E-04  3.05483E-01  2.20000E+01  1.46297E-16  1.57757E+01  8.62272E-01
  2.57819E-01  0.00000E+00  8.57667E-04  2.58676E-01  2.20000E+01  1.46297E-16  1.63458E+01  9.54598E-01
  2.26880E-01  0.00000E+00  8.85737E-04  2.27766E-01  2.20000E+01  1.46297E-16  1.65666E+01  9.86861E-01
  1.35494E-01  0.00000E+00  1.05786E-03  1.36552E-01  2.20000E+01  1.46297E-16  1.78693E+01  1.19244E+00
  1.25493E-01  0.00000E+00  1.08252E-03  1.26576E-01  2.20000E+01  1.46297E-16  1.80711E+01  1.22279E+00
  1.22617E-01  0.00000E+00  1.08723E-03  1.23704E-01  2.20000E+01  1.46297E-16  1.81106E+01  1.22844E+00
  9.34173E-02  0.00000E+00  1.17553E-03  9.45928E-02  2.20000E+01  1.46297E-16  1.88070E+01  1.33551E+00
  8.16395E-02  0.00000E+00  1.21443E-03  8.28540E-02  2.20000E+01  1.46297E-16  1.91181E+01  1.38319E+00
  7.82057E-02  0.00000E+00  1.23026E-03  7.94359E-02  2.20000E+01  1.46297E-16  1.92464E+01  1.40302E+00
  5.68385E-02  0.00000E+00  1.32764E-03  5.81662E-02  2.20000E+01  1.46297E-16  2.00313E+01  1.52252E+00
  4.23314E-02  0.00000E+00  1.42037E-03  4.37518E-02  2.20000E+01  1.46297E-16  2.07919E+01  1.63969E+00
  3.65383E-02  0.00000E+00  1.46746E-03  3.80058E-02  2.20000E+01  1.46297E-16  2.11861E+01  1.69995E+00
  3.27391E-02  0.00000E+00  1.50174E-03  3.42408E-02  2.20000E+01  1.46297E-16  2.14740E+01  1.74417E+00
  2.25757E-02  0.00000E+00  1.64264E-03  2.42183E-02  2.20000E+01  1.46297E-16  2.26434E+01  1.92670E+00
  2.24288E-02  0.00000E+00  1.64515E-03  2.40740E-02  2.20000E+01  1.46297E-16  2.26635E+01  1.92980E+00
  2.21832E-02  0.00000E+00  1.64761E-03  2.38308E-02  2.20000E+01  1.46297E-16  2.26832E+01  1.93293E+00
  2.07539E-02  0.00000E+00  1.66523E-03  2.24191E-02  2.20000E+01  1.46297E-16  2.28166E+01  1.95430E+00
  2.06877E-02  0.00000E+00  1.66568E-03  2.23534E-02  2.20000E+01  1.46297E-16  2.28203E+01  1.95486E+00
  1.24609E-02  0.00000E+00  1.86136E-03  1.43223E-02  2.20000E+01  1.46297E-16  2.42300E+01  2.18946E+00
  1.21573E-02  0.00000E+00  1.86111E-03  1.40185E-02  2.20000E+01  1.46297E-16  2.42314E+01  2.18927E+00
  9.41421E-03  0.00000E+00  2.06815E-03  1.14824E-02  2.20000E+01  1.46297E-16  2.54701E+01  2.41450E+00
  8.46896E-03  0.00000E+00  2.08207E-03  1.05510E-02  2.20000E+01  1.46297E-16  2.55476E+01  2.42882E+00
  7.89804E-03  0.00000E+00  2.07813E-03  9.97617E-03  2.20000E+01  1.46297E-16  2.54780E+01  2.41981E+00
  7.48107E-03  0.00000E+00  2.07194E-03  9.55301E-03  2.20000E+01  1.46297E-16  2.54252E+01  2.41125E+00
  6.51193E-03  0.00000E+00  2.05974E-03  8.57167E-03  2.20000E+01  1.46297E-16  2.52958E+01  2.39177E+00
  5.86896E-03  0.00000E+00  2.06320E-03  7.93216E-03  2.20000E+01  1.46297E-16  2.53286E+01  2.39711E+00
  5.56935E-03  0.00000E+00  2.07244E-03  7.64180E-03  2.20000E+01  1.46297E-16  2.53933E+01  2.40822E+00
  5.47922E-03  0.00000E+00  2.07336E-03  7.55258E-03  2.20000E+01  1.46297E-16  2.54018E+01  2.40952E+00
  4.92720E-03  0.00000E+00  2.08718E-03  7.01438E-03  2.20000E+01  1.46297E-16  2.55124E+01  2.42758E+00
  4.29360E-03  0.00000E+00  2.11398E-03  6.40758E-03  2.20000E+01  1.46297E-16  2.57111E+01  2.46142E+00
  4.26286E-03  0.00000E+00  2.11475E-03  6.37761E-03  2.20000E+01  1.46297E-16  2.57186E+01  2.46260E+00
  4.18158E-03  0.00000E+00  2.11545E-03  6.29703E-03  2.20000E+01  1.46297E-16  2.57301E+01  2.46429E+00
  4.13457E-03  0.00000E+00  2.11649E-03  6.25106E-03  2.20000E+01  1.46297E-16  2.57419E+01  2.46613E+00
  4.09352E-03  0.00000E+00  2.11660E-03  6.21012E-03  2.20000E+01  1.46297E-16  2.57457E+01  2.46667E+00
  4.05093E-03  0.00000E+00  2.11759E-03  6.16852E-03  2.20000E+01  1.46297E-16  2.57566E+01  2.46837E+00
  3.98376E-03  0.00000E+00  2.11837E-03  6.10213E-03  2.20000E+01  1.46297E-16  2.57682E+01  2.47014E+00
  3.94299E-03  0.00000E+00  2.11939E-03  6.06238E-03  2.20000E+01  1.46297E-16  2.57789E+01  2.47183E+00
  3.84804E-03  0.00000E+00  2.11795E-03  5.96599E-03  2.20000E+01  1.46297E-16  2.57837E+01  2.47218E+00
  3.79235E-03  0.00000E+00  2.11812E-03  5.91048E-03  2.20000E+01  1.46297E-16  2.57954E+01  2.47393E+00
  3.75277E-03  0.00000E+00  2.11797E-03  5.87074E-03  2.20000E+01  1.46297E-16  2.57976E+01  2.47420E+00
  3.72975E-03  0.00000E+00  2.11755E-03  5.84730E-03  2.20000E+01  1.46297E-16  2.57997E+01  2.47445E+00
  3.70334E-03  0.00000E+00  2.11728E-03  5.82063E-03  2.20000E+01  1.46297E-16  2.58013E+01  2.47466E+00
  3.68555E-03  0.00000E+00  2.11701E-03  5.80256E-03  2.20000E+01  1.46297E-16  2.58031E+01  2.47491E+00
  3.65344E-03  0.00000E+00  2.11666E-03  5.77011E-03  2.20000E+01  1.46297E-16  2.58056E+01  2.47526E+00
  3.64261E-03  0.00000E+00  2.11653E-03  5.75914E-03  2.20000E+01  1.46297E-16  2.58066E+01  2.47540E+00
  3.39389E-03  0.00000E+00  2.11360E-03  5.50749E-03  2.20000E+01  1.46297E-16  2.58341E+01  2.47969E+00
  3.36887E-03  0.00000E+00  2.11355E-03  5.48242E-03  2.20000E+01  1.46297E-16  2.58369E+01  2.48016E+00
  3.33844E-03  0.00000E+00  2.11348E-03  5.45192E-03  2.20000E+01  1.46297E-16  2.58419E+01  2.48115E+00
  3.28345E-03  0.00000E+00  2.11325E-03  5.39670E-03  2.20000E+01  1.46297E-16  2.58519E+01  2.48303E+00
  3.20232E-03  0.00000E+00  2.11342E-03  5.31575E-03  2.20000E+01  1.46297E-16  2.58671E+01  2.48628E+00
  3.06027E-03  0.00000E+00  2.11467E-03  5.17494E-03  2.20000E+01  1.46297E-16  2.59052E+01  2.49499E+00
  3.01011E-03  0.00000E+00  2.11548E-03  5.12559E-03  2.20000E+01  1.46297E-16  2.59176E+01  2.49828E+00
  2.92282E-03  0.00000E+00  2.11766E-03  5.04048E-03  2.20000E+01  1.46297E-16  2.59417E+01  2.50517E+00
  2.80796E-03  0.00000E+00  2.12139E-03  4.92935E-03  2.20000E+01  1.46297E-16  2.59759E+01  2.51561E+00
  2.79036E-03  0.00000E+00  2.12170E-03  4.91206E-03  2.20000E+01  1.46297E-16  2.59780E+01  2.51645E+00
  2.70320E-03  0.00000E+00  2.12570E-03  4.82889E-03  2.20000E+01  1.46297E-16  2.60069E+01  2.52609E+00
  2.65537E-03  0.00000E+00  2.12738E-03  4.78275E-03  2.20000E+01  1.46297E-16  2.60192E+01  2.53056E+00
  2.60906E-03  0.00000E+00  2.12790E-03  4.73697E-03  2.20000E+01  1.46297E-16  2.60166E+01  2.53156E+00
  2.55853E-03  0.00000E+00  2.12864E-03  4.68717E-03  2.20000E+01  1.46297E-16  2.60190E+01  2.53410E+00
  2.52731E-03  0.00000E+00  2.12920E-03  4.65651E-03  2.20000E+01  1.46297E-16  2.60234E+01  2.53628E+00
  2.50894E-03  0.00000E+00  2.12938E-03  4.63831E-03  2.20000E+01  1.46297E-16  2.60261E+01  2.53751E+00
  2.50105E-03  0.00000E+00  2.12944E-03  4.63049E-03  2.20000E+01  1.46297E-16  2.60270E+01  2.53798E+00
  2.42256E-03  0.00000E+00  2.13013E-03  4.55270E-03  2.20000E+01  1.46297E-16  2.60387E+01  2.54343E+00
  2.41171E-03  0.00000E+00  2.13012E-03  4.54182E-03  2.20000E+01  1.46297E-16  2.60403E+01  2.54417E+00
  2.39518E-03  0.00000E+00  2.13036E-03  4.52554E-03  2.20000E+01  1.46297E-16  2.60438E+01  2.54553E+00
  2.30778E-03  0.00000E+00  2.13160E-03  4.43938E-03  2.20000E+01  1.46297E-16  2.60652E+01  2.55390E+00
  2.21976E-03  0.00000E+00  2.13291E-03  4.35267E-03  2.20000E+01  1.46297E-16  2.60877E+01  2.56257E+00
  1.98290E-03  0.00000E+00  2.13984E-03  4.12274E-03  2.20000E+01  1.46297E-16  2.61765E+01  2.59719E+00
  1.97406E-03  0.00000E+00  2.13968E-03  4.11374E-03  2.20000E+01  1.46297E-16  2.61774E+01  2.59753E+00
  1.97195E-03  0.00000E+00  2.13964E-03  4.11159E-03  2.20000E+01  1.46297E-16  2.61774E+01  2.59755E+00
  1.92324E-03  0.00000E+00  2.14111E-03  4.06435E-03  2.20000E+01  1.46297E-16  2.61984E+01  2.60553E+00
  1.87749E-03  0.00000E+00  2.14043E-03  4.01793E-03  2.20000E+01  1.46297E-16  2.62098E+01  2.60973E+00
  1.86039E-03  0.00000E+00  2.14055E-03  4.00094E-03  2.20000E+01  1.46297E-16  2.62118E+01  2.61048E+00
  1.85064E-03  0.00000E+00  2.14058E-03  3.99121E-03  2.20000E+01  1.46297E-16  2.62133E+01  2.61109E+00
  1.84759E-03  0.00000E+00  2.14056E-03  3.98815E-03  2.20000E+01  1.46297E-16  2.62139E+01  2.61136E+00
  1.78323E-03  0.00000E+00  2.14215E-03  3.92538E-03  2.20000E+01  1.46297E-16  2.62389E+01  2.62102E+00
  1.75838E-03  0.00000E+00  2.14190E-03  3.90028E-03  2.20000E+01  1.46297E-16  2.62442E+01  2.62299E+00
  1.75191E-03  0.00000E+00  2.14168E-03  3.89359E-03  2.20000E+01  1.46297E-16  2.62454E+01  2.62340E+00
  1.74733E-03  0.00000E+00  2.14166E-03  3.88899E-03  2.20000E+01  1.46297E-16  2.62459E+01  2.62360E+00
  1.73196E-03  0.00000E+00  2.14109E-03  3.87305E-03  2.20000E+01  1.46297E-16  2.62475E+01  2.62423E+00
  1.72789E-03  0.00000E+00  2.14090E-03  3.86879E-03  2.20000E+01  1.46297E-16  2.62481E+01  2.62442E+00
  1.67673E-03  0.00000E+00  2.13855E-03  3.81528E-03  2.20000E+01  1.46297E-16  2.62552E+01  2.62713E+00
  1.67047E-03  0.00000E+00  2.13838E-03  3.80885E-03  2.20000E+01  1.46297E-16  2.62557E+01  2.62736E+00
  1.66541E-03  0.00000E+00  2.13820E-03  3.80361E-03  2.20000E+01  1.46297E-16  2.62564E+01  2.62760E+00
  1.57213E-03  0.00000E+00  2.13164E-03  3.70377E-03  2.20000E+01  1.46297E-16  2.62937E+01  2.64210E+00
  1.52162E-03  0.00000E+00  2.13103E-03  3.65264E-03  2.20000E+01  1.46297E-16  2.63011E+01  2.64495E+00
  1.51182E-03  0.00000E+00  2.13088E-03  3.64270E-03  2.20000E+01  1.46297E-16  2.63025E+01  2.64549E+00
  1.50669E-03  0.00000E+00  2.13090E-03  3.63759E-03  2.20000E+01  1.46297E-16  2.63033E+01  2.64586E+00
  1.49988E-03  0.00000E+00  2.13086E-03  3.63074E-03  2.20000E+01  1.46297E-16  2.63037E+01  2.64619E+00
  1.49691E-03  0.00000E+00  2.13081E-03  3.62771E-03  2.20000E+01  1.46297E-16  2.63041E+01  2.64638E+00
  1.45821E-03  0.00000E+00  2.13008E-03  3.58828E-03  2.20000E+01  1.46297E-16  2.63082E+01  2.64912E+00
  1.44329E-03  0.00000E+00  2.12988E-03  3.57317E-03  2.20000E+01  1.46297E-16  2.63096E+01  2.64999E+00
  1.41416E-03  0.00000E+00  2.12934E-03  3.54350E-03  2.20000E+01  1.46297E-16  2.63138E+01  2.65245E+00
  1.41050E-03  0.00000E+00  2.12926E-03  3.53976E-03  2.20000E+01  1.46297E-16  2.63142E+01  2.65273E+00
  1.40724E-03  0.00000E+00  2.12920E-03  3.53644E-03  2.20000E+01  1.46297E-16  2.63145E+01  2.65296E+00
  1.39120E-03  0.00000E+00  2.12882E-03  3.52002E-03  2.20000E+01  1.46297E-16  2.63163E+01  2.65429E+00
  1.38955E-03  0.00000E+00  2.12879E-03  3.51833E-03  2.20000E+01  1.46297E-16  2.63163E+01  2.65436E+00
  1.30927E-03  0.00000E+00  2.12633E-03  3.43559E-03  2.20000E+01  1.46297E-16  2.63291E+01  2.66372E+00
  1.28028E-03  0.00000E+00  2.12519E-03  3.40546E-03  2.20000E+01  1.46297E-16  2.63355E+01  2.66857E+00
  1.27035E-03  0.00000E+00  2.12478E-03  3.39512E-03  2.20000E+01  1.46297E-16  2.63372E+01  2.67018E+00
  1.26795E-03  0.00000E+00  2.12473E-03  3.39269E-03  2.20000E+01  1.46297E-16  2.63372E+01  2.67025E+00
  1.25684E-03  0.00000E+00  2.12441E-03  3.38125E-03  2.20000E+01  1.46297E-16  2.63371E+01  2.67095E+00
  1.24844E-03  0.00000E+00  2.12403E-03  3.37247E-03  2.20000E+01  1.46297E-16  2.63370E+01  2.67163E+00
  1.24376E-03  0.00000E+00  2.12400E-03  3.36776E-03  2.20000E+01  1.46297E-16  2.63369E+01  2.67167E+00
  1.24239E-03  0.00000E+00  2.12396E-03  3.36635E-03  2.20000E+01  1.46297E-16  2.63368E+01  2.67175E+00
  1.23992E-03  0.00000E+00  2.12389E-03  3.36380E-03  2.20000E+01  1.46297E-16  2.63367E+01  2.67187E+00
  1.23873E-03  0.00000E+00  2.12386E-03  3.36260E-03  2.20000E+01  1.46297E-16  2.63366E+01  2.67191E+00
  1.22387E-03  0.00000E+00  2.12335E-03  3.34723E-03  2.20000E+01  1.46297E-16  2.63357E+01  2.67272E+00
  1.18624E-03  0.00000E+00  2.12059E-03  3.30683E-03  2.20000E+01  1.46297E-16  2.63356E+01  2.67871E+00
  1.15799E-03  0.00000E+00  2.12024E-03  3.27824E-03  2.20000E+01  1.46297E-16  2.63367E+01  2.67970E+00
  1.15465E-03  0.00000E+00  2.12010E-03  3.27474E-03  2.20000E+01  1.46297E-16  2.63369E+01  2.68005E+00
  1.15401E-03  0.00000E+00  2.12008E-03  3.27408E-03  2.20000E+01  1.46297E-16  2.63368E+01  2.68012E+00
  1.14261E-03  0.00000E+00  2.11948E-03  3.26208E-03  2.20000E+01  1.46297E-16  2.63372E+01  2.68149E+00
  1.14020E-03  0.00000E+00  2.11934E-03  3.25955E-03  2.20000E+01  1.46297E-16  2.63372E+01  2.68178E+00
  1.13698E-03  0.00000E+00  2.11908E-03  3.25606E-03  2.20000E+01  1.46297E-16  2.63371E+01  2.68219E+00
  1.13416E-03  0.00000E+00  2.11893E-03  3.25309E-03  2.20000E+01  1.46297E-16  2.63372E+01  2.68248E+00
  1.06993E-03  0.00000E+00  2.11174E-03  3.18168E-03  2.20000E+01  1.46297E-16  2.63423E+01  2.69910E+00
  1.03904E-03  0.00000E+00  2.11079E-03  3.14982E-03  2.20000E+01  1.46297E-16  2.63427E+01  2.70129E+00
  9.68476E-04  0.00000E+00  2.10717E-03  3.07565E-03  2.20000E+01  1.46297E-16  2.63452E+01  2.71016E+00
  9.26918E-04  0.00000E+00  2.10273E-03  3.02965E-03  2.20000E+01  1.46297E-16  2.63502E+01  2.72319E+00
  8.83847E-04  0.00000E+00  2.09703E-03  2.98088E-03  2.20000E+01  1.46297E-16  2.63592E+01  2.74416E+00
  8.74986E-04  0.00000E+00  2.09680E-03  2.97179E-03  2.20000E+01  1.46297E-16  2.63595E+01  2.74441E+00
  8.52880E-04  0.00000E+00  2.09487E-03  2.94775E-03  2.20000E+01  1.46297E-16  2.63631E+01  2.75130E+00
  8.46599E-04  0.00000E+00  2.09481E-03  2.94141E-03  2.20000E+01  1.46297E-16  2.63631E+01  2.75141E+00
  8.32698E-04  0.00000E+00  2.09404E-03  2.92674E-03  2.20000E+01  1.46297E-16  2.63645E+01  2.75399E+00
  8.18223E-04  0.00000E+00  2.09307E-03  2.91129E-03  2.20000E+01  1.46297E-16  2.63663E+01  2.75724E+00
  8.12148E-04  0.00000E+00  2.09282E-03  2.90496E-03  2.20000E+01  1.46297E-16  2.63667E+01  2.75794E+00
  7.79897E-04  0.00000E+00  2.09069E-03  2.87059E-03  2.20000E+01  1.46297E-16  2.63707E+01  2.76485E+00
  7.73641E-04  0.00000E+00  2.09050E-03  2.86414E-03  2.20000E+01  1.46297E-16  2.63707E+01  2.76486E+00
  7.52650E-04  0.00000E+00  2.08909E-03  2.84174E-03  2.20000E+01  1.46297E-16  2.63708E+01  2.76398E+00
  7.28448E-04  0.00000E+00  2.08575E-03  2.81420E-03  2.20000E+01  1.46297E-16  2.63735E+01  2.76646E+00
  7.01908E-04  0.00000E+00  2.08169E-03  2.78359E-03  2.20000E+01  1.46297E-16  2.63816E+01  2.77897E+00
  6.78306E-04  0.00000E+00  2.07881E-03  2.75712E-03  2.20000E+01  1.46297E-16  2.63901E+01  2.79217E+00
  6.24621E-04  0.00000E+00  2.07349E-03  2.69811E-03  2.20000E+01  1.46297E-16  2.64204E+01  2.83485E+00
  6.09781E-04  0.00000E+00  2.07320E-03  2.68298E-03  2.20000E+01  1.46297E-16  2.64188E+01  2.83248E+00
  5.70574E-04  0.00000E+00  2.06959E-03  2.64016E-03  2.20000E+01  1.46297E-16  2.64161E+01  2.82672E+00
  5.61545E-04  0.00000E+00  2.06944E-03  2.63098E-03  2.20000E+01  1.46297E-16  2.64162E+01  2.82671E+00
  5.49839E-04  0.00000E+00  2.06819E-03  2.61803E-03  2.20000E+01  1.46297E-16  2.64197E+01  2.83092E+00
  5.45355E-04  0.00000E+00  2.06783E-03  2.61318E-03  2.20000E+01  1.46297E-16  2.64203E+01  2.83175E+00
  5.10181E-04  0.00000E+00  2.06337E-03  2.57355E-03  2.20000E+01  1.46297E-16  2.64296E+01  2.84297E+00
  5.04059E-04  0.00000E+00  2.06308E-03  2.56714E-03  2.20000E+01  1.46297E-16  2.64304E+01  2.84408E+00
  5.02700E-04  0.00000E+00  2.06305E-03  2.56575E-03  2.20000E+01  1.46297E-16  2.64304E+01  2.84410E+00
  4.96345E-04  0.00000E+00  2.06254E-03  2.55888E-03  2.20000E+01  1.46297E-16  2.64313E+01  2.84556E+00
  4.50205E-04  0.00000E+00  2.05913E-03  2.50933E-03  2.20000E+01  1.46297E-16  2.64514E+01  2.87163E+00
  4.46124E-04  0.00000E+00  2.05901E-03  2.50513E-03  2.20000E+01  1.46297E-16  2.64517E+01  2.87216E+00
  4.42981E-04  0.00000E+00  2.05895E-03  2.50193E-03  2.20000E+01  1.46297E-16  2.64517E+01  2.87217E+00
  4.39456E-04  0.00000E+00  2.05874E-03  2.49820E-03  2.20000E+01  1.46297E-16  2.64518E+01  2.87262E+00
  4.37886E-04  0.00000E+00  2.05870E-03  2.49659E-03  2.20000E+01  1.46297E-16  2.64518E+01  2.87266E+00
  4.37221E-04  0.00000E+00  2.05866E-03  2.49588E-03  2.20000E+01  1.46297E-16  2.64519E+01  2.87285E+00
  4.33945E-04  0.00000E+00  2.05850E-03  2.49244E-03  2.20000E+01  1.46297E-16  2.64520E+01  2.87334E+00
  4.33352E-04  0.00000E+00  2.05846E-03  2.49181E-03  2.20000E+01  1.46297E-16  2.64521E+01  2.87353E+00
  4.24599E-04  0.00000E+00  2.05794E-03  2.48254E-03  2.20000E+01  1.46297E-16  2.64526E+01  2.87512E+00
  4.23791E-04  0.00000E+00  2.05790E-03  2.48169E-03  2.20000E+01  1.46297E-16  2.64527E+01  2.87535E+00
  4.18669E-04  0.00000E+00  2.05750E-03  2.47617E-03  2.20000E+01  1.46297E-16  2.64533E+01  2.87677E+00
  4.13330E-04  0.00000E+00  2.05719E-03  2.47052E-03  2.20000E+01  1.46297E-16  2.64537E+01  2.87771E+00
  3.76698E-04  0.00000E+00  2.05443E-03  2.43112E-03  2.20000E+01  1.46297E-16  2.64576E+01  2.88725E+00
  3.36295E-04  0.00000E+00  2.05082E-03  2.38712E-03  2.20000E+01  1.46297E-16  2.64651E+01  2.90354E+00
  3.19357E-04  0.00000E+00  2.04979E-03  2.36915E-03  2.20000E+01  1.46297E-16  2.64673E+01  2.90796E+00
  2.99986E-04  0.00000E+00  2.04792E-03  2.34791E-03  2.20000E+01  1.46297E-16  2.64704E+01  2.91445E+00
  2.91609E-04  0.00000E+00  2.04706E-03  2.33867E-03  2.20000E+01  1.46297E-16  2.64724E+01  2.91863E+00
  2.89504E-04  0.00000E+00  2.04692E-03  2.33643E-03  2.20000E+01  1.46297E-16  2.64728E+01  2.91946E+00
  2.88185E-04  0.00000E+00  2.04680E-03  2.33498E-03  2.20000E+01  1.46297E-16  2.64729E+01  2.91996E+00
  2.79446E-04  0.00000E+00  2.04572E-03  2.32517E-03  2.20000E+01  1.46297E-16  2.64761E+01  2.92647E+00
  2.78682E-04  0.00000E+00  2.04568E-03  2.32436E-03  2.20000E+01  1.46297E-16  2.64762E+01  2.92659E+00
  2.74342E-04  0.00000E+00  2.04501E-03  2.31935E-03  2.20000E+01  1.46297E-16  2.64770E+01  2.92850E+00
  2.70245E-04  0.00000E+00  2.04441E-03  2.31466E-03  2.20000E+01  1.46297E-16  2.64773E+01  2.92970E+00
  2.68991E-04  0.00000E+00  2.04435E-03  2.31335E-03  2.20000E+01  1.46297E-16  2.64774E+01  2.92981E+00
  2.67941E-04  0.00000E+00  2.04424E-03  2.31218E-03  2.20000E+01  1.46297E-16  2.64774E+01  2.92998E+00
  2.64568E-04  0.00000E+00  2.04372E-03  2.30829E-03  2.20000E+01  1.46297E-16  2.64771E+01  2.93004E+00
  2.64287E-04  0.00000E+00  2.04366E-03  2.30795E-03  2.20000E+01  1.46297E-16  2.64771E+01  2.93006E+00
  2.63384E-04  0.00000E+00  2.04354E-03  2.30692E-03  2.20000E+01  1.46297E-16  2.64772E+01  2.93034E+00
  2.62338E-04  0.00000E+00  2.04333E-03  2.30567E-03  2.20000E+01  1.46297E-16  2.64771E+01  2.93046E+00
  2.61944E-04  0.00000E+00  2.04327E-03  2.30521E-03  2.20000E+01  1.46297E-16  2.64771E+01  2.93051E+00
  2.55764E-04  0.00000E+00  2.04196E-03  2.29773E-03  2.20000E+01  1.46297E-16  2.64771E+01  2.93188E+00
  2.52771E-04  0.00000E+00  2.04125E-03  2.29402E-03  2.20000E+01  1.46297E-16  2.64773E+01  2.93284E+00
  2.47487E-04  0.00000E+00  2.03987E-03  2.28736E-03  2.20000E+01  1.46297E-16  2.64776E+01  2.93441E+00
  2.42920E-04  0.00000E+00  2.03851E-03  2.28143E-03  2.20000E+01  1.46297E-16  2.64777E+01  2.93593E+00
  2.28114E-04  0.00000E+00  2.03351E-03  2.26162E-03  2.20000E+01  1.46297E-16  2.64783E+01  2.94165E+00
  2.27616E-04  0.00000E+00  2.03341E-03  2.26103E-03  2.20000E+01  1.46297E-16  2.64783E+01  2.94174E+00
  2.04576E-04  0.00000E+00  2.02298E-03  2.22755E-03  2.20000E+01  1.46297E-16  2.64802E+01  2.95532E+00
  2.02583E-04  0.00000E+00  2.02251E-03  2.22509E-03  2.20000E+01  1.46297E-16  2.64804E+01  2.95594E+00
  2.02461E-04  0.00000E+00  2.02246E-03  2.22492E-03  2.20000E+01  1.46297E-16  2.64803E+01  2.95595E+00
  1.96190E-04  0.00000E+00  2.01849E-03  2.21468E-03  2.20000E+01  1.46297E-16  2.64795E+01  2.95996E+00
  1.86900E-04  0.00000E+00  2.01268E-03  2.19958E-03  2.20000E+01  1.46297E-16  2.64788E+01  2.96677E+00
  1.83783E-04  0.00000E+00  2.01182E-03  2.19560E-03  2.20000E+01  1.46297E-16  2.64786E+01  2.96765E+00
  1.83123E-04  0.00000E+00  2.01153E-03  2.19465E-03  2.20000E+01  1.46297E-16  2.64785E+01  2.96799E+00
  1.82593E-04  0.00000E+00  2.01125E-03  2.19384E-03  2.20000E+01  1.46297E-16  2.64784E+01  2.96829E+00
  1.79700E-04  0.00000E+00  2.00973E-03  2.18943E-03  2.20000E+01  1.46297E-16  2.64778E+01  2.96994E+00
  1.75440E-04  0.00000E+00  2.00741E-03  2.18285E-03  2.20000E+01  1.46297E-16  2.64770E+01  2.97265E+00
  1.74839E-04  0.00000E+00  2.00719E-03  2.18203E-03  2.20000E+01  1.46297E-16  2.64769E+01  2.97291E+00
  1.71901E-04  0.00000E+00  2.00563E-03  2.17753E-03  2.20000E+01  1.46297E-16  2.64763E+01  2.97485E+00
  1.66708E-04  0.00000E+00  2.00290E-03  2.16961E-03  2.20000E+01  1.46297E-16  2.64752E+01  2.97874E+00
  1.59788E-04  0.00000E+00  1.99947E-03  2.15926E-03  2.20000E+01  1.46297E-16  2.64735E+01  2.98446E+00
  1.58555E-04  0.00000E+00  1.99886E-03  2.15742E-03  2.20000E+01  1.46297E-16  2.64730E+01  2.98494E+00
  1.56531E-04  0.00000E+00  1.99777E-03  2.15430E-03  2.20000E+01  1.46297E-16  2.64720E+01  2.98570E+00
  1.55662E-04  0.00000E+00  1.99721E-03  2.15287E-03  2.20000E+01  1.46297E-16  2.64715E+01  2.98601E+00
  1.55544E-04  0.00000E+00  1.99715E-03  2.15269E-03  2.20000E+01  1.46297E-16  2.64715E+01  2.98604E+00
  1.55383E-04  0.00000E+00  1.99696E-03  2.15234E-03  2.20000E+01  1.46297E-16  2.64713E+01  2.98610E+00
  1.53301E-04  0.00000E+00  1.99506E-03  2.14836E-03  2.20000E+01  1.46297E-16  2.64696E+01  2.98692E+00
  1.53212E-04  0.00000E+00  1.99490E-03  2.14811E-03  2.20000E+01  1.46297E-16  2.64695E+01  2.98699E+00
  1.53088E-04  0.00000E+00  1.99488E-03  2.14797E-03  2.20000E+01  1.46297E-16  2.64695E+01  2.98700E+00
  1.52905E-04  0.00000E+00  1.99479E-03  2.14770E-03  2.20000E+01  1.46297E-16  2.64694E+01  2.98700E+00
  1.52852E-04  0.00000E+00  1.99473E-03  2.14758E-03  2.20000E+01  1.46297E-16  2.64693E+01  2.98703E+00
  1.52623E-04  0.00000E+00  1.99456E-03  2.14719E-03  2.20000E+01  1.46297E-16  2.64692E+01  2.98703E+00
  1.52590E-04  0.00000E+00  1.99452E-03  2.14711E-03  2.20000E+01  1.46297E-16  2.64692E+01  2.98703E+00
  1.52125E-04  0.00000E+00  1.99406E-03  2.14618E-03  2.20000E+01  1.46297E-16  2.64688E+01  2.98703E+00
  1.52038E-04  0.00000E+00  1.99402E-03  2.14605E-03  2.20000E+01  1.46297E-16  2.64687E+01  2.98703E+00
  1.51836E-04  0.00000E+00  1.99341E-03  2.14525E-03  2.20000E+01  1.46297E-16  2.64682E+01  2.98702E+00
  1.51354E-04  0.00000E+00  1.99318E-03  2.14454E-03  2.20000E+01  1.46297E-16  2.64680E+01  2.98705E+00
  1.51188E-04  0.00000E+00  1.99306E-03  2.14425E-03  2.20000E+01  1.46297E-16  2.64679E+01  2.98705E+00
  1.50728E-04  0.00000E+00  1.99237E-03  2.14310E-03  2.20000E+01  1.46297E-16  2.64673E+01  2.98705E+00
  1.50418E-04  0.00000E+00  1.99202E-03  2.14243E-03  2.20000E+01  1.46297E-16  2.64670E+01  2.98705E+00
  1.51001E-04  0.00000E+00  1.98221E-03  2.13321E-03  2.20000E+01  1.46297E-16  2.64583E+01  2.98714E+00
  1.50000E-04  0.00000E+00  1.97568E-03  2.12568E-03  2.20000E+01  1.46297E-16  2.64520E+01  2.98736E+00
  1.53230E-04  0.00000E+00  1.95964E-03  2.11287E-03  2.20000E+01  1.46297E-16  2.64358E+01  2.98814E+00
  1.56340E-04  0.00000E+00  1.94850E-03  2.10484E-03  2.20000E+01  1.46297E-16  2.64238E+01  2.98890E+00
  1.57265E-04  0.00000E+00  1.94224E-03  2.09951E-03  2.20000E+01  1.46297E-16  2.64165E+01  2.98954E+00
  1.54210E-04  0.00000E+00  1.93956E-03  2.09377E-03  2.20000E+01  1.46297E-16  2.64133E+01  2.98995E+00
  1.50013E-04  0.00000E+00  1.93943E-03  2.08944E-03  2.20000E+01  1.46297E-16  2.64132E+01  2.99009E+00
  1.46522E-04  0.00000E+00  1.93869E-03  2.08521E-03  2.20000E+01  1.46297E-16  2.64123E+01  2.99029E+00
  1.43399E-04  0.00000E+00  1.93625E-03  2.07965E-03  2.20000E+01  1.46297E-16  2.64090E+01  2.99074E+00
  1.46864E-04  0.00000E+00  1.92425E-03  2.07111E-03  2.20000E+01  1.46297E-16  2.63903E+01  2.99315E+00
  1.43481E-04  0.00000E+00  1.92465E-03  2.06813E-03  2.20000E+01  1.46297E-16  2.63911E+01  2.99320E+00
  1.41302E-04  0.00000E+00  1.92506E-03  2.06636E-03  2.20000E+01  1.46297E-16  2.63918E+01  2.99318E+00
  1.41871E-04  0.00000E+00  1.92298E-03  2.06485E-03  2.20000E+01  1.46297E-16  2.63877E+01  2.99378E+00
  1.43025E-04  0.00000E+00  1.92080E-03  2.06382E-03  2.20000E+01  1.46297E-16  2.63827E+01  2.99459E+00
  1.42516E-04  0.00000E+00  1.91940E-03  2.06192E-03  2.20000E+01  1.46297E-16  2.63792E+01  2.99531E+00
  1.38925E-04  0.00000E+00  1.91515E-03  2.05408E-03  2.20000E+01  1.46297E-16  2.63639E+01  2.99850E+00
  1.33976E-04  0.00000E+00  1.91398E-03  2.04796E-03  2.20000E+01  1.46297E-16  2.63533E+01  3.00096E+00
  1.29052E-04  0.00000E+00  1.91412E-03  2.04317E-03  2.20000E+01  1.46297E-16  2.63576E+01  3.00038E+00
  1.24987E-04  0.00000E+00  1.91410E-03  2.03909E-03  2.20000E+01  1.46297E-16  2.63572E+01  3.00102E+00
  1.24803E-04  0.00000E+00  1.91410E-03  2.03890E-03  2.20000E+01  1.46297E-16  2.63572E+01  3.00103E+00
  1.21968E-04  0.00000E+00  1.91394E-03  2.03591E-03  2.20000E+01  1.46297E-16  2.63535E+01  3.00259E+00
  1.21136E-04  0.00000E+00  1.91393E-03  2.03507E-03  2.20000E+01  1.46297E-16  2.63531E+01  3.00276E+00
  1.20973E-04  0.00000E+00  1.91392E-03  2.03489E-03  2.20000E+01  1.46297E-16  2.63531E+01  3.00278E+00
  1.18002E-04  0.00000E+00  1.91338E-03  2.03138E-03  2.20000E+01  1.46297E-16  2.63473E+01  3.00444E+00
  1.19841E-04  0.00000E+00  1.91311E-03  2.03295E-03  2.20000E+01  1.46297E-16  2.63461E+01  3.00533E+00
  1.16785E-04  0.00000E+00  1.91257E-03  2.02936E-03  2.20000E+01  1.46297E-16  2.63412E+01  3.00634E+00
  1.15537E-04  0.00000E+00  1.91231E-03  2.02785E-03  2.20000E+01  1.46297E-16  2.63387E+01  3.00698E+00
  1.14444E-04  0.00000E+00  1.91202E-03  2.02646E-03  2.20000E+01  1.46297E-16  2.63374E+01  3.00716E+00
  1.14258E-04  0.00000E+00  1.91199E-03  2.02625E-03  2.20000E+01  1.46297E-16  2.63377E+01  3.00704E+00
  1.12938E-04  0.00000E+00  1.91143E-03  2.02437E-03  2.20000E+01  1.46297E-16  2.63368E+01  3.00706E+00
  1.11416E-04  0.00000E+00  1.90964E-03  2.02105E-03  2.20000E+01  1.46297E-16  2.63295E+01  3.00848E+00
  1.09935E-04  0.00000E+00  1.90777E-03  2.01771E-03  2.20000E+01  1.46297E-16  2.63180E+01  3.01095E+00
  1.07032E-04  0.00000E+00  1.90488E-03  2.01192E-03  2.20000E+01  1.46297E-16  2.63072E+01  3.01304E+00
  1.06022E-04  0.00000E+00  1.90414E-03  2.01016E-03  2.20000E+01  1.46297E-16  2.63027E+01  3.01397E+00
  1.05639E-04  0.00000E+00  1.90405E-03  2.00969E-03  2.20000E+01  1.46297E-16  2.63021E+01  3.01409E+00
  1.04799E-04  0.00000E+00  1.90380E-03  2.00860E-03  2.20000E+01  1.46297E-16  2.63007E+01  3.01436E+00
  1.02728E-04  0.00000E+00  1.90261E-03  2.00534E-03  2.20000E+01  1.46297E-16  2.62949E+01  3.01546E+00
  1.01580E-04  0.00000E+00  1.90126E-03  2.00284E-03  2.20000E+01  1.46297E-16  2.62840E+01  3.01766E+00
  9.99091E-05  0.00000E+00  1.90105E-03  2.00096E-03  2.20000E+01  1.46297E-16  2.62823E+01  3.01800E+00
  9.79958E-05  0.00000E+00  1.90045E-03  1.99845E-03  2.20000E+01  1.46297E-16  2.62764E+01  3.01920E+00
  9.78572E-05  0.00000E+00  1.90030E-03  1.99815E-03  2.20000E+01  1.46297E-16  2.62759E+01  3.01926E+00
  1.02521E-04  0.00000E+00  1.89804E-03  2.00057E-03  2.20000E+01  1.46297E-16  2.62508E+01  3.02424E+00
  9.77902E-05  0.00000E+00  1.89779E-03  1.99558E-03  2.20000E+01  1.46297E-16  2.62427E+01  3.02605E+00
  9.69995E-05  0.00000E+00  1.89735E-03  1.99435E-03  2.20000E+01  1.46297E-16  2.62205E+01  3.03082E+00
  9.63574E-05  0.00000E+00  1.89897E-03  1.99533E-03  2.20000E+01  1.46297E-16  2.61737E+01  3.04131E+00
  9.04053E-05  0.00000E+00  1.89791E-03  1.98832E-03  2.20000E+01  1.46297E-16  2.61859E+01  3.03832E+00
  8.87600E-05  0.00000E+00  1.89704E-03  1.98580E-03  2.20000E+01  1.46297E-16  2.61986E+01  3.03529E+00
  8.86336E-05  0.00000E+00  1.89574E-03  1.98438E-03  2.20000E+01  1.46297E-16  2.62223E+01  3.02974E+00
  8.79336E-05  0.00000E+00  1.89554E-03  1.98348E-03  2.20000E+01  1.46297E-16  2.62105E+01  3.03217E+00
  8.71056E-05  0.00000E+00  1.89553E-03  1.98263E-03  2.20000E+01  1.46297E-16  2.62085E+01  3.03260E+00
  8.69636E-05  0.00000E+00  1.89531E-03  1.98227E-03  2.20000E+01  1.46297E-16  2.62071E+01  3.03280E+00
  1.73133E-04  0.00000E+00  1.89130E-03  2.06443E-03  2.20000E+01  1.46297E-16  2.61695E+01  3.03839E+00
  1.72690E-04  0.00000E+00  1.89129E-03  2.06398E-03  2.20000E+01  1.46297E-16  2.61695E+01  3.03839E+00
  1.71237E-04  0.00000E+00  1.89153E-03  2.06276E-03  2.20000E+01  1.46297E-16  2.61676E+01  3.03893E+00
  8.65788E-05  0.00000E+00  1.89503E-03  1.98161E-03  2.20000E+01  1.46297E-16  2.62055E+01  3.03302E+00
  8.55243E-05  0.00000E+00  1.89459E-03  1.98011E-03  2.20000E+01  1.46297E-16  2.62048E+01  3.03306E+00
  8.52910E-05  0.00000E+00  1.89457E-03  1.97987E-03  2.20000E+01  1.46297E-16  2.62048E+01  3.03307E+00
  8.45273E-05  0.00000E+00  1.89396E-03  1.97849E-03  2.20000E+01  1.46297E-16  2.62038E+01  3.03313E+00
  8.38991E-05  0.00000E+00  1.89361E-03  1.97751E-03  2.20000E+01  1.46297E-16  2.62032E+01  3.03316E+00
  8.35337E-05  0.00000E+00  1.89334E-03  1.97687E-03  2.20000E+01  1.46297E-16  2.62028E+01  3.03317E+00
  8.30387E-05  0.00000E+00  1.89302E-03  1.97606E-03  2.20000E+01  1.46297E-16  2.62023E+01  3.03319E+00
  8.28411E-05  0.00000E+00  1.89291E-03  1.97575E-03  2.20000E+01  1.46297E-16  2.62022E+01  3.03320E+00
  8.23435E-05  0.00000E+00  1.88979E-03  1.97213E-03  2.20000E+01  1.46297E-16  2.61972E+01  3.03337E+00
  8.34952E-05  0.00000E+00  1.88808E-03  1.97158E-03  2.20000E+01  1.46297E-16  2.61937E+01  3.03350E+00
  8.34934E-05  0.00000E+00  1.88593E-03  1.96942E-03  2.20000E+01  1.46297E-16  2.61886E+01  3.03363E+00
  8.09640E-05  0.00000E+00  1.88515E-03  1.96611E-03  2.20000E+01  1.46297E-16  2.61862E+01  3.03369E+00
  7.77701E-05  0.00000E+00  1.88470E-03  1.96247E-03  2.20000E+01  1.46297E-16  2.61859E+01  3.03363E+00
  7.73213E-05  0.00000E+00  1.88433E-03  1.96165E-03  2.20000E+01  1.46297E-16  2.61860E+01  3.03361E+00
  7.71699E-05  0.00000E+00  1.88414E-03  1.96131E-03  2.20000E+01  1.46297E-16  2.61859E+01  3.03361E+00
  7.69322E-05  0.00000E+00  1.88407E-03  1.96100E-03  2.20000E+01  1.46297E-16  2.61858E+01  3.03363E+00
  7.62404E-05  0.00000E+00  1.88344E-03  1.95968E-03  2.20000E+01  1.46297E-16  2.61850E+01  3.03370E+00
  7.56996E-05  0.00000E+00  1.88267E-03  1.95837E-03  2.20000E+01  1.46297E-16  2.61838E+01  3.03380E+00
  7.56501E-05  0.00000E+00  1.88260E-03  1.95825E-03  2.20000E+01  1.46297E-16  2.61836E+01  3.03380E+00
  7.55877E-05  0.00000E+00  1.88249E-03  1.95808E-03  2.20000E+01  1.46297E-16  2.61834E+01  3.03382E+00
  7.57219E-05  0.00000E+00  1.88189E-03  1.95761E-03  2.20000E+01  1.46297E-16  2.61824E+01  3.03389E+00
  7.53286E-05  0.00000E+00  1.88192E-03  1.95724E-03  2.20000E+01  1.46297E-16  2.61824E+01  3.03388E+00
  7.69080E-05  0.00000E+00  1.88028E-03  1.95719E-03  2.20000E+01  1.46297E-16  2.61793E+01  3.03408E+00
  8.56785E-05  0.00000E+00  1.87796E-03  1.96364E-03  2.20000E+01  1.46297E-16  2.61729E+01  3.03449E+00
