 #This file helps checking about the convergence of the optimization algorithm
 #    by printing infos related to the values of the objective function and
 #    its components.
 #- Every line describes an iteration of the optimization algorithm,
 #- on every line there are x*2+2+4 real numbers where x equals the number
 #    of measured fields used,
 #- the first 2 numbers on a line are the dataMatch and the forceMatch terms
 #    for the first measurement used,
 #- if x>1, numbers at position 3 and 4 are the dataMatch and the forceMatch
 #    terms for the second measurement
 #- etc...
 #- the following numbers are: the regularization term for each measurement
 #    and the objective function value,
 #- followed by the L2 norms of parameter1, its gradient, parameter2 and its
 #    gradient.
 #note by JFD: gnuplot is convenient to print a column
 #             plot "*.out.cvg" u 3
 #             replot "*.out.cvg" u 6
  1.47823E-10  0.00000E+00  0.00000E+00  1.47823E-10  0.00000E+00  0.00000E+00  9.84987E+00  0.00000E+00
  1.47823E-10  0.00000E+00  4.03589E-31  1.47823E-10  0.00000E+00  0.00000E+00  9.84987E+00  1.79686E-09
  1.14063E-10  0.00000E+00  2.39608E-12  1.16459E-10  0.00000E+00  0.00000E+00  9.91875E+00  9.60718E+00
  7.75217E-11  0.00000E+00  2.65595E-12  8.01776E-11  0.00000E+00  0.00000E+00  1.05134E+01  2.97444E+01
  4.89232E-11  0.00000E+00  3.06436E-12  5.19876E-11  0.00000E+00  0.00000E+00  1.17680E+01  6.16952E+01
  3.89364E-11  0.00000E+00  3.30854E-12  4.22450E-11  0.00000E+00  0.00000E+00  1.27582E+01  8.77085E+01
  3.36182E-11  0.00000E+00  3.61486E-12  3.72331E-11  0.00000E+00  0.00000E+00  1.41701E+01  1.25260E+02
  3.09114E-11  0.00000E+00  3.78666E-12  3.46981E-11  0.00000E+00  0.00000E+00  1.48924E+01  1.44834E+02
  2.96122E-11  0.00000E+00  3.97780E-12  3.35900E-11  0.00000E+00  0.00000E+00  1.57250E+01  1.67621E+02
  2.83695E-11  0.00000E+00  4.02206E-12  3.23916E-11  0.00000E+00  0.00000E+00  1.70067E+01  2.03185E+02
  2.76839E-11  0.00000E+00  4.11533E-12  3.17992E-11  0.00000E+00  0.00000E+00  1.74910E+01  2.17797E+02
  2.68271E-11  0.00000E+00  4.17949E-12  3.10066E-11  0.00000E+00  0.00000E+00  1.79388E+01  2.31504E+02
  2.50206E-11  0.00000E+00  4.25594E-12  2.92765E-11  0.00000E+00  0.00000E+00  1.91776E+01  2.70709E+02
  2.45572E-11  0.00000E+00  4.23515E-12  2.87924E-11  0.00000E+00  0.00000E+00  1.92469E+01  2.72979E+02
  2.39249E-11  0.00000E+00  4.22023E-12  2.81452E-11  0.00000E+00  0.00000E+00  1.95304E+01  2.82138E+02
  2.36870E-11  0.00000E+00  4.23111E-12  2.79181E-11  0.00000E+00  0.00000E+00  1.95605E+01  2.83757E+02
  2.33638E-11  0.00000E+00  4.22402E-12  2.75878E-11  0.00000E+00  0.00000E+00  1.97296E+01  2.89223E+02
  2.30153E-11  0.00000E+00  4.22198E-12  2.72373E-11  0.00000E+00  0.00000E+00  1.99964E+01  2.97848E+02
  2.12986E-11  0.00000E+00  4.22211E-12  2.55207E-11  0.00000E+00  0.00000E+00  2.22826E+01  3.73705E+02
  2.10424E-11  0.00000E+00  4.25388E-12  2.52963E-11  0.00000E+00  0.00000E+00  2.26027E+01  3.85185E+02
  2.09269E-11  0.00000E+00  4.22930E-12  2.51562E-11  0.00000E+00  0.00000E+00  2.26711E+01  3.87717E+02
