 #This file helps checking about the convergence of the optimization algorithm
 #    by printing infos related to the values of the objective function and
 #    its components.
 #- Every line describes an iteration of the optimization algorithm,
 #- on every line there are x*2+2+4 real numbers where x equals the number
 #    of measured fields used,
 #- the first 2 numbers on a line are the dataMatch and the forceMatch terms
 #    for the first measurement used,
 #- if x>1, numbers at position 3 and 4 are the dataMatch and the forceMatch
 #    terms for the second measurement
 #- etc...
 #- the following numbers are: the regularization term for each measurement
 #    and the objective function value,
 #- followed by the L2 norms of parameter1, its gradient, parameter2 and its
 #    gradient.
 #note by JFD: gnuplot is convenient to print a column
 #             plot "*.out.cvg" u 3
 #             replot "*.out.cvg" u 6
  1.83983E+00  0.00000E+00  0.00000E+00  1.83983E+00  1.02000E+02  1.18151E-15  5.35500E+01  1.40704E-15
  1.80488E+00  0.00000E+00  7.67856E-06  1.80489E+00  1.02000E+02  1.18151E-15  5.35535E+01  5.42089E-02
  1.10736E+00  0.00000E+00  2.19817E-04  1.10758E+00  1.02000E+02  1.18151E-15  5.59725E+01  1.26328E+00
  9.28497E-01  0.00000E+00  5.14105E-04  9.29011E-01  1.02000E+02  1.18151E-15  6.30746E+01  3.21275E+00
  5.91497E-01  0.00000E+00  5.27658E-04  5.92025E-01  1.02000E+02  1.18151E-15  6.34524E+01  3.19289E+00
  5.36675E-01  0.00000E+00  5.42877E-04  5.37218E-01  1.02000E+02  1.18151E-15  6.38553E+01  3.26891E+00
  4.68700E-01  0.00000E+00  5.89337E-04  4.69290E-01  1.02000E+02  1.18151E-15  6.49711E+01  3.56979E+00
  4.19146E-01  0.00000E+00  6.49486E-04  4.19796E-01  1.02000E+02  1.18151E-15  6.65861E+01  3.95359E+00
  3.95848E-01  0.00000E+00  6.55300E-04  3.96503E-01  1.02000E+02  1.18151E-15  6.67816E+01  3.98626E+00
  3.11776E-01  0.00000E+00  7.57156E-04  3.12533E-01  1.02000E+02  1.18151E-15  6.95955E+01  4.64819E+00
  2.98602E-01  0.00000E+00  7.64588E-04  2.99366E-01  1.02000E+02  1.18151E-15  6.98270E+01  4.69591E+00
  2.06722E-01  0.00000E+00  9.22839E-04  2.07645E-01  1.02000E+02  1.18151E-15  7.45232E+01  5.74260E+00
  1.96125E-01  0.00000E+00  9.26049E-04  1.97051E-01  1.02000E+02  1.18151E-15  7.46900E+01  5.75759E+00
  1.78470E-01  0.00000E+00  9.64648E-04  1.79435E-01  1.02000E+02  1.18151E-15  7.59193E+01  6.00963E+00
  1.73651E-01  0.00000E+00  9.69267E-04  1.74620E-01  1.02000E+02  1.18151E-15  7.60652E+01  6.04165E+00
  1.63259E-01  0.00000E+00  1.00058E-03  1.64260E-01  1.02000E+02  1.18151E-15  7.70651E+01  6.25563E+00
  1.58108E-01  0.00000E+00  1.00220E-03  1.59111E-01  1.02000E+02  1.18151E-15  7.71546E+01  6.26467E+00
  1.48383E-01  0.00000E+00  1.02902E-03  1.49412E-01  1.02000E+02  1.18151E-15  7.80553E+01  6.44404E+00
  1.44321E-01  0.00000E+00  1.03335E-03  1.45354E-01  1.02000E+02  1.18151E-15  7.82003E+01  6.47442E+00
  1.32357E-01  0.00000E+00  1.07326E-03  1.33431E-01  1.02000E+02  1.18151E-15  7.95420E+01  6.75225E+00
  1.27544E-01  0.00000E+00  1.07558E-03  1.28620E-01  1.02000E+02  1.18151E-15  7.96548E+01  6.76727E+00
  1.25113E-01  0.00000E+00  1.08203E-03  1.26195E-01  1.02000E+02  1.18151E-15  7.98977E+01  6.81083E+00
  1.23710E-01  0.00000E+00  1.08452E-03  1.24794E-01  1.02000E+02  1.18151E-15  7.99737E+01  6.82962E+00
  1.19056E-01  0.00000E+00  1.10019E-03  1.20157E-01  1.02000E+02  1.18151E-15  8.05412E+01  6.93797E+00
  1.16885E-01  0.00000E+00  1.10205E-03  1.17987E-01  1.02000E+02  1.18151E-15  8.06178E+01  6.95212E+00
  9.63108E-02  0.00000E+00  1.17009E-03  9.74809E-02  1.02000E+02  1.18151E-15  8.31005E+01  7.44613E+00
  9.37368E-02  0.00000E+00  1.17115E-03  9.49079E-02  1.02000E+02  1.18151E-15  8.31728E+01  7.45322E+00
  9.12619E-02  0.00000E+00  1.17924E-03  9.24411E-02  1.02000E+02  1.18151E-15  8.34888E+01  7.51228E+00
  9.05264E-02  0.00000E+00  1.18096E-03  9.17074E-02  1.02000E+02  1.18151E-15  8.35489E+01  7.52615E+00
  8.79875E-02  0.00000E+00  1.19089E-03  8.91784E-02  1.02000E+02  1.18151E-15  8.39432E+01  7.60092E+00
  8.65704E-02  0.00000E+00  1.19343E-03  8.77639E-02  1.02000E+02  1.18151E-15  8.40444E+01  7.62134E+00
  7.44444E-02  0.00000E+00  1.23887E-03  7.56833E-02  1.02000E+02  1.18151E-15  8.58258E+01  7.97256E+00
  7.34599E-02  0.00000E+00  1.23961E-03  7.46995E-02  1.02000E+02  1.18151E-15  8.58747E+01  7.97905E+00
  7.08866E-02  0.00000E+00  1.25090E-03  7.21375E-02  1.02000E+02  1.18151E-15  8.63433E+01  8.06944E+00
  6.99032E-02  0.00000E+00  1.25242E-03  7.11556E-02  1.02000E+02  1.18151E-15  8.64077E+01  8.08267E+00
  6.61382E-02  0.00000E+00  1.27090E-03  6.74091E-02  1.02000E+02  1.18151E-15  8.71680E+01  8.23770E+00
  6.45493E-02  0.00000E+00  1.27265E-03  6.58219E-02  1.02000E+02  1.18151E-15  8.72552E+01  8.25260E+00
  6.35250E-02  0.00000E+00  1.27647E-03  6.48014E-02  1.02000E+02  1.18151E-15  8.74147E+01  8.28394E+00
  6.29321E-02  0.00000E+00  1.27898E-03  6.42111E-02  1.02000E+02  1.18151E-15  8.75107E+01  8.30535E+00
  6.25022E-02  0.00000E+00  1.28046E-03  6.37826E-02  1.02000E+02  1.18151E-15  8.75773E+01  8.31796E+00
  6.21273E-02  0.00000E+00  1.28206E-03  6.34094E-02  1.02000E+02  1.18151E-15  8.76419E+01  8.33231E+00
  6.17331E-02  0.00000E+00  1.28334E-03  6.30164E-02  1.02000E+02  1.18151E-15  8.77005E+01  8.34339E+00
  6.13577E-02  0.00000E+00  1.28498E-03  6.26426E-02  1.02000E+02  1.18151E-15  8.77672E+01  8.35817E+00
  6.06557E-02  0.00000E+00  1.28751E-03  6.19432E-02  1.02000E+02  1.18151E-15  8.78766E+01  8.37993E+00
  6.01107E-02  0.00000E+00  1.28992E-03  6.14006E-02  1.02000E+02  1.18151E-15  8.79747E+01  8.40132E+00
  5.92398E-02  0.00000E+00  1.29314E-03  6.05329E-02  1.02000E+02  1.18151E-15  8.81130E+01  8.42938E+00
  5.85262E-02  0.00000E+00  1.29624E-03  5.98225E-02  1.02000E+02  1.18151E-15  8.82396E+01  8.45709E+00
  5.81351E-02  0.00000E+00  1.29760E-03  5.94327E-02  1.02000E+02  1.18151E-15  8.83020E+01  8.46941E+00
  5.73379E-02  0.00000E+00  1.30111E-03  5.86390E-02  1.02000E+02  1.18151E-15  8.84458E+01  8.50098E+00
  5.69489E-02  0.00000E+00  1.30239E-03  5.82513E-02  1.02000E+02  1.18151E-15  8.85045E+01  8.51273E+00
  5.63714E-02  0.00000E+00  1.30521E-03  5.76766E-02  1.02000E+02  1.18151E-15  8.86197E+01  8.53852E+00
  5.59139E-02  0.00000E+00  1.30660E-03  5.72205E-02  1.02000E+02  1.18151E-15  8.86838E+01  8.55147E+00
  5.51308E-02  0.00000E+00  1.31058E-03  5.64414E-02  1.02000E+02  1.18151E-15  8.88456E+01  8.58785E+00
  5.45834E-02  0.00000E+00  1.31219E-03  5.58956E-02  1.02000E+02  1.18151E-15  8.89186E+01  8.60286E+00
  5.32384E-02  0.00000E+00  1.31931E-03  5.45577E-02  1.02000E+02  1.18151E-15  8.92074E+01  8.66804E+00
  5.27344E-02  0.00000E+00  1.32024E-03  5.40546E-02  1.02000E+02  1.18151E-15  8.92549E+01  8.67721E+00
  4.91581E-02  0.00000E+00  1.34273E-03  5.05008E-02  1.02000E+02  1.18151E-15  9.01876E+01  8.88977E+00
  4.77449E-02  0.00000E+00  1.34352E-03  4.90884E-02  1.02000E+02  1.18151E-15  9.02421E+01  8.89865E+00
  4.73217E-02  0.00000E+00  1.34513E-03  4.86669E-02  1.02000E+02  1.18151E-15  9.03143E+01  8.91416E+00
  4.70090E-02  0.00000E+00  1.34675E-03  4.83558E-02  1.02000E+02  1.18151E-15  9.03769E+01  8.92982E+00
  4.67657E-02  0.00000E+00  1.34770E-03  4.81134E-02  1.02000E+02  1.18151E-15  9.04211E+01  8.93913E+00
  4.64809E-02  0.00000E+00  1.34941E-03  4.78303E-02  1.02000E+02  1.18151E-15  9.04908E+01  8.95583E+00
  4.62261E-02  0.00000E+00  1.35022E-03  4.75763E-02  1.02000E+02  1.18151E-15  9.05303E+01  8.96395E+00
  4.59473E-02  0.00000E+00  1.35204E-03  4.72993E-02  1.02000E+02  1.18151E-15  9.06055E+01  8.98198E+00
  4.56815E-02  0.00000E+00  1.35276E-03  4.70343E-02  1.02000E+02  1.18151E-15  9.06418E+01  8.98935E+00
  4.53378E-02  0.00000E+00  1.35512E-03  4.66929E-02  1.02000E+02  1.18151E-15  9.07387E+01  9.01250E+00
  4.50472E-02  0.00000E+00  1.35576E-03  4.64029E-02  1.02000E+02  1.18151E-15  9.07733E+01  9.01942E+00
  4.46758E-02  0.00000E+00  1.35848E-03  4.60343E-02  1.02000E+02  1.18151E-15  9.08845E+01  9.04608E+00
  4.43724E-02  0.00000E+00  1.35900E-03  4.57314E-02  1.02000E+02  1.18151E-15  9.09146E+01  9.05184E+00
  4.27356E-02  0.00000E+00  1.36887E-03  4.41045E-02  1.02000E+02  1.18151E-15  9.13289E+01  9.14715E+00
  4.23413E-02  0.00000E+00  1.36940E-03  4.37107E-02  1.02000E+02  1.18151E-15  9.13603E+01  9.15308E+00
  4.17787E-02  0.00000E+00  1.37296E-03  4.31517E-02  1.02000E+02  1.18151E-15  9.15146E+01  9.18776E+00
  4.09831E-02  0.00000E+00  1.37656E-03  4.23597E-02  1.02000E+02  1.18151E-15  9.16626E+01  9.22237E+00
  3.80796E-02  0.00000E+00  1.39762E-03  3.94772E-02  1.02000E+02  1.18151E-15  9.25298E+01  9.42797E+00
  3.72022E-02  0.00000E+00  1.39838E-03  3.86006E-02  1.02000E+02  1.18151E-15  9.25708E+01  9.43658E+00
  3.69429E-02  0.00000E+00  1.40020E-03  3.83431E-02  1.02000E+02  1.18151E-15  9.26416E+01  9.45505E+00
  3.63815E-02  0.00000E+00  1.40327E-03  3.77848E-02  1.02000E+02  1.18151E-15  9.27627E+01  9.48455E+00
  3.54892E-02  0.00000E+00  1.41071E-03  3.68999E-02  1.02000E+02  1.18151E-15  9.30605E+01  9.55900E+00
  3.48122E-02  0.00000E+00  1.41319E-03  3.62254E-02  1.02000E+02  1.18151E-15  9.31649E+01  9.58346E+00
  3.17635E-02  0.00000E+00  1.43839E-03  3.32019E-02  1.02000E+02  1.18151E-15  9.41976E+01  9.83851E+00
  3.10312E-02  0.00000E+00  1.43855E-03  3.24697E-02  1.02000E+02  1.18151E-15  9.42149E+01  9.84137E+00
  3.07433E-02  0.00000E+00  1.44025E-03  3.21836E-02  1.02000E+02  1.18151E-15  9.42826E+01  9.85849E+00
  3.05928E-02  0.00000E+00  1.44139E-03  3.20342E-02  1.02000E+02  1.18151E-15  9.43279E+01  9.87082E+00
  3.04667E-02  0.00000E+00  1.44202E-03  3.19087E-02  1.02000E+02  1.18151E-15  9.43550E+01  9.87776E+00
  3.02041E-02  0.00000E+00  1.44417E-03  3.16483E-02  1.02000E+02  1.18151E-15  9.44462E+01  9.90090E+00
  3.00539E-02  0.00000E+00  1.44478E-03  3.14987E-02  1.02000E+02  1.18151E-15  9.44731E+01  9.90775E+00
  2.98425E-02  0.00000E+00  1.44677E-03  3.12893E-02  1.02000E+02  1.18151E-15  9.45610E+01  9.92978E+00
  2.96300E-02  0.00000E+00  1.44758E-03  3.10776E-02  1.02000E+02  1.18151E-15  9.45964E+01  9.93865E+00
  2.92004E-02  0.00000E+00  1.45155E-03  3.06520E-02  1.02000E+02  1.18151E-15  9.47701E+01  9.98244E+00
  2.89665E-02  0.00000E+00  1.45201E-03  3.04185E-02  1.02000E+02  1.18151E-15  9.47934E+01  9.98807E+00
  2.69154E-02  0.00000E+00  1.46885E-03  2.83842E-02  1.02000E+02  1.18151E-15  9.55216E+01  1.01751E+01
  2.65570E-02  0.00000E+00  1.46932E-03  2.80263E-02  1.02000E+02  1.18151E-15  9.55487E+01  1.01814E+01
  2.63488E-02  0.00000E+00  1.47077E-03  2.78196E-02  1.02000E+02  1.18151E-15  9.56113E+01  1.01980E+01
  2.62452E-02  0.00000E+00  1.47150E-03  2.77167E-02  1.02000E+02  1.18151E-15  9.56425E+01  1.02066E+01
  2.61160E-02  0.00000E+00  1.47248E-03  2.75885E-02  1.02000E+02  1.18151E-15  9.56845E+01  1.02179E+01
  2.60120E-02  0.00000E+00  1.47322E-03  2.74852E-02  1.02000E+02  1.18151E-15  9.57184E+01  1.02268E+01
  2.55632E-02  0.00000E+00  1.47669E-03  2.70399E-02  1.02000E+02  1.18151E-15  9.58651E+01  1.02657E+01
  2.54539E-02  0.00000E+00  1.47743E-03  2.69313E-02  1.02000E+02  1.18151E-15  9.58993E+01  1.02747E+01
  2.50776E-02  0.00000E+00  1.48050E-03  2.65581E-02  1.02000E+02  1.18151E-15  9.60283E+01  1.03093E+01
  2.49467E-02  0.00000E+00  1.48133E-03  2.64280E-02  1.02000E+02  1.18151E-15  9.60665E+01  1.03193E+01
  2.48347E-02  0.00000E+00  1.48243E-03  2.63172E-02  1.02000E+02  1.18151E-15  9.61131E+01  1.03323E+01
  2.44963E-02  0.00000E+00  1.48478E-03  2.59811E-02  1.02000E+02  1.18151E-15  9.62165E+01  1.03598E+01
