 #This file helps checking about the convergence of the optimization algorithm
 #    by printing infos related to the values of the objective function and
 #    its components.
 #- Every line describes an iteration of the optimization algorithm,
 #- on every line there are x*2+2+4 real numbers where x equals the number
 #    of measured fields used,
 #- the first 2 numbers on a line are the dataMatch and the forceMatch terms
 #    for the first measurement used,
 #- if x>1, numbers at position 3 and 4 are the dataMatch and the forceMatch
 #    terms for the second measurement
 #- etc...
 #- the following numbers are: the regularization term for each measurement
 #    and the objective function value,
 #- followed by the L2 norms of parameter1, its gradient, parameter2 and its
 #    gradient.
 #note by JFD: gnuplot is convenient to print a column
 #             plot "*.out.cvg" u 3
 #             replot "*.out.cvg" u 6
  1.44079E-10  0.00000E+00  4.37500E-14  1.44123E-10  0.00000E+00  0.00000E+00  9.84987E+00  0.00000E+00
  1.44079E-10  0.00000E+00  4.37500E-14  1.44123E-10  0.00000E+00  0.00000E+00  9.84987E+00  1.82168E-09
  1.42279E-10  0.00000E+00  2.72216E-13  1.42551E-10  0.00000E+00  0.00000E+00  9.84989E+00  4.07095E-01
  1.27770E-10  0.00000E+00  2.94917E-12  1.30719E-10  0.00000E+00  0.00000E+00  9.85123E+00  4.54980E+00
  1.19982E-10  0.00000E+00  3.61428E-12  1.23596E-10  0.00000E+00  0.00000E+00  9.86533E+00  5.98681E+00
  1.10293E-10  0.00000E+00  5.46262E-12  1.15756E-10  0.00000E+00  0.00000E+00  9.92135E+00  9.43170E+00
  9.87350E-11  0.00000E+00  7.88311E-12  1.06618E-10  0.00000E+00  0.00000E+00  1.00600E+01  1.42483E+01
  8.67783E-11  0.00000E+00  1.07578E-11  9.75361E-11  0.00000E+00  0.00000E+00  1.02638E+01  2.00474E+01
  7.53686E-11  0.00000E+00  1.43491E-11  8.97177E-11  0.00000E+00  0.00000E+00  1.05342E+01  2.64164E+01
  6.76685E-11  0.00000E+00  1.67813E-11  8.44498E-11  0.00000E+00  0.00000E+00  1.07733E+01  3.10059E+01
  5.72051E-11  0.00000E+00  2.09392E-11  7.81442E-11  0.00000E+00  0.00000E+00  1.11875E+01  3.96453E+01
  5.46234E-11  0.00000E+00  2.21846E-11  7.68080E-11  0.00000E+00  0.00000E+00  1.13222E+01  4.22039E+01
  5.14718E-11  0.00000E+00  2.35171E-11  7.49890E-11  0.00000E+00  0.00000E+00  1.15008E+01  4.56360E+01
  5.00164E-11  0.00000E+00  2.42963E-11  7.43126E-11  0.00000E+00  0.00000E+00  1.16053E+01  4.74782E+01
  4.47208E-11  0.00000E+00  2.77596E-11  7.24804E-11  0.00000E+00  0.00000E+00  1.20287E+01  5.55240E+01
  4.09300E-11  0.00000E+00  3.15675E-11  7.24974E-11  0.00000E+00  0.00000E+00  1.24759E+01  6.31405E+01
  4.28812E-11  0.00000E+00  2.91311E-11  7.20122E-11  0.00000E+00  0.00000E+00  1.22272E+01  5.88526E+01
  4.18352E-11  0.00000E+00  2.97965E-11  7.16316E-11  0.00000E+00  0.00000E+00  1.23605E+01  6.09444E+01
  4.04336E-11  0.00000E+00  3.09190E-11  7.13526E-11  0.00000E+00  0.00000E+00  1.25819E+01  6.41055E+01
  4.03596E-11  0.00000E+00  3.06582E-11  7.10178E-11  0.00000E+00  0.00000E+00  1.26209E+01  6.43255E+01
  4.06393E-11  0.00000E+00  3.01655E-11  7.08048E-11  0.00000E+00  0.00000E+00  1.25913E+01  6.36425E+01
  4.11978E-11  0.00000E+00  2.93736E-11  7.05714E-11  0.00000E+00  0.00000E+00  1.25517E+01  6.24779E+01
