 #This file helps checking about the convergence of the optimization algorithm
 #    by printing infos related to the values of the objective function and
 #    its components.
 #- Every line describes an iteration of the optimization algorithm,
 #- on every line there are x*2+2+4 real numbers where x equals the number
 #    of measured fields used,
 #- the first 2 numbers on a line are the dataMatch and the forceMatch terms
 #    for the first measurement used,
 #- if x>1, numbers at position 3 and 4 are the dataMatch and the forceMatch
 #    terms for the second measurement
 #- etc...
 #- the following numbers are: the regularization term for each measurement
 #    and the objective function value,
 #- followed by the L2 norms of parameter1, its gradient, parameter2 and its
 #    gradient.
 #note by JFD: gnuplot is convenient to print a column
 #             plot "*.out.cvg" u 3
 #             replot "*.out.cvg" u 6
  1.90643E+03  0.00000E+00  0.00000E+00  1.90643155810E+03  5.19615E+00  0.00000E+00  1.55885E+01  0.00000E+00
  3.40059E+04  0.00000E+00  0.00000E+00  3.40059497235E+04  5.19615E+00  0.00000E+00  1.55885E+01  0.00000E+00
  1.20057E+03  0.00000E+00  0.00000E+00  1.20056741923E+03  5.19615E+00  0.00000E+00  1.55885E+01  0.00000E+00
  1.03539E+03  0.00000E+00  0.00000E+00  1.03539043825E+03  5.19615E+00  0.00000E+00  1.55885E+01  0.00000E+00
  8.85137E+02  0.00000E+00  0.00000E+00  8.85137442296E+02  5.19615E+00  0.00000E+00  1.55885E+01  0.00000E+00
  3.44994E+02  0.00000E+00  0.00000E+00  3.44994122082E+02  5.19615E+00  0.00000E+00  1.55885E+01  0.00000E+00
  3.20897E+02  0.00000E+00  0.00000E+00  3.20897428282E+02  5.19615E+00  0.00000E+00  1.55885E+01  0.00000E+00
  6.75776E+01  0.00000E+00  0.00000E+00  6.75776016239E+01  5.19615E+00  0.00000E+00  1.55885E+01  0.00000E+00
  6.57850E+01  0.00000E+00  0.00000E+00  6.57849637201E+01  5.19615E+00  0.00000E+00  1.55885E+01  0.00000E+00
  5.92201E+01  0.00000E+00  0.00000E+00  5.92201441834E+01  5.19615E+00  0.00000E+00  1.55885E+01  0.00000E+00
  5.91945E+01  0.00000E+00  0.00000E+00  5.91945469717E+01  5.19615E+00  0.00000E+00  1.55885E+01  0.00000E+00
  5.89222E+01  0.00000E+00  0.00000E+00  5.89221941272E+01  5.19615E+00  0.00000E+00  1.55885E+01  0.00000E+00
  5.83870E+01  0.00000E+00  0.00000E+00  5.83870311776E+01  5.19615E+00  0.00000E+00  1.55885E+01  0.00000E+00
  5.69204E+01  0.00000E+00  0.00000E+00  5.69203991466E+01  5.19615E+00  0.00000E+00  1.55885E+01  0.00000E+00
  5.37708E+01  0.00000E+00  0.00000E+00  5.37707757910E+01  5.19615E+00  0.00000E+00  1.55885E+01  0.00000E+00
  4.71585E+01  0.00000E+00  0.00000E+00  4.71584855331E+01  5.19615E+00  0.00000E+00  1.55885E+01  0.00000E+00
  3.28024E+01  0.00000E+00  0.00000E+00  3.28024467598E+01  5.19615E+00  0.00000E+00  1.55885E+01  0.00000E+00
  2.69022E+01  0.00000E+00  0.00000E+00  2.69021863476E+01  5.19615E+00  0.00000E+00  1.55885E+01  0.00000E+00
  2.19414E+01  0.00000E+00  0.00000E+00  2.19413907889E+01  5.19615E+00  0.00000E+00  1.55885E+01  0.00000E+00
