 #This file helps checking about the convergence of the optimization algorithm
 #    by printing infos related to the values of the objective function
 #- every line describes an iteration of the optimization algorithm,
 #- on every line there are x real numbers where x equals 3 times the number of
 #    measured fields used,
 #- the first 3 numbers on a line are the dataMatch term, the regularization and
 #    their sum (the objective function value) for the first measured field used,
 #- numbers at positions 4 to 6 detail the same infos for the second field used,
 #- etc
 #note by JFD: gnuplot is convenient to print a column
 #             plot "*.out.cvg" u 3
 #             replot "*.out.cvg" u 6
  5.05700E-01  1.05339E-03  5.06754E-01
  4.91641E-01  1.10057E-03  4.92742E-01
  2.59634E-01  6.14964E-03  2.65783E-01
  1.85377E-01  1.05189E-02  1.95896E-01
  7.71044E-02  2.69036E-02  1.04008E-01
  5.48142E-02  2.69300E-02  8.17443E-02
  4.84077E-02  2.69036E-02  7.53113E-02
  4.58413E-02  2.66724E-02  7.25137E-02
  4.40072E-02  2.65272E-02  7.05345E-02
  4.21154E-02  2.67384E-02  6.88538E-02
  4.14765E-02  2.66337E-02  6.81102E-02
  4.06725E-02  2.66607E-02  6.73333E-02
  4.01034E-02  2.66945E-02  6.67979E-02
  3.96694E-02  2.67139E-02  6.63833E-02
  3.93367E-02  2.67113E-02  6.60480E-02
  3.89638E-02  2.67501E-02  6.57139E-02
  3.86469E-02  2.67542E-02  6.54011E-02
  3.82677E-02  2.68096E-02  6.50773E-02
  3.79459E-02  2.68233E-02  6.47692E-02
  3.75714E-02  2.68991E-02  6.44705E-02
  3.73916E-02  2.69037E-02  6.42953E-02
  3.72139E-02  2.69481E-02  6.41621E-02
  3.70740E-02  2.69596E-02  6.40336E-02
  3.68925E-02  2.70179E-02  6.39104E-02
  3.67715E-02  2.70214E-02  6.37929E-02
  3.65878E-02  2.70872E-02  6.36750E-02
  3.64863E-02  2.70821E-02  6.35684E-02
  3.62733E-02  2.71682E-02  6.34416E-02
  3.61797E-02  2.71540E-02  6.33337E-02
  3.58725E-02  2.72866E-02  6.31591E-02
  3.57494E-02  2.72677E-02  6.30171E-02
  3.50244E-02  2.75598E-02  6.25842E-02
  3.49585E-02  2.75247E-02  6.24831E-02
  3.47146E-02  2.76304E-02  6.23450E-02
  3.46509E-02  2.76383E-02  6.22893E-02
  3.43965E-02  2.77578E-02  6.21542E-02
  3.43417E-02  2.77573E-02  6.20991E-02
  3.40213E-02  2.79196E-02  6.19408E-02
  3.39652E-02  2.79133E-02  6.18785E-02
  3.36090E-02  2.80948E-02  6.17038E-02
  3.35313E-02  2.81086E-02  6.16399E-02
  3.33835E-02  2.81832E-02  6.15667E-02
  3.33435E-02  2.81956E-02  6.15391E-02
  3.32689E-02  2.82346E-02  6.15036E-02
  3.32327E-02  2.82460E-02  6.14787E-02
  3.31414E-02  2.82979E-02  6.14393E-02
  3.31028E-02  2.83057E-02  6.14085E-02
  3.29082E-02  2.84186E-02  6.13268E-02
  3.28764E-02  2.84133E-02  6.12897E-02
  3.24689E-02  2.86391E-02  6.11079E-02
  3.22940E-02  2.87053E-02  6.09993E-02
  3.22193E-02  2.87435E-02  6.09629E-02
  3.21816E-02  2.87594E-02  6.09409E-02
  3.20614E-02  2.88245E-02  6.08859E-02
  3.20179E-02  2.88439E-02  6.08619E-02
  3.18460E-02  2.89423E-02  6.07882E-02
  3.17967E-02  2.89627E-02  6.07593E-02
  3.17210E-02  2.90049E-02  6.07260E-02
  3.17002E-02  2.90125E-02  6.07127E-02
  3.14702E-02  2.91377E-02  6.06079E-02
  3.14085E-02  2.91685E-02  6.05770E-02
  3.11370E-02  2.93299E-02  6.04668E-02
  3.10876E-02  2.93561E-02  6.04437E-02
  3.10560E-02  2.93736E-02  6.04296E-02
  3.09474E-02  2.94386E-02  6.03860E-02
  3.07890E-02  2.95357E-02  6.03246E-02
  3.06226E-02  2.96392E-02  6.02617E-02
  2.98302E-02  3.02170E-02  6.00472E-02
  2.97661E-02  3.03471E-02  6.01132E-02
  2.98137E-02  3.02187E-02  6.00325E-02
  2.95968E-02  3.03916E-02  5.99884E-02
  2.95117E-02  3.04464E-02  5.99580E-02
  2.93058E-02  3.06185E-02  5.99243E-02
  2.93017E-02  3.06112E-02  5.99128E-02
  2.92762E-02  3.06254E-02  5.99016E-02
  2.91097E-02  3.07458E-02  5.98555E-02
  2.90996E-02  3.07308E-02  5.98304E-02
  2.90989E-02  3.06944E-02  5.97933E-02
  2.91040E-02  3.06756E-02  5.97796E-02
  2.91588E-02  3.05917E-02  5.97505E-02
  2.91713E-02  3.05607E-02  5.97320E-02
  2.91820E-02  3.05329E-02  5.97149E-02
  2.91955E-02  3.04979E-02  5.96934E-02
  2.93199E-02  3.03218E-02  5.96417E-02
  2.93256E-02  3.03049E-02  5.96305E-02
  2.92979E-02  3.03064E-02  5.96043E-02
  2.92940E-02  3.02944E-02  5.95884E-02
  2.92868E-02  3.02799E-02  5.95667E-02
  2.92780E-02  3.02678E-02  5.95458E-02
  2.92708E-02  3.02655E-02  5.95363E-02
  2.92435E-02  3.02803E-02  5.95238E-02
  2.92382E-02  3.02712E-02  5.95095E-02
  2.92284E-02  3.02706E-02  5.94991E-02
  2.92184E-02  3.02642E-02  5.94825E-02
  2.92111E-02  3.02635E-02  5.94747E-02
  2.91974E-02  3.02628E-02  5.94602E-02
  2.91812E-02  3.02608E-02  5.94420E-02
  2.91504E-02  3.02685E-02  5.94189E-02
  2.91451E-02  3.02635E-02  5.94086E-02
  2.91450E-02  3.02595E-02  5.94045E-02
  2.91388E-02  3.02506E-02  5.93894E-02
  2.91391E-02  3.02462E-02  5.93853E-02
  2.91377E-02  3.02416E-02  5.93793E-02
  2.91333E-02  3.02283E-02  5.93615E-02
  2.91373E-02  3.02116E-02  5.93489E-02
  2.91360E-02  3.01987E-02  5.93347E-02
  2.91364E-02  3.01875E-02  5.93239E-02
  2.91304E-02  3.01819E-02  5.93123E-02
  2.91237E-02  3.01716E-02  5.92953E-02
  2.91228E-02  3.01608E-02  5.92836E-02
  2.91212E-02  3.01527E-02  5.92740E-02
  2.91205E-02  3.01382E-02  5.92587E-02
  2.91270E-02  3.01216E-02  5.92487E-02
  2.91286E-02  3.01064E-02  5.92350E-02
  2.91333E-02  3.00897E-02  5.92230E-02
  2.91336E-02  3.00810E-02  5.92146E-02
  2.91391E-02  3.00608E-02  5.92000E-02
  2.91503E-02  3.00320E-02  5.91824E-02
  2.91589E-02  3.00093E-02  5.91682E-02
  2.91606E-02  2.99968E-02  5.91574E-02
  2.91672E-02  2.99758E-02  5.91430E-02
  2.91743E-02  2.99528E-02  5.91271E-02
  2.91950E-02  2.99136E-02  5.91086E-02
  2.91933E-02  2.99008E-02  5.90941E-02
  2.91958E-02  2.98822E-02  5.90780E-02
  2.92057E-02  2.98565E-02  5.90622E-02
  2.92076E-02  2.98453E-02  5.90530E-02
  2.92107E-02  2.98341E-02  5.90448E-02
  2.92161E-02  2.98192E-02  5.90352E-02
  2.92400E-02  2.97711E-02  5.90111E-02
  2.92585E-02  2.97321E-02  5.89905E-02
  2.92953E-02  2.96733E-02  5.89686E-02
  2.93172E-02  2.96312E-02  5.89484E-02
  2.93316E-02  2.95951E-02  5.89267E-02
  2.93678E-02  2.95301E-02  5.88979E-02
  2.93716E-02  2.95154E-02  5.88870E-02
  2.93962E-02  2.94743E-02  5.88705E-02
  2.94172E-02  2.94364E-02  5.88536E-02
  2.94766E-02  2.93535E-02  5.88301E-02
  2.95085E-02  2.93009E-02  5.88094E-02
  2.95424E-02  2.92415E-02  5.87838E-02
  2.95178E-02  2.92532E-02  5.87710E-02
  2.95202E-02  2.92265E-02  5.87467E-02
  2.95370E-02  2.91958E-02  5.87328E-02
  2.95522E-02  2.91661E-02  5.87183E-02
  2.95874E-02  2.91058E-02  5.86932E-02
  2.95825E-02  2.90822E-02  5.86647E-02
  2.95826E-02  2.90658E-02  5.86484E-02
  2.95805E-02  2.90522E-02  5.86328E-02
  2.95726E-02  2.90412E-02  5.86138E-02
  2.95811E-02  2.90135E-02  5.85946E-02
  2.95786E-02  2.89948E-02  5.85734E-02
  2.95830E-02  2.89781E-02  5.85611E-02
  2.95758E-02  2.89743E-02  5.85502E-02
  2.95809E-02  2.89563E-02  5.85372E-02
  2.95747E-02  2.89466E-02  5.85213E-02
  2.95732E-02  2.89363E-02  5.85094E-02
  2.95772E-02  2.89155E-02  5.84926E-02
  2.95857E-02  2.88995E-02  5.84852E-02
  2.95838E-02  2.88873E-02  5.84711E-02
  2.95861E-02  2.88765E-02  5.84626E-02
  2.95891E-02  2.88651E-02  5.84542E-02
  2.95979E-02  2.88399E-02  5.84378E-02
  2.96091E-02  2.88201E-02  5.84293E-02
  2.96065E-02  2.88111E-02  5.84176E-02
  2.96061E-02  2.88032E-02  5.84093E-02
  2.96089E-02  2.87923E-02  5.84012E-02
  2.96212E-02  2.87739E-02  5.83951E-02
  2.96262E-02  2.87573E-02  5.83834E-02
  2.96292E-02  2.87496E-02  5.83788E-02
  2.96379E-02  2.87351E-02  5.83730E-02
  2.96518E-02  2.87144E-02  5.83662E-02
  2.96726E-02  2.86864E-02  5.83590E-02
  2.96782E-02  2.86737E-02  5.83519E-02
  2.96847E-02  2.86609E-02  5.83456E-02
  2.96940E-02  2.86458E-02  5.83397E-02
  2.97195E-02  2.86128E-02  5.83323E-02
  2.97268E-02  2.85976E-02  5.83244E-02
  2.97287E-02  2.85899E-02  5.83186E-02
  2.97388E-02  2.85726E-02  5.83114E-02
  2.97498E-02  2.85593E-02  5.83090E-02
  2.97526E-02  2.85477E-02  5.83004E-02
  2.97607E-02  2.85356E-02  5.82963E-02
  2.97653E-02  2.85270E-02  5.82923E-02
  2.97801E-02  2.85045E-02  5.82846E-02
  2.97938E-02  2.84866E-02  5.82803E-02
  2.97844E-02  2.84901E-02  5.82745E-02
  2.97858E-02  2.84841E-02  5.82698E-02
  2.97897E-02  2.84745E-02  5.82643E-02
  2.97998E-02  2.84618E-02  5.82616E-02
  2.98020E-02  2.84535E-02  5.82555E-02
  2.98061E-02  2.84461E-02  5.82523E-02
  2.98102E-02  2.84391E-02  5.82493E-02
  2.98149E-02  2.84306E-02  5.82454E-02
  2.98124E-02  2.84278E-02  5.82402E-02
  2.98086E-02  2.84290E-02  5.82376E-02
  2.98047E-02  2.84294E-02  5.82340E-02
  2.98000E-02  2.84320E-02  5.82320E-02
  2.98000E-02  2.84284E-02  5.82284E-02
  2.98011E-02  2.84254E-02  5.82265E-02
  2.98014E-02  2.84226E-02  5.82241E-02
  2.97987E-02  2.84217E-02  5.82203E-02
