 #This file helps checking about the convergence of the optimization algorithm
 #    by printing infos related to the values of the objective function and
 #    its components.
 #- Every line describes an iteration of the optimization algorithm,
 #- on every line there are x*2+2+4 real numbers where x equals the number
 #    of measured fields used,
 #- the first 2 numbers on a line are the dataMatch and the forceMatch terms
 #    for the first measurement used,
 #- if x>1, numbers at position 3 and 4 are the dataMatch and the forceMatch
 #    terms for the second measurement
 #- etc...
 #- the following numbers are: the regularization term for each measurement
 #    and the objective function value,
 #- followed by the L2 norms of parameter1, its gradient, parameter2 and its
 #    gradient.
 #note by JFD: gnuplot is convenient to print a column
 #             plot "*.out.cvg" u 3
 #             replot "*.out.cvg" u 6
  5.70701E-02  0.00000E+00  4.74025E-07  5.70706E-02  0.00000E+00  0.00000E+00  8.90955E+00  5.09538E-17
  1.58266E-01  0.00000E+00  1.59936E-04  1.58426E-01  0.00000E+00  0.00000E+00  1.03079E+01  3.29957E-01
  1.82809E-02  0.00000E+00  1.48809E-04  1.84297E-02  0.00000E+00  0.00000E+00  1.05032E+01  2.82490E-01
  9.18969E-03  0.00000E+00  1.95913E-04  9.38560E-03  0.00000E+00  0.00000E+00  1.06285E+01  3.66135E-01
  6.50955E-03  0.00000E+00  2.21196E-04  6.73075E-03  0.00000E+00  0.00000E+00  1.08032E+01  4.19845E-01
  4.18896E-02  0.00000E+00  3.22199E-04  4.22118E-02  0.00000E+00  0.00000E+00  1.15622E+01  6.03944E-01
  1.03539E-02  0.00000E+00  3.48599E-04  1.07025E-02  0.00000E+00  0.00000E+00  1.15361E+01  7.09232E-01
  6.47063E-04  0.00000E+00  4.03081E-04  1.05014E-03  0.00000E+00  0.00000E+00  1.19743E+01  9.04435E-01
  6.11434E-04  0.00000E+00  4.07704E-04  1.01914E-03  0.00000E+00  0.00000E+00  1.19772E+01  9.18270E-01
  5.55532E-04  0.00000E+00  4.14446E-04  9.69978E-04  0.00000E+00  0.00000E+00  1.19906E+01  9.41867E-01
  5.58873E-04  0.00000E+00  4.14585E-04  9.73457E-04  0.00000E+00  0.00000E+00  1.19904E+01  9.42941E-01
  4.44787E-04  0.00000E+00  4.32688E-04  8.77475E-04  0.00000E+00  0.00000E+00  1.20702E+01  9.98604E-01
  3.83417E-04  0.00000E+00  4.50552E-04  8.33969E-04  0.00000E+00  0.00000E+00  1.21048E+01  1.05559E+00
  3.93213E-04  0.00000E+00  4.50297E-04  8.43510E-04  0.00000E+00  0.00000E+00  1.21052E+01  1.05479E+00
  3.67580E-04  0.00000E+00  4.50760E-04  8.18340E-04  0.00000E+00  0.00000E+00  1.21156E+01  1.05754E+00
  3.63109E-04  0.00000E+00  4.51562E-04  8.14672E-04  0.00000E+00  0.00000E+00  1.21256E+01  1.06044E+00
  3.60236E-04  0.00000E+00  4.51831E-04  8.12066E-04  0.00000E+00  0.00000E+00  1.21247E+01  1.06134E+00
  3.57869E-04  0.00000E+00  4.52186E-04  8.10054E-04  0.00000E+00  0.00000E+00  1.21279E+01  1.06282E+00
  3.57176E-04  0.00000E+00  4.52262E-04  8.09438E-04  0.00000E+00  0.00000E+00  1.21326E+01  1.06405E+00
  3.36603E-04  0.00000E+00  4.57635E-04  7.94238E-04  0.00000E+00  0.00000E+00  1.21766E+01  1.08293E+00
  3.32718E-04  0.00000E+00  4.57778E-04  7.90496E-04  0.00000E+00  0.00000E+00  1.21791E+01  1.08378E+00
  3.32523E-04  0.00000E+00  4.57532E-04  7.90055E-04  0.00000E+00  0.00000E+00  1.21810E+01  1.08414E+00
  3.33601E-04  0.00000E+00  4.57548E-04  7.91149E-04  0.00000E+00  0.00000E+00  1.21822E+01  1.08413E+00
  3.34330E-04  0.00000E+00  4.57339E-04  7.91669E-04  0.00000E+00  0.00000E+00  1.21880E+01  1.08470E+00
  3.06252E-04  0.00000E+00  4.64925E-04  7.71177E-04  0.00000E+00  0.00000E+00  1.22862E+01  1.10629E+00
  2.86402E-04  0.00000E+00  4.72763E-04  7.59166E-04  0.00000E+00  0.00000E+00  1.24696E+01  1.12239E+00
  2.86476E-04  0.00000E+00  4.72729E-04  7.59205E-04  0.00000E+00  0.00000E+00  1.24704E+01  1.12232E+00
  2.86399E-04  0.00000E+00  4.72733E-04  7.59131E-04  0.00000E+00  0.00000E+00  1.24711E+01  1.12235E+00
