 #This file helps checking about the convergence of the optimization algorithm
 #    by printing infos related to the values of the objective function
 #- every line describes an iteration of the optimization algorithm,
 #- on every line there are x real numbers where x equals 3 times the number of
 #    measured fields used,
 #- the first 3 numbers on a line are the dataMatch term, the regularization and
 #    their sum (the objective function value) for the first measured field used,
 #- numbers at positions 4 to 6 detail the same infos for the second field used,
 #- etc
 #note by JFD: gnuplot is convenient to print a column
 #             plot "*.out.cvg" u 3
 #             replot "*.out.cvg" u 6
  2.24678E-08  0.00000E+00  2.24678E-08
  2.24678E-08  0.00000E+00  2.24678E-08
  1.08024E-08  0.00000E+00  1.08024E-08
  6.06857E-09  0.00000E+00  6.06857E-09
  2.77810E-09  0.00000E+00  2.77810E-09
  1.31511E-09  0.00000E+00  1.31511E-09
  1.76183E-09  0.00000E+00  1.76183E-09
  1.20346E-09  0.00000E+00  1.20346E-09
  1.13513E-09  0.00000E+00  1.13513E-09
  8.21778E-10  0.00000E+00  8.21778E-10
  7.22367E-10  0.00000E+00  7.22367E-10
  6.32653E-10  0.00000E+00  6.32653E-10
  5.91735E-10  0.00000E+00  5.91735E-10
  5.68289E-10  0.00000E+00  5.68289E-10
  4.63144E-10  0.00000E+00  4.63144E-10
  4.40915E-10  0.00000E+00  4.40915E-10
  3.32748E-10  0.00000E+00  3.32748E-10
  3.18010E-10  0.00000E+00  3.18010E-10
  2.98323E-10  0.00000E+00  2.98323E-10
  2.89579E-10  0.00000E+00  2.89579E-10
  2.81544E-10  0.00000E+00  2.81544E-10
  2.72564E-10  0.00000E+00  2.72564E-10
  2.65405E-10  0.00000E+00  2.65405E-10
  2.58326E-10  0.00000E+00  2.58326E-10
  2.51738E-10  0.00000E+00  2.51738E-10
  2.45360E-10  0.00000E+00  2.45360E-10
  2.39248E-10  0.00000E+00  2.39248E-10
  2.33284E-10  0.00000E+00  2.33284E-10
  2.27292E-10  0.00000E+00  2.27292E-10
  2.21722E-10  0.00000E+00  2.21722E-10
  2.16250E-10  0.00000E+00  2.16250E-10
  2.11233E-10  0.00000E+00  2.11233E-10
  2.05983E-10  0.00000E+00  2.05983E-10
  2.01072E-10  0.00000E+00  2.01072E-10
  1.96083E-10  0.00000E+00  1.96083E-10
  1.91458E-10  0.00000E+00  1.91458E-10
  1.86502E-10  0.00000E+00  1.86502E-10
  1.81663E-10  0.00000E+00  1.81663E-10
  1.76063E-10  0.00000E+00  1.76063E-10
  1.70556E-10  0.00000E+00  1.70556E-10
  1.61751E-10  0.00000E+00  1.61751E-10
  1.56338E-10  0.00000E+00  1.56338E-10
