 #This file helps checking about the convergence of the optimization algorithm
 #    by printing infos related to the values of the objective function
 #- every line describes an iteration of the optimization algorithm,
 #- on every line there are x real numbers where x equals 3 times the number of
 #    measured fields used,
 #- the first 3 numbers on a line are the dataMatch term, the regularization and
 #    their sum (the objective function value) for the first measured field used,
 #- numbers at positions 4 to 6 detail the same infos for the second field used,
 #- etc
 #note by JFD: gnuplot is convenient to print a column
 #             plot "*.out.cvg" u 3
 #             replot "*.out.cvg" u 6
  6.27148E-03  5.26695E-05  6.32415E-03
  6.27010E-03  5.26700E-05  6.32277E-03
  5.53653E-03  1.32311E-04  5.66884E-03
  5.05821E-03  2.30228E-04  5.28844E-03
  4.92257E-03  2.30275E-04  5.15285E-03
  4.78720E-03  2.61435E-04  5.04863E-03
  4.72670E-03  2.62971E-04  4.98967E-03
  4.65930E-03  2.79825E-04  4.93912E-03
  4.61426E-03  2.83698E-04  4.89796E-03
  4.56366E-03  2.97789E-04  4.86145E-03
  4.51563E-03  3.02715E-04  4.81835E-03
  4.46028E-03  3.17900E-04  4.77818E-03
  4.42053E-03  3.22264E-04  4.74280E-03
  4.38616E-03  3.33306E-04  4.71947E-03
  4.36406E-03  3.34363E-04  4.69843E-03
  4.33584E-03  3.44589E-04  4.68043E-03
  4.31810E-03  3.44480E-04  4.66258E-03
  4.29292E-03  3.54437E-04  4.64735E-03
  4.25852E-03  3.58218E-04  4.61674E-03
  4.21620E-03  3.72692E-04  4.58889E-03
  4.19922E-03  3.72706E-04  4.57192E-03
  4.16638E-03  3.85946E-04  4.55233E-03
  4.15479E-03  3.84054E-04  4.53884E-03
  4.11818E-03  3.99024E-04  4.51721E-03
  4.08068E-03  4.04188E-04  4.48487E-03
  4.05656E-03  4.15992E-04  4.47256E-03
  4.03978E-03  4.16434E-04  4.45621E-03
  4.01431E-03  4.26078E-04  4.44039E-03
  3.95295E-03  4.43181E-04  4.39613E-03
  3.92934E-03  4.52442E-04  4.38179E-03
  3.92401E-03  4.52477E-04  4.37649E-03
  3.91220E-03  4.58082E-04  4.37028E-03
  3.90243E-03  4.59541E-04  4.36197E-03
  3.88762E-03  4.66459E-04  4.35408E-03
  3.88313E-03  4.65931E-04  4.34906E-03
  3.87136E-03  4.72269E-04  4.34363E-03
  3.86672E-03  4.71463E-04  4.33818E-03
  3.84873E-03  4.80114E-04  4.32885E-03
  3.84351E-03  4.79502E-04  4.32301E-03
  3.83270E-03  4.85125E-04  4.31782E-03
  3.77291E-03  5.05162E-04  4.27807E-03
  3.73597E-03  5.28238E-04  4.26421E-03
  3.71640E-03  5.29831E-04  4.24623E-03
  3.70467E-03  5.32087E-04  4.23676E-03
  3.69720E-03  5.35050E-04  4.23225E-03
  3.69149E-03  5.37195E-04  4.22869E-03
  3.68499E-03  5.39992E-04  4.22499E-03
  3.67971E-03  5.42006E-04  4.22172E-03
  3.67399E-03  5.44525E-04  4.21851E-03
  3.66968E-03  5.46147E-04  4.21583E-03
  3.66451E-03  5.48488E-04  4.21300E-03
  3.65397E-03  5.52754E-04  4.20673E-03
  3.64658E-03  5.55974E-04  4.20256E-03
  3.63834E-03  5.59490E-04  4.19783E-03
  3.63388E-03  5.61497E-04  4.19537E-03
  3.63048E-03  5.62907E-04  4.19339E-03
  3.61608E-03  5.69220E-04  4.18530E-03
  3.61283E-03  5.70566E-04  4.18340E-03
  3.60860E-03  5.72611E-04  4.18121E-03
  3.60662E-03  5.73305E-04  4.17993E-03
  3.60343E-03  5.74922E-04  4.17835E-03
  3.60024E-03  5.76130E-04  4.17637E-03
  3.59713E-03  5.77745E-04  4.17487E-03
  3.59508E-03  5.78421E-04  4.17350E-03
  3.58760E-03  5.82054E-04  4.16965E-03
  3.58352E-03  5.83640E-04  4.16716E-03
  3.57986E-03  5.85706E-04  4.16556E-03
  3.57711E-03  5.86549E-04  4.16366E-03
  3.57336E-03  5.88789E-04  4.16215E-03
  3.57110E-03  5.89292E-04  4.16039E-03
  3.56621E-03  5.92268E-04  4.15848E-03
  3.56454E-03  5.92311E-04  4.15685E-03
  3.55867E-03  5.96215E-04  4.15489E-03
  3.55647E-03  5.96073E-04  4.15254E-03
  3.54278E-03  6.04982E-04  4.14776E-03
  3.53917E-03  6.04372E-04  4.14354E-03
  3.52880E-03  6.11625E-04  4.14042E-03
  3.52066E-03  6.13613E-04  4.13427E-03
  3.45396E-03  6.50136E-04  4.10409E-03
  3.44196E-03  6.56072E-04  4.09803E-03
  3.43307E-03  6.61219E-04  4.09429E-03
