 #This file helps checking about the convergence of the optimization algorithm
 #    by printing infos related to the values of the objective function and
 #    its components.
 #- Every line describes an iteration of the optimization algorithm,
 #- on every line there are x*2+2+4 real numbers where x equals the number
 #    of measured fields used,
 #- the first 2 numbers on a line are the dataMatch and the forceMatch terms
 #    for the first measurement used,
 #- if x>1, numbers at position 3 and 4 are the dataMatch and the forceMatch
 #    terms for the second measurement
 #- etc...
 #- the following numbers are: the regularization term for each measurement
 #    and the objective function value,
 #- followed by the L2 norms of parameter1, its gradient, parameter2 and its
 #    gradient.
 #note by JFD: gnuplot is convenient to print a column
 #             plot "*.out.cvg" u 3
 #             replot "*.out.cvg" u 6
  2.48164E+02  0.00000E+00  0.00000E+00  2.48163771520E+02  1.46969E+01  0.00000E+00  4.40908E+01  0.00000E+00
  1.47654E+02  0.00000E+00  0.00000E+00  1.47653728062E+02  1.46969E+01  0.00000E+00  4.40908E+01  0.00000E+00
  9.31001E+01  0.00000E+00  0.00000E+00  9.31001258193E+01  1.46969E+01  0.00000E+00  4.40908E+01  0.00000E+00
  6.17937E+01  0.00000E+00  0.00000E+00  6.17936939700E+01  1.46969E+01  0.00000E+00  4.40908E+01  0.00000E+00
  4.25755E+01  0.00000E+00  0.00000E+00  4.25754806179E+01  1.46969E+01  0.00000E+00  4.40908E+01  0.00000E+00
  3.01201E+01  0.00000E+00  0.00000E+00  3.01201299864E+01  1.46969E+01  0.00000E+00  4.40908E+01  0.00000E+00
  2.17522E+01  0.00000E+00  0.00000E+00  2.17521934302E+01  1.46969E+01  0.00000E+00  4.40908E+01  0.00000E+00
  1.59976E+01  0.00000E+00  0.00000E+00  1.59975944343E+01  1.46969E+01  0.00000E+00  4.40908E+01  0.00000E+00
  1.19737E+01  0.00000E+00  0.00000E+00  1.19736977493E+01  1.46969E+01  0.00000E+00  4.40908E+01  0.00000E+00
  9.12200E+00  0.00000E+00  0.00000E+00  9.12200235188E+00  1.46969E+01  0.00000E+00  4.40908E+01  0.00000E+00
  7.07725E+00  0.00000E+00  0.00000E+00  7.07725291510E+00  1.46969E+01  0.00000E+00  4.40908E+01  0.00000E+00
  5.59541E+00  0.00000E+00  0.00000E+00  5.59540851902E+00  1.46969E+01  0.00000E+00  4.40908E+01  0.00000E+00
  4.51072E+00  0.00000E+00  0.00000E+00  4.51072173015E+00  1.46969E+01  0.00000E+00  4.40908E+01  0.00000E+00
  3.70904E+00  0.00000E+00  0.00000E+00  3.70903903221E+00  1.46969E+01  0.00000E+00  4.40908E+01  0.00000E+00
  3.11077E+00  0.00000E+00  0.00000E+00  3.11077431803E+00  1.46969E+01  0.00000E+00  4.40908E+01  0.00000E+00
  2.65985E+00  0.00000E+00  0.00000E+00  2.65984552951E+00  1.46969E+01  0.00000E+00  4.40908E+01  0.00000E+00
  2.31636E+00  0.00000E+00  0.00000E+00  2.31636430585E+00  1.46969E+01  0.00000E+00  4.40908E+01  0.00000E+00
  2.05173E+00  0.00000E+00  0.00000E+00  2.05173016365E+00  1.46969E+01  0.00000E+00  4.40908E+01  0.00000E+00
  1.84529E+00  0.00000E+00  0.00000E+00  1.84529171374E+00  1.46969E+01  0.00000E+00  4.40908E+01  0.00000E+00
  1.68205E+00  0.00000E+00  0.00000E+00  1.68204564538E+00  1.46969E+01  0.00000E+00  4.40908E+01  0.00000E+00
  1.55103E+00  0.00000E+00  0.00000E+00  1.55103317382E+00  1.46969E+01  0.00000E+00  4.40908E+01  0.00000E+00
  1.45884E+00  0.00000E+00  0.00000E+00  1.45883929205E+00  1.46969E+01  0.00000E+00  4.40908E+01  0.00000E+00
  1.38478E+00  0.00000E+00  0.00000E+00  1.38478283234E+00  1.46969E+01  0.00000E+00  4.40908E+01  0.00000E+00
  1.31995E+00  0.00000E+00  0.00000E+00  1.31995027767E+00  1.46969E+01  0.00000E+00  4.40908E+01  0.00000E+00
  1.26251E+00  0.00000E+00  0.00000E+00  1.26250683006E+00  1.46969E+01  0.00000E+00  4.40908E+01  0.00000E+00
  1.21104E+00  0.00000E+00  0.00000E+00  1.21104173447E+00  1.46969E+01  0.00000E+00  4.40908E+01  0.00000E+00
  1.16445E+00  0.00000E+00  0.00000E+00  1.16445075987E+00  1.46969E+01  0.00000E+00  4.40908E+01  0.00000E+00
  1.12187E+00  0.00000E+00  0.00000E+00  1.12186638245E+00  1.46969E+01  0.00000E+00  4.40908E+01  0.00000E+00
  1.08261E+00  0.00000E+00  0.00000E+00  1.08260501435E+00  1.46969E+01  0.00000E+00  4.40908E+01  0.00000E+00
  1.04613E+00  0.00000E+00  0.00000E+00  1.04612634380E+00  1.46969E+01  0.00000E+00  4.40908E+01  0.00000E+00
  1.01200E+00  0.00000E+00  0.00000E+00  1.01200187845E+00  1.46969E+01  0.00000E+00  4.40908E+01  0.00000E+00
  9.79891E-01  0.00000E+00  0.00000E+00  9.79890550031E-01  1.46969E+01  0.00000E+00  4.40908E+01  0.00000E+00
  9.49520E-01  0.00000E+00  0.00000E+00  9.49519757950E-01  1.46969E+01  0.00000E+00  4.40908E+01  0.00000E+00
  9.20671E-01  0.00000E+00  0.00000E+00  9.20670613923E-01  1.46969E+01  0.00000E+00  4.40908E+01  0.00000E+00
  8.93166E-01  0.00000E+00  0.00000E+00  8.93166438416E-01  1.46969E+01  0.00000E+00  4.40908E+01  0.00000E+00
  8.66864E-01  0.00000E+00  0.00000E+00  8.66863779358E-01  1.46969E+01  0.00000E+00  4.40908E+01  0.00000E+00
  8.41645E-01  0.00000E+00  0.00000E+00  8.41645390664E-01  1.46969E+01  0.00000E+00  4.40908E+01  0.00000E+00
  8.17415E-01  0.00000E+00  0.00000E+00  8.17414736040E-01  1.46969E+01  0.00000E+00  4.40908E+01  0.00000E+00
  7.94092E-01  0.00000E+00  0.00000E+00  7.94091681600E-01  1.46969E+01  0.00000E+00  4.40908E+01  0.00000E+00
  7.71609E-01  0.00000E+00  0.00000E+00  7.71609116297E-01  1.46969E+01  0.00000E+00  4.40908E+01  0.00000E+00
  7.49910E-01  0.00000E+00  0.00000E+00  7.49910297364E-01  1.46969E+01  0.00000E+00  4.40908E+01  0.00000E+00
  7.28947E-01  0.00000E+00  0.00000E+00  7.28946762896E-01  1.46969E+01  0.00000E+00  4.40908E+01  0.00000E+00
  7.08677E-01  0.00000E+00  0.00000E+00  7.08676688567E-01  1.46969E+01  0.00000E+00  4.40908E+01  0.00000E+00
  6.89064E-01  0.00000E+00  0.00000E+00  6.89063592454E-01  1.46969E+01  0.00000E+00  4.40908E+01  0.00000E+00
  6.70075E-01  0.00000E+00  0.00000E+00  6.70075312971E-01  1.46969E+01  0.00000E+00  4.40908E+01  0.00000E+00
  6.51683E-01  0.00000E+00  0.00000E+00  6.51683201231E-01  1.46969E+01  0.00000E+00  4.40908E+01  0.00000E+00
  6.33861E-01  0.00000E+00  0.00000E+00  6.33861481913E-01  1.46969E+01  0.00000E+00  4.40908E+01  0.00000E+00
  6.16587E-01  0.00000E+00  0.00000E+00  6.16586746640E-01  1.46969E+01  0.00000E+00  4.40908E+01  0.00000E+00
  5.99838E-01  0.00000E+00  0.00000E+00  5.99837551645E-01  1.46969E+01  0.00000E+00  4.40908E+01  0.00000E+00
  5.83594E-01  0.00000E+00  0.00000E+00  5.83594097560E-01  1.46969E+01  0.00000E+00  4.40908E+01  0.00000E+00
  5.67838E-01  0.00000E+00  0.00000E+00  5.67837973960E-01  1.46969E+01  0.00000E+00  4.40908E+01  0.00000E+00
  5.52552E-01  0.00000E+00  0.00000E+00  5.52551954960E-01  1.46969E+01  0.00000E+00  4.40908E+01  0.00000E+00
  5.37720E-01  0.00000E+00  0.00000E+00  5.37719835131E-01  1.46969E+01  0.00000E+00  4.40908E+01  0.00000E+00
  5.23326E-01  0.00000E+00  0.00000E+00  5.23326297285E-01  1.46969E+01  0.00000E+00  4.40908E+01  0.00000E+00
  5.09357E-01  0.00000E+00  0.00000E+00  5.09356805443E-01  1.46969E+01  0.00000E+00  4.40908E+01  0.00000E+00
  4.95798E-01  0.00000E+00  0.00000E+00  4.95797517778E-01  1.46969E+01  0.00000E+00  4.40908E+01  0.00000E+00
  4.82635E-01  0.00000E+00  0.00000E+00  4.82635215361E-01  1.46969E+01  0.00000E+00  4.40908E+01  0.00000E+00
  4.69857E-01  0.00000E+00  0.00000E+00  4.69857243492E-01  1.46969E+01  0.00000E+00  4.40908E+01  0.00000E+00
  4.57451E-01  0.00000E+00  0.00000E+00  4.57451463009E-01  1.46969E+01  0.00000E+00  4.40908E+01  0.00000E+00
  4.45406E-01  0.00000E+00  0.00000E+00  4.45406209569E-01  1.46969E+01  0.00000E+00  4.40908E+01  0.00000E+00
  4.33710E-01  0.00000E+00  0.00000E+00  4.33710259291E-01  1.46969E+01  0.00000E+00  4.40908E+01  0.00000E+00
  4.22353E-01  0.00000E+00  0.00000E+00  4.22352799492E-01  1.46969E+01  0.00000E+00  4.40908E+01  0.00000E+00
  4.11323E-01  0.00000E+00  0.00000E+00  4.11323403515E-01  1.46969E+01  0.00000E+00  4.40908E+01  0.00000E+00
  4.00612E-01  0.00000E+00  0.00000E+00  4.00612008869E-01  1.46969E+01  0.00000E+00  4.40908E+01  0.00000E+00
  3.90209E-01  0.00000E+00  0.00000E+00  3.90208898025E-01  1.46969E+01  0.00000E+00  4.40908E+01  0.00000E+00
  3.80105E-01  0.00000E+00  0.00000E+00  3.80104681403E-01  1.46969E+01  0.00000E+00  4.40908E+01  0.00000E+00
  3.70290E-01  0.00000E+00  0.00000E+00  3.70290282124E-01  1.46969E+01  0.00000E+00  4.40908E+01  0.00000E+00
  3.60757E-01  0.00000E+00  0.00000E+00  3.60756922245E-01  1.46969E+01  0.00000E+00  4.40908E+01  0.00000E+00
  3.51496E-01  0.00000E+00  0.00000E+00  3.51496110189E-01  1.46969E+01  0.00000E+00  4.40908E+01  0.00000E+00
  3.42500E-01  0.00000E+00  0.00000E+00  3.42499629209E-01  1.46969E+01  0.00000E+00  4.40908E+01  0.00000E+00
  3.33760E-01  0.00000E+00  0.00000E+00  3.33759526693E-01  1.46969E+01  0.00000E+00  4.40908E+01  0.00000E+00
  3.25268E-01  0.00000E+00  0.00000E+00  3.25268104210E-01  1.46969E+01  0.00000E+00  4.40908E+01  0.00000E+00
  3.17018E-01  0.00000E+00  0.00000E+00  3.17017908170E-01  1.46969E+01  0.00000E+00  4.40908E+01  0.00000E+00
  3.09002E-01  0.00000E+00  0.00000E+00  3.09001721036E-01  1.46969E+01  0.00000E+00  4.40908E+01  0.00000E+00
  3.01213E-01  0.00000E+00  0.00000E+00  3.01212553004E-01  1.46969E+01  0.00000E+00  4.40908E+01  0.00000E+00
  2.93644E-01  0.00000E+00  0.00000E+00  2.93643634110E-01  1.46969E+01  0.00000E+00  4.40908E+01  0.00000E+00
  2.86288E-01  0.00000E+00  0.00000E+00  2.86288406708E-01  1.46969E+01  0.00000E+00  4.40908E+01  0.00000E+00
  2.79141E-01  0.00000E+00  0.00000E+00  2.79140518287E-01  1.46969E+01  0.00000E+00  4.40908E+01  0.00000E+00
  2.72194E-01  0.00000E+00  0.00000E+00  2.72193814604E-01  1.46969E+01  0.00000E+00  4.40908E+01  0.00000E+00
  2.65442E-01  0.00000E+00  0.00000E+00  2.65442333094E-01  1.46969E+01  0.00000E+00  4.40908E+01  0.00000E+00
  2.58880E-01  0.00000E+00  0.00000E+00  2.58880296540E-01  1.46969E+01  0.00000E+00  4.40908E+01  0.00000E+00
  2.52502E-01  0.00000E+00  0.00000E+00  2.52502106993E-01  1.46969E+01  0.00000E+00  4.40908E+01  0.00000E+00
  2.46302E-01  0.00000E+00  0.00000E+00  2.46302339917E-01  1.46969E+01  0.00000E+00  4.40908E+01  0.00000E+00
  2.40276E-01  0.00000E+00  0.00000E+00  2.40275738548E-01  1.46969E+01  0.00000E+00  4.40908E+01  0.00000E+00
  2.34417E-01  0.00000E+00  0.00000E+00  2.34417208458E-01  1.46969E+01  0.00000E+00  4.40908E+01  0.00000E+00
  2.28722E-01  0.00000E+00  0.00000E+00  2.28721812307E-01  1.46969E+01  0.00000E+00  4.40908E+01  0.00000E+00
  2.23185E-01  0.00000E+00  0.00000E+00  2.23184764783E-01  1.46969E+01  0.00000E+00  4.40908E+01  0.00000E+00
  2.17801E-01  0.00000E+00  0.00000E+00  2.17801427717E-01  1.46969E+01  0.00000E+00  4.40908E+01  0.00000E+00
  2.12567E-01  0.00000E+00  0.00000E+00  2.12567305356E-01  1.46969E+01  0.00000E+00  4.40908E+01  0.00000E+00
  2.07478E-01  0.00000E+00  0.00000E+00  2.07478039808E-01  1.46969E+01  0.00000E+00  4.40908E+01  0.00000E+00
  2.02529E-01  0.00000E+00  0.00000E+00  2.02529406631E-01  1.46969E+01  0.00000E+00  4.40908E+01  0.00000E+00
  1.97717E-01  0.00000E+00  0.00000E+00  1.97717310580E-01  1.46969E+01  0.00000E+00  4.40908E+01  0.00000E+00
  1.93038E-01  0.00000E+00  0.00000E+00  1.93037781481E-01  1.46969E+01  0.00000E+00  4.40908E+01  0.00000E+00
  1.88487E-01  0.00000E+00  0.00000E+00  1.88486970256E-01  1.46969E+01  0.00000E+00  4.40908E+01  0.00000E+00
  1.84061E-01  0.00000E+00  0.00000E+00  1.84061145072E-01  1.46969E+01  0.00000E+00  4.40908E+01  0.00000E+00
  1.79757E-01  0.00000E+00  0.00000E+00  1.79756687617E-01  1.46969E+01  0.00000E+00  4.40908E+01  0.00000E+00
  1.75570E-01  0.00000E+00  0.00000E+00  1.75570089506E-01  1.46969E+01  0.00000E+00  4.40908E+01  0.00000E+00
  1.71498E-01  0.00000E+00  0.00000E+00  1.71497948791E-01  1.46969E+01  0.00000E+00  4.40908E+01  0.00000E+00
  1.67537E-01  0.00000E+00  0.00000E+00  1.67536966602E-01  1.46969E+01  0.00000E+00  4.40908E+01  0.00000E+00
  1.63684E-01  0.00000E+00  0.00000E+00  1.63683943882E-01  1.46969E+01  0.00000E+00  4.40908E+01  0.00000E+00
  1.59936E-01  0.00000E+00  0.00000E+00  1.59935778244E-01  1.46969E+01  0.00000E+00  4.40908E+01  0.00000E+00
  1.56289E-01  0.00000E+00  0.00000E+00  1.56289460917E-01  1.46969E+01  0.00000E+00  4.40908E+01  0.00000E+00
  1.52742E-01  0.00000E+00  0.00000E+00  1.52742073799E-01  1.46969E+01  0.00000E+00  4.40908E+01  0.00000E+00
  1.49291E-01  0.00000E+00  0.00000E+00  1.49290786607E-01  1.46969E+01  0.00000E+00  4.40908E+01  0.00000E+00
  1.45933E-01  0.00000E+00  0.00000E+00  1.45932854115E-01  1.46969E+01  0.00000E+00  4.40908E+01  0.00000E+00
  1.42666E-01  0.00000E+00  0.00000E+00  1.42665613483E-01  1.46969E+01  0.00000E+00  4.40908E+01  0.00000E+00
  1.39486E-01  0.00000E+00  0.00000E+00  1.39486481676E-01  1.46969E+01  0.00000E+00  4.40908E+01  0.00000E+00
  1.36393E-01  0.00000E+00  0.00000E+00  1.36392952964E-01  1.46969E+01  0.00000E+00  4.40908E+01  0.00000E+00
  1.33383E-01  0.00000E+00  0.00000E+00  1.33382596501E-01  1.46969E+01  0.00000E+00  4.40908E+01  0.00000E+00
  1.30453E-01  0.00000E+00  0.00000E+00  1.30453053991E-01  1.46969E+01  0.00000E+00  4.40908E+01  0.00000E+00
  1.27602E-01  0.00000E+00  0.00000E+00  1.27602037416E-01  1.46969E+01  0.00000E+00  4.40908E+01  0.00000E+00
  1.24827E-01  0.00000E+00  0.00000E+00  1.24827326850E-01  1.46969E+01  0.00000E+00  4.40908E+01  0.00000E+00
  1.22127E-01  0.00000E+00  0.00000E+00  1.22126768337E-01  1.46969E+01  0.00000E+00  4.40908E+01  0.00000E+00
  1.19498E-01  0.00000E+00  0.00000E+00  1.19498271840E-01  1.46969E+01  0.00000E+00  4.40908E+01  0.00000E+00
  1.16940E-01  0.00000E+00  0.00000E+00  1.16939809254E-01  1.46969E+01  0.00000E+00  4.40908E+01  0.00000E+00
  1.14449E-01  0.00000E+00  0.00000E+00  1.14449412486E-01  1.46969E+01  0.00000E+00  4.40908E+01  0.00000E+00
  1.12025E-01  0.00000E+00  0.00000E+00  1.12025171593E-01  1.46969E+01  0.00000E+00  4.40908E+01  0.00000E+00
  1.09665E-01  0.00000E+00  0.00000E+00  1.09665232985E-01  1.46969E+01  0.00000E+00  4.40908E+01  0.00000E+00
  1.07368E-01  0.00000E+00  0.00000E+00  1.07367797681E-01  1.46969E+01  0.00000E+00  4.40908E+01  0.00000E+00
  1.05131E-01  0.00000E+00  0.00000E+00  1.05131119622E-01  1.46969E+01  0.00000E+00  4.40908E+01  0.00000E+00
  1.02954E-01  0.00000E+00  0.00000E+00  1.02953504044E-01  1.46969E+01  0.00000E+00  4.40908E+01  0.00000E+00
  1.00833E-01  0.00000E+00  0.00000E+00  1.00833305890E-01  1.46969E+01  0.00000E+00  4.40908E+01  0.00000E+00
  9.87689E-02  0.00000E+00  0.00000E+00  9.87689282895E-02  1.46969E+01  0.00000E+00  4.40908E+01  0.00000E+00
  9.67588E-02  0.00000E+00  0.00000E+00  9.67588210740E-02  1.46969E+01  0.00000E+00  4.40908E+01  0.00000E+00
  9.48015E-02  0.00000E+00  0.00000E+00  9.48014793445E-02  1.46969E+01  0.00000E+00  4.40908E+01  0.00000E+00
  9.28954E-02  0.00000E+00  0.00000E+00  9.28954420855E-02  1.46969E+01  0.00000E+00  4.40908E+01  0.00000E+00
  9.10393E-02  0.00000E+00  0.00000E+00  9.10392908219E-02  1.46969E+01  0.00000E+00  4.40908E+01  0.00000E+00
  8.92316E-02  0.00000E+00  0.00000E+00  8.92316483189E-02  1.46969E+01  0.00000E+00  4.40908E+01  0.00000E+00
  8.74712E-02  0.00000E+00  0.00000E+00  8.74711773241E-02  1.46969E+01  0.00000E+00  4.40908E+01  0.00000E+00
  8.57566E-02  0.00000E+00  0.00000E+00  8.57565793485E-02  1.46969E+01  0.00000E+00  4.40908E+01  0.00000E+00
  8.40866E-02  0.00000E+00  0.00000E+00  8.40865934871E-02  1.46969E+01  0.00000E+00  4.40908E+01  0.00000E+00
  8.24600E-02  0.00000E+00  0.00000E+00  8.24599952766E-02  1.46969E+01  0.00000E+00  4.40908E+01  0.00000E+00
  8.08756E-02  0.00000E+00  0.00000E+00  8.08755955893E-02  1.46969E+01  0.00000E+00  4.40908E+01  0.00000E+00
  7.93322E-02  0.00000E+00  0.00000E+00  7.93322395623E-02  1.46969E+01  0.00000E+00  4.40908E+01  0.00000E+00
  7.78288E-02  0.00000E+00  0.00000E+00  7.78288055601E-02  1.46969E+01  0.00000E+00  4.40908E+01  0.00000E+00
  7.63642E-02  0.00000E+00  0.00000E+00  7.63642041708E-02  1.46969E+01  0.00000E+00  4.40908E+01  0.00000E+00
  7.49374E-02  0.00000E+00  0.00000E+00  7.49373772329E-02  1.46969E+01  0.00000E+00  4.40908E+01  0.00000E+00
  7.35473E-02  0.00000E+00  0.00000E+00  7.35472968942E-02  1.46969E+01  0.00000E+00  4.40908E+01  0.00000E+00
  7.21930E-02  0.00000E+00  0.00000E+00  7.21929646987E-02  1.46969E+01  0.00000E+00  4.40908E+01  0.00000E+00
  7.08734E-02  0.00000E+00  0.00000E+00  7.08734107037E-02  1.46969E+01  0.00000E+00  4.40908E+01  0.00000E+00
  6.95877E-02  0.00000E+00  0.00000E+00  6.95876926240E-02  1.46969E+01  0.00000E+00  4.40908E+01  0.00000E+00
  6.83349E-02  0.00000E+00  0.00000E+00  6.83348950027E-02  1.46969E+01  0.00000E+00  4.40908E+01  0.00000E+00
  6.71141E-02  0.00000E+00  0.00000E+00  6.71141284087E-02  1.46969E+01  0.00000E+00  4.40908E+01  0.00000E+00
  6.59245E-02  0.00000E+00  0.00000E+00  6.59245286588E-02  1.46969E+01  0.00000E+00  4.40908E+01  0.00000E+00
  6.47653E-02  0.00000E+00  0.00000E+00  6.47652560642E-02  1.46969E+01  0.00000E+00  4.40908E+01  0.00000E+00
  6.36355E-02  0.00000E+00  0.00000E+00  6.36354947008E-02  1.46969E+01  0.00000E+00  4.40908E+01  0.00000E+00
  6.25345E-02  0.00000E+00  0.00000E+00  6.25344517020E-02  1.46969E+01  0.00000E+00  4.40908E+01  0.00000E+00
  6.14614E-02  0.00000E+00  0.00000E+00  6.14613565740E-02  1.46969E+01  0.00000E+00  4.40908E+01  0.00000E+00
  6.04155E-02  0.00000E+00  0.00000E+00  6.04154605315E-02  1.46969E+01  0.00000E+00  4.40908E+01  0.00000E+00
  5.93960E-02  0.00000E+00  0.00000E+00  5.93960358550E-02  1.46969E+01  0.00000E+00  4.40908E+01  0.00000E+00
  5.84024E-02  0.00000E+00  0.00000E+00  5.84023752677E-02  1.46969E+01  0.00000E+00  4.40908E+01  0.00000E+00
  5.74338E-02  0.00000E+00  0.00000E+00  5.74337913313E-02  1.46969E+01  0.00000E+00  4.40908E+01  0.00000E+00
  5.64896E-02  0.00000E+00  0.00000E+00  5.64896158617E-02  1.46969E+01  0.00000E+00  4.40908E+01  0.00000E+00
  5.55692E-02  0.00000E+00  0.00000E+00  5.55691993611E-02  1.46969E+01  0.00000E+00  4.40908E+01  0.00000E+00
  5.46719E-02  0.00000E+00  0.00000E+00  5.46719104690E-02  1.46969E+01  0.00000E+00  4.40908E+01  0.00000E+00
  5.37971E-02  0.00000E+00  0.00000E+00  5.37971354296E-02  1.46969E+01  0.00000E+00  4.40908E+01  0.00000E+00
  5.29443E-02  0.00000E+00  0.00000E+00  5.29442775758E-02  1.46969E+01  0.00000E+00  4.40908E+01  0.00000E+00
  5.21128E-02  0.00000E+00  0.00000E+00  5.21127568286E-02  1.46969E+01  0.00000E+00  4.40908E+01  0.00000E+00
  5.13020E-02  0.00000E+00  0.00000E+00  5.13020092125E-02  1.46969E+01  0.00000E+00  4.40908E+01  0.00000E+00
  5.05115E-02  0.00000E+00  0.00000E+00  5.05114863853E-02  1.46969E+01  0.00000E+00  4.40908E+01  0.00000E+00
  4.97407E-02  0.00000E+00  0.00000E+00  4.97406551828E-02  1.46969E+01  0.00000E+00  4.40908E+01  0.00000E+00
  4.89890E-02  0.00000E+00  0.00000E+00  4.89889971766E-02  1.46969E+01  0.00000E+00  4.40908E+01  0.00000E+00
  4.82560E-02  0.00000E+00  0.00000E+00  4.82560082466E-02  1.46969E+01  0.00000E+00  4.40908E+01  0.00000E+00
  4.75412E-02  0.00000E+00  0.00000E+00  4.75411981655E-02  1.46969E+01  0.00000E+00  4.40908E+01  0.00000E+00
  4.68441E-02  0.00000E+00  0.00000E+00  4.68440901961E-02  1.46969E+01  0.00000E+00  4.40908E+01  0.00000E+00
  4.61642E-02  0.00000E+00  0.00000E+00  4.61642207018E-02  1.46969E+01  0.00000E+00  4.40908E+01  0.00000E+00
  4.55011E-02  0.00000E+00  0.00000E+00  4.55011387675E-02  1.46969E+01  0.00000E+00  4.40908E+01  0.00000E+00
  4.48544E-02  0.00000E+00  0.00000E+00  4.48544058333E-02  1.46969E+01  0.00000E+00  4.40908E+01  0.00000E+00
  4.42236E-02  0.00000E+00  0.00000E+00  4.42235953383E-02  1.46969E+01  0.00000E+00  4.40908E+01  0.00000E+00
  4.36083E-02  0.00000E+00  0.00000E+00  4.36082923759E-02  1.46969E+01  0.00000E+00  4.40908E+01  0.00000E+00
  4.30081E-02  0.00000E+00  0.00000E+00  4.30080933593E-02  1.46969E+01  0.00000E+00  4.40908E+01  0.00000E+00
  4.24226E-02  0.00000E+00  0.00000E+00  4.24226056966E-02  1.46969E+01  0.00000E+00  4.40908E+01  0.00000E+00
  4.18514E-02  0.00000E+00  0.00000E+00  4.18514474765E-02  1.46969E+01  0.00000E+00  4.40908E+01  0.00000E+00
  4.12942E-02  0.00000E+00  0.00000E+00  4.12942471629E-02  1.46969E+01  0.00000E+00  4.40908E+01  0.00000E+00
  4.07506E-02  0.00000E+00  0.00000E+00  4.07506432989E-02  1.46969E+01  0.00000E+00  4.40908E+01  0.00000E+00
  4.02203E-02  0.00000E+00  0.00000E+00  4.02202842195E-02  1.46969E+01  0.00000E+00  4.40908E+01  0.00000E+00
  3.97028E-02  0.00000E+00  0.00000E+00  3.97028277732E-02  1.46969E+01  0.00000E+00  4.40908E+01  0.00000E+00
  3.91979E-02  0.00000E+00  0.00000E+00  3.91979410516E-02  1.46969E+01  0.00000E+00  4.40908E+01  0.00000E+00
  3.87053E-02  0.00000E+00  0.00000E+00  3.87053001272E-02  1.46969E+01  0.00000E+00  4.40908E+01  0.00000E+00
  3.82246E-02  0.00000E+00  0.00000E+00  3.82245897993E-02  1.46969E+01  0.00000E+00  4.40908E+01  0.00000E+00
  3.77555E-02  0.00000E+00  0.00000E+00  3.77555033469E-02  1.46969E+01  0.00000E+00  4.40908E+01  0.00000E+00
  3.72977E-02  0.00000E+00  0.00000E+00  3.72977422894E-02  1.46969E+01  0.00000E+00  4.40908E+01  0.00000E+00
  3.68510E-02  0.00000E+00  0.00000E+00  3.68510161543E-02  1.46969E+01  0.00000E+00  4.40908E+01  0.00000E+00
  3.64150E-02  0.00000E+00  0.00000E+00  3.64150422515E-02  1.46969E+01  0.00000E+00  4.40908E+01  0.00000E+00
  3.59895E-02  0.00000E+00  0.00000E+00  3.59895454550E-02  1.46969E+01  0.00000E+00  4.40908E+01  0.00000E+00
  3.55743E-02  0.00000E+00  0.00000E+00  3.55742579900E-02  1.46969E+01  0.00000E+00  4.40908E+01  0.00000E+00
  3.51689E-02  0.00000E+00  0.00000E+00  3.51689192275E-02  1.46969E+01  0.00000E+00  4.40908E+01  0.00000E+00
  3.47733E-02  0.00000E+00  0.00000E+00  3.47732754837E-02  1.46969E+01  0.00000E+00  4.40908E+01  0.00000E+00
  3.43871E-02  0.00000E+00  0.00000E+00  3.43870798263E-02  1.46969E+01  0.00000E+00  4.40908E+01  0.00000E+00
  3.40101E-02  0.00000E+00  0.00000E+00  3.40100918861E-02  1.46969E+01  0.00000E+00  4.40908E+01  0.00000E+00
  3.36421E-02  0.00000E+00  0.00000E+00  3.36420776739E-02  1.46969E+01  0.00000E+00  4.40908E+01  0.00000E+00
  3.32828E-02  0.00000E+00  0.00000E+00  3.32828094032E-02  1.46969E+01  0.00000E+00  4.40908E+01  0.00000E+00
  3.29321E-02  0.00000E+00  0.00000E+00  3.29320653178E-02  1.46969E+01  0.00000E+00  4.40908E+01  0.00000E+00
  3.25896E-02  0.00000E+00  0.00000E+00  3.25896295248E-02  1.46969E+01  0.00000E+00  4.40908E+01  0.00000E+00
  3.22553E-02  0.00000E+00  0.00000E+00  3.22552918317E-02  1.46969E+01  0.00000E+00  4.40908E+01  0.00000E+00
  3.19288E-02  0.00000E+00  0.00000E+00  3.19288475890E-02  1.46969E+01  0.00000E+00  4.40908E+01  0.00000E+00
  3.16101E-02  0.00000E+00  0.00000E+00  3.16100975373E-02  1.46969E+01  0.00000E+00  4.40908E+01  0.00000E+00
  3.12988E-02  0.00000E+00  0.00000E+00  3.12988476582E-02  1.46969E+01  0.00000E+00  4.40908E+01  0.00000E+00
  3.09949E-02  0.00000E+00  0.00000E+00  3.09949090305E-02  1.46969E+01  0.00000E+00  4.40908E+01  0.00000E+00
  3.06981E-02  0.00000E+00  0.00000E+00  3.06980976895E-02  1.46969E+01  0.00000E+00  4.40908E+01  0.00000E+00
  3.04082E-02  0.00000E+00  0.00000E+00  3.04082344914E-02  1.46969E+01  0.00000E+00  4.40908E+01  0.00000E+00
