 #This file helps checking about the convergence of the optimization algorithm
 #    by printing infos related to the values of the objective function and
 #    its components.
 #- Every line describes an iteration of the optimization algorithm,
 #- on every line there are x*2+2+4 real numbers where x equals the number
 #    of measured fields used,
 #- the first 2 numbers on a line are the dataMatch and the forceMatch terms
 #    for the first measurement used,
 #- if x>1, numbers at position 3 and 4 are the dataMatch and the forceMatch
 #    terms for the second measurement
 #- etc...
 #- the following numbers are: the regularization term for each measurement
 #    and the objective function value,
 #- followed by the L2 norms of parameter1, its gradient, parameter2 and its
 #    gradient.
 #note by JFD: gnuplot is convenient to print a column
 #             plot "*.out.cvg" u 3
 #             replot "*.out.cvg" u 6
  2.04810E-06  0.00000E+00  0.00000E+00  2.04810E-06  2.10000E+01  1.32612E-14
  2.04810E-06  0.00000E+00  0.00000E+00  2.04810E-06  2.10000E+01  9.02881E-06
  4.67677E-07  0.00000E+00  0.00000E+00  4.67677E-07  2.25040E+01  2.38556E+01
  2.12882E-07  0.00000E+00  0.00000E+00  2.12882E-07  2.31982E+01  3.35977E+01
  9.30601E-08  0.00000E+00  0.00000E+00  9.30601E-08  2.40055E+01  4.39298E+01
  4.98692E-08  0.00000E+00  0.00000E+00  4.98692E-08  2.48113E+01  5.39138E+01
  3.48832E-08  0.00000E+00  0.00000E+00  3.48832E-08  2.48326E+01  5.42085E+01
  2.61640E-08  0.00000E+00  0.00000E+00  2.61640E-08  2.48734E+01  5.48024E+01
  2.03916E-08  0.00000E+00  0.00000E+00  2.03916E-08  2.49103E+01  5.53989E+01
  8.03348E-09  0.00000E+00  0.00000E+00  8.03348E-09  2.52135E+01  5.99133E+01
  6.57479E-09  0.00000E+00  0.00000E+00  6.57479E-09  2.52253E+01  6.02975E+01
  5.92798E-09  0.00000E+00  0.00000E+00  5.92798E-09  2.52321E+01  6.04062E+01
  5.62632E-09  0.00000E+00  0.00000E+00  5.62632E-09  2.52387E+01  6.05161E+01
  4.79634E-09  0.00000E+00  0.00000E+00  4.79634E-09  2.52615E+01  6.09328E+01
  4.57185E-09  0.00000E+00  0.00000E+00  4.57185E-09  2.52652E+01  6.10034E+01
  4.47452E-09  0.00000E+00  0.00000E+00  4.47452E-09  2.52659E+01  6.10271E+01
  3.64319E-09  0.00000E+00  0.00000E+00  3.64319E-09  2.52930E+01  6.15952E+01
  2.42250E-09  0.00000E+00  0.00000E+00  2.42250E-09  2.53478E+01  6.31856E+01
  2.18221E-09  0.00000E+00  0.00000E+00  2.18221E-09  2.53570E+01  6.36786E+01
  2.09804E-09  0.00000E+00  0.00000E+00  2.09804E-09  2.53573E+01  6.36880E+01
  1.97609E-09  0.00000E+00  0.00000E+00  1.97609E-09  2.53632E+01  6.39622E+01
  1.90967E-09  0.00000E+00  0.00000E+00  1.90967E-09  2.53643E+01  6.40387E+01
  1.86933E-09  0.00000E+00  0.00000E+00  1.86933E-09  2.53648E+01  6.40709E+01
  1.51620E-09  0.00000E+00  0.00000E+00  1.51620E-09  2.53831E+01  6.52200E+01
  1.48093E-09  0.00000E+00  0.00000E+00  1.48093E-09  2.53836E+01  6.52792E+01
  1.41846E-09  0.00000E+00  0.00000E+00  1.41846E-09  2.53866E+01  6.55016E+01
  1.38644E-09  0.00000E+00  0.00000E+00  1.38644E-09  2.53878E+01  6.56099E+01
  1.34493E-09  0.00000E+00  0.00000E+00  1.34493E-09  2.53899E+01  6.57797E+01
  1.30371E-09  0.00000E+00  0.00000E+00  1.30371E-09  2.53913E+01  6.59120E+01
  1.28901E-09  0.00000E+00  0.00000E+00  1.28901E-09  2.53917E+01  6.59464E+01
  1.25036E-09  0.00000E+00  0.00000E+00  1.25036E-09  2.53927E+01  6.60666E+01
  1.23262E-09  0.00000E+00  0.00000E+00  1.23262E-09  2.53931E+01  6.61021E+01
  1.19009E-09  0.00000E+00  0.00000E+00  1.19009E-09  2.53951E+01  6.62757E+01
  1.18229E-09  0.00000E+00  0.00000E+00  1.18229E-09  2.53951E+01  6.62857E+01
  1.15181E-09  0.00000E+00  0.00000E+00  1.15181E-09  2.53959E+01  6.63734E+01
  1.14359E-09  0.00000E+00  0.00000E+00  1.14359E-09  2.53960E+01  6.63879E+01
  1.08917E-09  0.00000E+00  0.00000E+00  1.08917E-09  2.53977E+01  6.65733E+01
  1.07765E-09  0.00000E+00  0.00000E+00  1.07765E-09  2.53978E+01  6.65867E+01
  1.00763E-09  0.00000E+00  0.00000E+00  1.00763E-09  2.54003E+01  6.68610E+01
  9.85461E-10  0.00000E+00  0.00000E+00  9.85461E-10  2.54009E+01  6.69222E+01
  9.04485E-10  0.00000E+00  0.00000E+00  9.04485E-10  2.54043E+01  6.72964E+01
  8.97092E-10  0.00000E+00  0.00000E+00  8.97092E-10  2.54044E+01  6.73108E+01
  8.25746E-10  0.00000E+00  0.00000E+00  8.25746E-10  2.54081E+01  6.76938E+01
  6.96153E-10  0.00000E+00  0.00000E+00  6.96153E-10  2.54165E+01  6.85660E+01
  6.87759E-10  0.00000E+00  0.00000E+00  6.87759E-10  2.54171E+01  6.86164E+01
  6.73610E-10  0.00000E+00  0.00000E+00  6.73610E-10  2.54180E+01  6.87101E+01
  6.63510E-10  0.00000E+00  0.00000E+00  6.63510E-10  2.54188E+01  6.87756E+01
  6.57023E-10  0.00000E+00  0.00000E+00  6.57023E-10  2.54191E+01  6.88001E+01
  6.10713E-10  0.00000E+00  0.00000E+00  6.10713E-10  2.54231E+01  6.91655E+01
  6.07356E-10  0.00000E+00  0.00000E+00  6.07356E-10  2.54232E+01  6.91766E+01
  5.90077E-10  0.00000E+00  0.00000E+00  5.90077E-10  2.54248E+01  6.93085E+01
  5.74605E-10  0.00000E+00  0.00000E+00  5.74605E-10  2.54263E+01  6.94297E+01
  5.54352E-10  0.00000E+00  0.00000E+00  5.54352E-10  2.54288E+01  6.96268E+01
  5.47331E-10  0.00000E+00  0.00000E+00  5.47331E-10  2.54290E+01  6.96413E+01
  5.44133E-10  0.00000E+00  0.00000E+00  5.44133E-10  2.54294E+01  6.96710E+01
  5.41968E-10  0.00000E+00  0.00000E+00  5.41968E-10  2.54296E+01  6.96841E+01
  5.24355E-10  0.00000E+00  0.00000E+00  5.24355E-10  2.54316E+01  6.98416E+01
  5.20754E-10  0.00000E+00  0.00000E+00  5.20754E-10  2.54320E+01  6.98685E+01
  4.90660E-10  0.00000E+00  0.00000E+00  4.90660E-10  2.54358E+01  7.01667E+01
  4.88574E-10  0.00000E+00  0.00000E+00  4.88574E-10  2.54359E+01  7.01724E+01
  4.67658E-10  0.00000E+00  0.00000E+00  4.67658E-10  2.54388E+01  7.03952E+01
  4.63868E-10  0.00000E+00  0.00000E+00  4.63868E-10  2.54391E+01  7.04185E+01
  4.48783E-10  0.00000E+00  0.00000E+00  4.48783E-10  2.54413E+01  7.05874E+01
  4.45794E-10  0.00000E+00  0.00000E+00  4.45794E-10  2.54416E+01  7.06070E+01
  4.15134E-10  0.00000E+00  0.00000E+00  4.15134E-10  2.54463E+01  7.09526E+01
  4.10343E-10  0.00000E+00  0.00000E+00  4.10343E-10  2.54471E+01  7.10079E+01
  4.05311E-10  0.00000E+00  0.00000E+00  4.05311E-10  2.54479E+01  7.10639E+01
  3.47651E-10  0.00000E+00  0.00000E+00  3.47651E-10  2.54588E+01  7.18543E+01
  3.46598E-10  0.00000E+00  0.00000E+00  3.46598E-10  2.54590E+01  7.18697E+01
  3.39561E-10  0.00000E+00  0.00000E+00  3.39561E-10  2.54604E+01  7.19738E+01
  3.01944E-10  0.00000E+00  0.00000E+00  3.01944E-10  2.54695E+01  7.26454E+01
  3.00979E-10  0.00000E+00  0.00000E+00  3.00979E-10  2.54696E+01  7.26514E+01
  2.86473E-10  0.00000E+00  0.00000E+00  2.86473E-10  2.54737E+01  7.29497E+01
  2.80275E-10  0.00000E+00  0.00000E+00  2.80275E-10  2.54753E+01  7.30619E+01
  2.78149E-10  0.00000E+00  0.00000E+00  2.78149E-10  2.54756E+01  7.30818E+01
  2.76897E-10  0.00000E+00  0.00000E+00  2.76897E-10  2.54759E+01  7.31001E+01
  2.66834E-10  0.00000E+00  0.00000E+00  2.66834E-10  2.54789E+01  7.33250E+01
  2.65883E-10  0.00000E+00  0.00000E+00  2.65883E-10  2.54792E+01  7.33422E+01
  2.62952E-10  0.00000E+00  0.00000E+00  2.62952E-10  2.54800E+01  7.34039E+01
  2.41754E-10  0.00000E+00  0.00000E+00  2.41754E-10  2.54872E+01  7.39328E+01
  2.38908E-10  0.00000E+00  0.00000E+00  2.38908E-10  2.54881E+01  7.40002E+01
