 #This file helps checking about the convergence of the optimization algorithm
 #    by printing infos related to the values of the objective function and
 #    its components.
 #- Every line describes an iteration of the optimization algorithm,
 #- on every line there are x*2+2+4 real numbers where x equals the number
 #    of measured fields used,
 #- the first 2 numbers on a line are the dataMatch and the forceMatch terms
 #    for the first measurement used,
 #- if x>1, numbers at position 3 and 4 are the dataMatch and the forceMatch
 #    terms for the second measurement
 #- etc...
 #- the following numbers are: the regularization term for each measurement
 #    and the objective function value,
 #- followed by the L2 norms of parameter1, its gradient, parameter2 and its
 #    gradient.
 #note by JFD: gnuplot is convenient to print a column
 #             plot "*.out.cvg" u 3
 #             replot "*.out.cvg" u 6
  8.06940E+00  0.00000E+00  0.00000E+00  8.06940E+00  0.00000E+00  0.00000E+00  5.86498E+01  1.19576E-14
  7.98711E+00  0.00000E+00  1.98329E-04  7.98731E+00  0.00000E+00  0.00000E+00  5.86505E+01  6.43134E-01
  6.85183E+00  0.00000E+00  8.26094E-03  6.86009E+00  0.00000E+00  0.00000E+00  6.05621E+01  1.39169E+01
  5.92227E+00  0.00000E+00  2.09596E-02  5.94323E+00  0.00000E+00  0.00000E+00  6.61245E+01  3.53144E+01
  5.19208E+00  0.00000E+00  3.95428E-02  5.23162E+00  0.00000E+00  0.00000E+00  7.56789E+01  6.40963E+01
  4.61322E+00  0.00000E+00  6.60626E-02  4.67929E+00  0.00000E+00  0.00000E+00  9.04684E+01  1.02819E+02
  4.24561E+00  0.00000E+00  9.08374E-02  4.33645E+00  0.00000E+00  0.00000E+00  1.05204E+02  1.37000E+02
  3.87843E+00  0.00000E+00  1.26531E-01  4.00497E+00  0.00000E+00  0.00000E+00  1.30561E+02  1.91162E+02
  3.83505E+00  0.00000E+00  1.28364E-01  3.96341E+00  0.00000E+00  0.00000E+00  1.31682E+02  1.92915E+02
  3.79641E+00  0.00000E+00  1.31083E-01  3.92749E+00  0.00000E+00  0.00000E+00  1.34144E+02  1.97615E+02
  3.72235E+00  0.00000E+00  1.38826E-01  3.86117E+00  0.00000E+00  0.00000E+00  1.40585E+02  2.09763E+02
  3.70508E+00  0.00000E+00  1.39725E-01  3.84480E+00  0.00000E+00  0.00000E+00  1.41630E+02  2.11622E+02
  3.63334E+00  0.00000E+00  1.46738E-01  3.78008E+00  0.00000E+00  0.00000E+00  1.48221E+02  2.23919E+02
  3.61335E+00  0.00000E+00  1.48598E-01  3.76195E+00  0.00000E+00  0.00000E+00  1.49856E+02  2.26826E+02
  3.57537E+00  0.00000E+00  1.52402E-01  3.72777E+00  0.00000E+00  0.00000E+00  1.53773E+02  2.33634E+02
  3.55443E+00  0.00000E+00  1.54749E-01  3.70917E+00  0.00000E+00  0.00000E+00  1.56008E+02  2.37481E+02
  3.52538E+00  0.00000E+00  1.58044E-01  3.68343E+00  0.00000E+00  0.00000E+00  1.59539E+02  2.43485E+02
  3.51057E+00  0.00000E+00  1.59653E-01  3.67023E+00  0.00000E+00  0.00000E+00  1.61075E+02  2.46062E+02
  3.48761E+00  0.00000E+00  1.62431E-01  3.65004E+00  0.00000E+00  0.00000E+00  1.64291E+02  2.51327E+02
  3.47493E+00  0.00000E+00  1.63461E-01  3.63839E+00  0.00000E+00  0.00000E+00  1.65265E+02  2.52947E+02
  3.42708E+00  0.00000E+00  1.69328E-01  3.59641E+00  0.00000E+00  0.00000E+00  1.71783E+02  2.63616E+02
  3.41814E+00  0.00000E+00  1.70015E-01  3.58815E+00  0.00000E+00  0.00000E+00  1.72522E+02  2.64767E+02
  3.36298E+00  0.00000E+00  1.76566E-01  3.53955E+00  0.00000E+00  0.00000E+00  1.80172E+02  2.76735E+02
  3.28724E+00  0.00000E+00  1.88471E-01  3.47571E+00  0.00000E+00  0.00000E+00  1.94833E+02  2.98436E+02
  3.27542E+00  0.00000E+00  1.88660E-01  3.46408E+00  0.00000E+00  0.00000E+00  1.95168E+02  2.98839E+02
  3.26502E+00  0.00000E+00  1.89464E-01  3.45448E+00  0.00000E+00  0.00000E+00  1.96306E+02  3.00405E+02
  3.24948E+00  0.00000E+00  1.91302E-01  3.44078E+00  0.00000E+00  0.00000E+00  1.98965E+02  3.04060E+02
  3.24018E+00  0.00000E+00  1.92532E-01  3.43271E+00  0.00000E+00  0.00000E+00  2.00739E+02  3.06379E+02
  3.23499E+00  0.00000E+00  1.93009E-01  3.42800E+00  0.00000E+00  0.00000E+00  2.01591E+02  3.07452E+02
  3.21600E+00  0.00000E+00  1.95761E-01  3.41176E+00  0.00000E+00  0.00000E+00  2.05533E+02  3.12448E+02
  3.21067E+00  0.00000E+00  1.96077E-01  3.40675E+00  0.00000E+00  0.00000E+00  2.06193E+02  3.13214E+02
  3.18311E+00  0.00000E+00  1.99761E-01  3.38287E+00  0.00000E+00  0.00000E+00  2.11747E+02  3.20087E+02
  3.17817E+00  0.00000E+00  2.00248E-01  3.37842E+00  0.00000E+00  0.00000E+00  2.12501E+02  3.20998E+02
  3.15847E+00  0.00000E+00  2.02666E-01  3.36114E+00  0.00000E+00  0.00000E+00  2.16488E+02  3.25401E+02
  3.12958E+00  0.00000E+00  2.07010E-01  3.33659E+00  0.00000E+00  0.00000E+00  2.23510E+02  3.32645E+02
  3.12351E+00  0.00000E+00  2.07444E-01  3.33095E+00  0.00000E+00  0.00000E+00  2.24428E+02  3.33531E+02
  3.11718E+00  0.00000E+00  2.08110E-01  3.32529E+00  0.00000E+00  0.00000E+00  2.25828E+02  3.34841E+02
  3.11429E+00  0.00000E+00  2.08431E-01  3.32273E+00  0.00000E+00  0.00000E+00  2.26264E+02  3.35292E+02
  3.09893E+00  0.00000E+00  2.10463E-01  3.30940E+00  0.00000E+00  0.00000E+00  2.29863E+02  3.38562E+02
  3.09560E+00  0.00000E+00  2.10834E-01  3.30644E+00  0.00000E+00  0.00000E+00  2.30533E+02  3.39144E+02
  3.07997E+00  0.00000E+00  2.12952E-01  3.29293E+00  0.00000E+00  0.00000E+00  2.34566E+02  3.42591E+02
  3.07678E+00  0.00000E+00  2.13192E-01  3.28998E+00  0.00000E+00  0.00000E+00  2.35015E+02  3.42981E+02
  3.06076E+00  0.00000E+00  2.15261E-01  3.27602E+00  0.00000E+00  0.00000E+00  2.38933E+02  3.46258E+02
  3.03387E+00  0.00000E+00  2.19197E-01  3.25307E+00  0.00000E+00  0.00000E+00  2.46738E+02  3.52109E+02
  3.03101E+00  0.00000E+00  2.19342E-01  3.25036E+00  0.00000E+00  0.00000E+00  2.47125E+02  3.52374E+02
  3.02255E+00  0.00000E+00  2.20401E-01  3.24296E+00  0.00000E+00  0.00000E+00  2.49530E+02  3.54025E+02
  3.02025E+00  0.00000E+00  2.20577E-01  3.24083E+00  0.00000E+00  0.00000E+00  2.50105E+02  3.54357E+02
  2.99836E+00  0.00000E+00  2.23418E-01  3.22178E+00  0.00000E+00  0.00000E+00  2.56491E+02  3.58332E+02
  2.94787E+00  0.00000E+00  2.30732E-01  3.17860E+00  0.00000E+00  0.00000E+00  2.73231E+02  3.66476E+02
  2.94559E+00  0.00000E+00  2.30574E-01  3.17616E+00  0.00000E+00  0.00000E+00  2.73630E+02  3.66522E+02
  2.94356E+00  0.00000E+00  2.30570E-01  3.17413E+00  0.00000E+00  0.00000E+00  2.74163E+02  3.66661E+02
  2.93788E+00  0.00000E+00  2.30554E-01  3.16844E+00  0.00000E+00  0.00000E+00  2.76249E+02  3.67029E+02
  2.93660E+00  0.00000E+00  2.30597E-01  3.16719E+00  0.00000E+00  0.00000E+00  2.76526E+02  3.67070E+02
  2.92983E+00  0.00000E+00  2.30796E-01  3.16062E+00  0.00000E+00  0.00000E+00  2.78864E+02  3.67342E+02
  2.92690E+00  0.00000E+00  2.30820E-01  3.15772E+00  0.00000E+00  0.00000E+00  2.80005E+02  3.67442E+02
  2.92514E+00  0.00000E+00  2.30929E-01  3.15607E+00  0.00000E+00  0.00000E+00  2.80527E+02  3.67516E+02
  2.92067E+00  0.00000E+00  2.31118E-01  3.15179E+00  0.00000E+00  0.00000E+00  2.82530E+02  3.67701E+02
  2.91887E+00  0.00000E+00  2.31195E-01  3.15006E+00  0.00000E+00  0.00000E+00  2.82807E+02  3.67749E+02
  2.90866E+00  0.00000E+00  2.31874E-01  3.14054E+00  0.00000E+00  0.00000E+00  2.86470E+02  3.68270E+02
  2.90721E+00  0.00000E+00  2.31854E-01  3.13906E+00  0.00000E+00  0.00000E+00  2.87013E+02  3.68297E+02
  2.90422E+00  0.00000E+00  2.32114E-01  3.13633E+00  0.00000E+00  0.00000E+00  2.88154E+02  3.68474E+02
  2.90264E+00  0.00000E+00  2.32081E-01  3.13472E+00  0.00000E+00  0.00000E+00  2.88662E+02  3.68493E+02
  2.89769E+00  0.00000E+00  2.32538E-01  3.13022E+00  0.00000E+00  0.00000E+00  2.90818E+02  3.68744E+02
  2.89601E+00  0.00000E+00  2.32422E-01  3.12844E+00  0.00000E+00  0.00000E+00  2.91093E+02  3.68720E+02
  2.89249E+00  0.00000E+00  2.32537E-01  3.12503E+00  0.00000E+00  0.00000E+00  2.92410E+02  3.68829E+02
  2.89086E+00  0.00000E+00  2.32640E-01  3.12350E+00  0.00000E+00  0.00000E+00  2.92876E+02  3.68905E+02
  2.88566E+00  0.00000E+00  2.32802E-01  3.11846E+00  0.00000E+00  0.00000E+00  2.95014E+02  3.69038E+02
  2.88375E+00  0.00000E+00  2.32873E-01  3.11663E+00  0.00000E+00  0.00000E+00  2.95451E+02  3.69084E+02
  2.87577E+00  0.00000E+00  2.33273E-01  3.10904E+00  0.00000E+00  0.00000E+00  2.98470E+02  3.69299E+02
  2.87465E+00  0.00000E+00  2.33202E-01  3.10785E+00  0.00000E+00  0.00000E+00  2.98731E+02  3.69274E+02
  2.87175E+00  0.00000E+00  2.33196E-01  3.10494E+00  0.00000E+00  0.00000E+00  2.99924E+02  3.69236E+02
  2.87063E+00  0.00000E+00  2.33238E-01  3.10386E+00  0.00000E+00  0.00000E+00  3.00157E+02  3.69253E+02
  2.86514E+00  0.00000E+00  2.33382E-01  3.09853E+00  0.00000E+00  0.00000E+00  3.02204E+02  3.69229E+02
  2.86107E+00  0.00000E+00  2.33376E-01  3.09444E+00  0.00000E+00  0.00000E+00  3.04111E+02  3.68977E+02
  2.85991E+00  0.00000E+00  2.33383E-01  3.09330E+00  0.00000E+00  0.00000E+00  3.04391E+02  3.68954E+02
  2.85675E+00  0.00000E+00  2.33447E-01  3.09019E+00  0.00000E+00  0.00000E+00  3.05822E+02  3.68795E+02
  2.85582E+00  0.00000E+00  2.33355E-01  3.08917E+00  0.00000E+00  0.00000E+00  3.06060E+02  3.68727E+02
  2.85070E+00  0.00000E+00  2.33306E-01  3.08400E+00  0.00000E+00  0.00000E+00  3.08345E+02  3.68390E+02
  2.84918E+00  0.00000E+00  2.33319E-01  3.08250E+00  0.00000E+00  0.00000E+00  3.08795E+02  3.68352E+02
  2.84141E+00  0.00000E+00  2.33481E-01  3.07489E+00  0.00000E+00  0.00000E+00  3.12256E+02  3.68002E+02
  2.83952E+00  0.00000E+00  2.33369E-01  3.07289E+00  0.00000E+00  0.00000E+00  3.12865E+02  3.67902E+02
  2.83727E+00  0.00000E+00  2.33161E-01  3.07043E+00  0.00000E+00  0.00000E+00  3.13942E+02  3.67712E+02
  2.83598E+00  0.00000E+00  2.33188E-01  3.06916E+00  0.00000E+00  0.00000E+00  3.14303E+02  3.67690E+02
  2.83255E+00  0.00000E+00  2.33189E-01  3.06574E+00  0.00000E+00  0.00000E+00  3.15765E+02  3.67531E+02
  2.83127E+00  0.00000E+00  2.33079E-01  3.06435E+00  0.00000E+00  0.00000E+00  3.16383E+02  3.67391E+02
  2.83030E+00  0.00000E+00  2.33109E-01  3.06341E+00  0.00000E+00  0.00000E+00  3.16775E+02  3.67342E+02
  2.82820E+00  0.00000E+00  2.32986E-01  3.06119E+00  0.00000E+00  0.00000E+00  3.17824E+02  3.67125E+02
  2.82725E+00  0.00000E+00  2.33024E-01  3.06027E+00  0.00000E+00  0.00000E+00  3.18167E+02  3.67089E+02
  2.82468E+00  0.00000E+00  2.32844E-01  3.05752E+00  0.00000E+00  0.00000E+00  3.19698E+02  3.66771E+02
  2.82337E+00  0.00000E+00  2.32878E-01  3.05625E+00  0.00000E+00  0.00000E+00  3.19975E+02  3.66756E+02
  2.81580E+00  0.00000E+00  2.32783E-01  3.04858E+00  0.00000E+00  0.00000E+00  3.23448E+02  3.66319E+02
  2.81433E+00  0.00000E+00  2.32639E-01  3.04697E+00  0.00000E+00  0.00000E+00  3.24226E+02  3.66144E+02
  2.81338E+00  0.00000E+00  2.32669E-01  3.04605E+00  0.00000E+00  0.00000E+00  3.24572E+02  3.66128E+02
  2.81055E+00  0.00000E+00  2.32480E-01  3.04303E+00  0.00000E+00  0.00000E+00  3.26162E+02  3.65888E+02
  2.80939E+00  0.00000E+00  2.32517E-01  3.04190E+00  0.00000E+00  0.00000E+00  3.26448E+02  3.65890E+02
  2.79758E+00  0.00000E+00  2.32391E-01  3.02997E+00  0.00000E+00  0.00000E+00  3.31899E+02  3.65649E+02
  2.79282E+00  0.00000E+00  2.32250E-01  3.02507E+00  0.00000E+00  0.00000E+00  3.34185E+02  3.65548E+02
  2.79206E+00  0.00000E+00  2.32131E-01  3.02419E+00  0.00000E+00  0.00000E+00  3.34516E+02  3.65502E+02
  2.79012E+00  0.00000E+00  2.32114E-01  3.02224E+00  0.00000E+00  0.00000E+00  3.35370E+02  3.65507E+02
  2.78888E+00  0.00000E+00  2.31987E-01  3.02086E+00  0.00000E+00  0.00000E+00  3.36027E+02  3.65439E+02
  2.78759E+00  0.00000E+00  2.32025E-01  3.01961E+00  0.00000E+00  0.00000E+00  3.36537E+02  3.65473E+02
  2.78624E+00  0.00000E+00  2.31888E-01  3.01813E+00  0.00000E+00  0.00000E+00  3.37262E+02  3.65417E+02
  2.78488E+00  0.00000E+00  2.31942E-01  3.01682E+00  0.00000E+00  0.00000E+00  3.37733E+02  3.65469E+02
  2.78324E+00  0.00000E+00  2.31809E-01  3.01505E+00  0.00000E+00  0.00000E+00  3.38621E+02  3.65422E+02
  2.78224E+00  0.00000E+00  2.31855E-01  3.01410E+00  0.00000E+00  0.00000E+00  3.38856E+02  3.65466E+02
  2.77594E+00  0.00000E+00  2.31739E-01  3.00768E+00  0.00000E+00  0.00000E+00  3.41464E+02  3.65574E+02
  2.77533E+00  0.00000E+00  2.31730E-01  3.00706E+00  0.00000E+00  0.00000E+00  3.41659E+02  3.65596E+02
  2.77414E+00  0.00000E+00  2.31728E-01  3.00587E+00  0.00000E+00  0.00000E+00  3.42124E+02  3.65646E+02
  2.77243E+00  0.00000E+00  2.31659E-01  3.00409E+00  0.00000E+00  0.00000E+00  3.42889E+02  3.65689E+02
  2.77078E+00  0.00000E+00  2.31683E-01  3.00246E+00  0.00000E+00  0.00000E+00  3.43623E+02  3.65777E+02
  2.77024E+00  0.00000E+00  2.31600E-01  3.00184E+00  0.00000E+00  0.00000E+00  3.43896E+02  3.65748E+02
  2.76882E+00  0.00000E+00  2.31587E-01  3.00041E+00  0.00000E+00  0.00000E+00  3.44590E+02  3.65750E+02
  2.76715E+00  0.00000E+00  2.31482E-01  2.99863E+00  0.00000E+00  0.00000E+00  3.45530E+02  3.65685E+02
  2.76564E+00  0.00000E+00  2.31483E-01  2.99713E+00  0.00000E+00  0.00000E+00  3.46210E+02  3.65718E+02
  2.76432E+00  0.00000E+00  2.31350E-01  2.99567E+00  0.00000E+00  0.00000E+00  3.47028E+02  3.65666E+02
  2.76346E+00  0.00000E+00  2.31399E-01  2.99486E+00  0.00000E+00  0.00000E+00  3.47315E+02  3.65712E+02
  2.76148E+00  0.00000E+00  2.31262E-01  2.99274E+00  0.00000E+00  0.00000E+00  3.48464E+02  3.65676E+02
  2.76072E+00  0.00000E+00  2.31287E-01  2.99201E+00  0.00000E+00  0.00000E+00  3.48660E+02  3.65713E+02
  2.75874E+00  0.00000E+00  2.31241E-01  2.98998E+00  0.00000E+00  0.00000E+00  3.49671E+02  3.65731E+02
  2.75545E+00  0.00000E+00  2.31294E-01  2.98674E+00  0.00000E+00  0.00000E+00  3.51462E+02  3.65764E+02
  2.75334E+00  0.00000E+00  2.31052E-01  2.98439E+00  0.00000E+00  0.00000E+00  3.52804E+02  3.65773E+02
  2.75256E+00  0.00000E+00  2.31082E-01  2.98365E+00  0.00000E+00  0.00000E+00  3.53067E+02  3.65828E+02
  2.75060E+00  0.00000E+00  2.31038E-01  2.98164E+00  0.00000E+00  0.00000E+00  3.54138E+02  3.65916E+02
  2.74896E+00  0.00000E+00  2.31083E-01  2.98004E+00  0.00000E+00  0.00000E+00  3.55096E+02  3.66028E+02
  2.74845E+00  0.00000E+00  2.30984E-01  2.97943E+00  0.00000E+00  0.00000E+00  3.55351E+02  3.66010E+02
  2.74701E+00  0.00000E+00  2.31001E-01  2.97801E+00  0.00000E+00  0.00000E+00  3.56147E+02  3.66080E+02
  2.74405E+00  0.00000E+00  2.31039E-01  2.97509E+00  0.00000E+00  0.00000E+00  3.58019E+02  3.66209E+02
  2.74324E+00  0.00000E+00  2.31006E-01  2.97424E+00  0.00000E+00  0.00000E+00  3.58369E+02  3.66275E+02
  2.74223E+00  0.00000E+00  2.30888E-01  2.97312E+00  0.00000E+00  0.00000E+00  3.59008E+02  3.66301E+02
  2.74135E+00  0.00000E+00  2.30939E-01  2.97229E+00  0.00000E+00  0.00000E+00  3.59502E+02  3.66394E+02
  2.74022E+00  0.00000E+00  2.30856E-01  2.97107E+00  0.00000E+00  0.00000E+00  3.60197E+02  3.66429E+02
  2.73905E+00  0.00000E+00  2.30930E-01  2.96998E+00  0.00000E+00  0.00000E+00  3.60881E+02  3.66558E+02
  2.73856E+00  0.00000E+00  2.30840E-01  2.96940E+00  0.00000E+00  0.00000E+00  3.61190E+02  3.66551E+02
  2.73691E+00  0.00000E+00  2.30978E-01  2.96789E+00  0.00000E+00  0.00000E+00  3.62241E+02  3.66767E+02
  2.73601E+00  0.00000E+00  2.30864E-01  2.96687E+00  0.00000E+00  0.00000E+00  3.62698E+02  3.66787E+02
  2.73297E+00  0.00000E+00  2.30888E-01  2.96385E+00  0.00000E+00  0.00000E+00  3.64544E+02  3.67095E+02
  2.73217E+00  0.00000E+00  2.30925E-01  2.96310E+00  0.00000E+00  0.00000E+00  3.64968E+02  3.67215E+02
  2.73148E+00  0.00000E+00  2.30866E-01  2.96235E+00  0.00000E+00  0.00000E+00  3.65448E+02  3.67272E+02
  2.73055E+00  0.00000E+00  2.30957E-01  2.96151E+00  0.00000E+00  0.00000E+00  3.65965E+02  3.67431E+02
  2.73013E+00  0.00000E+00  2.30869E-01  2.96100E+00  0.00000E+00  0.00000E+00  3.66262E+02  3.67429E+02
  2.72924E+00  0.00000E+00  2.30984E-01  2.96022E+00  0.00000E+00  0.00000E+00  3.66787E+02  3.67587E+02
  2.72872E+00  0.00000E+00  2.30892E-01  2.95961E+00  0.00000E+00  0.00000E+00  3.67080E+02  3.67593E+02
  2.72656E+00  0.00000E+00  2.31044E-01  2.95761E+00  0.00000E+00  0.00000E+00  3.68388E+02  3.67914E+02
  2.72598E+00  0.00000E+00  2.30974E-01  2.95695E+00  0.00000E+00  0.00000E+00  3.68725E+02  3.67947E+02
  2.72372E+00  0.00000E+00  2.31014E-01  2.95474E+00  0.00000E+00  0.00000E+00  3.70197E+02  3.68207E+02
  2.72329E+00  0.00000E+00  2.31042E-01  2.95433E+00  0.00000E+00  0.00000E+00  3.70373E+02  3.68277E+02
  2.71982E+00  0.00000E+00  2.31250E-01  2.95107E+00  0.00000E+00  0.00000E+00  3.72522E+02  3.68870E+02
  2.71923E+00