 #This file helps checking about the convergence of the optimization algorithm
 #    by printing infos related to the values of the objective function and
 #    its components.
 #- Every line describes an iteration of the optimization algorithm,
 #- on every line there are x*2+2+4 real numbers where x equals the number
 #    of measured fields used,
 #- the first 2 numbers on a line are the dataMatch and the forceMatch terms
 #    for the first measurement used,
 #- if x>1, numbers at position 3 and 4 are the dataMatch and the forceMatch
 #    terms for the second measurement
 #- etc...
 #- the following numbers are: the regularization term for each measurement
 #    and the objective function value,
 #- followed by the L2 norms of parameter1, its gradient, parameter2 and its
 #    gradient.
 #note by JFD: gnuplot is convenient to print a column
 #             plot "*.out.cvg" u 3
 #             replot "*.out.cvg" u 6
  5.70701E-02  0.00000E+00  0.00000E+00  5.70701E-02  0.00000E+00  0.00000E+00  8.90955E+00  1.00179E-16
  4.67019E-02  0.00000E+00  2.32897E-04  4.69348E-02  0.00000E+00  0.00000E+00  8.91019E+00  1.68208E-02
  3.36784E-02  0.00000E+00  1.51966E-03  3.51980E-02  0.00000E+00  0.00000E+00  8.97060E+00  4.88415E-02
  2.96582E-02  0.00000E+00  2.33474E-03  3.19930E-02  0.00000E+00  0.00000E+00  9.07389E+00  6.81715E-02
  2.11498E-02  0.00000E+00  4.77614E-03  2.59260E-02  0.00000E+00  0.00000E+00  9.36242E+00  1.34017E-01
  1.05933E-02  0.00000E+00  8.02431E-03  1.86176E-02  0.00000E+00  0.00000E+00  9.94090E+00  3.00948E-01
  4.26225E-03  0.00000E+00  1.05888E-02  1.48510E-02  0.00000E+00  0.00000E+00  1.08440E+01  5.56588E-01
  3.89534E-03  0.00000E+00  1.04472E-02  1.43425E-02  0.00000E+00  0.00000E+00  1.08436E+01  5.58456E-01
  2.85693E-03  0.00000E+00  1.08899E-02  1.37468E-02  0.00000E+00  0.00000E+00  1.10751E+01  6.35233E-01
  2.12118E-03  0.00000E+00  1.10107E-02  1.31319E-02  0.00000E+00  0.00000E+00  1.12824E+01  7.10932E-01
  1.98927E-03  0.00000E+00  1.07955E-02  1.27848E-02  0.00000E+00  0.00000E+00  1.13014E+01  7.14906E-01
  1.87479E-03  0.00000E+00  1.07318E-02  1.26066E-02  0.00000E+00  0.00000E+00  1.13200E+01  7.24118E-01
  1.78086E-03  0.00000E+00  1.05343E-02  1.23152E-02  0.00000E+00  0.00000E+00  1.13371E+01  7.33420E-01
  1.46609E-03  0.00000E+00  1.05883E-02  1.20543E-02  0.00000E+00  0.00000E+00  1.14467E+01  7.82660E-01
  1.30875E-03  0.00000E+00  1.04425E-02  1.17513E-02  0.00000E+00  0.00000E+00  1.15186E+01  8.08901E-01
  1.29135E-03  0.00000E+00  1.02023E-02  1.14936E-02  0.00000E+00  0.00000E+00  1.15358E+01  8.11155E-01
  1.29670E-03  0.00000E+00  1.00526E-02  1.13493E-02  0.00000E+00  0.00000E+00  1.15398E+01  8.11269E-01
  1.32702E-03  0.00000E+00  9.86616E-03  1.11932E-02  0.00000E+00  0.00000E+00  1.16387E+01  8.48521E-01
  1.24803E-03  0.00000E+00  9.67238E-03  1.09204E-02  0.00000E+00  0.00000E+00  1.16594E+01  8.44632E-01
  1.24944E-03  0.00000E+00  9.54209E-03  1.07915E-02  0.00000E+00  0.00000E+00  1.16448E+01  8.30520E-01
  1.25438E-03  0.00000E+00  9.44530E-03  1.06997E-02  0.00000E+00  0.00000E+00  1.16497E+01  8.30477E-01
