 #This file helps checking about the convergence of the optimization algorithm
 #    by printing infos related to the values of the objective function and
 #    its components.
 #- Every line describes an iteration of the optimization algorithm,
 #- on every line there are x*2+2+4 real numbers where x equals the number
 #    of measured fields used,
 #- the first 2 numbers on a line are the dataMatch and the forceMatch terms
 #    for the first measurement used,
 #- if x>1, numbers at position 3 and 4 are the dataMatch and the forceMatch
 #    terms for the second measurement
 #- etc...
 #- the following numbers are: the regularization term for each measurement
 #    and the objective function value,
 #- followed by the L2 norms of parameter1, its gradient, parameter2 and its
 #    gradient.
 #note by JFD: gnuplot is convenient to print a column
 #             plot "*.out.cvg" u 3
 #             replot "*.out.cvg" u 6
  3.16888E-05  0.00000E+00  0.00000E+00  3.168876909E-05  0.00000E+00  0.00000E+00  7.27461E+00  0.00000E+00
  3.16886E-05  0.00000E+00  1.96711E-11  3.168862895E-05  0.00000E+00  0.00000E+00  7.27461E+00  2.29534E-05
  3.16879E-05  0.00000E+00  4.22792E-10  3.168830020E-05  0.00000E+00  0.00000E+00  7.27461E+00  1.04815E-04
  3.16877E-05  0.00000E+00  5.44801E-10  3.168824836E-05  0.00000E+00  0.00000E+00  7.27461E+00  1.20327E-04
  3.16876E-05  0.00000E+00  5.73065E-10  3.168820729E-05  0.00000E+00  0.00000E+00  7.27461E+00  1.22721E-04
  3.16876E-05  0.00000E+00  5.94225E-10  3.168817641E-05  0.00000E+00  0.00000E+00  7.27461E+00  1.24427E-04
  3.16875E-05  0.00000E+00  6.17849E-10  3.168815957E-05  0.00000E+00  0.00000E+00  7.27461E+00  1.27024E-04
  3.16875E-05  0.00000E+00  6.55920E-10  3.168815926E-05  0.00000E+00  0.00000E+00  7.27461E+00  1.30717E-04
  3.16875E-05  0.00000E+00  6.29447E-10  3.168815056E-05  0.00000E+00  0.00000E+00  7.27461E+00  1.28359E-04
  3.16875E-05  0.00000E+00  6.27549E-10  3.168814986E-05  0.00000E+00  0.00000E+00  7.27461E+00  1.28251E-04
  3.16875E-05  0.00000E+00  6.27463E-10  3.168814923E-05  0.00000E+00  0.00000E+00  7.27461E+00  1.28243E-04
  3.16875E-05  0.00000E+00  6.29404E-10  3.168814937E-05  0.00000E+00  0.00000E+00  7.27461E+00  1.28609E-04
  3.16875E-05  0.00000E+00  6.29148E-10  3.168814878E-05  0.00000E+00  0.00000E+00  7.27461E+00  1.28425E-04
  3.16875E-05  0.00000E+00  6.29990E-10  3.168814870E-05  0.00000E+00  0.00000E+00  7.27461E+00  1.28488E-04
  3.16875E-05  0.00000E+00  6.29156E-10  3.168814867E-05  0.00000E+00  0.00000E+00  7.27461E+00  1.28400E-04
  3.16875E-05  0.00000E+00  6.30971E-10  3.168814868E-05  0.00000E+00  0.00000E+00  7.27461E+00  1.28603E-04
  3.16875E-05  0.00000E+00  6.29625E-10  3.168814866E-05  0.00000E+00  0.00000E+00  7.27461E+00  1.28459E-04
  3.16875E-05  0.00000E+00  6.29596E-10  3.168814866E-05  0.00000E+00  0.00000E+00  7.27461E+00  1.28460E-04
  3.16875E-05  0.00000E+00  6.29618E-10  3.168814865E-05  0.00000E+00  0.00000E+00  7.27461E+00  1.28461E-04
  3.16875E-05  0.00000E+00  6.29639E-10  3.168814865E-05  0.00000E+00  0.00000E+00  7.27461E+00  1.28463E-04
  3.16875E-05  0.00000E+00  6.29660E-10  3.168814865E-05  0.00000E+00  0.00000E+00  7.27461E+00  1.28465E-04
  3.16875E-05  0.00000E+00  6.29653E-10  3.168814865E-05  0.00000E+00  0.00000E+00  7.27461E+00  1.28465E-04
