 #This file helps checking about the convergence of the optimization algorithm
 #    by printing infos related to the values of the objective function and
 #    its components.
 #- Every line describes an iteration of the optimization algorithm,
 #- on every line there are x*2+2+4 real numbers where x equals the number
 #    of measured fields used,
 #- the first 2 numbers on a line are the dataMatch and the forceMatch terms
 #    for the first measurement used,
 #- if x>1, numbers at position 3 and 4 are the dataMatch and the forceMatch
 #    terms for the second measurement
 #- etc...
 #- the following numbers are: the regularization term for each measurement
 #    and the objective function value,
 #- followed by the L2 norms of parameter1, its gradient, parameter2 and its
 #    gradient.
 #note by JFD: gnuplot is convenient to print a column
 #             plot "*.out.cvg" u 3
 #             replot "*.out.cvg" u 6
  3.01829E-11  0.00000E+00  0.00000E+00  3.01829093944E-11  1.46969E+01  0.00000E+00  4.40908E+01  1.02958E-15
  2.77077E-08  0.00000E+00  0.00000E+00  2.77077391060E-08  1.46969E+01  0.00000E+00  4.40908E+01  1.02958E-15
  2.91855E-11  0.00000E+00  0.00000E+00  2.91855451000E-11  1.46969E+01  0.00000E+00  4.40908E+01  1.02958E-15
  2.75554E-11  0.00000E+00  0.00000E+00  2.75553806616E-11  1.46969E+01  0.00000E+00  4.40908E+01  1.02958E-15
  2.67001E-11  0.00000E+00  0.00000E+00  2.67001274504E-11  1.46969E+01  0.00000E+00  4.40908E+01  1.02958E-15
  2.66593E-11  0.00000E+00  0.00000E+00  2.66592717067E-11  1.46969E+01  0.00000E+00  4.40908E+01  1.02958E-15
  2.66253E-11  0.00000E+00  0.00000E+00  2.66252873871E-11  1.46969E+01  0.00000E+00  4.40908E+01  1.02958E-15
  2.64665E-11  0.00000E+00  0.00000E+00  2.64665263623E-11  1.46969E+01  0.00000E+00  4.40908E+01  1.02958E-15
  2.63399E-11  0.00000E+00  0.00000E+00  2.63398752098E-11  1.46969E+01  0.00000E+00  4.40908E+01  1.02958E-15
  2.62129E-11  0.00000E+00  0.00000E+00  2.62128518142E-11  1.46969E+01  0.00000E+00  4.40908E+01  1.02958E-15
  2.61772E-11  0.00000E+00  0.00000E+00  2.61772014409E-11  1.46969E+01  0.00000E+00  4.40908E+01  1.02958E-15
  2.61635E-11  0.00000E+00  0.00000E+00  2.61634946215E-11  1.46969E+01  0.00000E+00  4.40908E+01  1.02958E-15
  2.61340E-11  0.00000E+00  0.00000E+00  2.61340080611E-11  1.46969E+01  0.00000E+00  4.40908E+01  1.02958E-15
  2.60259E-11  0.00000E+00  0.00000E+00  2.60258547311E-11  1.46969E+01  0.00000E+00  4.40908E+01  1.02958E-15
  2.57270E-11  0.00000E+00  0.00000E+00  2.57270033708E-11  1.46969E+01  0.00000E+00  4.40908E+01  1.02958E-15
  2.56033E-11  0.00000E+00  0.00000E+00  2.56033219884E-11  1.46969E+01  0.00000E+00  4.40908E+01  1.02958E-15
  2.55528E-11  0.00000E+00  0.00000E+00  2.55527776906E-11  1.46969E+01  0.00000E+00  4.40908E+01  1.02958E-15
  2.55379E-11  0.00000E+00  0.00000E+00  2.55378882591E-11  1.46969E+01  0.00000E+00  4.40908E+01  1.02958E-15
  2.55257E-11  0.00000E+00  0.00000E+00  2.55256875443E-11  1.46969E+01  0.00000E+00  4.40908E+01  1.02958E-15
  2.54800E-11  0.00000E+00  0.00000E+00  2.54799845946E-11  1.46969E+01  0.00000E+00  4.40908E+01  1.02958E-15
  2.54500E-11  0.00000E+00  0.00000E+00  2.54499633591E-11  1.46969E+01  0.00000E+00  4.40908E+01  1.02958E-15
  2.54061E-11  0.00000E+00  0.00000E+00  2.54061126917E-11  1.46969E+01  0.00000E+00  4.40908E+01  1.02958E-15
  2.53692E-11  0.00000E+00  0.00000E+00  2.53692214105E-11  1.46969E+01  0.00000E+00  4.40908E+01  1.02958E-15
  2.53097E-11  0.00000E+00  0.00000E+00  2.53097294321E-11  1.46969E+01  0.00000E+00  4.40908E+01  1.02958E-15
  2.81318E-11  0.00000E+00  0.00000E+00  2.81317557334E-11  1.46969E+01  0.00000E+00  4.40908E+01  1.02958E-15
  2.52625E-11  0.00000E+00  0.00000E+00  2.52624750136E-11  1.46969E+01  0.00000E+00  4.40908E+01  1.02958E-15
  2.52308E-11  0.00000E+00  0.00000E+00  2.52307752221E-11  1.46969E+01  0.00000E+00  4.40908E+01  1.02958E-15
  2.51908E-11  0.00000E+00  0.00000E+00  2.51908059578E-11  1.46969E+01  0.00000E+00  4.40908E+01  1.02958E-15
  2.51523E-11  0.00000E+00  0.00000E+00  2.51522699644E-11  1.46969E+01  0.00000E+00  4.40908E+01  1.02958E-15
  2.51124E-11  0.00000E+00  0.00000E+00  2.51123822483E-11  1.46969E+01  0.00000E+00  4.40908E+01  1.02958E-15
  2.50468E-11  0.00000E+00  0.00000E+00  2.50468115107E-11  1.46969E+01  0.00000E+00  4.40908E+01  1.02958E-15
  2.50466E-11  0.00000E+00  0.00000E+00  2.50465685621E-11  1.46969E+01  0.00000E+00  4.40908E+01  1.02958E-15
  2.50383E-11  0.00000E+00  0.00000E+00  2.50382939650E-11  1.46969E+01  0.00000E+00  4.40908E+01  1.02958E-15
  2.50362E-11  0.00000E+00  0.00000E+00  2.50362019583E-11  1.46969E+01  0.00000E+00  4.40908E+01  1.02958E-15
  2.50321E-11  0.00000E+00  0.00000E+00  2.50321198908E-11  1.46969E+01  0.00000E+00  4.40908E+01  1.02958E-15
  2.50204E-11  0.00000E+00  0.00000E+00  2.50204257280E-11  1.46969E+01  0.00000E+00  4.40908E+01  1.02958E-15
  2.49964E-11  0.00000E+00  0.00000E+00  2.49963864672E-11  1.46969E+01  0.00000E+00  4.40908E+01  1.02958E-15
  2.49564E-11  0.00000E+00  0.00000E+00  2.49563713652E-11  1.46969E+01  0.00000E+00  4.40908E+01  1.02958E-15
  2.55682E-11  0.00000E+00  0.00000E+00  2.55682011502E-11  1.46969E+01  0.00000E+00  4.40908E+01  1.02958E-15
  2.49150E-11  0.00000E+00  0.00000E+00  2.49150236186E-11  1.46969E+01  0.00000E+00  4.40908E+01  1.02958E-15
  2.48997E-11  0.00000E+00  0.00000E+00  2.48997448544E-11  1.46969E+01  0.00000E+00  4.40908E+01  1.02958E-15
  2.48974E-11  0.00000E+00  0.00000E+00  2.48974146879E-11  1.46969E+01  0.00000E+00  4.40908E+01  1.02958E-15
  2.48964E-11  0.00000E+00  0.00000E+00  2.48964333642E-11  1.46969E+01  0.00000E+00  4.40908E+01  1.02958E-15
  2.48935E-11  0.00000E+00  0.00000E+00  2.48935146066E-11  1.46969E+01  0.00000E+00  4.40908E+01  1.02958E-15
  2.48872E-11  0.00000E+00  0.00000E+00  2.48871504685E-11  1.46969E+01  0.00000E+00  4.40908E+01  1.02958E-15
  2.48775E-11  0.00000E+00  0.00000E+00  2.48775270287E-11  1.46969E+01  0.00000E+00  4.40908E+01  1.02958E-15
  2.49080E-11  0.00000E+00  0.00000E+00  2.49079982093E-11  1.46969E+01  0.00000E+00  4.40908E+01  1.02958E-15
  2.48663E-11  0.00000E+00  0.00000E+00  2.48662745512E-11  1.46969E+01  0.00000E+00  4.40908E+01  1.02958E-15
  2.48632E-11  0.00000E+00  0.00000E+00  2.48632331606E-11  1.46969E+01  0.00000E+00  4.40908E+01  1.02958E-15
  2.48625E-11  0.00000E+00  0.00000E+00  2.48624893843E-11  1.46969E+01  0.00000E+00  4.40908E+01  1.02958E-15
  2.48603E-11  0.00000E+00  0.00000E+00  2.48603175077E-11  1.46969E+01  0.00000E+00  4.40908E+01  1.02958E-15
  2.48569E-11  0.00000E+00  0.00000E+00  2.48568721880E-11  1.46969E+01  0.00000E+00  4.40908E+01  1.02958E-15
  2.48543E-11  0.00000E+00  0.00000E+00  2.48543105149E-11  1.46969E+01  0.00000E+00  4.40908E+01  1.02958E-15
  2.48518E-11  0.00000E+00  0.00000E+00  2.48517512878E-11  1.46969E+01  0.00000E+00  4.40908E+01  1.02958E-15
  2.48453E-11  0.00000E+00  0.00000E+00  2.48453014013E-11  1.46969E+01  0.00000E+00  4.40908E+01  1.02958E-15
  2.48332E-11  0.00000E+00  0.00000E+00  2.48331539941E-11  1.46969E+01  0.00000E+00  4.40908E+01  1.02958E-15
  2.48166E-11  0.00000E+00  0.00000E+00  2.48165945192E-11  1.46969E+01  0.00000E+00  4.40908E+01  1.02958E-15
  2.48370E-11  0.00000E+00  0.00000E+00  2.48369588401E-11  1.46969E+01  0.00000E+00  4.40908E+01  1.02958E-15
  2.47904E-11  0.00000E+00  0.00000E+00  2.47903791822E-11  1.46969E+01  0.00000E+00  4.40908E+01  1.02958E-15
  2.47784E-11  0.00000E+00  0.00000E+00  2.47784087267E-11  1.46969E+01  0.00000E+00  4.40908E+01  1.02958E-15
  2.47717E-11  0.00000E+00  0.00000E+00  2.47717015195E-11  1.46969E+01  0.00000E+00  4.40908E+01  1.02958E-15
  2.47649E-11  0.00000E+00  0.00000E+00  2.47648546329E-11  1.46969E+01  0.00000E+00  4.40908E+01  1.02958E-15
  2.47617E-11  0.00000E+00  0.00000E+00  2.47617225842E-11  1.46969E+01  0.00000E+00  4.40908E+01  1.02958E-15
  2.47589E-11  0.00000E+00  0.00000E+00  2.47588554100E-11  1.46969E+01  0.00000E+00  4.40908E+01  1.02958E-15
  2.47548E-11  0.00000E+00  0.00000E+00  2.47548257765E-11  1.46969E+01  0.00000E+00  4.40908E+01  1.02958E-15
  2.47449E-11  0.00000E+00  0.00000E+00  2.47449454741E-11  1.46969E+01  0.00000E+00  4.40908E+01  1.02958E-15
  2.47334E-11  0.00000E+00  0.00000E+00  2.47333756495E-11  1.46969E+01  0.00000E+00  4.40908E+01  1.02958E-15
  2.47319E-11  0.00000E+00  0.00000E+00  2.47318878781E-11  1.46969E+01  0.00000E+00  4.40908E+01  1.02958E-15
  2.47240E-11  0.00000E+00  0.00000E+00  2.47240498532E-11  1.46969E+01  0.00000E+00  4.40908E+01  1.02958E-15
  2.47226E-11  0.00000E+00  0.00000E+00  2.47226466244E-11  1.46969E+01  0.00000E+00  4.40908E+01  1.02958E-15
  2.47208E-11  0.00000E+00  0.00000E+00  2.47208164563E-11  1.46969E+01  0.00000E+00  4.40908E+01  1.02958E-15
  2.47176E-11  0.00000E+00  0.00000E+00  2.47176035171E-11  1.46969E+01  0.00000E+00  4.40908E+01  1.02958E-15
  2.47394E-11  0.00000E+00  0.00000E+00  2.47393722590E-11  1.46969E+01  0.00000E+00  4.40908E+01  1.02958E-15
  2.47099E-11  0.00000E+00  0.00000E+00  2.47099436481E-11  1.46969E+01  0.00000E+00  4.40908E+01  1.02958E-15
  2.47015E-11  0.00000E+00  0.00000E+00  2.47014912557E-11  1.46969E+01  0.00000E+00  4.40908E+01  1.02958E-15
  2.46986E-11  0.00000E+00  0.00000E+00  2.46986336244E-11  1.46969E+01  0.00000E+00  4.40908E+01  1.02958E-15
  2.46907E-11  0.00000E+00  0.00000E+00  2.46907039989E-11  1.46969E+01  0.00000E+00  4.40908E+01  1.02958E-15
  2.46884E-11  0.00000E+00  0.00000E+00  2.46883501509E-11  1.46969E+01  0.00000E+00  4.40908E+01  1.02958E-15
  2.46864E-11  0.00000E+00  0.00000E+00  2.46864305706E-11  1.46969E+01  0.00000E+00  4.40908E+01  1.02958E-15
  2.46846E-11  0.00000E+00  0.00000E+00  2.46846247927E-11  1.46969E+01  0.00000E+00  4.40908E+01  1.02958E-15
  2.46830E-11  0.00000E+00  0.00000E+00  2.46830154187E-11  1.46969E+01  0.00000E+00  4.40908E+01  1.02958E-15
  2.46815E-11  0.00000E+00  0.00000E+00  2.46814593421E-11  1.46969E+01  0.00000E+00  4.40908E+01  1.02958E-15
  2.46807E-11  0.00000E+00  0.00000E+00  2.46806558939E-11  1.46969E+01  0.00000E+00  4.40908E+01  1.02958E-15
  2.46800E-11  0.00000E+00  0.00000E+00  2.46800440567E-11  1.46969E+01  0.00000E+00  4.40908E+01  1.02958E-15
  2.46796E-11  0.00000E+00  0.00000E+00  2.46796442568E-11  1.46969E+01  0.00000E+00  4.40908E+01  1.02958E-15
  2.46792E-11  0.00000E+00  0.00000E+00  2.46792452198E-11  1.46969E+01  0.00000E+00  4.40908E+01  1.02958E-15
  2.46788E-11  0.00000E+00  0.00000E+00  2.46787990112E-11  1.46969E+01  0.00000E+00  4.40908E+01  1.02958E-15
  2.46784E-11  0.00000E+00  0.00000E+00  2.46784133734E-11  1.46969E+01  0.00000E+00  4.40908E+01  1.02958E-15
  2.46778E-11  0.00000E+00  0.00000E+00  2.46778039189E-11  1.46969E+01  0.00000E+00  4.40908E+01  1.02958E-15
  2.46809E-11  0.00000E+00  0.00000E+00  2.46808660287E-11  1.46969E+01  0.00000E+00  4.40908E+01  1.02958E-15
  2.46766E-11  0.00000E+00  0.00000E+00  2.46766219378E-11  1.46969E+01  0.00000E+00  4.40908E+01  1.02958E-15
  2.46754E-11  0.00000E+00  0.00000E+00  2.46753730846E-11  1.46969E+01  0.00000E+00  4.40908E+01  1.02958E-15
  2.46739E-11  0.00000E+00  0.00000E+00  2.46738840028E-11  1.46969E+01  0.00000E+00  4.40908E+01  1.02958E-15
  2.46732E-11  0.00000E+00  0.00000E+00  2.46731689422E-11  1.46969E+01  0.00000E+00  4.40908E+01  1.02958E-15
  2.46728E-11  0.00000E+00  0.00000E+00  2.46727919359E-11  1.46969E+01  0.00000E+00  4.40908E+01  1.02958E-15
  2.46723E-11  0.00000E+00  0.00000E+00  2.46723388098E-11  1.46969E+01  0.00000E+00  4.40908E+01  1.02958E-15
  2.46719E-11  0.00000E+00  0.00000E+00  2.46719129534E-11  1.46969E+01  0.00000E+00  4.40908E+01  1.02958E-15
  2.46714E-11  0.00000E+00  0.00000E+00  2.46713584797E-11  1.46969E+01  0.00000E+00  4.40908E+01  1.02958E-15
  2.46702E-11  0.00000E+00  0.00000E+00  2.46701788166E-11  1.46969E+01  0.00000E+00  4.40908E+01  1.02958E-15
  2.46676E-11  0.00000E+00  0.00000E+00  2.46676149259E-11  1.46969E+01  0.00000E+00  4.40908E+01  1.02958E-15
  2.46642E-11  0.00000E+00  0.00000E+00  2.46641920414E-11  1.46969E+01  0.00000E+00  4.40908E+01  1.02958E-15
  2.46618E-11  0.00000E+00  0.00000E+00  2.46617988692E-11  1.46969E+01  0.00000E+00  4.40908E+01  1.02958E-15
  2.46590E-11  0.00000E+00  0.00000E+00  2.46590151315E-11  1.46969E+01  0.00000E+00  4.40908E+01  1.02958E-15
  2.46625E-11  0.00000E+00  0.00000E+00  2.46624673081E-11  1.46969E+01  0.00000E+00  4.40908E+01  1.02958E-15
  2.46567E-11  0.00000E+00  0.00000E+00  2.46567484698E-11  1.46969E+01  0.00000E+00  4.40908E+01  1.02958E-15
  2.46536E-11  0.00000E+00  0.00000E+00  2.46535953414E-11  1.46969E+01  0.00000E+00  4.40908E+01  1.02958E-15
  2.46496E-11  0.00000E+00  0.00000E+00  2.46495536438E-11  1.46969E+01  0.00000E+00  4.40908E+01  1.02958E-15
  2.46595E-11  0.00000E+00  0.00000E+00  2.46595449859E-11  1.46969E+01  0.00000E+00  4.40908E+01  1.02958E-15
  2.46469E-11  0.00000E+00  0.00000E+00  2.46469235690E-11  1.46969E+01  0.00000E+00  4.40908E+01  1.02958E-15
  2.46439E-11  0.00000E+00  0.00000E+00  2.46439439141E-11  1.46969E+01  0.00000E+00  4.40908E+01  1.02958E-15
  2.46448E-11  0.00000E+00  0.00000E+00  2.46448141927E-11  1.46969E+01  0.00000E+00  4.40908E+01  1.02958E-15
  2.46415E-11  0.00000E+00  0.00000E+00  2.46415119874E-11  1.46969E+01  0.00000E+00  4.40908E+01  1.02958E-15
  2.46404E-11  0.00000E+00  0.00000E+00  2.46404436933E-11  1.46969E+01  0.00000E+00  4.40908E+01  1.02958E-15
  2.46400E-11  0.00000E+00  0.00000E+00  2.46399762613E-11  1.46969E+01  0.00000E+00  4.40908E+01  1.02958E-15
  2.46395E-11  0.00000E+00  0.00000E+00  2.46394873594E-11  1.46969E+01  0.00000E+00  4.40908E+01  1.02958E-15
  2.46390E-11  0.00000E+00  0.00000E+00  2.46389651268E-11  1.46969E+01  0.00000E+00  4.40908E+01  1.02958E-15
  2.46383E-11  0.00000E+00  0.00000E+00  2.46383167483E-11  1.46969E+01  0.00000E+00  4.40908E+01  1.02958E-15
  2.46370E-11  0.00000E+00  0.00000E+00  2.46369733621E-11  1.46969E+01  0.00000E+00  4.40908E+01  1.02958E-15
  2.46417E-11  0.00000E+00  0.00000E+00  2.46416981361E-11  1.46969E+01  0.00000E+00  4.40908E+01  1.02958E-15
  2.46341E-11  0.00000E+00  0.00000E+00  2.46341190126E-11  1.46969E+01  0.00000E+00  4.40908E+01  1.02958E-15
  2.46304E-11  0.00000E+00  0.00000E+00  2.46303841272E-11  1.46969E+01  0.00000E+00  4.40908E+01  1.02958E-15
  2.46234E-11  0.00000E+00  0.00000E+00  2.46233688540E-11  1.46969E+01  0.00000E+00  4.40908E+01  1.02958E-15
  2.46194E-11  0.00000E+00  0.00000E+00  2.46194187713E-11  1.46969E+01  0.00000E+00  4.40908E+01  1.02958E-15
  2.46280E-11  0.00000E+00  0.00000E+00  2.46280110297E-11  1.46969E+01  0.00000E+00  4.40908E+01  1.02958E-15
  2.46180E-11  0.00000E+00  0.00000E+00  2.46180185379E-11  1.46969E+01  0.00000E+00  4.40908E+01  1.02958E-15
  2.46171E-11  0.00000E+00  0.00000E+00  2.46170748558E-11  1.46969E+01  0.00000E+00  4.40908E+01  1.02958E-15
  2.46168E-11  0.00000E+00  0.00000E+00  2.46168334799E-11  1.46969E+01  0.00000E+00  4.40908E+01  1.02958E-15
  2.46165E-11  0.00000E+00  0.00000E+00  2.46165041283E-11  1.46969E+01  0.00000E+00  4.40908E+01  1.02958E-15
  2.46159E-11  0.00000E+00  0.00000E+00  2.46159413867E-11  1.46969E+01  0.00000E+00  4.40908E+01  1.02958E-15
  2.46154E-11  0.00000E+00  0.00000E+00  2.46153644466E-11  1.46969E+01  0.00000E+00  4.40908E+01  1.02958E-15
  2.46160E-11  0.00000E+00  0.00000E+00  2.46160446899E-11  1.46969E+01  0.00000E+00  4.40908E+01  1.02958E-15
  2.46152E-11  0.00000E+00  0.00000E+00  2.46151623975E-11  1.46969E+01  0.00000E+00  4.40908E+01  1.02958E-15
  2.46149E-11  0.00000E+00  0.00000E+00  2.46148577306E-11  1.46969E+01  0.00000E+00  4.40908E+01  1.02958E-15
  2.46147E-11  0.00000E+00  0.00000E+00  2.46147257631E-11  1.46969E+01  0.00000E+00  4.40908E+01  1.02958E-15
  2.46437E-11  0.00000E+00  0.00000E+00  2.46436734218E-11  1.46969E+01  0.00000E+00  4.40908E+01  1.02958E-15
  2.46144E-11  0.00000E+00  0.00000E+00  2.46144141967E-11  1.46969E+01  0.00000E+00  4.40908E+01  1.02958E-15
  2.46312E-11  0.00000E+00  0.00000E+00  2.46311526334E-11  1.46969E+01  0.00000E+00  4.40908E+01  1.02958E-15
  2.46125E-11  0.00000E+00  0.00000E+00  2.46124707832E-11  1.46969E+01  0.00000E+00  4.40908E+01  1.02958E-15
  2.46104E-11  0.00000E+00  0.00000E+00  2.46103551231E-11  1.46969E+01  0.00000E+00  4.40908E+01  1.02958E-15
  2.46078E-11  0.00000E+00  0.00000E+00  2.46078105392E-11  1.46969E+01  0.00000E+00  4.40908E+01  1.02958E-15
  2.48300E-11  0.00000E+00  0.00000E+00  2.48299624919E-11  1.46969E+01  0.00000E+00  4.40908E+01  1.02958E-15
  2.46039E-11  0.00000E+00  0.00000E+00  2.46039173881E-11  1.46969E+01  0.00000E+00  4.40908E+01  1.02958E-15
  2.46166E-11  0.00000E+00  0.00000E+00  2.46166246443E-11  1.46969E+01  0.00000E+00  4.40908E+01  1.02958E-15
  2.46006E-11  0.00000E+00  0.00000E+00  2.46005933727E-11  1.46969E+01  0.00000E+00  4.40908E+01  1.02958E-15
  2.45989E-11  0.00000E+00  0.00000E+00  2.45988928737E-11  1.46969E+01  0.00000E+00  4.40908E+01  1.02958E-15
  2.45977E-11  0.00000E+00  0.00000E+00  2.45977157989E-11  1.46969E+01  0.00000E+00  4.40908E+01  1.02958E-15
  2.45963E-11  0.00000E+00  0.00000E+00  2.45963124240E-11  1.46969E+01  0.00000E+00  4.40908E+01  1.02958E-15
  2.45953E-11  0.00000E+00  0.00000E+00  2.45953050976E-11  1.46969E+01  0.00000E+00  4.40908E+01  1.02958E-15
  2.45943E-11  0.00000E+00  0.00000E+00  2.45943251044E-11  1.46969E+01  0.00000E+00  4.40908E+01  1.02958E-15
  2.45939E-11  0.00000E+00  0.00000E+00  2.45938935910E-11  1.46969E+01  0.00000E+00  4.40908E+01  1.02958E-15
  2.45938E-11  0.00000E+00  0.00000E+00  2.45937949079E-11  1.46969E+01  0.00000E+00  4.40908E+01  1.02958E-15
  2.45938E-11  0.00000E+00  0.00000E+00  2.45937607724E-11  1.46969E+01  0.00000E+00  4.40908E+01  1.02958E-15
  2.45938E-11  0.00000E+00  0.00000E+00  2.45937717815E-11  1.46969E+01  0.00000E+00  4.40908E+01  1.02958E-15
  2.45937E-11  0.00000E+00  0.00000E+00  2.45936807002E-11  1.46969E+01  0.00000E+00  4.40908E+01  1.02958E-15
  2.45936E-11  0.00000E+00  0.00000E+00  2.45936177155E-11  1.46969E+01  0.00000E+00  4.40908E+01  1.02958E-15
  2.45935E-11  0.00000E+00  0.00000E+00  2.45934948034E-11  1.46969E+01  0.00000E+00  4.40908E+01  1.02958E-15
  2.45934E-11  0.00000E+00  0.00000E+00  2.45933830480E-11  1.46969E+01  0.00000E+00  4.40908E+01  1.02958E-15
  2.45933E-11  0.00000E+00  0.00000E+00  2.45932688635E-11  1.46969E+01  0.00000E+00  4.40908E+01  1.02958E-15
  2.45931E-11  0.00000E+00  0.00000E+00  2.45930600561E-11  1.46969E+01  0.00000E+00  4.40908E+01  1.02958E-15
  2.45930E-11  0.00000E+00  0.00000E+00  2.45929742182E-11  1.46969E+01  0.00000E+00  4.40908E+01  1.02958E-15
  2.45929E-11  0.00000E+00  0.00000E+00  2.45929014551E-11  1.46969E+01  0.00000E+00  4.40908E+01  1.02958E-15
  2.45929E-11  0.00000E+00  0.00000E+00  2.45928501848E-11  1.46969E+01  0.00000E+00  4.40908E+01  1.02958E-15
  2.45926E-11  0.00000E+00  0.00000E+00  2.45926485788E-11  1.46969E+01  0.00000E+00  4.40908E+01  1.02958E-15
  2.45924E-11  0.00000E+00  0.00000E+00  2.45924270705E-11  1.46969E+01  0.00000E+00  4.40908E+01  1.02958E-15
  2.46037E-11  0.00000E+00  0.00000E+00  2.46037122662E-11  1.46969E+01  0.00000E+00  4.40908E+01  1.02958E-15
  2.45921E-11  0.00000E+00  0.00000E+00  2.45921445409E-11  1.46969E+01  0.00000E+00  4.40908E+01  1.02958E-15
  2.45919E-11  0.00000E+00  0.00000E+00  2.45918599633E-11  1.46969E+01  0.00000E+00  4.40908E+01  1.02958E-15
  2.45914E-11  0.00000E+00  0.00000E+00  2.45914379177E-11  1.46969E+01  0.00000E+00  4.40908E+01  1.02958E-15
  2.45910E-11  0.00000E+00  0.00000E+00  2.45910133754E-11  1.46969E+01  0.00000E+00  4.40908E+01  1.02958E-15
  2.46314E-11  0.00000E+00  0.00000E+00  2.46314266687E-11  1.46969E+01  0.00000E+00  4.40908E+01  1.02958E-15
  2.45902E-11  0.00000E+00  0.00000E+00  2.45901866964E-11  1.46969E+01  0.00000E+00  4.40908E+01  1.02958E-15
  2.45895E-11  0.00000E+00  0.00000E+00  2.45894521758E-11  1.46969E+01  0.00000E+00  4.40908E+01  1.02958E-15
  2.45891E-11  0.00000E+00  0.00000E+00  2.45891072776E-11  1.46969E+01  0.00000E+00  4.40908E+01  1.02958E-15
  2.45889E-11  0.00000E+00  0.00000E+00  2.45888574943E-11  1.46969E+01  0.00000E+00  4.40908E+01  1.02958E-15
  2.45882E-11  0.00000E+00  0.00000E+00  2.45881534174E-11  1.46969E+01  0.00000E+00  4.40908E+01  1.02958E-15
  2.45877E-11  0.00000E+00  0.00000E+00  2.45876682298E-11  1.46969E+01  0.00000E+00  4.40908E+01  1.02958E-15
  2.45869E-11  0.00000E+00  0.00000E+00  2.45869103888E-11  1.46969E+01  0.00000E+00  4.40908E+01  1.02958E-15
  2.45861E-11  0.00000E+00  0.00000E+00  2.45861497929E-11  1.46969E+01  0.00000E+00  4.40908E+01  1.02958E-15
  2.45848E-11  0.00000E+00  0.00000E+00  2.45848115461E-11  1.46969E+01  0.00000E+00  4.40908E+01  1.02958E-15
  2.45884E-11  0.00000E+00  0.00000E+00  2.45884018376E-11  1.46969E+01  0.00000E+00  4.40908E+01  1.02958E-15
  2.45841E-11  0.00000E+00  0.00000E+00  2.45840882578E-11  1.46969E+01  0.00000E+00  4.40908E+01  1.02958E-15
  2.45837E-11  0.00000E+00  0.00000E+00  2.45837026496E-11  1.46969E+01  0.00000E+00  4.40908E+01  1.02958E-15
  2.45835E-11  0.00000E+00  0.00000E+00  2.45835138376E-11  1.46969E+01  0.00000E+00  4.40908E+01  1.02958E-15
  2.45832E-11  0.00000E+00  0.00000E+00  2.45831712790E-11  1.46969E+01  0.00000E+00  4.40908E+01  1.02958E-15
  2.45831E-11  0.00000E+00  0.00000E+00  2.45830568751E-11  1.46969E+01  0.00000E+00  4.40908E+01  1.02958E-15
  2.45827E-11  0.00000E+00  0.00000E+00  2.45826555012E-11  1.46969E+01  0.00000E+00  4.40908E+01  1.02958E-15
  2.45824E-11  0.00000E+00  0.00000E+00  2.45824124913E-11  1.46969E+01  0.00000E+00  4.40908E+01  1.02958E-15
  2.45820E-11  0.00000E+00  0.00000E+00  2.45819877137E-11  1.46969E+01  0.00000E+00  4.40908E+01  1.02958E-15
  2.45814E-11  0.00000E+00  0.00000E+00  2.45813548361E-11  1.46969E+01  0.00000E+00  4.40908E+01  1.02958E-15
  2.45804E-11  0.00000E+00  0.00000E+00  2.45804053169E-11  1.46969E+01  0.00000E+00  4.40908E+01  1.02958E-15
  2.45790E-11  0.00000E+00  0.00000E+00  2.45790378453E-11  1.46969E+01  0.00000E+00  4.40908E+01  1.02958E-15
  2.46214E-11  0.00000E+00  0.00000E+00  2.46214125474E-11  1.46969E+01  0.00000E+00  4.40908E+01  1.02958E-15
  2.45780E-11  0.00000E+00  0.00000E+00  2.45779775562E-11  1.46969E+01  0.00000E+00  4.40908E+01  1.02958E-15
  2.45776E-11  0.00000E+00  0.00000E+00  2.45775786550E-11  1.46969E+01  0.00000E+00  4.40908E+01  1.02958E-15
  2.45773E-11  0.00000E+00  0.00000E+00  2.45772733270E-11  1.46969E+01  0.00000E+00  4.40908E+01  1.02958E-15
  2.45770E-11  0.00000E+00  0.00000E+00  2.45769960592E-11  1.46969E+01  0.00000E+00  4.40908E+01  1.02958E-15
  2.45765E-11  0.00000E+00  0.00000E+00  2.45765286633E-11  1.46969E+01  0.00000E+00  4.40908E+01  1.02958E-15
  2.45761E-11  0.00000E+00  0.00000E+00  2.45760893769E-11  1.46969E+01  0.00000E+00  4.40908E+01  1.02958E-15
  2.45754E-11  0.00000E+00  0.00000E+00  2.45753993984E-11  1.46969E+01  0.00000E+00  4.40908E+01  1.02958E-15
  2.45748E-11  0.00000E+00  0.00000E+00  2.45748195700E-11  1.46969E+01  0.00000E+00  4.40908E+01  1.02958E-15
  2.45740E-11  0.00000E+00  0.00000E+00  2.45740407881E-11  1.46969E+01  0.00000E+00  4.40908E+01  1.02958E-15
  2.45747E-11  0.00000E+00  0.00000E+00  2.45746714875E-11  1.46969E+01  0.00000E+00  4.40908E+01  1.02958E-15
  2.45736E-11  0.00000E+00  0.00000E+00  2.45735640914E-11  1.46969E+01  0.00000E+00  4.40908E+01  1.02958E-15
  2.45734E-11  0.00000E+00  0.00000E+00  2.45734095848E-11  1.46969E+01  0.00000E+00  4.40908E+01  1.02958E-15
  2.45733E-11  0.00000E+00  0.00000E+00  2.45732699690E-11  1.46969E+01  0.00000E+00  4.40908E+01  1.02958E-15
  2.45730E-11  0.00000E+00  0.00000E+00  2.45730333213E-11  1.46969E+01  0.00000E+00  4.40908E+01  1.02958E-15
  2.45838E-11  0.00000E+00  0.00000E+00  2.45838404730E-11  1.46969E+01  0.00000E+00  4.40908E+01  1.02958E-15
  2.45728E-11  0.00000E+00  0.00000E+00  2.45728013465E-11  1.46969E+01  0.00000E+00  4.40908E+01  1.02958E-15
  2.45726E-11  0.00000E+00  0.00000E+00  2.45726402010E-11  1.46969E+01  0.00000E+00  4.40908E+01  1.02958E-15
  2.45725E-11  0.00000E+00  0.00000E+00  2.45725446082E-11  1.46969E+01  0.00000E+00  4.40908E+01  1.02958E-15
  2.45724E-11  0.00000E+00  0.00000E+00  2.45724260575E-11  1.46969E+01  0.00000E+00  4.40908E+01  1.02958E-15
  2.45722E-11  0.00000E+00  0.00000E+00  2.45722028166E-11  1.46969E+01  0.00000E+00  4.40908E+01  1.02958E-15
  2.45719E-11  0.00000E+00  0.00000E+00  2.45718543497E-11  1.46969E+01  0.00000E+00  4.40908E+01  1.02958E-15
  2.45729E-11  0.00000E+00  0.00000E+00  2.45728567018E-11  1.46969E+01  0.00000E+00  4.40908E+01  1.02958E-15
  2.45714E-11  0.00000E+00  0.00000E+00  2.45714032112E-11  1.46969E+01  0.00000E+00  4.40908E+01  1.02958E-15
  2.45711E-11  0.00000E+00  0.00000E+00  2.45711435010E-11  1.46969E+01  0.00000E+00  4.40908E+01  1.02958E-15
  2.45709E-11  0.00000E+00  0.00000E+00  2.45708773379E-11  1.46969E+01  0.00000E+00  4.40908E+01  1.02958E-15
  2.45721E-11  0.00000E+00  0.00000E+00  2.45721317086E-11  1.46969E+01  0.00000E+00  4.40908E+01  1.02958E-15
  2.45707E-11  0.00000E+00  0.00000E+00  2.45706781608E-11  1.46969E+01  0.00000E+00  4.40908E+01  1.02958E-15
  2.45706E-11  0.00000E+00  0.00000E+00  2.45705655028E-11  1.46969E+01  0.00000E+00  4.40908E+01  1.02958E-15
  2.45705E-11  0.00000E+00  0.00000E+00  2.45705075153E-11  1.46969E+01  0.00000E+00  4.40908E+01  1.02958E-15
  2.45705E-11  0.00000E+00  0.00000E+00  2.45704710785E-11  1.46969E+01  0.00000E+00  4.40908E+01  1.02958E-15
  2.45704E-11  0.00000E+00  0.00000E+00  2.45704391860E-11  1.46969E+01  0.00000E+00  4.40908E+01  1.02958E-15
  2.45704E-11  0.00000E+00  0.00000E+00  2.45703933897E-11  1.46969E+01  0.00000E+00  4.40908E+01  1.02958E-15
  2.45703E-11  0.00000E+00  0.00000E+00  2.45703346115E-11  1.46969E+01  0.00000E+00  4.40908E+01  1.02958E-15
  2.45702E-11  0.00000E+00  0.00000E+00  2.45702475823E-11  1.46969E+01  0.00000E+00  4.40908E+01  1.02958E-15
  2.45702E-11  0.00000E+00  0.00000E+00  2.45701509317E-11  1.46969E+01  0.00000E+00  4.40908E+01  1.02958E-15
  2.45702E-11  0.00000E+00  0.00000E+00  2.45701555976E-11  1.46969E+01  0.00000E+00  4.40908E+01  1.02958E-15
  2.45700E-11  0.00000E+00  0.00000E+00  2.45700153734E-11  1.46969E+01  0.00000E+00  4.40908E+01  1.02958E-15
  2.45700E-11  0.00000E+00  0.00000E+00  2.45699592076E-11  1.46969E+01  0.00000E+00  4.40908E+01  1.02958E-15
  2.45699E-11  0.00000E+00  0.00000E+00  2.45699288768E-11  1.46969E+01  0.00000E+00  4.40908E+01  1.02958E-15
  2.45699E-11  0.00000E+00  0.00000E+00  2.45698940445E-11  1.46969E+01  0.00000E+00  4.40908E+01  1.02958E-15
  2.45699E-11  0.00000E+00  0.00000E+00  2.45698750641E-11  1.46969E+01  0.00000E+00  4.40908E+01  1.02958E-15
  2.45698E-11  0.00000E+00  0.00000E+00  2.45698088234E-11  1.46969E+01  0.00000E+00  4.40908E+01  1.02958E-15
  2.45698E-11  0.00000E+00  0.00000E+00  2.45697550066E-11  1.46969E+01  0.00000E+00  4.40908E+01  1.02958E-15
  2.45697E-11  0.00000E+00  0.00000E+00  2.45697036623E-11  1.46969E+01  0.00000E+00  4.40908E+01  1.02958E-15
  2.45696E-11  0.00000E+00  0.00000E+00  2.45696398961E-11  1.46969E+01  0.00000E+00  4.40908E+01  1.02958E-15
  2.45698E-11  0.00000E+00  0.00000E+00  2.45698262122E-11  1.46969E+01  0.00000E+00  4.40908E+01  1.02958E-15
  2.45695E-11  0.00000E+00  0.00000E+00  2.45695317513E-11  1.46969E+01  0.00000E+00  4.40908E+01  1.02958E-15
  2.45695E-11  0.00000E+00  0.00000E+00  2.45694798700E-11  1.46969E+01  0.00000E+00  4.40908E+01  1.02958E-15
  2.45694E-11  0.00000E+00  0.00000E+00  2.45694457060E-11  1.46969E+01  0.00000E+00  4.40908E+01  1.02958E-15
  2.45694E-11  0.00000E+00  0.00000E+00  2.45694085081E-11  1.46969E+01  0.00000E+00  4.40908E+01  1.02958E-15
  2.45694E-11  0.00000E+00  0.00000E+00  2.45693619950E-11  1.46969E+01  0.00000E+00  4.40908E+01  1.02958E-15
  2.45693E-11  0.00000E+00  0.00000E+00  2.45692842754E-11  1.46969E+01  0.00000E+00  4.40908E+01  1.02958E-15
  2.45693E-11  0.00000E+00  0.00000E+00  2.45692515989E-11  1.46969E+01  0.00000E+00  4.40908E+01  1.02958E-15
  2.45692E-11  0.00000E+00  0.00000E+00  2.45692262496E-11  1.46969E+01  0.00000E+00  4.40908E+01  1.02958E-15
  2.45692E-11  0.00000E+00  0.00000E+00  2.45691987284E-11  1.46969E+01  0.00000E+00  4.40908E+01  1.02958E-15
  2.45692E-11  0.00000E+00  0.00000E+00  2.45691663572E-11  1.46969E+01  0.00000E+00  4.40908E+01  1.02958E-15
  2.45691E-11  0.00000E+00  0.00000E+00  2.45691032408E-11  1.46969E+01  0.00000E+00  4.40908E+01  1.02958E-15
  2.45690E-11  0.00000E+00  0.00000E+00  2.45689750756E-11  1.46969E+01  0.00000E+00  4.40908E+01  1.02958E-15
  2.45689E-11  0.00000E+00  0.00000E+00  2.45688593354E-11  1.46969E+01  0.00000E+00  4.40908E+01  1.02958E-15
  2.45688E-11  0.00000E+00  0.00000E+00  2.45687660438E-11  1.46969E+01  0.00000E+00  4.40908E+01  1.02958E-15
  2.45687E-11  0.00000E+00  0.00000E+00  2.45687105128E-11  1.46969E+01  0.00000E+00  4.40908E+01  1.02958E-15
  2.45687E-11  0.00000E+00  0.00000E+00  2.45686861508E-11  1.46969E+01  0.00000E+00  4.40908E+01  1.02958E-15
  2.45687E-11  0.00000E+00  0.00000E+00  2.45686633705E-11  1.46969E+01  0.00000E+00  4.40908E+01  1.02958E-15
  2.45686E-11  0.00000E+00  0.00000E+00  2.45685958938E-11  1.46969E+01  0.00000E+00  4.40908E+01  1.02958E-15
  2.45685E-11  0.00000E+00  0.00000E+00  2.45685222184E-11  1.46969E+01  0.00000E+00  4.40908E+01  1.02958E-15
  2.45687E-11  0.00000E+00  0.00000E+00  2.45686785500E-11  1.46969E+01  0.00000E+00  4.40908E+01  1.02958E-15
  2.45684E-11  0.00000E+00  0.00000E+00  2.45684236779E-11  1.46969E+01  0.00000E+00  4.40908E+01  1.02958E-15
  2.45684E-11  0.00000E+00  0.00000E+00  2.45684065153E-11  1.46969E+01  0.00000E+00  4.40908E+01  1.02958E-15
  2.45684E-11  0.00000E+00  0.00000E+00  2.45683772886E-11  1.46969E+01  0.00000E+00  4.40908E+01  1.02958E-15
  2.45684E-11  0.00000E+00  0.00000E+00  2.45683524347E-11  1.46969E+01  0.00000E+00  4.40908E+01  1.02958E-15
  2.45683E-11  0.00000E+00  0.00000E+00  2.45683031775E-11  1.46969E+01  0.00000E+00  4.40908E+01  1.02958E-15
  2.45683E-11  0.00000E+00  0.00000E+00  2.45682616062E-11  1.46969E+01  0.00000E+00  4.40908E+01  1.02958E-15
  2.45682E-11  0.00000E+00  0.00000E+00  2.45682115664E-11  1.46969E+01  0.00000E+00  4.40908E+01  1.02958E-15
  2.45682E-11  0.00000E+00  0.00000E+00  2.45681792069E-11  1.46969E+01  0.00000E+00  4.40908E+01  1.02958E-15
  2.45681E-11  0.00000E+00  0.00000E+00  2.45681244234E-11  1.46969E+01  0.00000E+00  4.40908E+01  1.02958E-15
  2.45681E-11  0.00000E+00  0.00000E+00  2.45680942219E-11  1.46969E+01  0.00000E+00  4.40908E+01  1.02958E-15
  2.45681E-11  0.00000E+00  0.00000E+00  2.45680610880E-11  1.46969E+01  0.00000E+00  4.40908E+01  1.02958E-15
  2.45679E-11  0.00000E+00  0.00000E+00  2.45679160689E-11  1.46969E+01  0.00000E+00  4.40908E+01  1.02958E-15
  2.45677E-11  0.00000E+00  0.00000E+00  2.45677382046E-11  1.46969E+01  0.00000E+00  4.40908E+01  1.02958E-15
  2.45674E-11  0.00000E+00  0.00000E+00  2.45674057116E-11  1.46969E+01  0.00000E+00  4.40908E+01  1.02958E-15
  2.45676E-11  0.00000E+00  0.00000E+00  2.45675742316E-11  1.46969E+01  0.00000E+00  4.40908E+01  1.02958E-15
  2.45673E-11  0.00000E+00  0.00000E+00  2.45672510008E-11  1.46969E+01  0.00000E+00  4.40908E+01  1.02958E-15
  2.45672E-11  0.00000E+00  0.00000E+00  2.45672189323E-11  1.46969E+01  0.00000E+00  4.40908E+01  1.02958E-15
  2.45672E-11  0.00000E+00  0.00000E+00  2.45671994945E-11  1.46969E+01  0.00000E+00  4.40908E+01  1.02958E-15
  2.45672E-11  0.00000E+00  0.00000E+00  2.45671702379E-11  1.46969E+01  0.00000E+00  4.40908E+01  1.02958E-15
  2.45671E-11  0.00000E+00  0.00000E+00  2.45671198076E-11  1.46969E+01  0.00000E+00  4.40908E+01  1.02958E-15
  2.45670E-11  0.00000E+00  0.00000E+00  2.45670425660E-11  1.46969E+01  0.00000E+00  4.40908E+01  1.02958E-15
  2.45669E-11  0.00000E+00  0.00000E+00  2.45669225616E-11  1.46969E+01  0.00000E+00  4.40908E+01  1.02958E-15
  2.45667E-11  0.00000E+00  0.00000E+00  2.45667359268E-11  1.46969E+01  0.00000E+00  4.40908E+01  1.02958E-15
  2.45749E-11  0.00000E+00  0.00000E+00  2.45749053190E-11  1.46969E+01  0.00000E+00  4.40908E+01  1.02958E-15
  2.45665E-11  0.00000E+00  0.00000E+00  2.45665331009E-11  1.46969E+01  0.00000E+00  4.40908E+01  1.02958E-15
  2.45664E-11  0.00000E+00  0.00000E+00  2.45663936827E-11  1.46969E+01  0.00000E+00  4.40908E+01  1.02958E-15
  2.45662E-11  0.00000E+00  0.00000E+00  2.45662315909E-11  1.46969E+01  0.00000E+00  4.40908E+01  1.02958E-15
  2.45662E-11  0.00000E+00  0.00000E+00  2.45661748090E-11  1.46969E+01  0.00000E+00  4.40908E+01  1.02958E-15
  2.45660E-11  0.00000E+00  0.00000E+00  2.45660056290E-11  1.46969E+01  0.00000E+00  4.40908E+01  1.02958E-15
  2.45659E-11  0.00000E+00  0.00000E+00  2.45658877038E-11  1.46969E+01  0.00000E+00  4.40908E+01  1.02958E-15
  2.45659E-11  0.00000E+00  0.00000E+00  2.45658512682E-11  1.46969E+01  0.00000E+00  4.40908E+01  1.02958E-15
  2.45657E-11  0.00000E+00  0.00000E+00  2.45657487084E-11  1.46969E+01  0.00000E+00  4.40908E+01  1.02958E-15
  2.45657E-11  0.00000E+00  0.00000E+00  2.45656753748E-11  1.46969E+01  0.00000E+00  4.40908E+01  1.02958E-15
  2.45656E-11  0.00000E+00  0.00000E+00  2.45655833844E-11  1.46969E+01  0.00000E+00  4.40908E+01  1.02958E-15
  2.45655E-11  0.00000E+00  0.00000E+00  2.45655251962E-11  1.46969E+01  0.00000E+00  4.40908E+01  1.02958E-15
  2.45655E-11  0.00000E+00  0.00000E+00  2.45654922605E-11  1.46969E+01  0.00000E+00  4.40908E+01  1.02958E-15
  2.45659E-11  0.00000E+00  0.00000E+00  2.45659429095E-11  1.46969E+01  0.00000E+00  4.40908E+01  1.02958E-15
  2.45654E-11  0.00000E+00  0.00000E+00  2.45654444345E-11  1.46969E+01  0.00000E+00  4.40908E+01  1.02958E-15
  2.45654E-11  0.00000E+00  0.00000E+00  2.45653969731E-11  1.46969E+01  0.00000E+00  4.40908E+01  1.02958E-15
  2.45653E-11  0.00000E+00  0.00000E+00  2.45652995857E-11  1.46969E+01  0.00000E+00  4.40908E+01  1.02958E-15
  2.45652E-11  0.00000E+00  0.00000E+00  2.45652022817E-11  1.46969E+01  0.00000E+00  4.40908E+01  1.02958E-15
  2.45653E-11  0.00000E+00  0.00000E+00  2.45652544742E-11  1.46969E+01  0.00000E+00  4.40908E+01  1.02958E-15
  2.45651E-11  0.00000E+00  0.00000E+00  2.45651164802E-11  1.46969E+01  0.00000E+00  4.40908E+01  1.02958E-15
  2.45651E-11  0.00000E+00  0.00000E+00  2.45650901110E-11  1.46969E+01  0.00000E+00  4.40908E+01  1.02958E-15
  2.45651E-11  0.00000E+00  0.00000E+00  2.45650539693E-11  1.46969E+01  0.00000E+00  4.40908E+01  1.02958E-15
  2.45653E-11  0.00000E+00  0.00000E+00  2.45652552351E-11  1.46969E+01  0.00000E+00  4.40908E+01  1.02958E-15
  2.45650E-11  0.00000E+00  0.00000E+00  2.45650132183E-11  1.46969E+01  0.00000E+00  4.40908E+01  1.02958E-15
  2.45649E-11  0.00000E+00  0.00000E+00  2.45649011367E-11  1.46969E+01  0.00000E+00  4.40908E+01  1.02958E-15
  2.45648E-11  0.00000E+00  0.00000E+00  2.45648338069E-11  1.46969E+01  0.00000E+00  4.40908E+01  1.02958E-15
  2.45647E-11  0.00000E+00  0.00000E+00  2.45647391647E-11  1.46969E+01  0.00000E+00  4.40908E+01  1.02958E-15
  2.45647E-11  0.00000E+00  0.00000E+00  2.45646879305E-11  1.46969E+01  0.00000E+00  4.40908E+01  1.02958E-15
  2.45647E-11  0.00000E+00  0.00000E+00  2.45646609814E-11  1.46969E+01  0.00000E+00  4.40908E+01  1.02958E-15
  2.45646E-11  0.00000E+00  0.00000E+00  2.45646352651E-11  1.46969E+01  0.00000E+00  4.40908E+01  1.02958E-15
  2.45646E-11  0.00000E+00  0.00000E+00  2.45645886007E-11  1.46969E+01  0.00000E+00  4.40908E+01  1.02958E-15
  2.45645E-11  0.00000E+00  0.00000E+00  2.45645397009E-11  1.46969E+01  0.00000E+00  4.40908E+01  1.02958E-15
  2.45644E-11  0.00000E+00  0.00000E+00  2.45644056861E-11  1.46969E+01  0.00000E+00  4.40908E+01  1.02958E-15
  2.45643E-11  0.00000E+00  0.00000E+00  2.45643469591E-11  1.46969E+01  0.00000E+00  4.40908E+01  1.02958E-15
  2.45644E-11  0.00000E+00  0.00000E+00  2.45643593433E-11  1.46969E+01  0.00000E+00  4.40908E+01  1.02958E-15
  2.45643E-11  0.00000E+00  0.00000E+00  2.45642521578E-11  1.46969E+01  0.00000E+00  4.40908E+01  1.02958E-15
  2.45641E-11  0.00000E+00  0.00000E+00  2.45641415624E-11  1.46969E+01  0.00000E+00  4.40908E+01  1.02958E-15
  2.45641E-11  0.00000E+00  0.00000E+00  2.45640856885E-11  1.46969E+01  0.00000E+00  4.40908E+01  1.02958E-15
  2.45643E-11  0.00000E+00  0.00000E+00  2.45642882030E-11  1.46969E+01  0.00000E+00  4.40908E+01  1.02958E-15
  2.45640E-11  0.00000E+00  0.00000E+00  2.45639618469E-11  1.46969E+01  0.00000E+00  4.40908E+01  1.02958E-15
  2.45639E-11  0.00000E+00  0.00000E+00  2.45638935371E-11  1.46969E+01  0.00000E+00  4.40908E+01  1.02958E-15
  2.45638E-11  0.00000E+00  0.00000E+00  2.45638444719E-11  1.46969E+01  0.00000E+00  4.40908E+01  1.02958E-15
  2.45637E-11  0.00000E+00  0.00000E+00  2.45637479515E-11  1.46969E+01  0.00000E+00  4.40908E+01  1.02958E-15
  2.45637E-11  0.00000E+00  0.00000E+00  2.45637009342E-11  1.46969E+01  0.00000E+00  4.40908E+01  1.02958E-15
  2.45637E-11  0.00000E+00  0.00000E+00  2.45636625278E-11  1.46969E+01  0.00000E+00  4.40908E+01  1.02958E-15
  2.45636E-11  0.00000E+00  0.00000E+00  2.45636104151E-11  1.46969E+01  0.00000E+00  4.40908E+01  1.02958E-15
  2.45636E-11  0.00000E+00  0.00000E+00  2.45635667437E-11  1.46969E+01  0.00000E+00  4.40908E+01  1.02958E-15
  2.45634E-11  0.00000E+00  0.00000E+00  2.45634407538E-11  1.46969E+01  0.00000E+00  4.40908E+01  1.02958E-15
  2.45633E-11  0.00000E+00  0.00000E+00  2.45633286096E-11  1.46969E+01  0.00000E+00  4.40908E+01  1.02958E-15
  2.45631E-11  0.00000E+00  0.00000E+00  2.45631429250E-11  1.46969E+01  0.00000E+00  4.40908E+01  1.02958E-15
  2.45629E-11  0.00000E+00  0.00000E+00  2.45628538341E-11  1.46969E+01  0.00000E+00  4.40908E+01  1.02958E-15
  2.45628E-11  0.00000E+00  0.00000E+00  2.45627809490E-11  1.46969E+01  0.00000E+00  4.40908E+01  1.02958E-15
  2.45628E-11  0.00000E+00  0.00000E+00  2.45627566648E-11  1.46969E+01  0.00000E+00  4.40908E+01  1.02958E-15
  2.45628E-11  0.00000E+00  0.00000E+00  2.45628261917E-11  1.46969E+01  0.00000E+00  4.40908E+01  1.02958E-15
  2.45627E-11  0.00000E+00  0.00000E+00  2.45627130241E-11  1.46969E+01  0.00000E+00  4.40908E+01  1.02958E-15
  2.45627E-11  0.00000E+00  0.00000E+00  2.45626733880E-11  1.46969E+01  0.00000E+00  4.40908E+01  1.02958E-15
  2.45626E-11  0.00000E+00  0.00000E+00  2.45626214461E-11  1.46969E+01  0.00000E+00  4.40908E+01  1.02958E-15
  2.45626E-11  0.00000E+00  0.00000E+00  2.45625716134E-11  1.46969E+01  0.00000E+00  4.40908E+01  1.02958E-15
  2.45625E-11  0.00000E+00  0.00000E+00  2.45624994622E-11  1.46969E+01  0.00000E+00  4.40908E+01  1.02958E-15
  2.45625E-11  0.00000E+00  0.00000E+00  2.45624525417E-11  1.46969E+01  0.00000E+00  4.40908E+01  1.02958E-15
  2.45625E-11  0.00000E+00  0.00000E+00  2.45624950270E-11  1.46969E+01  0.00000E+00  4.40908E+01  1.02958E-15
  2.45623E-11  0.00000E+00  0.00000E+00  2.45622903613E-11  1.46969E+01  0.00000E+00  4.40908E+01  1.02958E-15
  2.45621E-11  0.00000E+00  0.00000E+00  2.45621422253E-11  1.46969E+01  0.00000E+00  4.40908E+01  1.02958E-15
  2.45621E-11  0.00000E+00  0.00000E+00  2.45620651688E-11  1.46969E+01  0.00000E+00  4.40908E+01  1.02958E-15
  2.45620E-11  0.00000E+00  0.00000E+00  2.45620030823E-11  1.46969E+01  0.00000E+00  4.40908E+01  1.02958E-15
  2.45619E-11  0.00000E+00  0.00000E+00  2.45619220157E-11  1.46969E+01  0.00000E+00  4.40908E+01  1.02958E-15
  2.45621E-11  0.00000E+00  0.00000E+00  2.45621020304E-11  1.46969E+01  0.00000E+00  4.40908E+01  1.02958E-15
  2.45619E-11  0.00000E+00  0.00000E+00  2.45618572014E-11  1.46969E+01  0.00000E+00  4.40908E+01  1.02958E-15
  2.45618E-11  0.00000E+00  0.00000E+00  2.45617520751E-11  1.46969E+01  0.00000E+00  4.40908E+01  1.02958E-15
  2.45617E-11  0.00000E+00  0.00000E+00  2.45616642923E-11  1.46969E+01  0.00000E+00  4.40908E+01  1.02958E-15
  2.45615E-11  0.00000E+00  0.00000E+00  2.45615312469E-11  1.46969E+01  0.00000E+00  4.40908E+01  1.02958E-15
  2.45614E-11  0.00000E+00  0.00000E+00  2.45613642855E-11  1.46969E+01  0.00000E+00  4.40908E+01  1.02958E-15
  2.45612E-11  0.00000E+00  0.00000E+00  2.45612439455E-11  1.46969E+01  0.00000E+00  4.40908E+01  1.02958E-15
  2.45612E-11  0.00000E+00  0.00000E+00  2.45611538879E-11  1.46969E+01  0.00000E+00  4.40908E+01  1.02958E-15
  2.45611E-11  0.00000E+00  0.00000E+00  2.45611308755E-11  1.46969E+01  0.00000E+00  4.40908E+01  1.02958E-15
  2.45612E-11  0.00000E+00  0.00000E+00  2.45612446603E-11  1.46969E+01  0.00000E+00  4.40908E+01  1.02958E-15
  2.45611E-11  0.00000E+00  0.00000E+00  2.45610542028E-11  1.46969E+01  0.00000E+00  4.40908E+01  1.02958E-15
  2.45610E-11  0.00000E+00  0.00000E+00  2.45610186331E-11  1.46969E+01  0.00000E+00  4.40908E+01  1.02958E-15
  2.45615E-11  0.00000E+00  0.00000E+00  2.45615483526E-11  1.46969E+01  0.00000E+00  4.40908E+01  1.02958E-15
  2.45610E-11  0.00000E+00  0.00000E+00  2.45609912418E-11  1.46969E+01  0.00000E+00  4.40908E+01  1.02958E-15
  2.45609E-11  0.00000E+00  0.00000E+00  2.45609337255E-11  1.46969E+01  0.00000E+00  4.40908E+01  1.02958E-15
  2.45609E-11  0.00000E+00  0.00000E+00  2.45609033048E-11  1.46969E+01  0.00000E+00  4.40908E+01  1.02958E-15
  2.45608E-11  0.00000E+00  0.00000E+00  2.45608253997E-11  1.46969E+01  0.00000E+00  4.40908E+01  1.02958E-15
  2.45616E-11  0.00000E+00  0.00000E+00  2.45615871099E-11  1.46969E+01  0.00000E+00  4.40908E+01  1.02958E-15
  2.45608E-11  0.00000E+00  0.00000E+00  2.45607658012E-11  1.46969E+01  0.00000E+00  4.40908E+01  1.02958E-15
  2.45606E-11  0.00000E+00  0.00000E+00  2.45606436695E-11  1.46969E+01  0.00000E+00  4.40908E+01  1.02958E-15
  2.45604E-11  0.00000E+00  0.00000E+00  2.45604303838E-11  1.46969E+01  0.00000E+00  4.40908E+01  1.02958E-15
  2.45617E-11  0.00000E+00  0.00000E+00  2.45617295469E-11  1.46969E+01  0.00000E+00  4.40908E+01  1.02958E-15
  2.45603E-11  0.00000E+00  0.00000E+00  2.45602719813E-11  1.46969E+01  0.00000E+00  4.40908E+01  1.02958E-15
  2.45602E-11  0.00000E+00  0.00000E+00  2.45601527989E-11  1.46969E+01  0.00000E+00  4.40908E+01  1.02958E-15
  2.45601E-11  0.00000E+00  0.00000E+00  2.45601201639E-11  1.46969E+01  0.00000E+00  4.40908E+01  1.02958E-15
  2.45601E-11  0.00000E+00  0.00000E+00  2.45601107259E-11  1.46969E+01  0.00000E+00  4.40908E+01  1.02958E-15
  2.45601E-11  0.00000E+00  0.00000E+00  2.45601088197E-11  1.46969E+01  0.00000E+00  4.40908E+01  1.02958E-15
  2.45601E-11  0.00000E+00  0.00000E+00  2.45600986078E-11  1.46969E+01  0.00000E+00  4.40908E+01  1.02958E-15
  2.45601E-11  0.00000E+00  0.00000E+00  2.45600899998E-11  1.46969E+01  0.00000E+00  4.40908E+01  1.02958E-15
  2.45601E-11  0.00000E+00  0.00000E+00  2.45600736524E-11  1.46969E+01  0.00000E+00  4.40908E+01  1.02958E-15
  2.45601E-11  0.00000E+00  0.00000E+00  2.45600510751E-11  1.46969E+01  0.00000E+00  4.40908E+01  1.02958E-15
  2.45600E-11  0.00000E+00  0.00000E+00  2.45600282766E-11  1.46969E+01  0.00000E+00  4.40908E+01  1.02958E-15
  2.45600E-11  0.00000E+00  0.00000E+00  2.45600017233E-11  1.46969E+01  0.00000E+00  4.40908E+01  1.02958E-15
  2.45600E-11  0.00000E+00  0.00000E+00  2.45599860403E-11  1.46969E+01  0.00000E+00  4.40908E+01  1.02958E-15
  2.45600E-11  0.00000E+00  0.00000E+00  2.45599666576E-11  1.46969E+01  0.00000E+00  4.40908E+01  1.02958E-15
  2.45599E-11  0.00000E+00  0.00000E+00  2.45599499704E-11  1.46969E+01  0.00000E+00  4.40908E+01  1.02958E-15
  2.45599E-11  0.00000E+00  0.00000E+00  2.45598812548E-11  1.46969E+01  0.00000E+00  4.40908E+01  1.02958E-15
  2.45606E-11  0.00000E+00  0.00000E+00  2.45605643343E-11  1.46969E+01  0.00000E+00  4.40908E+01  1.02958E-15
  2.45598E-11  0.00000E+00  0.00000E+00  2.45598454949E-11  1.46969E+01  0.00000E+00  4.40908E+01  1.02958E-15
  2.45598E-11  0.00000E+00  0.00000E+00  2.45598328807E-11  1.46969E+01  0.00000E+00  4.40908E+01  1.02958E-15
  2.45598E-11  0.00000E+00  0.00000E+00  2.45598217497E-11  1.46969E+01  0.00000E+00  4.40908E+01  1.02958E-15
  2.45598E-11  0.00000E+00  0.00000E+00  2.45598168284E-11  1.46969E+01  0.00000E+00  4.40908E+01  1.02958E-15
  2.45598E-11  0.00000E+00  0.00000E+00  2.45598038832E-11  1.46969E+01  0.00000E+00  4.40908E+01  1.02958E-15
  2.45608E-11  0.00000E+00  0.00000E+00  2.45608004756E-11  1.46969E+01  0.00000E+00  4.40908E+01  1.02958E-15
  2.45598E-11  0.00000E+00  0.00000E+00  2.45597804956E-11  1.46969E+01  0.00000E+00  4.40908E+01  1.02958E-15
  2.45598E-11  0.00000E+00  0.00000E+00  2.45597532802E-11  1.46969E+01  0.00000E+00  4.40908E+01  1.02958E-15
  2.45597E-11  0.00000E+00  0.00000E+00  2.45597286883E-11  1.46969E+01  0.00000E+00  4.40908E+01  1.02958E-15
  2.45597E-11  0.00000E+00  0.00000E+00  2.45597013809E-11  1.46969E+01  0.00000E+00  4.40908E+01  1.02958E-15
  2.45597E-11  0.00000E+00  0.00000E+00  2.45597405553E-11  1.46969E+01  0.00000E+00  4.40908E+01  1.02958E-15
  2.45597E-11  0.00000E+00  0.00000E+00  2.45596577540E-11  1.46969E+01  0.00000E+00  4.40908E+01  1.02958E-15
  2.45596E-11  0.00000E+00  0.00000E+00  2.45596484431E-11  1.46969E+01  0.00000E+00  4.40908E+01  1.02958E-15
  2.45596E-11  0.00000E+00  0.00000E+00  2.45596426148E-11  1.46969E+01  0.00000E+00  4.40908E+01  1.02958E-15
  2.45596E-11  0.00000E+00  0.00000E+00  2.45596361238E-11  1.46969E+01  0.00000E+00  4.40908E+01  1.02958E-15
  2.45597E-11  0.00000E+00  0.00000E+00  2.45596683374E-11  1.46969E+01  0.00000E+00  4.40908E+01  1.02958E-15
  2.45596E-11  0.00000E+00  0.00000E+00  2.45596310070E-11  1.46969E+01  0.00000E+00  4.40908E+01  1.02958E-15
  2.45596E-11  0.00000E+00  0.00000E+00  2.45596272150E-11  1.46969E+01  0.00000E+00  4.40908E+01  1.02958E-15
  2.45596E-11  0.00000E+00  0.00000E+00  2.45596216541E-11  1.46969E+01  0.00000E+00  4.40908E+01  1.02958E-15
  2.45596E-11  0.00000E+00  0.00000E+00  2.45596116119E-11  1.46969E+01  0.00000E+00  4.40908E+01  1.02958E-15
  2.45596E-11  0.00000E+00  0.00000E+00  2.45595950869E-11  1.46969E+01  0.00000E+00  4.40908E+01  1.02958E-15
  2.45596E-11  0.00000E+00  0.00000E+00  2.45595748296E-11  1.46969E+01  0.00000E+00  4.40908E+01  1.02958E-15
  2.45596E-11  0.00000E+00  0.00000E+00  2.45595991001E-11  1.46969E+01  0.00000E+00  4.40908E+01  1.02958E-15
  2.45596E-11  0.00000E+00  0.00000E+00  2.45595586272E-11  1.46969E+01  0.00000E+00  4.40908E+01  1.02958E-15
  2.45596E-11  0.00000E+00  0.00000E+00  2.45595507350E-11  1.46969E+01  0.00000E+00  4.40908E+01  1.02958E-15
  2.45595E-11  0.00000E+00  0.00000E+00  2.45595383990E-11  1.46969E+01  0.00000E+00  4.40908E+01  1.02958E-15
  2.45595E-11  0.00000E+00  0.00000E+00  2.45595186379E-11  1.46969E+01  0.00000E+00  4.40908E+01  1.02958E-15
  2.45596E-11  0.00000E+00  0.00000E+00  2.45595993985E-11  1.46969E+01  0.00000E+00  4.40908E+01  1.02958E-15
  2.45595E-11  0.00000E+00  0.00000E+00  2.45594915578E-11  1.46969E+01  0.00000E+00  4.40908E+01  1.02958E-15
  2.45595E-11  0.00000E+00  0.00000E+00  2.45594778142E-11  1.46969E+01  0.00000E+00  4.40908E+01  1.02958E-15
  2.45595E-11  0.00000E+00  0.00000E+00  2.45594696920E-11  1.46969E+01  0.00000E+00  4.40908E+01  1.02958E-15
  2.45595E-11  0.00000E+00  0.00000E+00  2.45594630100E-11  1.46969E+01  0.00000E+00  4.40908E+01  1.02958E-15
  2.45595E-11  0.00000E+00  0.00000E+00  2.45594538412E-11  1.46969E+01  0.00000E+00  4.40908E+01  1.02958E-15
  2.45595E-11  0.00000E+00  0.00000E+00  2.45595378755E-11  1.46969E+01  0.00000E+00  4.40908E+01  1.02958E-15
  2.45594E-11  0.00000E+00  0.00000E+00  2.45594406933E-11  1.46969E+01  0.00000E+00  4.40908E+01  1.02958E-15
  2.45594E-11  0.00000E+00  0.00000E+00  2.45594327379E-11  1.46969E+01  0.00000E+00  4.40908E+01  1.02958E-15
  2.45594E-11  0.00000E+00  0.00000E+00  2.45594300316E-11  1.46969E+01  0.00000E+00  4.40908E+01  1.02958E-15
  2.45594E-11  0.00000E+00  0.00000E+00  2.45594275536E-11  1.46969E+01  0.00000E+00  4.40908E+01  1.02958E-15
  2.45594E-11  0.00000E+00  0.00000E+00  2.45594349934E-11  1.46969E+01  0.00000E+00  4.40908E+01  1.02958E-15
  2.45594E-11  0.00000E+00  0.00000E+00  2.45594238786E-11  1.46969E+01  0.00000E+00  4.40908E+01  1.02958E-15
  2.45594E-11  0.00000E+00  0.00000E+00  2.45594213875E-11  1.46969E+01  0.00000E+00  4.40908E+01  1.02958E-15
  2.45594E-11  0.00000E+00  0.00000E+00  2.45594200200E-11  1.46969E+01  0.00000E+00  4.40908E+01  1.02958E-15
  2.45594E-11  0.00000E+00  0.00000E+00  2.45594176050E-11  1.46969E+01  0.00000E+00  4.40908E+01  1.02958E-15
  2.45594E-11  0.00000E+00  0.00000E+00  2.45594153491E-11  1.46969E+01  0.00000E+00  4.40908E+01  1.02958E-15
  2.45594E-11  0.00000E+00  0.00000E+00  2.45594141824E-11  1.46969E+01  0.00000E+00  4.40908E+01  1.02958E-15
  2.45594E-11  0.00000E+00  0.00000E+00  2.45594131835E-11  1.46969E+01  0.00000E+00  4.40908E+01  1.02958E-15
  2.45594E-11  0.00000E+00  0.00000E+00  2.45594129516E-11  1.46969E+01  0.00000E+00  4.40908E+01  1.02958E-15
  2.45594E-11  0.00000E+00  0.00000E+00  2.45594126107E-11  1.46969E+01  0.00000E+00  4.40908E+01  1.02958E-15
  2.45594E-11  0.00000E+00  0.00000E+00  2.45594116680E-11  1.46969E+01  0.00000E+00  4.40908E+01  1.02958E-15
  2.45594E-11  0.00000E+00  0.00000E+00  2.45594369706E-11  1.46969E+01  0.00000E+00  4.40908E+01  1.02958E-15
  2.45594E-11  0.00000E+00  0.00000E+00  2.45594091560E-11  1.46969E+01  0.00000E+00  4.40908E+01  1.02958E-15
  2.45594E-11  0.00000E+00  0.00000E+00  2.45594043520E-11  1.46969E+01  0.00000E+00  4.40908E+01  1.02958E-15
  2.45594E-11  0.00000E+00  0.00000E+00  2.45593980799E-11  1.46969E+01  0.00000E+00  4.40908E+01  1.02958E-15
  2.45594E-11  0.00000E+00  0.00000E+00  2.45593914513E-11  1.46969E+01  0.00000E+00  4.40908E+01  1.02958E-15
  2.45595E-11  0.00000E+00  0.00000E+00  2.45595038694E-11  1.46969E+01  0.00000E+00  4.40908E+01  1.02958E-15
  2.45594E-11  0.00000E+00  0.00000E+00  2.45593870943E-11  1.46969E+01  0.00000E+00  4.40908E+01  1.02958E-15
  2.45594E-11  0.00000E+00  0.00000E+00  2.45593857468E-11  1.46969E+01  0.00000E+00  4.40908E+01  1.02958E-15
  2.45594E-11  0.00000E+00  0.00000E+00  2.45593845828E-11  1.46969E+01  0.00000E+00  4.40908E+01  1.02958E-15
  2.45594E-11  0.00000E+00  0.00000E+00  2.45593834930E-11  1.46969E+01  0.00000E+00  4.40908E+01  1.02958E-15
  2.45594E-11  0.00000E+00  0.00000E+00  2.45593845398E-11  1.46969E+01  0.00000E+00  4.40908E+01  1.02958E-15
  2.45594E-11  0.00000E+00  0.00000E+00  2.45593815698E-11  1.46969E+01  0.00000E+00  4.40908E+01  1.02958E-15
  2.45594E-11  0.00000E+00  0.00000E+00  2.45593795074E-11  1.46969E+01  0.00000E+00  4.40908E+01  1.02958E-15
  2.45594E-11  0.00000E+00  0.00000E+00  2.45593762918E-11  1.46969E+01  0.00000E+00  4.40908E+01  1.02958E-15
  2.45594E-11  0.00000E+00  0.00000E+00  2.45593728393E-11  1.46969E+01  0.00000E+00  4.40908E+01  1.02958E-15
  2.45594E-11  0.00000E+00  0.00000E+00  2.45593703007E-11  1.46969E+01  0.00000E+00  4.40908E+01  1.02958E-15
  2.45594E-11  0.00000E+00  0.00000E+00  2.45593700068E-11  1.46969E+01  0.00000E+00  4.40908E+01  1.02958E-15
  2.45594E-11  0.00000E+00  0.00000E+00  2.45593690448E-11  1.46969E+01  0.00000E+00  4.40908E+01  1.02958E-15
  2.45594E-11  0.00000E+00  0.00000E+00  2.45593687115E-11  1.46969E+01  0.00000E+00  4.40908E+01  1.02958E-15
  2.45594E-11  0.00000E+00  0.00000E+00  2.45593681813E-11  1.46969E+01  0.00000E+00  4.40908E+01  1.02958E-15
  2.45594E-11  0.00000E+00  0.00000E+00  2.45593675913E-11  1.46969E+01  0.00000E+00  4.40908E+01  1.02958E-15
  2.45594E-11  0.00000E+00  0.00000E+00  2.45593664548E-11  1.46969E+01  0.00000E+00  4.40908E+01  1.02958E-15
  2.45594E-11  0.00000E+00  0.00000E+00  2.45593706636E-11  1.46969E+01  0.00000E+00  4.40908E+01  1.02958E-15
  2.45594E-11  0.00000E+00  0.00000E+00  2.45593646221E-11  1.46969E+01  0.00000E+00  4.40908E+01  1.02958E-15
  2.45594E-11  0.00000E+00  0.00000E+00  2.45593637421E-11  1.46969E+01  0.00000E+00  4.40908E+01  1.02958E-15
  2.45594E-11  0.00000E+00  0.00000E+00  2.45593632989E-11  1.46969E+01  0.00000E+00  4.40908E+01  1.02958E-15
  2.45594E-11  0.00000E+00  0.00000E+00  2.45593627935E-11  1.46969E+01  0.00000E+00  4.40908E+01  1.02958E-15
  2.45594E-11  0.00000E+00  0.00000E+00  2.45593617407E-11  1.46969E+01  0.00000E+00  4.40908E+01  1.02958E-15
  2.45594E-11  0.00000E+00  0.00000E+00  2.45593609991E-11  1.46969E+01  0.00000E+00  4.40908E+01  1.02958E-15
  2.45594E-11  0.00000E+00  0.00000E+00  2.45593588039E-11  1.46969E+01  0.00000E+00  4.40908E+01  1.02958E-15
  2.45594E-11  0.00000E+00  0.00000E+00  2.45593574428E-11  1.46969E+01  0.00000E+00  4.40908E+01  1.02958E-15
  2.45594E-11  0.00000E+00  0.00000E+00  2.45593565238E-11  1.46969E+01  0.00000E+00  4.40908E+01  1.02958E-15
  2.45594E-11  0.00000E+00  0.00000E+00  2.45593560243E-11  1.46969E+01  0.00000E+00  4.40908E+01  1.02958E-15
  2.45594E-11  0.00000E+00  0.00000E+00  2.45593552270E-11  1.46969E+01  0.00000E+00  4.40908E+01  1.02958E-15
  2.45594E-11  0.00000E+00  0.00000E+00  2.45593539441E-11  1.46969E+01  0.00000E+00  4.40908E+01  1.02958E-15
  2.45594E-11  0.00000E+00  0.00000E+00  2.45593521713E-11  1.46969E+01  0.00000E+00  4.40908E+01  1.02958E-15
  2.45593E-11  0.00000E+00  0.00000E+00  2.45593490355E-11  1.46969E+01  0.00000E+00  4.40908E+01  1.02958E-15
  2.45593E-11  0.00000E+00  0.00000E+00  2.45593470007E-11  1.46969E+01  0.00000E+00  4.40908E+01  1.02958E-15
  2.45593E-11  0.00000E+00  0.00000E+00  2.45593455531E-11  1.46969E+01  0.00000E+00  4.40908E+01  1.02958E-15
  2.45593E-11  0.00000E+00  0.00000E+00  2.45593445579E-11  1.46969E+01  0.00000E+00  4.40908E+01  1.02958E-15
  2.45593E-11  0.00000E+00  0.00000E+00  2.45593441914E-11  1.46969E+01  0.00000E+00  4.40908E+01  1.02958E-15
  2.45593E-11  0.00000E+00  0.00000E+00  2.45593435881E-11  1.46969E+01  0.00000E+00  4.40908E+01  1.02958E-15
  2.45593E-11  0.00000E+00  0.00000E+00  2.45593427372E-11  1.46969E+01  0.00000E+00  4.40908E+01  1.02958E-15
  2.45593E-11  0.00000E+00  0.00000E+00  2.45593408621E-11  1.46969E+01  0.00000E+00  4.40908E+01  1.02958E-15
  2.45593E-11  0.00000E+00  0.00000E+00  2.45593376331E-11  1.46969E+01  0.00000E+00  4.40908E+01  1.02958E-15
  2.45593E-11  0.00000E+00  0.00000E+00  2.45593363398E-11  1.46969E+01  0.00000E+00  4.40908E+01  1.02958E-15
  2.45593E-11  0.00000E+00  0.00000E+00  2.45593369025E-11  1.46969E+01  0.00000E+00  4.40908E+01  1.02958E-15
  2.45593E-11  0.00000E+00  0.00000E+00  2.45593354764E-11  1.46969E+01  0.00000E+00  4.40908E+01  1.02958E-15
  2.45593E-11  0.00000E+00  0.00000E+00  2.45593348899E-11  1.46969E+01  0.00000E+00  4.40908E+01  1.02958E-15
  2.45593E-11  0.00000E+00  0.00000E+00  2.45593338629E-11  1.46969E+01  0.00000E+00  4.40908E+01  1.02958E-15
  2.45593E-11  0.00000E+00  0.00000E+00  2.45593320585E-11  1.46969E+01  0.00000E+00  4.40908E+01  1.02958E-15
  2.45593E-11  0.00000E+00  0.00000E+00  2.45593292195E-11  1.46969E+01  0.00000E+00  4.40908E+01  1.02958E-15
  2.45593E-11  0.00000E+00  0.00000E+00  2.45593246789E-11  1.46969E+01  0.00000E+00  4.40908E+01  1.02958E-15
  2.45593E-11  0.00000E+00  0.00000E+00  2.45593278209E-11  1.46969E+01  0.00000E+00  4.40908E+01  1.02958E-15
  2.45593E-11  0.00000E+00  0.00000E+00  2.45593170407E-11  1.46969E+01  0.00000E+00  4.40908E+01  1.02958E-15
  2.45593E-11  0.00000E+00  0.00000E+00  2.45593149725E-11  1.46969E+01  0.00000E+00  4.40908E+01  1.02958E-15
  2.45593E-11  0.00000E+00  0.00000E+00  2.45593140013E-11  1.46969E+01  0.00000E+00  4.40908E+01  1.02958E-15
  2.45593E-11  0.00000E+00  0.00000E+00  2.45593132609E-11  1.46969E+01  0.00000E+00  4.40908E+01  1.02958E-15
  2.45593E-11  0.00000E+00  0.00000E+00  2.45593123771E-11  1.46969E+01  0.00000E+00  4.40908E+01  1.02958E-15
  2.45593E-11  0.00000E+00  0.00000E+00  2.45593110865E-11  1.46969E+01  0.00000E+00  4.40908E+01  1.02958E-15
  2.45593E-11  0.00000E+00  0.00000E+00  2.45593364701E-11  1.46969E+01  0.00000E+00  4.40908E+01  1.02958E-15
  2.45593E-11  0.00000E+00  0.00000E+00  2.45593102384E-11  1.46969E+01  0.00000E+00  4.40908E+01  1.02958E-15
  2.45593E-11  0.00000E+00  0.00000E+00  2.45593097684E-11  1.46969E+01  0.00000E+00  4.40908E+01  1.02958E-15
  2.45593E-11  0.00000E+00  0.00000E+00  2.45593088947E-11  1.46969E+01  0.00000E+00  4.40908E+01  1.02958E-15
  2.45593E-11  0.00000E+00  0.00000E+00  2.45593078212E-11  1.46969E+01  0.00000E+00  4.40908E+01  1.02958E-15
  2.45593E-11  0.00000E+00  0.00000E+00  2.45593428765E-11  1.46969E+01  0.00000E+00  4.40908E+01  1.02958E-15
  2.45593E-11  0.00000E+00  0.00000E+00  2.45593062016E-11  1.46969E+01  0.00000E+00  4.40908E+01  1.02958E-15
  2.45593E-11  0.00000E+00  0.00000E+00  2.45593052904E-11  1.46969E+01  0.00000E+00  4.40908E+01  1.02958E-15
  2.45593E-11  0.00000E+00  0.00000E+00  2.45593070659E-11  1.46969E+01  0.00000E+00  4.40908E+01  1.02958E-15
  2.45593E-11  0.00000E+00  0.00000E+00  2.45593047543E-11  1.46969E+01  0.00000E+00  4.40908E+01  1.02958E-15
  2.45593E-11  0.00000E+00  0.00000E+00  2.45593044752E-11  1.46969E+01  0.00000E+00  4.40908E+01  1.02958E-15
  2.45593E-11  0.00000E+00  0.00000E+00  2.45593039166E-11  1.46969E+01  0.00000E+00  4.40908E+01  1.02958E-15
  2.45593E-11  0.00000E+00  0.00000E+00  2.45593030880E-11  1.46969E+01  0.00000E+00  4.40908E+01  1.02958E-15
  2.45593E-11  0.00000E+00  0.00000E+00  2.45593018795E-11  1.46969E+01  0.00000E+00  4.40908E+01  1.02958E-15
  2.45593E-11  0.00000E+00  0.00000E+00  2.45593004562E-11  1.46969E+01  0.00000E+00  4.40908E+01  1.02958E-15
  2.45593E-11  0.00000E+00  0.00000E+00  2.45592995150E-11  1.46969E+01  0.00000E+00  4.40908E+01  1.02958E-15
  2.45593E-11  0.00000E+00  0.00000E+00  2.45592982472E-11  1.46969E+01  0.00000E+00  4.40908E+01  1.02958E-15
  2.45593E-11  0.00000E+00  0.00000E+00  2.45592977473E-11  1.46969E+01  0.00000E+00  4.40908E+01  1.02958E-15
  2.45593E-11  0.00000E+00  0.00000E+00  2.45592974449E-11  1.46969E+01  0.00000E+00  4.40908E+01  1.02958E-15
  2.45593E-11  0.00000E+00  0.00000E+00  2.45592973057E-11  1.46969E+01  0.00000E+00  4.40908E+01  1.02958E-15
  2.45593E-11  0.00000E+00  0.00000E+00  2.45592968490E-11  1.46969E+01  0.00000E+00  4.40908E+01  1.02958E-15
  2.45593E-11  0.00000E+00  0.00000E+00  2.45592978679E-11  1.46969E+01  0.00000E+00  4.40908E+01  1.02958E-15
  2.45593E-11  0.00000E+00  0.00000E+00  2.45592960762E-11  1.46969E+01  0.00000E+00  4.40908E+01  1.02958E-15
  2.45593E-11  0.00000E+00  0.00000E+00  2.45592952506E-11  1.46969E+01  0.00000E+00  4.40908E+01  1.02958E-15
  2.45593E-11  0.00000E+00  0.00000E+00  2.45592944242E-11  1.46969E+01  0.00000E+00  4.40908E+01  1.02958E-15
  2.45593E-11  0.00000E+00  0.00000E+00  2.45592936526E-11  1.46969E+01  0.00000E+00  4.40908E+01  1.02958E-15
  2.45593E-11  0.00000E+00  0.00000E+00  2.45592927844E-11  1.46969E+01  0.00000E+00  4.40908E+01  1.02958E-15
  2.45593E-11  0.00000E+00  0.00000E+00  2.45592919786E-11  1.46969E+01  0.00000E+00  4.40908E+01  1.02958E-15
  2.45593E-11  0.00000E+00  0.00000E+00  2.45592912631E-11  1.46969E+01  0.00000E+00  4.40908E+01  1.02958E-15
  2.45593E-11  0.00000E+00  0.00000E+00  2.45592907272E-11  1.46969E+01  0.00000E+00  4.40908E+01  1.02958E-15
  2.45593E-11  0.00000E+00  0.00000E+00  2.45592905737E-11  1.46969E+01  0.00000E+00  4.40908E+01  1.02958E-15
  2.45593E-11  0.00000E+00  0.00000E+00  2.45592905880E-11  1.46969E+01  0.00000E+00  4.40908E+01  1.02958E-15
  2.45593E-11  0.00000E+00  0.00000E+00  2.45592903747E-11  1.46969E+01  0.00000E+00  4.40908E+01  1.02958E-15
  2.45593E-11  0.00000E+00  0.00000E+00  2.45592902006E-11  1.46969E+01  0.00000E+00  4.40908E+01  1.02958E-15
  2.45593E-11  0.00000E+00  0.00000E+00  2.45592901096E-11  1.46969E+01  0.00000E+00  4.40908E+01  1.02958E-15
  2.45593E-11  0.00000E+00  0.00000E+00  2.45592899352E-11  1.46969E+01  0.00000E+00  4.40908E+01  1.02958E-15
  2.45593E-11  0.00000E+00  0.00000E+00  2.45592896361E-11  1.46969E+01  0.00000E+00  4.40908E+01  1.02958E-15
  2.45593E-11  0.00000E+00  0.00000E+00  2.45592953279E-11  1.46969E+01  0.00000E+00  4.40908E+01  1.02958E-15
  2.45593E-11  0.00000E+00  0.00000E+00  2.45592890949E-11  1.46969E+01  0.00000E+00  4.40908E+01  1.02958E-15
  2.45593E-11  0.00000E+00  0.00000E+00  2.45592887277E-11  1.46969E+01  0.00000E+00  4.40908E+01  1.02958E-15
  2.45593E-11  0.00000E+00  0.00000E+00  2.45592885163E-11  1.46969E+01  0.00000E+00  4.40908E+01  1.02958E-15
  2.45593E-11  0.00000E+00  0.00000E+00  2.45592884011E-11  1.46969E+01  0.00000E+00  4.40908E+01  1.02958E-15
  2.45593E-11  0.00000E+00  0.00000E+00  2.45592882233E-11  1.46969E+01  0.00000E+00  4.40908E+01  1.02958E-15
  2.45593E-11  0.00000E+00  0.00000E+00  2.45592880247E-11  1.46969E+01  0.00000E+00  4.40908E+01  1.02958E-15
  2.45593E-11  0.00000E+00  0.00000E+00  2.45592871616E-11  1.46969E+01  0.00000E+00  4.40908E+01  1.02958E-15
  2.45593E-11  0.00000E+00  0.00000E+00  2.45592866889E-11  1.46969E+01  0.00000E+00  4.40908E+01  1.02958E-15
  2.45593E-11  0.00000E+00  0.00000E+00  2.45592865113E-11  1.46969E+01  0.00000E+00  4.40908E+01  1.02958E-15
  2.45593E-11  0.00000E+00  0.00000E+00  2.45592861498E-11  1.46969E+01  0.00000E+00  4.40908E+01  1.02958E-15
  2.45593E-11  0.00000E+00  0.00000E+00  2.45592854037E-11  1.46969E+01  0.00000E+00  4.40908E+01  1.02958E-15
  2.45593E-11  0.00000E+00  0.00000E+00  2.45592851500E-11  1.46969E+01  0.00000E+00  4.40908E+01  1.02958E-15
  2.45593E-11  0.00000E+00  0.00000E+00  2.45592849406E-11  1.46969E+01  0.00000E+00  4.40908E+01  1.02958E-15
  2.45593E-11  0.00000E+00  0.00000E+00  2.45592846878E-11  1.46969E+01  0.00000E+00  4.40908E+01  1.02958E-15
  2.45593E-11  0.00000E+00  0.00000E+00  2.45592853806E-11  1.46969E+01  0.00000E+00  4.40908E+01  1.02958E-15
  2.45593E-11  0.00000E+00  0.00000E+00  2.45592842378E-11  1.46969E+01  0.00000E+00  4.40908E+01  1.02958E-15
  2.45593E-11  0.00000E+00  0.00000E+00  2.45592837501E-11  1.46969E+01  0.00000E+00  4.40908E+01  1.02958E-15
  2.45593E-11  0.00000E+00  0.00000E+00  2.45592833963E-11  1.46969E+01  0.00000E+00  4.40908E+01  1.02958E-15
  2.45593E-11  0.00000E+00  0.00000E+00  2.45592830015E-11  1.46969E+01  0.00000E+00  4.40908E+01  1.02958E-15
  2.45593E-11  0.00000E+00  0.00000E+00  2.45592855465E-11  1.46969E+01  0.00000E+00  4.40908E+01  1.02958E-15
  2.45593E-11  0.00000E+00  0.00000E+00  2.45592826094E-11  1.46969E+01  0.00000E+00  4.40908E+01  1.02958E-15
  2.45593E-11  0.00000E+00  0.00000E+00  2.45592823890E-11  1.46969E+01  0.00000E+00  4.40908E+01  1.02958E-15
  2.45593E-11  0.00000E+00  0.00000E+00  2.45592820392E-11  1.46969E+01  0.00000E+00  4.40908E+01  1.02958E-15
  2.45593E-11  0.00000E+00  0.00000E+00  2.45592817915E-11  1.46969E+01  0.00000E+00  4.40908E+01  1.02958E-15
  2.45593E-11  0.00000E+00  0.00000E+00  2.45592812572E-11  1.46969E+01  0.00000E+00  4.40908E+01  1.02958E-15
  2.45593E-11  0.00000E+00  0.00000E+00  2.45592810226E-11  1.46969E+01  0.00000E+00  4.40908E+01  1.02958E-15
  2.45593E-11  0.00000E+00  0.00000E+00  2.45592808181E-11  1.46969E+01  0.00000E+00  4.40908E+01  1.02958E-15
  2.45593E-11  0.00000E+00  0.00000E+00  2.45592807244E-11  1.46969E+01  0.00000E+00  4.40908E+01  1.02958E-15
  2.45593E-11  0.00000E+00  0.00000E+00  2.45592809165E-11  1.46969E+01  0.00000E+00  4.40908E+01  1.02958E-15
  2.45593E-11  0.00000E+00  0.00000E+00  2.45592804820E-11  1.46969E+01  0.00000E+00  4.40908E+01  1.02958E-15
  2.45593E-11  0.00000E+00  0.00000E+00  2.45592800972E-11  1.46969E+01  0.00000E+00  4.40908E+01  1.02958E-15
  2.45593E-11  0.00000E+00  0.00000E+00  2.45592794243E-11  1.46969E+01  0.00000E+00  4.40908E+01  1.02958E-15
  2.45593E-11  0.00000E+00  0.00000E+00  2.45592787633E-11  1.46969E+01  0.00000E+00  4.40908E+01  1.02958E-15
  2.45593E-11  0.00000E+00  0.00000E+00  2.45592784029E-11  1.46969E+01  0.00000E+00  4.40908E+01  1.02958E-15
  2.45593E-11  0.00000E+00  0.00000E+00  2.45592779998E-11  1.46969E+01  0.00000E+00  4.40908E+01  1.02958E-15
  2.45593E-11  0.00000E+00  0.00000E+00  2.45592775669E-11  1.46969E+01  0.00000E+00  4.40908E+01  1.02958E-15
  2.45593E-11  0.00000E+00  0.00000E+00  2.45592771951E-11  1.46969E+01  0.00000E+00  4.40908E+01  1.02958E-15
  2.45593E-11  0.00000E+00  0.00000E+00  2.45592765441E-11  1.46969E+01  0.00000E+00  4.40908E+01  1.02958E-15
  2.45593E-11  0.00000E+00  0.00000E+00  2.45592759990E-11  1.46969E+01  0.00000E+00  4.40908E+01  1.02958E-15
  2.45593E-11  0.00000E+00  0.00000E+00  2.45592757179E-11  1.46969E+01  0.00000E+00  4.40908E+01  1.02958E-15
  2.45593E-11  0.00000E+00  0.00000E+00  2.45592754682E-11  1.46969E+01  0.00000E+00  4.40908E+01  1.02958E-15
  2.45593E-11  0.00000E+00  0.00000E+00  2.45592752066E-11  1.46969E+01  0.00000E+00  4.40908E+01  1.02958E-15
  2.45593E-11  0.00000E+00  0.00000E+00  2.45592750024E-11  1.46969E+01  0.00000E+00  4.40908E+01  1.02958E-15
  2.45593E-11  0.00000E+00  0.00000E+00  2.45592747872E-11  1.46969E+01  0.00000E+00  4.40908E+01  1.02958E-15
  2.45593E-11  0.00000E+00  0.00000E+00  2.45592744618E-11  1.46969E+01  0.00000E+00  4.40908E+01  1.02958E-15
  2.45593E-11  0.00000E+00  0.00000E+00  2.45592742853E-11  1.46969E+01  0.00000E+00  4.40908E+01  1.02958E-15
  2.45593E-11  0.00000E+00  0.00000E+00  2.45592740929E-11  1.46969E+01  0.00000E+00  4.40908E+01  1.02958E-15
  2.45593E-11  0.00000E+00  0.00000E+00  2.45592739779E-11  1.46969E+01  0.00000E+00  4.40908E+01  1.02958E-15
  2.45593E-11  0.00000E+00  0.00000E+00  2.45592740177E-11  1.46969E+01  0.00000E+00  4.40908E+01  1.02958E-15
  2.45593E-11  0.00000E+00  0.00000E+00  2.45592739229E-11  1.46969E+01  0.00000E+00  4.40908E+01  1.02958E-15
  2.45593E-11  0.00000E+00  0.00000E+00  2.45592739012E-11  1.46969E+01  0.00000E+00  4.40908E+01  1.02958E-15
  2.45593E-11  0.00000E+00  0.00000E+00  2.45592738724E-11  1.46969E+01  0.00000E+00  4.40908E+01  1.02958E-15
  2.45593E-11  0.00000E+00  0.00000E+00  2.45592738190E-11  1.46969E+01  0.00000E+00  4.40908E+01  1.02958E-15
  2.45593E-11  0.00000E+00  0.00000E+00  2.45592737023E-11  1.46969E+01  0.00000E+00  4.40908E+01  1.02958E-15
  2.45593E-11  0.00000E+00  0.00000E+00  2.45592735041E-11  1.46969E+01  0.00000E+00  4.40908E+01  1.02958E-15
  2.45593E-11  0.00000E+00  0.00000E+00  2.45592732825E-11  1.46969E+01  0.00000E+00  4.40908E+01  1.02958E-15
  2.45593E-11  0.00000E+00  0.00000E+00  2.45592738173E-11  1.46969E+01  0.00000E+00  4.40908E+01  1.02958E-15
  2.45593E-11  0.00000E+00  0.00000E+00  2.45592730891E-11  1.46969E+01  0.00000E+00  4.40908E+01  1.02958E-15
  2.45593E-11  0.00000E+00  0.00000E+00  2.45592730190E-11  1.46969E+01  0.00000E+00  4.40908E+01  1.02958E-15
  2.45593E-11  0.00000E+00  0.00000E+00  2.45592729893E-11  1.46969E+01  0.00000E+00  4.40908E+01  1.02958E-15
  2.45593E-11  0.00000E+00  0.00000E+00  2.45592728962E-11  1.46969E+01  0.00000E+00  4.40908E+01  1.02958E-15
  2.45593E-11  0.00000E+00  0.00000E+00  2.45592731375E-11  1.46969E+01  0.00000E+00  4.40908E+01  1.02958E-15
  2.45593E-11  0.00000E+00  0.00000E+00  2.45592728037E-11  1.46969E+01  0.00000E+00  4.40908E+01  1.02958E-15
  2.45593E-11  0.00000E+00  0.00000E+00  2.45592727451E-11  1.46969E+01  0.00000E+00  4.40908E+01  1.02958E-15
  2.45593E-11  0.00000E+00  0.00000E+00  2.45592727070E-11  1.46969E+01  0.00000E+00  4.40908E+01  1.02958E-15
  2.45593E-11  0.00000E+00  0.00000E+00  2.45592726633E-11  1.46969E+01  0.00000E+00  4.40908E+01  1.02958E-15
  2.45593E-11  0.00000E+00  0.00000E+00  2.45592725831E-11  1.46969E+01  0.00000E+00  4.40908E+01  1.02958E-15
  2.45593E-11  0.00000E+00  0.00000E+00  2.45592724771E-11  1.46969E+01  0.00000E+00  4.40908E+01  1.02958E-15
  2.45593E-11  0.00000E+00  0.00000E+00  2.45592732514E-11  1.46969E+01  0.00000E+00  4.40908E+01  1.02958E-15
  2.45593E-11  0.00000E+00  0.00000E+00  2.45592723721E-11  1.46969E+01  0.00000E+00  4.40908E+01  1.02958E-15
  2.45593E-11  0.00000E+00  0.00000E+00  2.45592726393E-11  1.46969E+01  0.00000E+00  4.40908E+01  1.02958E-15
  2.45593E-11  0.00000E+00  0.00000E+00  2.45592723060E-11  1.46969E+01  0.00000E+00  4.40908E+01  1.02958E-15
  2.45593E-11  0.00000E+00  0.00000E+00  2.45592722470E-11  1.46969E+01  0.00000E+00  4.40908E+01  1.02958E-15
  2.45593E-11  0.00000E+00  0.00000E+00  2.45592721832E-11  1.46969E+01  0.00000E+00  4.40908E+01  1.02958E-15
  2.45593E-11  0.00000E+00  0.00000E+00  2.45592721011E-11  1.46969E+01  0.00000E+00  4.40908E+01  1.02958E-15
  2.45593E-11  0.00000E+00  0.00000E+00  2.45592720186E-11  1.46969E+01  0.00000E+00  4.40908E+01  1.02958E-15
  2.45593E-11  0.00000E+00  0.00000E+00  2.45592719697E-11  1.46969E+01  0.00000E+00  4.40908E+01  1.02958E-15
  2.45593E-11  0.00000E+00  0.00000E+00  2.45592718998E-11  1.46969E+01  0.00000E+00  4.40908E+01  1.02958E-15
  2.45593E-11  0.00000E+00  0.00000E+00  2.45592718534E-11  1.46969E+01  0.00000E+00  4.40908E+01  1.02958E-15
  2.45593E-11  0.00000E+00  0.00000E+00  2.45592717829E-11  1.46969E+01  0.00000E+00  4.40908E+01  1.02958E-15
  2.45593E-11  0.00000E+00  0.00000E+00  2.45592716832E-11  1.46969E+01  0.00000E+00  4.40908E+01  1.02958E-15
  2.45593E-11  0.00000E+00  0.00000E+00  2.45592716025E-11  1.46969E+01  0.00000E+00  4.40908E+01  1.02958E-15
  2.45593E-11  0.00000E+00  0.00000E+00  2.45592715244E-11  1.46969E+01  0.00000E+00  4.40908E+01  1.02958E-15
  2.45593E-11  0.00000E+00  0.00000E+00  2.45592715651E-11  1.46969E+01  0.00000E+00  4.40908E+01  1.02958E-15
  2.45593E-11  0.00000E+00  0.00000E+00  2.45592714815E-11  1.46969E+01  0.00000E+00  4.40908E+01  1.02958E-15
  2.45593E-11  0.00000E+00  0.00000E+00  2.45592714324E-11  1.46969E+01  0.00000E+00  4.40908E+01  1.02958E-15
  2.45593E-11  0.00000E+00  0.00000E+00  2.45592713588E-11  1.46969E+01  0.00000E+00  4.40908E+01  1.02958E-15
  2.45593E-11  0.00000E+00  0.00000E+00  2.45592770425E-11  1.46969E+01  0.00000E+00  4.40908E+01  1.02958E-15
  2.45593E-11  0.00000E+00  0.00000E+00  2.45592712704E-11  1.46969E+01  0.00000E+00  4.40908E+01  1.02958E-15
  2.45593E-11  0.00000E+00  0.00000E+00  2.45592712474E-11  1.46969E+01  0.00000E+00  4.40908E+01  1.02958E-15
  2.45593E-11  0.00000E+00  0.00000E+00  2.45592711857E-11  1.46969E+01  0.00000E+00  4.40908E+01  1.02958E-15
  2.45593E-11  0.00000E+00  0.00000E+00  2.45592711634E-11  1.46969E+01  0.00000E+00  4.40908E+01  1.02958E-15
  2.45593E-11  0.00000E+00  0.00000E+00  2.45592711348E-11  1.46969E+01  0.00000E+00  4.40908E+01  1.02958E-15
  2.45593E-11  0.00000E+00  0.00000E+00  2.45592711132E-11  1.46969E+01  0.00000E+00  4.40908E+01  1.02958E-15
  2.45593E-11  0.00000E+00  0.00000E+00  2.45592712495E-11  1.46969E+01  0.00000E+00  4.40908E+01  1.02958E-15
  2.45593E-11  0.00000E+00  0.00000E+00  2.45592710744E-11  1.46969E+01  0.00000E+00  4.40908E+01  1.02958E-15
  2.45593E-11  0.00000E+00  0.00000E+00  2.45592710470E-11  1.46969E+01  0.00000E+00  4.40908E+01  1.02958E-15
  2.45593E-11  0.00000E+00  0.00000E+00  2.45592710009E-11  1.46969E+01  0.00000E+00  4.40908E+01  1.02958E-15
  2.45593E-11  0.00000E+00  0.00000E+00  2.45592709183E-11  1.46969E+01  0.00000E+00  4.40908E+01  1.02958E-15
  2.45593E-11  0.00000E+00  0.00000E+00  2.45592707465E-11  1.46969E+01  0.00000E+00  4.40908E+01  1.02958E-15
  2.45593E-11  0.00000E+00  0.00000E+00  2.45592814172E-11  1.46969E+01  0.00000E+00  4.40908E+01  1.02958E-15
  2.45593E-11  0.00000E+00  0.00000E+00  2.45592705227E-11  1.46969E+01  0.00000E+00  4.40908E+01  1.02958E-15
  2.45593E-11  0.00000E+00  0.00000E+00  2.45592703068E-11  1.46969E+01  0.00000E+00  4.40908E+01  1.02958E-15
  2.45593E-11  0.00000E+00  0.00000E+00  2.45592702357E-11  1.46969E+01  0.00000E+00  4.40908E+01  1.02958E-15
  2.45593E-11  0.00000E+00  0.00000E+00  2.45592702202E-11  1.46969E+01  0.00000E+00  4.40908E+01  1.02958E-15
  2.45593E-11  0.00000E+00  0.00000E+00  2.45592701407E-11  1.46969E+01  0.00000E+00  4.40908E+01  1.02958E-15
  2.45593E-11  0.00000E+00  0.00000E+00  2.45592701171E-11  1.46969E+01  0.00000E+00  4.40908E+01  1.02958E-15
  2.45593E-11  0.00000E+00  0.00000E+00  2.45592700174E-11  1.46969E+01  0.00000E+00  4.40908E+01  1.02958E-15
  2.45593E-11  0.00000E+00  0.00000E+00  2.45592699805E-11  1.46969E+01  0.00000E+00  4.40908E+01  1.02958E-15
  2.45593E-11  0.00000E+00  0.00000E+00  2.45592698528E-11  1.46969E+01  0.00000E+00  4.40908E+01  1.02958E-15
  2.45593E-11  0.00000E+00  0.00000E+00  2.45592696383E-11  1.46969E+01  0.00000E+00  4.40908E+01  1.02958E-15
  2.45593E-11  0.00000E+00  0.00000E+00  2.45592694610E-11  1.46969E+01  0.00000E+00  4.40908E+01  1.02958E-15
  2.45593E-11  0.00000E+00  0.00000E+00  2.45592707123E-11  1.46969E+01  0.00000E+00  4.40908E+01  1.02958E-15
  2.45593E-11  0.00000E+00  0.00000E+00  2.45592692111E-11  1.46969E+01  0.00000E+00  4.40908E+01  1.02958E-15
  2.45593E-11  0.00000E+00  0.00000E+00  2.45592690854E-11  1.46969E+01  0.00000E+00  4.40908E+01  1.02958E-15
  2.45593E-11  0.00000E+00  0.00000E+00  2.45592690337E-11  1.46969E+01  0.00000E+00  4.40908E+01  1.02958E-15
  2.45593E-11  0.00000E+00  0.00000E+00  2.45592748812E-11  1.46969E+01  0.00000E+00  4.40908E+01  1.02958E-15
  2.45593E-11  0.00000E+00  0.00000E+00  2.45592689328E-11  1.46969E+01  0.00000E+00  4.40908E+01  1.02958E-15
  2.45593E-11  0.00000E+00  0.00000E+00  2.45592688305E-11  1.46969E+01  0.00000E+00  4.40908E+01  1.02958E-15
  2.45593E-11  0.00000E+00  0.00000E+00  2.45592686092E-11  1.46969E+01  0.00000E+00  4.40908E+01  1.02958E-15
  2.45593E-11  0.00000E+00  0.00000E+00  2.45592685265E-11  1.46969E+01  0.00000E+00  4.40908E+01  1.02958E-15
  2.45593E-11  0.00000E+00  0.00000E+00  2.45592685513E-11  1.46969E+01  0.00000E+00  4.40908E+01  1.02958E-15
  2.45593E-11  0.00000E+00  0.00000E+00  2.45592684661E-11  1.46969E+01  0.00000E+00  4.40908E+01  1.02958E-15
  2.45593E-11  0.00000E+00  0.00000E+00  2.45592684210E-11  1.46969E+01  0.00000E+00  4.40908E+01  1.02958E-15
  2.45593E-11  0.00000E+00  0.00000E+00  2.45592683722E-11  1.46969E+01  0.00000E+00  4.40908E+01  1.02958E-15
  2.45593E-11  0.00000E+00  0.00000E+00  2.45592683171E-11  1.46969E+01  0.00000E+00  4.40908E+01  1.02958E-15
  2.45593E-11  0.00000E+00  0.00000E+00  2.45592687742E-11  1.46969E+01  0.00000E+00  4.40908E+01  1.02958E-15
  2.45593E-11  0.00000E+00  0.00000E+00  2.45592681965E-11  1.46969E+01  0.00000E+00  4.40908E+01  1.02958E-15
  2.45593E-11  0.00000E+00  0.00000E+00  2.45592681034E-11  1.46969E+01  0.00000E+00  4.40908E+01  1.02958E-15
  2.45593E-11  0.00000E+00  0.00000E+00  2.45592680342E-11  1.46969E+01  0.00000E+00  4.40908E+01  1.02958E-15
  2.45593E-11  0.00000E+00  0.00000E+00  2.45592679572E-11  1.46969E+01  0.00000E+00  4.40908E+01  1.02958E-15
  2.45593E-11  0.00000E+00  0.00000E+00  2.45592679124E-11  1.46969E+01  0.00000E+00  4.40908E+01  1.02958E-15
  2.45593E-11  0.00000E+00  0.00000E+00  2.45592678677E-11  1.46969E+01  0.00000E+00  4.40908E+01  1.02958E-15
  2.45593E-11  0.00000E+00  0.00000E+00  2.45592683313E-11  1.46969E+01  0.00000E+00  4.40908E+01  1.02958E-15
  2.45593E-11  0.00000E+00  0.00000E+00  2.45592678331E-11  1.46969E+01  0.00000E+00  4.40908E+01  1.02958E-15
  2.45593E-11  0.00000E+00  0.00000E+00  2.45592677455E-11  1.46969E+01  0.00000E+00  4.40908E+01  1.02958E-15
  2.45593E-11  0.00000E+00  0.00000E+00  2.45592676697E-11  1.46969E+01  0.00000E+00  4.40908E+01  1.02958E-15
  2.45593E-11  0.00000E+00  0.00000E+00  2.45592675899E-11  1.46969E+01  0.00000E+00  4.40908E+01  1.02958E-15
  2.45593E-11  0.00000E+00  0.00000E+00  2.45592676292E-11  1.46969E+01  0.00000E+00  4.40908E+01  1.02958E-15
  2.45593E-11  0.00000E+00  0.00000E+00  2.45592675312E-11  1.46969E+01  0.00000E+00  4.40908E+01  1.02958E-15
  2.45593E-11  0.00000E+00  0.00000E+00  2.45592675033E-11  1.46969E+01  0.00000E+00  4.40908E+01  1.02958E-15
  2.45593E-11  0.00000E+00  0.00000E+00  2.45592674594E-11  1.46969E+01  0.00000E+00  4.40908E+01  1.02958E-15
  2.45593E-11  0.00000E+00  0.00000E+00  2.45592674054E-11  1.46969E+01  0.00000E+00  4.40908E+01  1.02958E-15
  2.45593E-11  0.00000E+00  0.00000E+00  2.45592699529E-11  1.46969E+01  0.00000E+00  4.40908E+01  1.02958E-15
  2.45593E-11  0.00000E+00  0.00000E+00  2.45592673478E-11  1.46969E+01  0.00000E+00  4.40908E+01  1.02958E-15
  2.45593E-11  0.00000E+00  0.00000E+00  2.45592673115E-11  1.46969E+01  0.00000E+00  4.40908E+01  1.02958E-15
  2.45593E-11  0.00000E+00  0.00000E+00  2.45592672676E-11  1.46969E+01  0.00000E+00  4.40908E+01  1.02958E-15
  2.45593E-11  0.00000E+00  0.00000E+00  2.45592672456E-11  1.46969E+01  0.00000E+00  4.40908E+01  1.02958E-15
  2.45593E-11  0.00000E+00  0.00000E+00  2.45592671985E-11  1.46969E+01  0.00000E+00  4.40908E+01  1.02958E-15
  2.45593E-11  0.00000E+00  0.00000E+00  2.45592671542E-11  1.46969E+01  0.00000E+00  4.40908E+01  1.02958E-15
  2.45593E-11  0.00000E+00  0.00000E+00  2.45592670843E-11  1.46969E+01  0.00000E+00  4.40908E+01  1.02958E-15
  2.45593E-11  0.00000E+00  0.00000E+00  2.45592713814E-11  1.46969E+01  0.00000E+00  4.40908E+01  1.02958E-15
  2.45593E-11  0.00000E+00  0.00000E+00  2.45592670195E-11  1.46969E+01  0.00000E+00  4.40908E+01  1.02958E-15
  2.45593E-11  0.00000E+00  0.00000E+00  2.45592669816E-11  1.46969E+01  0.00000E+00  4.40908E+01  1.02958E-15
  2.45593E-11  0.00000E+00  0.00000E+00  2.45592670418E-11  1.46969E+01  0.00000E+00  4.40908E+01  1.02958E-15
  2.45593E-11  0.00000E+00  0.00000E+00  2.45592669752E-11  1.46969E+01  0.00000E+00  4.40908E+01  1.02958E-15
  2.45593E-11  0.00000E+00  0.00000E+00  2.45592669571E-11  1.46969E+01  0.00000E+00  4.40908E+01  1.02958E-15
  2.45593E-11  0.00000E+00  0.00000E+00  2.45592668864E-11  1.46969E+01  0.00000E+00  4.40908E+01  1.02958E-15
  2.45593E-11  0.00000E+00  0.00000E+00  2.45592668057E-11  1.46969E+01  0.00000E+00  4.40908E+01  1.02958E-15
  2.45593E-11  0.00000E+00  0.00000E+00  2.45592667187E-11  1.46969E+01  0.00000E+00  4.40908E+01  1.02958E-15
  2.45593E-11  0.00000E+00  0.00000E+00  2.45592667876E-11  1.46969E+01  0.00000E+00  4.40908E+01  1.02958E-15
  2.45593E-11  0.00000E+00  0.00000E+00  2.45592666598E-11  1.46969E+01  0.00000E+00  4.40908E+01  1.02958E-15
  2.45593E-11  0.00000E+00  0.00000E+00  2.45592666396E-11  1.46969E+01  0.00000E+00  4.40908E+01  1.02958E-15
  2.45593E-11  0.00000E+00  0.00000E+00  2.45592666332E-11  1.46969E+01  0.00000E+00  4.40908E+01  1.02958E-15
  2.45593E-11  0.00000E+00  0.00000E+00  2.45592666015E-11  1.46969E+01  0.00000E+00  4.40908E+01  1.02958E-15
  2.45593E-11  0.00000E+00  0.00000E+00  2.45592666458E-11  1.46969E+01  0.00000E+00  4.40908E+01  1.02958E-15
  2.45593E-11  0.00000E+00  0.00000E+00  2.45592665455E-11  1.46969E+01  0.00000E+00  4.40908E+01  1.02958E-15
  2.45593E-11  0.00000E+00  0.00000E+00  2.45592664893E-11  1.46969E+01  0.00000E+00  4.40908E+01  1.02958E-15
  2.45593E-11  0.00000E+00  0.00000E+00  2.45592664732E-11  1.46969E+01  0.00000E+00  4.40908E+01  1.02958E-15
  2.45593E-11  0.00000E+00  0.00000E+00  2.45592664538E-11  1.46969E+01  0.00000E+00  4.40908E+01  1.02958E-15
  2.45593E-11  0.00000E+00  0.00000E+00  2.45592664311E-11  1.46969E+01  0.00000E+00  4.40908E+01  1.02958E-15
  2.45593E-11  0.00000E+00  0.00000E+00  2.45592663926E-11  1.46969E+01  0.00000E+00  4.40908E+01  1.02958E-15
  2.45593E-11  0.00000E+00  0.00000E+00  2.45592663753E-11  1.46969E+01  0.00000E+00  4.40908E+01  1.02958E-15
  2.45593E-11  0.00000E+00  0.00000E+00  2.45592663713E-11  1.46969E+01  0.00000E+00  4.40908E+01  1.02958E-15
  2.45593E-11  0.00000E+00  0.00000E+00  2.45592663552E-11  1.46969E+01  0.00000E+00  4.40908E+01  1.02958E-15
  2.45593E-11  0.00000E+00  0.00000E+00  2.45592663517E-11  1.46969E+01  0.00000E+00  4.40908E+01  1.02958E-15
  2.45593E-11  0.00000E+00  0.00000E+00  2.45592663399E-11  1.46969E+01  0.00000E+00  4.40908E+01  1.02958E-15
