 #This file helps checking about the convergence of the optimization algorithm
 #    by printing infos related to the values of the objective function and
 #    its components.
 #- Every line describes an iteration of the optimization algorithm,
 #- on every line there are x*2+2+4 real numbers where x equals the number
 #    of measured fields used,
 #- the first 2 numbers on a line are the dataMatch and the forceMatch terms
 #    for the first measurement used,
 #- if x>1, numbers at position 3 and 4 are the dataMatch and the forceMatch
 #    terms for the second measurement
 #- etc...
 #- the following numbers are: the regularization term for each measurement
 #    and the objective function value,
 #- followed by the L2 norms of parameter1, its gradient, parameter2 and its
 #    gradient.
 #note by JFD: gnuplot is convenient to print a column
 #             plot "*.out.cvg" u 3
 #             replot "*.out.cvg" u 6
  1.66339E-03  0.00000E+00  0.00000E+00  1.66339E-03  6.10000E+01  6.99645E-14
  1.66338E-03  0.00000E+00  0.00000E+00  1.66338E-03  6.10001E+01  1.12375E-03
  8.03167E-04  0.00000E+00  0.00000E+00  8.03167E-04  6.92201E+01  1.56010E+02
  5.11058E-04  0.00000E+00  0.00000E+00  5.11058E-04  7.60313E+01  2.55386E+02
  3.16739E-04  0.00000E+00  0.00000E+00  3.16739E-04  8.64394E+01  3.90371E+02
  2.77501E-04  0.00000E+00  0.00000E+00  2.77501E-04  8.89514E+01  4.15384E+02
  2.63625E-04  0.00000E+00  0.00000E+00  2.63625E-04  8.93393E+01  4.20483E+02
  1.93963E-04  0.00000E+00  0.00000E+00  1.93963E-04  9.80779E+01  5.27498E+02
  1.79498E-04  0.00000E+00  0.00000E+00  1.79498E-04  9.93794E+01  5.42202E+02
  1.74449E-04  0.00000E+00  0.00000E+00  1.74449E-04  9.97450E+01  5.46761E+02
  1.56242E-04  0.00000E+00  0.00000E+00  1.56242E-04  1.01852E+02  5.76098E+02
  1.37888E-04  0.00000E+00  0.00000E+00  1.37888E-04  1.07712E+02  6.63071E+02
  1.21707E-04  0.00000E+00  0.00000E+00  1.21707E-04  1.07977E+02  6.65537E+02
  1.18043E-04  0.00000E+00  0.00000E+00  1.18043E-04  1.08348E+02  6.71113E+02
  1.15084E-04  0.00000E+00  0.00000E+00  1.15084E-04  1.08867E+02  6.80381E+02
  1.13047E-04  0.00000E+00  0.00000E+00  1.13047E-04  1.09264E+02  6.86789E+02
  1.10213E-04  0.00000E+00  0.00000E+00  1.10213E-04  1.09940E+02  6.98100E+02
  1.08607E-04  0.00000E+00  0.00000E+00  1.08607E-04  1.10231E+02  7.02937E+02
  1.06587E-04  0.00000E+00  0.00000E+00  1.06587E-04  1.10791E+02  7.12848E+02
  1.04898E-04  0.00000E+00  0.00000E+00  1.04898E-04  1.11062E+02  7.17288E+02
  1.02496E-04  0.00000E+00  0.00000E+00  1.02496E-04  1.11829E+02  7.30673E+02
  1.00859E-04  0.00000E+00  0.00000E+00  1.00859E-04  1.12027E+02  7.33763E+02
  9.56745E-05  0.00000E+00  0.00000E+00  9.56745E-05  1.13794E+02  7.64656E+02
  9.36561E-05  0.00000E+00  0.00000E+00  9.36561E-05  1.13950E+02  7.66612E+02
  9.05186E-05  0.00000E+00  0.00000E+00  9.05186E-05  1.15153E+02  7.87134E+02
  8.90918E-05  0.00000E+00  0.00000E+00  8.90918E-05  1.15283E+02  7.89223E+02
  8.59403E-05  0.00000E+00  0.00000E+00  8.59403E-05  1.16540E+02  8.11393E+02
  8.46520E-05  0.00000E+00  0.00000E+00  8.46520E-05  1.16688E+02  8.13728E+02
  8.16901E-05  0.00000E+00  0.00000E+00  8.16901E-05  1.18064E+02  8.38180E+02
  8.03231E-05  0.00000E+00  0.00000E+00  8.03231E-05  1.18201E+02  8.40156E+02
  7.89813E-05  0.00000E+00  0.00000E+00  7.89813E-05  1.18829E+02  8.51233E+02
  7.81943E-05  0.00000E+00  0.00000E+00  7.81943E-05  1.18955E+02  8.53619E+02
  7.02106E-05  0.00000E+00  0.00000E+00  7.02106E-05  1.22282E+02  9.13030E+02
  6.96675E-05  0.00000E+00  0.00000E+00  6.96675E-05  1.22583E+02  9.18023E+02
  6.91865E-05  0.00000E+00  0.00000E+00  6.91865E-05  1.22724E+02  9.20664E+02
  6.82031E-05  0.00000E+00  0.00000E+00  6.82031E-05  1.23365E+02  9.32729E+02
  6.75658E-05  0.00000E+00  0.00000E+00  6.75658E-05  1.23488E+02  9.34562E+02
  6.21419E-05  0.00000E+00  0.00000E+00  6.21419E-05  1.26628E+02  9.93857E+02
  6.13135E-05  0.00000E+00  0.00000E+00  6.13135E-05  1.26775E+02  9.95799E+02
  6.05639E-05  0.00000E+00  0.00000E+00  6.05639E-05  1.27255E+02  1.00481E+03
  6.02441E-05  0.00000E+00  0.00000E+00  6.02441E-05  1.27352E+02  1.00699E+03
  5.56435E-05  0.00000E+00  0.00000E+00  5.56435E-05  1.30338E+02  1.06714E+03
  5.52491E-05  0.00000E+00  0.00000E+00  5.52491E-05  1.30481E+02  1.06950E+03
  5.33271E-05  0.00000E+00  0.00000E+00  5.33271E-05  1.31903E+02  1.09926E+03
  5.30757E-05  0.00000E+00  0.00000E+00  5.30757E-05  1.31994E+02  1.10091E+03
  5.23768E-05  0.00000E+00  0.00000E+00  5.23768E-05  1.32647E+02  1.11509E+03
  5.20217E-05  0.00000E+00  0.00000E+00  5.20217E-05  1.32770E+02  1.11753E+03
  5.15431E-05  0.00000E+00  0.00000E+00  5.15431E-05  1.33239E+02  1.12781E+03
  5.12814E-05  0.00000E+00  0.00000E+00  5.12814E-05  1.33318E+02  1.12942E+03
  4.79574E-05  0.00000E+00  0.00000E+00  4.79574E-05  1.36028E+02  1.18903E+03
  4.76320E-05  0.00000E+00  0.00000E+00  4.76320E-05  1.36511E+02  1.19967E+03
  4.73703E-05  0.00000E+00  0.00000E+00  4.73703E-05  1.36567E+02  1.20064E+03
  4.69778E-05  0.00000E+00  0.00000E+00  4.69778E-05  1.36964E+02  1.20976E+03
  4.67990E-05  0.00000E+00  0.00000E+00  4.67990E-05  1.37055E+02  1.21188E+03
  4.41272E-05  0.00000E+00  0.00000E+00  4.41272E-05  1.39649E+02  1.27193E+03
  4.39777E-05  0.00000E+00  0.00000E+00  4.39777E-05  1.39798E+02  1.27511E+03
  4.38136E-05  0.00000E+00  0.00000E+00  4.38136E-05  1.39980E+02  1.27950E+03
  4.36650E-05  0.00000E+00  0.00000E+00  4.36650E-05  1.40120E+02  1.28274E+03
  4.34302E-05  0.00000E+00  0.00000E+00  4.34302E-05  1.40390E+02  1.28920E+03
  4.33114E-05  0.00000E+00  0.00000E+00  4.33114E-05  1.40485E+02  1.29137E+03
  4.31340E-05  0.00000E+00  0.00000E+00  4.31340E-05  1.40729E+02  1.29743E+03
  4.29995E-05  0.00000E+00  0.00000E+00  4.29995E-05  1.40811E+02  1.29916E+03
  4.25535E-05  0.00000E+00  0.00000E+00  4.25535E-05  1.41469E+02  1.31551E+03
  4.23371E-05  0.00000E+00  0.00000E+00  4.23371E-05  1.41542E+02  1.31663E+03
  4.19303E-05  0.00000E+00  0.00000E+00  4.19303E-05  1.42037E+02  1.32903E+03
  4.18389E-05  0.00000E+00  0.00000E+00  4.18389E-05  1.42082E+02  1.33007E+03
  4.13875E-05  0.00000E+00  0.00000E+00  4.13875E-05  1.42726E+02  1.34623E+03
  4.12395E-05  0.00000E+00  0.00000E+00  4.12395E-05  1.42782E+02  1.34727E+03
  4.10700E-05  0.00000E+00  0.00000E+00  4.10700E-05  1.43028E+02  1.35336E+03
  4.08882E-05  0.00000E+00  0.00000E+00  4.08882E-05  1.43179E+02  1.35722E+03
  3.95506E-05  0.00000E+00  0.00000E+00  3.95506E-05  1.44928E+02  1.40161E+03
  3.94050E-05  0.00000E+00  0.00000E+00  3.94050E-05  1.45023E+02  1.40356E+03
  3.92082E-05  0.00000E+00  0.00000E+00  3.92082E-05  1.45302E+02  1.41042E+03
  3.91350E-05  0.00000E+00  0.00000E+00  3.91350E-05  1.45353E+02  1.41195E+03
  3.85867E-05  0.00000E+00  0.00000E+00  3.85867E-05  1.46237E+02  1.43506E+03
  3.84527E-05  0.00000E+00  0.00000E+00  3.84527E-05  1.46281E+02  1.43570E+03
  3.83326E-05  0.00000E+00  0.00000E+00  3.83326E-05  1.46447E+02  1.43989E+03
  3.82672E-05  0.00000E+00  0.00000E+00  3.82672E-05  1.46505E+02  1.44178E+03
  3.80506E-05  0.00000E+00  0.00000E+00  3.80506E-05  1.46853E+02  1.45099E+03
  3.79731E-05  0.00000E+00  0.00000E+00  3.79731E-05  1.46906E+02  1.45226E+03
  3.63655E-05  0.00000E+00  0.00000E+00  3.63655E-05  1.49232E+02  1.51377E+03
  3.88945E-05  0.00000E+00  0.00000E+00  3.88945E-05  1.55629E+02  1.69012E+03
  3.57087E-05  0.00000E+00  0.00000E+00  3.57087E-05  1.51186E+02  1.56517E+03
  3.53933E-05  0.00000E+00  0.00000E+00  3.53933E-05  1.51258E+02  1.56636E+03
  3.52091E-05  0.00000E+00  0.00000E+00  3.52091E-05  1.51302E+02  1.56668E+03
  3.51104E-05  0.00000E+00  0.00000E+00  3.51104E-05  1.51355E+02  1.56818E+03
  3.49604E-05  0.00000E+00  0.00000E+00  3.49604E-05  1.51549E+02  1.57328E+03
  3.49214E-05  0.00000E+00  0.00000E+00  3.49214E-05  1.51582E+02  1.57470E+03
  3.46618E-05  0.00000E+00  0.00000E+00  3.46618E-05  1.51966E+02  1.58721E+03
  3.35424E-05  0.00000E+00  0.00000E+00  3.35424E-05  1.54715E+02  1.66726E+03
  3.32580E-05  0.00000E+00  0.00000E+00  3.32580E-05  1.54748E+02  1.66741E+03
  3.31220E-05  0.00000E+00  0.00000E+00  3.31220E-05  1.54792E+02  1.66785E+03
  3.30579E-05  0.00000E+00  0.00000E+00  3.30579E-05  1.54853E+02  1.67000E+03
  3.29957E-05  0.00000E+00  0.00000E+00  3.29957E-05  1.54947E+02  1.67280E+03
  3.29598E-05  0.00000E+00  0.00000E+00  3.29598E-05  1.54997E+02  1.67464E+03
  3.28469E-05  0.00000E+00  0.00000E+00  3.28469E-05  1.55220E+02  1.68149E+03
  3.28080E-05  0.00000E+00  0.00000E+00  3.28080E-05  1.55267E+02  1.68295E+03
  3.23343E-05  0.00000E+00  0.00000E+00  3.23343E-05  1.56244E+02  1.71321E+03
  3.22901E-05  0.00000E+00  0.00000E+00  3.22901E-05  1.56270E+02  1.71375E+03
  3.22423E-05  0.00000E+00  0.00000E+00  3.22423E-05  1.56365E+02  1.71656E+03
  3.22123E-05  0.00000E+00  0.00000E+00  3.22123E-05  1.56402E+02  1.71790E+03
  3.20577E-05  0.00000E+00  0.00000E+00  3.20577E-05  1.56764E+02  1.72932E+03
  3.20059E-05  0.00000E+00  0.00000E+00  3.20059E-05  1.56814E+02  1.73066E+03
  3.19050E-05  0.00000E+00  0.00000E+00  3.19050E-05  1.57061E+02  1.73833E+03
  3.18651E-05  0.00000E+00  0.00000E+00  3.18651E-05  1.57092E+02  1.73921E+03
  3.15680E-05  0.00000E+00  0.00000E+00  3.15680E-05  1.57807E+02  1.76143E+03
  3.15124E-05  0.00000E+00  0.00000E+00  3.15124E-05  1.57838E+02  1.76199E+03
  3.14142E-05  0.00000E+00  0.00000E+00  3.14142E-05  1.58034E+02  1.76758E+03
  3.13711E-05  0.00000E+00  0.00000E+00  3.13711E-05  1.58115E+02  1.77054E+03
  3.13313E-05  0.00000E+00  0.00000E+00  3.13313E-05  1.58200E+02  1.77299E+03
  3.12944E-05  0.00000E+00  0.00000E+00  3.12944E-05  1.58283E+02  1.77573E+03
  3.12554E-05  0.00000E+00  0.00000E+00  3.12554E-05  1.58359E+02  1.77794E+03
  3.12124E-05  0.00000E+00  0.00000E+00  3.12124E-05  1.58465E+02  1.78137E+03
  3.11743E-05  0.00000E+00  0.00000E+00  3.11743E-05  1.58528E+02  1.78317E+03
  3.10836E-05  0.00000E+00  0.00000E+00  3.10836E-05  1.58761E+02  1.79061E+03
  3.10188E-05  0.00000E+00  0.00000E+00  3.10188E-05  1.58858E+02  1.79336E+03
  3.07142E-05  0.00000E+00  0.00000E+00  3.07142E-05  1.59648E+02  1.81849E+03
  3.06379E-05  0.00000E+00  0.00000E+00  3.06379E-05  1.59714E+02  1.82004E+03
  3.06020E-05  0.00000E+00  0.00000E+00  3.06020E-05  1.59785E+02  1.82202E+03
  3.05701E-05  0.00000E+00  0.00000E+00  3.05701E-05  1.59845E+02  1.82438E+03
  3.05285E-05  0.00000E+00  0.00000E+00  3.05285E-05  1.59936E+02  1.82713E+03
  3.04853E-05  0.00000E+00  0.00000E+00  3.04853E-05  1.60058E+02  1.83125E+03
  3.04540E-05  0.00000E+00  0.00000E+00  3.04540E-05  1.60100E+02  1.83236E+03
  3.03633E-05  0.00000E+00  0.00000E+00  3.03633E-05  1.60421E+02  1.84299E+03
  3.02879E-05  0.00000E+00  0.00000E+00  3.02879E-05  1.60487E+02  1.84453E+03
  3.01230E-05  0.00000E+00  0.00000E+00  3.01230E-05  1.60926E+02  1.85894E+03
  3.00809E-05  0.00000E+00  0.00000E+00  3.00809E-05  1.60959E+02  1.85983E+03
  3.00428E-05  0.00000E+00  0.00000E+00  3.00428E-05  1.61048E+02  1.86271E+03
  3.00174E-05  0.00000E+00  0.00000E+00  3.00174E-05  1.61095E+02  1.86441E+03
  2.99759E-05  0.00000E+00  0.00000E+00  2.99759E-05  1.61208E+02  1.86811E+03
  2.99478E-05  0.00000E+00  0.00000E+00  2.99478E-05  1.61256E+02  1.86955E+03
  2.98791E-05  0.00000E+00  0.00000E+00  2.98791E-05  1.61473E+02  1.87678E+03
  2.98378E-05  0.00000E+00  0.00000E+00  2.98378E-05  1.61517E+02  1.87785E+03
  2.94518E-05  0.00000E+00  0.00000E+00  2.94518E-05  1.62561E+02  1.91181E+03
  2.94099E-05  0.00000E+00  0.00000E+00  2.94099E-05  1.62579E+02  1.91203E+03
  2.93670E-05  0.00000E+00  0.00000E+00  2.93670E-05  1.62665E+02  1.91448E+03
  2.93302E-05  0.00000E+00  0.00000E+00  2.93302E-05  1.62780E+02  1.91879E+03
  2.92951E-05  0.00000E+00  0.00000E+00  2.92951E-05  1.62830E+02  1.92012E+03
  2.89680E-05  0.00000E+00  0.00000E+00  2.89680E-05  1.63748E+02  1.95004E+03
  2.88928E-05  0.00000E+00  0.00000E+00  2.88928E-05  1.63870E+02  1.95363E+03
  2.88085E-05  0.00000E+00  0.00000E+00  2.88085E-05  1.64082E+02  1.96036E+03
  2.87826E-05  0.00000E+00  0.00000E+00  2.87826E-05  1.64138E+02  1.96257E+03
  2.87536E-05  0.00000E+00  0.00000E+00  2.87536E-05  1.64216E+02  1.96512E+03
  2.87199E-05  0.00000E+00  0.00000E+00  2.87199E-05  1.64306E+02  1.96811E+03
  2.86943E-05  0.00000E+00  0.00000E+00  2.86943E-05  1.64372E+02  1.97030E+03
  2.86637E-05  0.00000E+00  0.00000E+00  2.86637E-05  1.64454E+02  1.97299E+03
  2.86390E-05  0.00000E+00  0.00000E+00  2.86390E-05  1.64518E+02  1.97514E+03
  2.86087E-05  0.00000E+00  0.00000E+00  2.86087E-05  1.64597E+02  1.97772E+03
  2.85844E-05  0.00000E+00  0.00000E+00  2.85844E-05  1.64664E+02  1.97998E+03
  2.85515E-05  0.00000E+00  0.00000E+00  2.85515E-05  1.64743E+02  1.98256E+03
  2.85179E-05  0.00000E+00  0.00000E+00  2.85179E-05  1.64850E+02  1.98621E+03
  2.84935E-05  0.00000E+00  0.00000E+00  2.84935E-05  1.64894E+02  1.98753E+03
  2.84339E-05  0.00000E+00  0.00000E+00  2.84339E-05  1.65124E+02  1.99545E+03
  2.83976E-05  0.00000E+00  0.00000E+00  2.83976E-05  1.65156E+02  1.99614E+03
  2.82912E-05  0.00000E+00  0.00000E+00  2.82912E-05  1.65443E+02  2.00586E+03
  2.82661E-05  0.00000E+00  0.00000E+00  2.82661E-05  1.65499E+02  2.00775E+03
  2.78751E-05  0.00000E+00  0.00000E+00  2.78751E-05  1.66592E+02  2.04408E+03
  2.78355E-05  0.00000E+00  0.00000E+00  2.78355E-05  1.66711E+02  2.04790E+03
  2.77969E-05  0.00000E+00  0.00000E+00  2.77969E-05  1.66816E+02  2.05133E+03
  2.77598E-05  0.00000E+00  0.00000E+00  2.77598E-05  1.66948E+02  2.05580E+03
  2.77306E-05  0.00000E+00  0.00000E+00  2.77306E-05  1.67008E+02  2.05759E+03
  2.76046E-05  0.00000E+00  0.00000E+00  2.76046E-05  1.67490E+02  2.07395E+03
  2.75556E-05  0.00000E+00  0.00000E+00  2.75556E-05  1.67536E+02  2.07497E+03
  2.75084E-05  0.00000E+00  0.00000E+00  2.75084E-05  1.67672E+02  2.07945E+03
  2.74860E-05  0.00000E+00  0.00000E+00  2.74860E-05  1.67720E+02  2.08130E+03
  2.73780E-05  0.00000E+00  0.00000E+00  2.73780E-05  1.68082E+02  2.09353E+03
  2.73542E-05  0.00000E+00  0.00000E+00  2.73542E-05  1.68115E+02  2.09456E+03
  2.72987E-05  0.00000E+00  0.00000E+00  2.72987E-05  1.68313E+02  2.10148E+03
  2.72780E-05  0.00000E+00  0.00000E+00  2.72780E-05  1.68339E+02  2.10224E+03
  2.69857E-05  0.00000E+00  0.00000E+00  2.69857E-05  1.69373E+02  2.13776E+03
  2.69373E-05  0.00000E+00  0.00000E+00  2.69373E-05  1.69423E+02  2.13911E+03
  2.69073E-05  0.00000E+00  0.00000E+00  2.69073E-05  1.69488E+02  2.14105E+03
  2.68498E-05  0.00000E+00  0.00000E+00  2.68498E-05  1.69755E+02  2.15096E+03
  2.67994E-05  0.00000E+00  0.00000E+00  2.67994E-05  1.69825E+02  2.15288E+03
  2.66801E-05  0.00000E+00  0.00000E+00  2.66801E-05  1.70209E+02  2.16643E+03
  2.66643E-05  0.00000E+00  0.00000E+00  2.66643E-05  1.70235E+02  2.16739E+03
  2.65491E-05  0.00000E+00  0.00000E+00  2.65491E-05  1.70714E+02  2.18437E+03
  2.65152E-05  0.00000E+00  0.00000E+00  2.65152E-05  1.70734E+02  2.18469E+03
  2.64801E-05  0.00000E+00  0.00000E+00  2.64801E-05  1.70842E+02  2.18843E+03
  2.64651E-05  0.00000E+00  0.00000E+00  2.64651E-05  1.70877E+02  2.18993E+03
  2.64346E-05  0.00000E+00  0.00000E+00  2.64346E-05  1.70995E+02  2.19411E+03
  2.64092E-05  0.00000E+00  0.00000E+00  2.64092E-05  1.71058E+02  2.19623E+03
  2.62829E-05  0.00000E+00  0.00000E+00  2.62829E-05  1.71587E+02  2.21511E+03
  2.62499E-05  0.00000E+00  0.00000E+00  2.62499E-05  1.71607E+02  2.21541E+03
  2.62153E-05  0.00000E+00  0.00000E+00  2.62153E-05  1.71712E+02  2.21895E+03
  2.61979E-05  0.00000E+00  0.00000E+00  2.61979E-05  1.71774E+02  2.22162E+03
  2.61827E-05  0.00000E+00  0.00000E+00  2.61827E-05  1.71811E+02  2.22273E+03
  2.61413E-05  0.00000E+00  0.00000E+00  2.61413E-05  1.72027E+02  2.23064E+03
  2.61146E-05  0.00000E+00  0.00000E+00  2.61146E-05  1.72049E+02  2.23101E+03
  2.60509E-05  0.00000E+00  0.00000E+00  2.60509E-05  1.72302E+02  2.24026E+03
  2.60332E-05  0.00000E+00  0.00000E+00  2.60332E-05  1.72320E+02  2.24081E+03
  2.60076E-05  0.00000E+00  0.00000E+00  2.60076E-05  1.72420E+02  2.24447E+03
  2.59914E-05  0.00000E+00  0.00000E+00  2.59914E-05  1.72456E+02  2.24577E+03
  2.59322E-05  0.00000E+00  0.00000E+00  2.59322E-05  1.72715E+02  2.25524E+03
  2.59082E-05  0.00000E+00  0.00000E+00  2.59082E-05  1.72749E+02  2.25619E+03
  2.58604E-05  0.00000E+00  0.00000E+00  2.58604E-05  1.72956E+02  2.26369E+03
  2.58410E-05  0.00000E+00  0.00000E+00  2.58410E-05  1.72979E+02  2.26440E+03
  2.57095E-05  0.00000E+00  0.00000E+00  2.57095E-05  1.73532E+02  2.28472E+03
  2.56755E-05  0.00000E+00  0.00000E+00  2.56755E-05  1.73579E+02  2.28609E+03
  2.56542E-05  0.00000E+00  0.00000E+00  2.56542E-05  1.73644E+02  2.28821E+03
  2.56392E-05  0.00000E+00  0.00000E+00  2.56392E-05  1.73700E+02  2.29070E+03
  2.56179E-05  0.00000E+00  0.00000E+00  2.56179E-05  1.73762E+02  2.29274E+03
  2.55768E-05  0.00000E+00  0.00000E+00  2.55768E-05  1.73967E+02  2.30041E+03
  2.55482E-05  0.00000E+00  0.00000E+00  2.55482E-05  1.74017E+02  2.30186E+03
  2.54049E-05  0.00000E+00  0.00000E+00  2.54049E-05  1.74593E+02  2.32289E+03
  2.53855E-05  0.00000E+00  0.00000E+00  2.53855E-05  1.74615E+02  2.32350E+03
  2.53686E-05  0.00000E+00  0.00000E+00  2.53686E-05  1.74671E+02  2.32552E+03
  2.53546E-05  0.00000E+00  0.00000E+00  2.53546E-05  1.74727E+02  2.32780E+03
  2.53070E-05  0.00000E+00  0.00000E+00  2.53070E-05  1.74890E+02  2.33363E+03
  2.52808E-05  0.00000E+00  0.00000E+00  2.52808E-05  1.75021E+02  2.33859E+03
  2.52590E-05  0.00000E+00  0.00000E+00  2.52590E-05  1.75069E+02  2.34010E+03
  2.50684E-05  0.00000E+00  0.00000E+00  2.50684E-05  1.75910E+02  2.37110E+03
  2.50385E-05  0.00000E+00  0.00000E+00  2.50385E-05  1.75930E+02  2.37139E+03
  2.50143E-05  0.00000E+00  0.00000E+00  2.50143E-05  1.76003E+02  2.37384E+03
  2.49857E-05  0.00000E+00  0.00000E+00  2.49857E-05  1.76165E+02  2.38037E+03
  2.49630E-05  0.00000E+00  0.00000E+00  2.49630E-05  1.76195E+02  2.38109E+03
  2.48138E-05  0.00000E+00  0.00000E+00  2.48138E-05  1.76828E+02  2.40463E+03
  2.47941E-05  0.00000E+00  0.00000E+00  2.47941E-05  1.76863E+02  2.40569E+03
  2.47773E-05  0.00000E+00  0.00000E+00  2.47773E-05  1.76920E+02  2.40763E+03
  2.47629E-05  0.00000E+00  0.00000E+00  2.47629E-05  1.76996E+02  2.41079E+03
  2.47421E-05  0.00000E+00  0.00000E+00  2.47421E-05  1.77053E+02  2.41267E+03
  2.46499E-05  0.00000E+00  0.00000E+00  2.46499E-05  1.77540E+02  2.43101E+03
  2.46146E-05  0.00000E+00  0.00000E+00  2.46146E-05  1.77582E+02  2.43208E+03
  2.45831E-05  0.00000E+00  0.00000E+00  2.45831E-05  1.77697E+02  2.43624E+03
  2.45704E-05  0.00000E+00  0.00000E+00  2.45704E-05  1.77743E+02  2.43841E+03
  2.45598E-05  0.00000E+00  0.00000E+00  2.45598E-05  1.77779E+02  2.43964E+03
  2.45316E-05  0.00000E+00  0.00000E+00  2.45316E-05  1.77949E+02  2.44625E+03
  2.45129E-05  0.00000E+00  0.00000E+00  2.45129E-05  1.77974E+02  2.44688E+03
  2.43753E-05  0.00000E+00  0.00000E+00  2.43753E-05  1.78586E+02  2.47005E+03
  2.43553E-05  0.00000E+00  0.00000E+00  2.43553E-05  1.78627E+02  2.47139E+03
  2.43282E-05  0.00000E+00  0.00000E+00  2.43282E-05  1.78731E+02  2.47518E+03
  2.43152E-05  0.00000E+00  0.00000E+00  2.43152E-05  1.78795E+02  2.47793E+03
  2.42833E-05  0.00000E+00  0.00000E+00  2.42833E-05  1.78910E+02  2.48212E+03
  2.42429E-05  0.00000E+00  0.00000E+00  2.42429E-05  1.79162E+02  2.49192E+03
  2.42178E-05  0.00000E+00  0.00000E+00  2.42178E-05  1.79195E+02  2.49276E+03
  2.41691E-05  0.00000E+00  0.00000E+00  2.41691E-05  1.79401E+02  2.50084E+03
  2.41603E-05  0.00000E+00  0.00000E+00  2.41603E-05  1.79421E+02  2.50163E+03
  2.38076E-05  0.00000E+00  0.00000E+00  2.38076E-05  1.81091E+02  2.56605E+03
  2.37818E-05  0.00000E+00  0.00000E+00  2.37818E-05  1.81105E+02  2.56616E+03
  2.37459E-05  0.00000E+00  0.00000E+00  2.37459E-05  1.81232E+02  2.57074E+03
  2.37054E-05  0.00000E+00  0.00000E+00  2.37054E-05  1.81430E+02  2.57918E+03
  2.36907E-05  0.00000E+00  0.00000E+00  2.36907E-05  1.81460E+02  2.58007E+03
  2.36359E-05  0.00000E+00  0.00000E+00  2.36359E-05  1.81741E+02  2.59126E+03
  2.36198E-05  0.00000E+00  0.00000E+00  2.36198E-05  1.81778E+02  2.59259E+03
  2.36050E-05  0.00000E+00  0.00000E+00  2.36050E-05  1.81848E+02  2.59540E+03
  2.35954E-05  0.00000E+00  0.00000E+00  2.35954E-05  1.81881E+02  2.59683E+03
  2.35838E-05  0.00000E+00  0.00000E+00  2.35838E-05  1.81946E+02  2.59945E+03
  2.35726E-05  0.00000E+00  0.00000E+00  2.35726E-05  1.81983E+02  2.60082E+03
  2.35560E-05  0.00000E+00  0.00000E+00  2.35560E-05  1.82079E+02  2.60476E+03
  2.35454E-05  0.00000E+00  0.00000E+00  2.35454E-05  1.82103E+02  2.60557E+03
  2.34635E-05  0.00000E+00  0.00000E+00  2.34635E-05  1.82553E+02  2.62369E+03
  2.34456E-05  0.00000E+00  0.00000E+00  2.34456E-05  1.82571E+02  2.62411E+03
  2.34341E-05  0.00000E+00  0.00000E+00  2.34341E-05  1.82614E+02  2.62571E+03
  2.34240E-05  0.00000E+00  0.00000E+00  2.34240E-05  1.82654E+02  2.62761E+03
  2.33903E-05  0.00000E+00  0.00000E+00  2.33903E-05  1.82806E+02  2.63364E+03
  2.33746E-05  0.00000E+00  0.00000E+00  2.33746E-05  1.82889E+02  2.63710E+03
  2.33622E-05  0.00000E+00  0.00000E+00  2.33622E-05  1.82935E+02  2.63882E+03
  2.33465E-05  0.00000E+00  0.00000E+00  2.33465E-05  1.83043E+02  2.64328E+03
  2.33320E-05  0.00000E+00  0.00000E+00  2.33320E-05  1.83076E+02  2.64439E+03
  2.32002E-05  0.00000E+00  0.00000E+00  2.32002E-05  1.83791E+02  2.67339E+03
  2.31824E-05  0.00000E+00  0.00000E+00  2.31824E-05  1.83812E+02  2.67399E+03
  2.31716E-05  0.00000E+00  0.00000E+00  2.31716E-05  1.83835E+02  2.67474E+03
  2.30849E-05  0.00000E+00  0.00000E+00  2.30849E-05  1.84227E+02  2.69083E+03
  2.28450E-05  0.00000E+00  0.00000E+00  2.28450E-05  1.86082E+02  2.76645E+03
  2.27894E-05  0.00000E+00  0.00000E+00  2.27894E-05  1.86092E+02  2.76645E+03
  2.27472E-05  0.00000E+00  0.00000E+00  2.27472E-05  1.86127E+02  2.76717E+03
  2.27369E-05  0.00000E+00  0.00000E+00  2.27369E-05  1.86136E+02  2.76755E+03
  2.27173E-05  0.00000E+00  0.00000E+00  2.27173E-05  1.86157E+02  2.76821E+03
  2.26939E-05  0.00000E+00  0.00000E+00  2.26939E-05  1.86203E+02  2.76998E+03
  2.26603E-05  0.00000E+00  0.00000E+00  2.26603E-05  1.86338E+02  2.77560E+03
  2.26540E-05  0.00000E+00  0.00000E+00  2.26540E-05  1.86360E+02  2.77662E+03
  2.25911E-05  0.00000E+00  0.00000E+00  2.25911E-05  1.86673E+02  2.78967E+03
  2.25863E-05  0.00000E+00  0.00000E+00  2.25863E-05  1.86693E+02  2.79051E+03
  2.25171E-05  0.00000E+00  0.00000E+00  2.25171E-05  1.87062E+02  2.80614E+03
  2.25116E-05  0.00000E+00  0.00000E+00  2.25116E-05  1.87074E+02  2.80652E+03
  2.24993E-05  0.00000E+00  0.00000E+00  2.24993E-05  1.87146E+02  2.80941E+03
  2.24929E-05  0.00000E+00  0.00000E+00  2.24929E-05  1.87165E+02  2.81026E+03
  2.23635E-05  0.00000E+00  0.00000E+00  2.23635E-05  1.87843E+02  2.83860E+03
  2.23545E-05  0.00000E+00  0.00000E+00  2.23545E-05  1.87882E+02  2.84011E+03
  2.21609E-05  0.00000E+00  0.00000E+00  2.21609E-05  1.88949E+02  2.88459E+03
  2.21530E-05  0.00000E+00  0.00000E+00  2.21530E-05  1.88966E+02  2.88510E+03
  2.21339E-05  0.00000E+00  0.00000E+00  2.21339E-05  1.89062E+02  2.88912E+03
  2.21203E-05  0.00000E+00  0.00000E+00  2.21203E-05  1.89136E+02  2.89231E+03
  2.21125E-05  0.00000E+00  0.00000E+00  2.21125E-05  1.89180E+02  2.89413E+03
  2.20869E-05  0.00000E+00  0.00000E+00  2.20869E-05  1.89319E+02  2.89992E+03
  2.20791E-05  0.00000E+00  0.00000E+00  2.20791E-05  1.89365E+02  2.90186E+03
  2.20717E-05  0.00000E+00  0.00000E+00  2.20717E-05  1.89402E+02  2.90338E+03
  2.20633E-05  0.00000E+00  0.00000E+00  2.20633E-05  1.89456E+02  2.90570E+03
  2.20449E-05  0.00000E+00  0.00000E+00  2.20449E-05  1.89546E+02  2.90942E+03
  2.20303E-05  0.00000E+00  0.00000E+00  2.20303E-05  1.89647E+02  2.91378E+03
  2.20144E-05  0.00000E+00  0.00000E+00  2.20144E-05  1.89714E+02  2.91641E+03
  2.18935E-05  0.00000E+00  0.00000E+00  2.18935E-05  1.90392E+02  2.94492E+03
  2.18877E-05  0.00000E+00  0.00000E+00  2.18877E-05  1.90416E+02  2.94586E+03
  2.18547E-05  0.00000E+00  0.00000E+00  2.18547E-05  1.90601E+02  2.95373E+03
  2.18240E-05  0.00000E+00  0.00000E+00  2.18240E-05  1.90788E+02  2.96157E+03
  2.18177E-05  0.00000E+00  0.00000E+00  2.18177E-05  1.90810E+02  2.96246E+03
  2.15749E-05  0.00000E+00  0.00000E+00  2.15749E-05  1.92298E+02  3.02604E+03
  2.15641E-05  0.00000E+00  0.00000E+00  2.15641E-05  1.92308E+02  3.02621E+03
  2.15542E-05  0.00000E+00  0.00000E+00  2.15542E-05  1.92343E+02  3.02755E+03
  2.15320E-05  0.00000E+00  0.00000E+00  2.15320E-05  1.92466E+02  3.03304E+03
  2.15267E-05  0.00000E+00  0.00000E+00  2.15267E-05  1.92491E+02  3.03411E+03
  2.14594E-05  0.00000E+00  0.00000E+00  2.14594E-05  1.92947E+02  3.05379E+03
  2.14492E-05  0.00000E+00  0.00000E+00  2.14492E-05  1.92968E+02  3.05452E+03
  2.14401E-05  0.00000E+00  0.00000E+00  2.14401E-05  1.93011E+02  3.05629E+03
  2.14269E-05  0.00000E+00  0.00000E+00  2.14269E-05  1.93127E+02  3.06160E+03
  2.14103E-05  0.00000E+00  0.00000E+00  2.14103E-05  1.93191E+02  3.06410E+03
  2.13829E-05  0.00000E+00  0.00000E+00  2.13829E-05  1.93357E+02  3.07155E+03
  2.13741E-05  0.00000E+00  0.00000E+00  2.13741E-05  1.93398E+02  3.07332E+03
  2.13483E-05  0.00000E+00  0.00000E+00  2.13483E-05  1.93595E+02  3.08197E+03
  2.13416E-05  0.00000E+00  0.00000E+00  2.13416E-05  1.93606E+02  3.08230E+03
  2.13355E-05  0.00000E+00  0.00000E+00  2.13355E-05  1.93637E+02  3.08360E+03
  2.13276E-05  0.00000E+00  0.00000E+00  2.13276E-05  1.93696E+02  3.08635E+03
  2.13212E-05  0.00000E+00  0.00000E+00  2.13212E-05  1.93720E+02  3.08727E+03
  2.12738E-05  0.00000E+00  0.00000E+00  2.12738E-05  1.94072E+02  3.10282E+03
  2.12649E-05  0.00000E+00  0.00000E+00  2.12649E-05  1.94081E+02  3.10303E+03
  2.12570E-05  0.00000E+00  0.00000E+00  2.12570E-05  1.94115E+02  3.10442E+03
  2.12019E-05  0.00000E+00  0.00000E+00  2.12019E-05  1.94466E+02  3.12002E+03
  2.11963E-05  0.00000E+00  0.00000E+00  2.11963E-05  1.94483E+02  3.12066E+03
  2.11813E-05  0.00000E+00  0.00000E+00  2.11813E-05  1.94593E+02  3.12548E+03
  2.11760E-05  0.00000E+00  0.00000E+00  2.11760E-05  1.94607E+02  3.12607E+03
  2.11350E-05  0.00000E+00  0.00000E+00  2.11350E-05  1.94905E+02  3.13928E+03
  2.11267E-05  0.00000E+00  0.00000E+00  2.11267E-05  1.94921E+02  3.13978E+03
  2.11133E-05  0.00000E+00  0.00000E+00  2.11133E-05  1.95006E+02  3.14355E+03
  2.11072E-05  0.00000E+00  0.00000E+00  2.11072E-05  1.95034E+02  3.14491E+03
  2.10969E-05  0.00000E+00  0.00000E+00  2.10969E-05  1.95119E+02  3.14869E+03
  2.10883E-05  0.00000E+00  0.00000E+00  2.10883E-05  1.95153E+02  3.15006E+03
  2.10094E-05  0.00000E+00  0.00000E+00  2.10094E-05  1.95822E+02  3.17993E+03
  2.09881E-05  0.00000E+00  0.00000E+00  2.09881E-05  1.95834E+02  3.17995E+03
  2.09656E-05  0.00000E+00  0.00000E+00  2.09656E-05  1.95949E+02  3.18479E+03
  2.07375E-05  0.00000E+00  0.00000E+00  2.07375E-05  1.97445E+02  3.25220E+03
  2.07315E-05  0.00000E+00  0.00000E+00  2.07315E-05  1.97461E+02  3.25268E+03
  2.07194E-05  0.00000E+00  0.00000E+00  2.07194E-05  1.97532E+02  3.25592E+03
  2.06248E-05  0.00000E+00  0.00000E+00  2.06248E-05  1.98349E+02  3.29280E+03
  2.06089E-05  0.00000E+00  0.00000E+00  2.06089E-05  1.98370E+02  3.29348E+03
  2.05975E-05  0.00000E+00  0.00000E+00  2.05975E-05  1.98393E+02  3.29439E+03
  2.05872E-05  0.00000E+00  0.00000E+00  2.05872E-05  1.98433E+02  3.29628E+03
  2.05735E-05  0.00000E+00  0.00000E+00  2.05735E-05  1.98522E+02  3.30032E+03
  2.05685E-05  0.00000E+00  0.00000E+00  2.05685E-05  1.98545E+02  3.30136E+03
  2.05378E-05  0.00000E+00  0.00000E+00  2.05378E-05  1.98786E+02  3.31248E+03
  2.05296E-05  0.00000E+00  0.00000E+00  2.05296E-05  1.98811E+02  3.31345E+03
  2.05225E-05  0.00000E+00  0.00000E+00  2.05225E-05  1.98859E+02  3.31562E+03
  2.05185E-05  0.00000E+00  0.00000E+00  2.05185E-05  1.98877E+02  3.31656E+03
  2.04961E-05  0.00000E+00  0.00000E+00  2.04961E-05  1.99059E+02  3.32493E+03
  2.04908E-05  0.00000E+00  0.00000E+00  2.04908E-05  1.99071E+02  3.32540E+03
  2.04820E-05  0.00000E+00  0.00000E+00  2.04820E-05  1.99132E+02  3.32822E+03
  2.04768E-05  0.00000E+00  0.00000E+00  2.04768E-05  1.99163E+02  3.32968E+03
  2.04693E-05  0.00000E+00  0.00000E+00  2.04693E-05  1.99223E+02  3.33252E+03
  2.04621E-05  0.00000E+00  0.00000E+00  2.04621E-05  1.99262E+02  3.33422E+03
  2.04463E-05  0.00000E+00  0.00000E+00  2.04463E-05  1.99406E+02  3.34092E+03
  2.04395E-05  0.00000E+00  0.00000E+00  2.04395E-05  1.99424E+02  3.34153E+03
  2.04276E-05  0.00000E+00  0.00000E+00  2.04276E-05  1.99513E+02  3.34562E+03
  2.04236E-05  0.00000E+00  0.00000E+00  2.04236E-05  1.99527E+02  3.34630E+03
  2.03328E-05  0.00000E+00  0.00000E+00  2.03328E-05  2.00198E+02  3.37713E+03
  2.03290E-05  0.00000E+00  0.00000E+00  2.03290E-05  2.00205E+02  3.37737E+03
  2.03198E-05  0.00000E+00  0.00000E+00  2.03198E-05  2.00257E+02  3.37968E+03
  2.03071E-05  0.00000E+00  0.00000E+00  2.03071E-05  2.00347E+02  3.38395E+03
  2.03038E-05  0.00000E+00  0.00000E+00  2.03038E-05  2.00362E+02  3.38465E+03
  2.02068E-05  0.00000E+00  0.00000E+00  2.02068E-05  2.01053E+02  3.41639E+03
  2.01952E-05  0.00000E+00  0.00000E+00  2.01952E-05  2.01155E+02  3.42094E+03
  2.01888E-05  0.00000E+00  0.00000E+00  2.01888E-05  2.01183E+02  3.42218E+03
  2.01246E-05  0.00000E+00  0.00000E+00  2.01246E-05  2.01762E+02  3.44912E+03
  2.01086E-05  0.00000E+00  0.00000E+00  2.01086E-05  2.01808E+02  3.45087E+03
  2.00738E-05  0.00000E+00  0.00000E+00  2.00738E-05  2.02037E+02  3.46114E+03
  2.00594E-05  0.00000E+00  0.00000E+00  2.00594E-05  2.02141E+02  3.46631E+03
  2.00548E-05  0.00000E+00  0.00000E+00  2.00548E-05  2.02159E+02  3.46701E+03
  1.99987E-05  0.00000E+00  0.00000E+00  1.99987E-05  2.02622E+02  3.48881E+03
  1.99927E-05  0.00000E+00  0.00000E+00  1.99927E-05  2.02634E+02  3.48921E+03
  1.99863E-05  0.00000E+00  0.00000E+00  1.99863E-05  2.02671E+02  3.49081E+03
  1.99815E-05  0.00000E+00  0.00000E+00  1.99815E-05  2.02705E+02  3.49248E+03
  1.99759E-05  0.00000E+00  0.00000E+00  1.99759E-05  2.02741E+02  3.49414E+03
  1.99614E-05  0.00000E+00  0.00000E+00  1.99614E-05  2.02859E+02  3.49970E+03
  1.99574E-05  0.00000E+00  0.00000E+00  1.99574E-05  2.02878E+02  3.50049E+03
  1.98991E-05  0.00000E+00  0.00000E+00  1.98991E-05  2.03354E+02  3.52275E+03
  1.98939E-05  0.00000E+00  0.00000E+00  1.98939E-05  2.03370E+02  3.52335E+03
  1.98898E-05  0.00000E+00  0.00000E+00  1.98898E-05  2.03389E+02  3.52413E+03
  1.98522E-05  0.00000E+00  0.00000E+00  1.98522E-05  2.03681E+02  3.53796E+03
  1.98476E-05  0.00000E+00  0.00000E+00  1.98476E-05  2.03707E+02  3.53910E+03
  1.98366E-05  0.00000E+00  0.00000E+00  1.98366E-05  2.03794E+02  3.54321E+03
  1.98301E-05  0.00000E+00  0.00000E+00  1.98301E-05  2.03839E+02  3.54523E+03
  1.98208E-05  0.00000E+00  0.00000E+00  1.98208E-05  2.03929E+02  3.54954E+03
  1.98165E-05  0.00000E+00  0.00000E+00  1.98165E-05  2.03944E+02  3.55016E+03
  1.97584E-05  0.00000E+00  0.00000E+00  1.97584E-05  2.04466E+02  3.57459E+03
  1.97524E-05  0.00000E+00  0.00000E+00  1.97524E-05  2.04471E+02  3.57472E+03
  1.97430E-05  0.00000E+00  0.00000E+00  1.97430E-05  2.04521E+02  3.57692E+03
  1.97222E-05  0.00000E+00  0.00000E+00  1.97222E-05  2.04674E+02  3.58431E+03
  1.97194E-05  0.00000E+00  0.00000E+00  1.97194E-05  2.04690E+02  3.58504E+03
  1.96106E-05  0.00000E+00  0.00000E+00  1.96106E-05  2.05627E+02  3.62941E+03
  1.96051E-05  0.00000E+00  0.00000E+00  1.96051E-05  2.05635E+02  3.62966E+03
  1.95988E-05  0.00000E+00  0.00000E+00  1.95988E-05  2.05656E+02  3.63042E+03
  1.95855E-05  0.00000E+00  0.00000E+00  1.95855E-05  2.05747E+02  3.63479E+03
  1.95822E-05  0.00000E+00  0.00000E+00  1.95822E-05  2.05769E+02  3.63582E+03
  1.95618E-05  0.00000E+00  0.00000E+00  1.95618E-05  2.05979E+02  3.64589E+03
  1.95569E-05  0.00000E+00  0.00000E+00  1.95569E-05  2.05986E+02  3.64606E+03
  1.95444E-05  0.00000E+00  0.00000E+00  1.95444E-05  2.06076E+02  3.65021E+03
  1.95160E-05  0.00000E+00  0.00000E+00  1.95160E-05  2.06324E+02  3.66211E+03
  1.95123E-05  0.00000E+00  0.00000E+00  1.95123E-05  2.06334E+02  3.66248E+03
  1.95049E-05  0.00000E+00  0.00000E+00  1.95049E-05  2.06396E+02  3.66536E+03
  1.94999E-05  0.00000E+00  0.00000E+00  1.94999E-05  2.06429E+02  3.66694E+03
  1.94219E-05  0.00000E+00  0.00000E+00  1.94219E-05  2.07112E+02  3.69920E+03
  1.94184E-05  0.00000E+00  0.00000E+00  1.94184E-05  2.07116E+02  3.69933E+03
  1.94140E-05  0.00000E+00  0.00000E+00  1.94140E-05  2.07138E+02  3.70029E+03
  1.93921E-05  0.00000E+00  0.00000E+00  1.93921E-05  2.07313E+02  3.70872E+03
  1.93881E-05  0.00000E+00  0.00000E+00  1.93881E-05  2.07342E+02  3.71004E+03
  1.93453E-05  0.00000E+00  0.00000E+00  1.93453E-05  2.07740E+02  3.72891E+03
  1.93409E-05  0.00000E+00  0.00000E+00  1.93409E-05  2.07750E+02  3.72930E+03
  1.93342E-05  0.00000E+00  0.00000E+00  1.93342E-05  2.07796E+02  3.73146E+03
  1.93238E-05  0.00000E+00  0.00000E+00  1.93238E-05  2.07895E+02  3.73625E+03
  1.93201E-05  0.00000E+00  0.00000E+00  1.93201E-05  2.07910E+02  3.73690E+03
  1.92598E-05  0.00000E+00  0.00000E+00  1.92598E-05  2.08430E+02  3.76170E+03
  1.92560E-05  0.00000E+00  0.00000E+00  1.92560E-05  2.08449E+02  3.76257E+03
  1.92448E-05  0.00000E+00  0.00000E+00  1.92448E-05  2.08543E+02  3.76698E+03
  1.92417E-05  0.00000E+00  0.00000E+00  1.92417E-05  2.08573E+02  3.76852E+03
  1.92305E-05  0.00000E+00  0.00000E+00  1.92305E-05  2.08664E+02  3.77276E+03
  1.92264E-05  0.00000E+00  0.00000E+00  1.92264E-05  2.08711E+02  3.77509E+03
  1.92198E-05  0.00000E+00  0.00000E+00  1.92198E-05  2.08754E+02  3.77708E+03
  1.92004E-05  0.00000E+00  0.00000E+00  1.92004E-05  2.08998E+02  3.78888E+03
  1.91900E-05  0.00000E+00  0.00000E+00  1.91900E-05  2.09037E+02  3.79054E+03
  1.91740E-05  0.00000E+00  0.00000E+00  1.91740E-05  2.09155E+02  3.79612E+03
  1.91618E-05  0.00000E+00  0.00000E+00  1.91618E-05  2.09251E+02  3.80075E+03
  1.91587E-05  0.00000E+00  0.00000E+00  1.91587E-05  2.09273E+02  3.80184E+03
  1.91143E-05  0.00000E+00  0.00000E+00  1.91143E-05  2.09669E+02  3.82075E+03
  1.91124E-05  0.00000E+00  0.00000E+00  1.91124E-05  2.09676E+02  3.82106E+03
  1.91079E-05  0.00000E+00  0.00000E+00  1.91079E-05  2.09723E+02  3.82322E+03
  1.91041E-05  0.00000E+00  0.00000E+00  1.91041E-05  2.09747E+02  3.82438E+03
  1.90524E-05  0.00000E+00  0.00000E+00  1.90524E-05  2.10201E+02  3.84586E+03
  1.90382E-05  0.00000E+00  0.00000E+00  1.90382E-05  2.10346E+02  3.85269E+03
  1.90297E-05  0.00000E+00  0.00000E+00  1.90297E-05  2.10407E+02  3.85553E+03
  1.90251E-05  0.00000E+00  0.00000E+00  1.90251E-05  2.10449E+02  3.85758E+03
  1.90228E-05  0.00000E+00  0.00000E+00  1.90228E-05  2.10464E+02  3.85831E+03
  1.90141E-05  0.00000E+00  0.00000E+00  1.90141E-05  2.10556E+02  3.86274E+03
  1.90094E-05  0.00000E+00  0.00000E+00  1.90094E-05  2.10585E+02  3.86400E+03
  1.89364E-05  0.00000E+00  0.00000E+00  1.89364E-05  2.11354E+02  3.90059E+03
  1.89282E-05  0.00000E+00  0.00000E+00  1.89282E-05  2.11365E+02  3.90096E+03
  1.89221E-05  0.00000E+00  0.00000E+00  1.89221E-05  2.11389E+02  3.90199E+03
  1.89090E-05  0.00000E+00  0.00000E+00  1.89090E-05  2.11486E+02  3.90680E+03
  1.88716E-05  0.00000E+00  0.00000E+00  1.88716E-05  2.11864E+02  3.92511E+03
  1.88670E-05  0.00000E+00  0.00000E+00  1.88670E-05  2.11878E+02  3.92569E+03
  1.88603E-05  0.00000E+00  0.00000E+00  1.88603E-05  2.11932E+02  3.92827E+03
  1.88579E-05  0.00000E+00  0.00000E+00  1.88579E-05  2.11948E+02  3.92912E+03
  1.88507E-05  0.00000E+00  0.00000E+00  1.88507E-05  2.12018E+02  3.93252E+03
  1.88465E-05  0.00000E+00  0.00000E+00  1.88465E-05  2.12051E+02  3.93409E+03
  1.88334E-05  0.00000E+00  0.00000E+00  1.88334E-05  2.12190E+02  3.94084E+03
  1.88294E-05  0.00000E+00  0.00000E+00  1.88294E-05  2.12210E+02  3.94173E+03
  1.88192E-05  0.00000E+00  0.00000E+00  1.88192E-05  2.12307E+02  3.94641E+03
  1.88172E-05  0.00000E+00  0.00000E+00  1.88172E-05  2.12319E+02  3.94699E+03
  1.87178E-05  0.00000E+00  0.00000E+00  1.87178E-05  2.13314E+02  3.99530E+03
  1.87096E-05  0.00000E+00  0.00000E+00  1.87096E-05  2.13358E+02  3.99727E+03
  1.86959E-05  0.00000E+00  0.00000E+00  1.86959E-05  2.13463E+02  4.00211E+03
  1.86933E-05  0.00000E+00  0.00000E+00  1.86933E-05  2.13478E+02  4.00295E+03
  1.86864E-05  0.00000E+00  0.00000E+00  1.86864E-05  2.13537E+02  4.00575E+03
  1.86834E-05  0.00000E+00  0.00000E+00  1.86834E-05  2.13562E+02  4.00706E+03
  1.86673E-05  0.00000E+00  0.00000E+00  1.86673E-05  2.13721E+02  4.01478E+03
  1.86642E-05  0.00000E+00  0.00000E+00  1.86642E-05  2.13742E+02  4.01582E+03
  1.86396E-05  0.00000E+00  0.00000E+00  1.86396E-05  2.14055E+02  4.03133E+03
  1.86326E-05  0.00000E+00  0.00000E+00  1.86326E-05  2.14073E+02  4.03205E+03
  1.86284E-05  0.00000E+00  0.00000E+00  1.86284E-05  2.14092E+02  4.03285E+03
  1.86114E-05  0.00000E+00  0.00000E+00  1.86114E-05  2.14270E+02  4.04160E+03
  1.86084E-05  0.00000E+00  0.00000E+00  1.86084E-05  2.14278E+02  4.04192E+03
  1.85954E-05  0.00000E+00  0.00000E+00  1.85954E-05  2.14395E+02  4.04771E+03
  1.85907E-05  0.00000E+00  0.00000E+00  1.85907E-05  2.14438E+02  4.04985E+03
  1.85877E-05  0.00000E+00  0.00000E+00  1.85877E-05  2.14468E+02  4.05137E+03
  1.85856E-05  0.00000E+00  0.00000E+00  1.85856E-05  2.14487E+02  4.05232E+03
  1.85828E-05  0.00000E+00  0.00000E+00  1.85828E-05  2.14516E+02  4.05378E+03
  1.85808E-05  0.00000E+00  0.00000E+00  1.85808E-05  2.14533E+02  4.05456E+03
  1.85784E-05  0.00000E+00  0.00000E+00  1.85784E-05  2.14561E+02  4.05599E+03
  1.85761E-05  0.00000E+00  0.00000E+00  1.85761E-05  2.14578E+02  4.05676E+03
  1.85722E-05  0.00000E+00  0.00000E+00  1.85722E-05  2.14623E+02  4.05907E+03
  1.85689E-05  0.00000E+00  0.00000E+00  1.85689E-05  2.14646E+02  4.06011E+03
  1.85582E-05  0.00000E+00  0.00000E+00  1.85582E-05  2.14778E+02  4.06671E+03
  1.85543E-05  0.00000E+00  0.00000E+00  1.85543E-05  2.14793E+02  4.06734E+03
  1.85486E-05  0.00000E+00  0.00000E+00  1.85486E-05  2.14841E+02  4.06968E+03
  1.84972E-05  0.00000E+00  0.00000E+00  1.84972E-05  2.15360E+02  4.09531E+03
  1.84944E-05  0.00000E+00  0.00000E+00  1.84944E-05  2.15370E+02  4.09576E+03
  1.84913E-05  0.00000E+00  0.00000E+00  1.84913E-05  2.15394E+02  4.09685E+03
  1.84839E-05  0.00000E+00  0.00000E+00  1.84839E-05  2.15468E+02  4.10058E+03
  1.84818E-05  0.00000E+00  0.00000E+00  1.84818E-05  2.15483E+02  4.10127E+03
  1.84734E-05  0.00000E+00  0.00000E+00  1.84734E-05  2.15589E+02  4.10660E+03
  1.84682E-05  0.00000E+00  0.00000E+00  1.84682E-05  2.15619E+02  4.10800E+03
  1.84479E-05  0.00000E+00  0.00000E+00  1.84479E-05  2.15822E+02  4.11802E+03
  1.84440E-05  0.00000E+00  0.00000E+00  1.84440E-05  2.15851E+02  4.11945E+03
  1.84302E-05  0.00000E+00  0.00000E+00  1.84302E-05  2.15994E+02  4.12654E+03
  1.84285E-05  0.00000E+00  0.00000E+00  1.84285E-05  2.16003E+02  4.12693E+03
  1.84112E-05  0.00000E+00  0.00000E+00  1.84112E-05  2.16214E+02  4.13732E+03
  1.84050E-05  0.00000E+00  0.00000E+00  1.84050E-05  2.16248E+02  4.13893E+03
  1.83953E-05  0.00000E+00  0.00000E+00  1.83953E-05  2.16333E+02  4.14310E+03
  1.83450E-05  0.00000E+00  0.00000E+00  1.83450E-05  2.16845E+02  4.16842E+03
  1.83426E-05  0.00000E+00  0.00000E+00  1.83426E-05  2.16857E+02  4.16900E+03
  1.83372E-05  0.00000E+00  0.00000E+00  1.83372E-05  2.16906E+02  4.17147E+03
  1.83327E-05  0.00000E+00  0.00000E+00  1.83327E-05  2.16950E+02  4.17367E+03
  1.83232E-05  0.00000E+00  0.00000E+00  1.83232E-05  2.17057E+02  4.17899E+03
  1.83201E-05  0.00000E+00  0.00000E+00  1.83201E-05  2.17078E+02  4.17997E+03
  1.83091E-05  0.00000E+00  0.00000E+00  1.83091E-05  2.17210E+02  4.18646E+03
  1.83054E-05  0.00000E+00  0.00000E+00  1.83054E-05  2.17228E+02  4.18734E+03
  1.82961E-05  0.00000E+00  0.00000E+00  1.82961E-05  2.17322E+02  4.19206E+03
  1.82939E-05  0.00000E+00  0.00000E+00  1.82939E-05  2.17340E+02  4.19292E+03
  1.82894E-05  0.00000E+00  0.00000E+00  1.82894E-05  2.17401E+02  4.19598E+03
  1.82852E-05  0.00000E+00  0.00000E+00  1.82852E-05  2.17428E+02  4.19729E+03
  1.82247E-05  0.00000E+00  0.00000E+00  1.82247E-05  2.18118E+02  4.23150E+03
  1.82191E-05  0.00000E+00  0.00000E+00  1.82191E-05  2.18137E+02  4.23233E+03
  1.82134E-05  0.00000E+00  0.00000E+00  1.82134E-05  2.18170E+02  4.23389E+03
  1.81975E-05  0.00000E+00  0.00000E+00  1.81975E-05  2.18316E+02  4.24134E+03
  1.81869E-05  0.00000E+00  0.00000E+00  1.81869E-05  2.18456E+02  4.24840E+03
