 #This file helps checking about the convergence of the optimization algorithm
 #    by printing infos related to the values of the objective function and
 #    its components.
 #- Every line describes an iteration of the optimization algorithm,
 #- on every line there are x*2+2+4 real numbers where x equals the number
 #    of measured fields used,
 #- the first 2 numbers on a line are the dataMatch and the forceMatch terms
 #    for the first measurement used,
 #- if x>1, numbers at position 3 and 4 are the dataMatch and the forceMatch
 #    terms for the second measurement
 #- etc...
 #- the following numbers are: the regularization term for each measurement
 #    and the objective function value,
 #- followed by the L2 norms of parameter1, its gradient, parameter2 and its
 #    gradient.
 #note by JFD: gnuplot is convenient to print a column
 #             plot "*.out.cvg" u 3
 #             replot "*.out.cvg" u 6
  3.99728E-02  0.00000E+00  2.96695E-04  4.02695E-02  2.91633E+01  1.16676E-15  6.12430E+01  5.26226E-15
  3.99037E-02  0.00000E+00  2.96708E-04  4.02004E-02  2.91633E+01  1.16676E-15  6.12430E+01  3.20157E-03
  2.54052E-02  0.00000E+00  6.53914E-04  2.60591E-02  2.91633E+01  1.16676E-15  6.18337E+01  8.96615E-01
  1.65549E-02  0.00000E+00  1.42236E-03  1.79772E-02  2.91633E+01  1.16676E-15  6.32545E+01  2.34846E+00
  1.35547E-02  0.00000E+00  2.35735E-03  1.59120E-02  2.91633E+01  1.16676E-15  6.44087E+01  3.62733E+00
  1.24759E-02  0.00000E+00  1.72325E-03  1.41991E-02  2.91633E+01  1.16676E-15  6.46385E+01  3.04198E+00
  1.16653E-02  0.00000E+00  1.77158E-03  1.34369E-02  2.91633E+01  1.16676E-15  6.49565E+01  3.24063E+00
  1.13224E-02  0.00000E+00  1.57998E-03  1.29024E-02  2.91633E+01  1.16676E-15  6.51000E+01  3.20557E+00
  1.09742E-02  0.00000E+00  1.61483E-03  1.25890E-02  2.91633E+01  1.16676E-15  6.52566E+01  3.31319E+00
  1.07597E-02  0.00000E+00  1.58736E-03  1.23471E-02  2.91633E+01  1.16676E-15  6.53551E+01  3.36574E+00
  1.05210E-02  0.00000E+00  1.62437E-03  1.21454E-02  2.91633E+01  1.16676E-15  6.54698E+01  3.44982E+00
  1.03581E-02  0.00000E+00  1.61459E-03  1.19727E-02  2.91633E+01  1.16676E-15  6.55492E+01  3.49849E+00
  1.01674E-02  0.00000E+00  1.65139E-03  1.18187E-02  2.91633E+01  1.16676E-15  6.56455E+01  3.57072E+00
  1.00336E-02  0.00000E+00  1.63883E-03  1.16724E-02  2.91633E+01  1.16676E-15  6.57139E+01  3.61244E+00
  9.85848E-03  0.00000E+00  1.67762E-03  1.15361E-02  2.91633E+01  1.16676E-15  6.58069E+01  3.68236E+00
  9.74658E-03  0.00000E+00  1.65930E-03  1.14059E-02  2.91633E+01  1.16676E-15  6.58669E+01  3.71775E+00
  9.58766E-03  0.00000E+00  1.70363E-03  1.12913E-02  2.91633E+01  1.16676E-15  6.59558E+01  3.78563E+00
  9.49117E-03  0.00000E+00  1.67958E-03  1.11707E-02  2.91633E+01  1.16676E-15  6.60097E+01  3.81634E+00
  9.33226E-03  0.00000E+00  1.73273E-03  1.10650E-02  2.91633E+01  1.16676E-15  6.61029E+01  3.88854E+00
  9.24993E-03  0.00000E+00  1.70038E-03  1.09503E-02  2.91633E+01  1.16676E-15  6.61506E+01  3.91393E+00
  9.07956E-03  0.00000E+00  1.76524E-03  1.08448E-02  2.91633E+01  1.16676E-15  6.62552E+01  3.99585E+00
  9.00061E-03  0.00000E+00  1.72409E-03  1.07247E-02  2.91633E+01  1.16676E-15  6.63026E+01  4.01982E+00
  8.81866E-03  0.00000E+00  1.79224E-03  1.06109E-02  2.91633E+01  1.16676E-15  6.64192E+01  4.11089E+00
  8.74900E-03  0.00000E+00  1.75249E-03  1.05015E-02  2.91633E+01  1.16676E-15  6.64627E+01  4.13270E+00
  8.60047E-03  0.00000E+00  1.79898E-03  1.03995E-02  2.91633E+01  1.16676E-15  6.65611E+01  4.20745E+00
  8.53774E-03  0.00000E+00  1.77718E-03  1.03149E-02  2.91633E+01  1.16676E-15  6.66020E+01  4.23180E+00
  8.41617E-03  0.00000E+00  1.81673E-03  1.02329E-02  2.91633E+01  1.16676E-15  6.66861E+01  4.29521E+00
  8.36000E-03  0.00000E+00  1.79821E-03  1.01582E-02  2.91633E+01  1.16676E-15  6.67240E+01  4.31833E+00
  8.25254E-03  0.00000E+00  1.83645E-03  1.00890E-02  2.91633E+01  1.16676E-15  6.68007E+01  4.37667E+00
  8.20433E-03  0.00000E+00  1.81632E-03  1.00207E-02  2.91633E+01  1.16676E-15  6.68342E+01  4.39691E+00
  8.09459E-03  0.00000E+00  1.85838E-03  9.95296E-03  2.91633E+01  1.16676E-15  6.69153E+01  4.45899E+00
  8.01707E-03  0.00000E+00  1.83909E-03  9.85617E-03  2.91633E+01  1.16676E-15  6.69716E+01  4.49542E+00
  7.88299E-03  0.00000E+00  1.88245E-03  9.76543E-03  2.91633E+01  1.16676E-15  6.70737E+01  4.57300E+00
  7.82863E-03  0.00000E+00  1.86417E-03  9.69280E-03  2.91633E+01  1.16676E-15  6.71146E+01  4.59907E+00
  7.72634E-03  0.00000E+00  1.89778E-03  9.62412E-03  2.91633E+01  1.16676E-15  6.71957E+01  4.66034E+00
  7.68599E-03  0.00000E+00  1.88362E-03  9.56961E-03  2.91633E+01  1.16676E-15  6.72271E+01  4.68052E+00
  7.59504E-03  0.00000E+00  1.91734E-03  9.51238E-03  2.91633E+01  1.16676E-15  6.73016E+01  4.73712E+00
  7.56046E-03  0.00000E+00  1.90021E-03  9.46068E-03  2.91633E+01  1.16676E-15  6.73291E+01  4.75441E+00
  7.47686E-03  0.00000E+00  1.93202E-03  9.40889E-03  2.91633E+01  1.16676E-15  6.73993E+01  4.80807E+00
  7.43002E-03  0.00000E+00  1.91845E-03  9.34847E-03  2.91633E+01  1.16676E-15  6.74378E+01  4.83393E+00
  7.32942E-03  0.00000E+00  1.95176E-03  9.28119E-03  2.91633E+01  1.16676E-15  6.75245E+01  4.89991E+00
  7.29220E-03  0.00000E+00  1.93824E-03  9.23043E-03  2.91633E+01  1.16676E-15  6.75561E+01  4.92104E+00
  7.19234E-03  0.00000E+00  1.97185E-03  9.16419E-03  2.91633E+01  1.16676E-15  6.76449E+01  4.98891E+00
  7.15196E-03  0.00000E+00  1.95887E-03  9.11084E-03  2.91633E+01  1.16676E-15  6.76805E+01  5.01309E+00
  7.03948E-03  0.00000E+00  1.99492E-03  9.03440E-03  2.91633E+01  1.16676E-15  6.77841E+01  5.09205E+00
  7.00442E-03  0.00000E+00  1.98173E-03  8.98615E-03  2.91633E+01  1.16676E-15  6.78162E+01  5.11371E+00
  6.90889E-03  0.00000E+00  2.01415E-03  8.92303E-03  2.91633E+01  1.16676E-15  6.79076E+01  5.18303E+00
  6.87407E-03  0.00000E+00  2.00263E-03  8.87669E-03  2.91633E+01  1.16676E-15  6.79406E+01  5.20555E+00
  6.79353E-03  0.00000E+00  2.03103E-03  8.82456E-03  2.91633E+01  1.16676E-15  6.80205E+01  5.26547E+00
  6.76906E-03  0.00000E+00  2.01969E-03  8.78876E-03  2.91633E+01  1.16676E-15  6.80444E+01  5.28131E+00
  6.70375E-03  0.00000E+00  2.04353E-03  8.74728E-03  2.91633E+01  1.16676E-15  6.81109E+01  5.33112E+00
  6.68141E-03  0.00000E+00  2.03390E-03  8.71531E-03  2.91633E+01  1.16676E-15  6.81333E+01  5.34608E+00
  6.61594E-03  0.00000E+00  2.05942E-03  8.67536E-03  2.91633E+01  1.16676E-15  6.82018E+01  5.39714E+00
  6.59585E-03  0.00000E+00  2.04794E-03  8.64379E-03  2.91633E+01  1.16676E-15  6.82226E+01  5.41062E+00
  6.53063E-03  0.00000E+00  2.07312E-03  8.60375E-03  2.91633E+01  1.16676E-15  6.82925E+01  5.46243E+00
  6.50970E-03  0.00000E+00  2.06257E-03  8.57227E-03  2.91633E+01  1.16676E-15  6.83147E+01  5.47705E+00
  6.44157E-03  0.00000E+00  2.08924E-03  8.53081E-03  2.91633E+01  1.16676E-15  6.83901E+01  5.53246E+00
  6.42411E-03  0.00000E+00  2.07719E-03  8.50129E-03  2.91633E+01  1.16676E-15  6.84091E+01  5.54452E+00
  6.36056E-03  0.00000E+00  2.10251E-03  8.46307E-03  2.91633E+01  1.16676E-15  6.84812E+01  5.59718E+00
  6.34067E-03  0.00000E+00  2.09178E-03  8.43246E-03  2.91633E+01  1.16676E-15  6.85036E+01  5.61178E+00
  6.28976E-03  0.00000E+00  2.11334E-03  8.40309E-03  2.91633E+01  1.16676E-15  6.85630E+01  5.65507E+00
  6.27019E-03  0.00000E+00  2.10422E-03  8.37441E-03  2.91633E+01  1.16676E-15  6.85855E+01  5.67010E+00
  6.21024E-03  0.00000E+00  2.12481E-03  8.33505E-03  2.91633E+01  1.16676E-15  6.86565E+01  5.72230E+00
  6.19004E-03  0.00000E+00  2.11828E-03  8.30832E-03  2.91633E+01  1.16676E-15  6.86804E+01  5.73860E+00
  6.11491E-03  0.00000E+00  2.14319E-03  8.25810E-03  2.91633E+01  1.16676E-15  6.87720E+01  5.80591E+00
  6.09007E-03  0.00000E+00  2.13655E-03  8.22662E-03  2.91633E+01  1.16676E-15  6.88023E+01  5.82691E+00
  6.03379E-03  0.00000E+00  2.15923E-03  8.19302E-03  2.91633E+01  1.16676E-15  6.88733E+01  5.87932E+00
  6.00950E-03  0.00000E+00  2.15234E-03  8.16183E-03  2.91633E+01  1.16676E-15  6.89038E+01  5.90049E+00
  5.96087E-03  0.00000E+00  2.16702E-03  8.12788E-03  2.91633E+01  1.16676E-15  6.89663E+01  5.94667E+00
  5.93104E-03  0.00000E+00  2.16691E-03  8.09795E-03  2.91633E+01  1.16676E-15  6.90048E+01  5.97447E+00
  5.87738E-03  0.00000E+00  2.18374E-03  8.06111E-03  2.91633E+01  1.16676E-15  6.90758E+01  6.02703E+00
  5.84510E-03  0.00000E+00  2.18332E-03  8.02842E-03  2.91633E+01  1.16676E-15  6.91186E+01  6.05818E+00
  5.79255E-03  0.00000E+00  2.20337E-03  7.99591E-03  2.91633E+01  1.16676E-15  6.91905E+01  6.11159E+00
  5.76951E-03  0.00000E+00  2.19819E-03  7.96771E-03  2.91633E+01  1.16676E-15  6.92220E+01  6.13409E+00
  5.69716E-03  0.00000E+00  2.22311E-03  7.92027E-03  2.91633E+01  1.16676E-15  6.93237E+01  6.20996E+00
  5.68231E-03  0.00000E+00  2.21605E-03  7.89836E-03  2.91633E+01  1.16676E-15  6.93447E+01  6.22463E+00
  5.62738E-03  0.00000E+00  2.23531E-03  7.86269E-03  2.91633E+01  1.16676E-15  6.94244E+01  6.28413E+00
  5.61356E-03  0.00000E+00  2.23050E-03  7.84406E-03  2.91633E+01  1.16676E-15  6.94445E+01  6.29846E+00
  5.59057E-03  0.00000E+00  2.24010E-03  7.83066E-03  2.91633E+01  1.16676E-15  6.94789E+01  6.32414E+00
  5.53740E-03  0.00000E+00  2.24661E-03  7.78402E-03  2.91633E+01  1.16676E-15  6.95577E+01  6.38327E+00
  5.49317E-03  0.00000E+00  2.26073E-03  7.75391E-03  2.91633E+01  1.16676E-15  6.96253E+01  6.43408E+00
  5.44556E-03  0.00000E+00  2.26667E-03  7.71223E-03  2.91633E+01  1.16676E-15  6.96986E+01  6.48934E+00
